[1.256s] Invoking command in '/home/robo/Desktop/lagoeiro/MiniMarketSecurity/MiniMarketSecurity/build/yolov8_ros': CMAKE_PREFIX_PATH=/home/robo/Desktop/lagoeiro/MiniMarketSecurity/MiniMarketSecurity/install/yolov8_msgs:/home/robo/Desktop/lagoeiro/MiniMarketSecurity/MiniMarketSecurity/install/yolov8_bringup LD_LIBRARY_PATH=/home/robo/Desktop/lagoeiro/MiniMarketSecurity/MiniMarketSecurity/install/yolov8_msgs/lib:/usr/lib/x86_64-linux-gnu/gazebo-11/plugins:/opt/ros/humble/opt/rviz_ogre_vendor/lib:/opt/ros/humble/lib/x86_64-linux-gnu:/opt/ros/humble/lib:/usr/local/cuda-11.8/lib64 PYTHONPATH=/home/robo/Desktop/lagoeiro/MiniMarketSecurity/MiniMarketSecurity/build/yolov8_ros/prefix_override:/usr/lib/python3/dist-packages/colcon_core/task/python/colcon_distutils_commands:/home/robo/Desktop/lagoeiro/MiniMarketSecurity/MiniMarketSecurity/install/yolov8_ros/lib/python3.10/site-packages:${PYTHONPATH} /usr/bin/python3 -W ignore:setup.py install is deprecated setup.py develop --editable --build-directory /home/robo/Desktop/lagoeiro/MiniMarketSecurity/MiniMarketSecurity/build/yolov8_ros/build --no-deps symlink_data
[1.717s] running develop
[1.717s] /home/robo/.local/lib/python3.10/site-packages/setuptools/command/develop.py:40: EasyInstallDeprecationWarning: easy_install command is deprecated.
[1.717s] !!
[1.717s] 
[1.717s]         ********************************************************************************
[1.717s]         Please avoid running ``setup.py`` and ``easy_install``.
[1.717s]         Instead, use pypa/build, pypa/installer or other
[1.717s]         standards-based tools.
[1.717s] 
[1.717s]         See https://github.com/pypa/setuptools/issues/917 for details.
[1.717s]         ********************************************************************************
[1.717s] 
[1.717s] !!
[1.718s]   easy_install.initialize_options(self)
[1.988s] running egg_info
[2.010s] writing yolov8_ros.egg-info/PKG-INFO
[2.011s] writing dependency_links to yolov8_ros.egg-info/dependency_links.txt
[2.011s] writing entry points to yolov8_ros.egg-info/entry_points.txt
[2.011s] writing requirements to yolov8_ros.egg-info/requires.txt
[2.011s] writing top-level names to yolov8_ros.egg-info/top_level.txt
[2.052s] reading manifest file 'yolov8_ros.egg-info/SOURCES.txt'
[2.053s] writing manifest file 'yolov8_ros.egg-info/SOURCES.txt'
[2.074s] running build_ext
[2.074s] Creating /home/robo/Desktop/lagoeiro/MiniMarketSecurity/MiniMarketSecurity/install/yolov8_ros/lib/python3.10/site-packages/yolov8-ros.egg-link (link to .)
[2.075s] Installing debug_node script to /home/robo/Desktop/lagoeiro/MiniMarketSecurity/MiniMarketSecurity/install/yolov8_ros/lib/yolov8_ros
[2.075s] Installing detect_3d_node script to /home/robo/Desktop/lagoeiro/MiniMarketSecurity/MiniMarketSecurity/install/yolov8_ros/lib/yolov8_ros
[2.075s] Installing tracking_node script to /home/robo/Desktop/lagoeiro/MiniMarketSecurity/MiniMarketSecurity/install/yolov8_ros/lib/yolov8_ros
[2.076s] Installing yolov8_node script to /home/robo/Desktop/lagoeiro/MiniMarketSecurity/MiniMarketSecurity/install/yolov8_ros/lib/yolov8_ros
[2.076s] 
[2.076s] Installed /home/robo/Desktop/lagoeiro/MiniMarketSecurity/MiniMarketSecurity/build/yolov8_ros
[2.076s] running symlink_data
[2.110s] Invoked command in '/home/robo/Desktop/lagoeiro/MiniMarketSecurity/MiniMarketSecurity/build/yolov8_ros' returned '0': CMAKE_PREFIX_PATH=/home/robo/Desktop/lagoeiro/MiniMarketSecurity/MiniMarketSecurity/install/yolov8_msgs:/home/robo/Desktop/lagoeiro/MiniMarketSecurity/MiniMarketSecurity/install/yolov8_bringup LD_LIBRARY_PATH=/home/robo/Desktop/lagoeiro/MiniMarketSecurity/MiniMarketSecurity/install/yolov8_msgs/lib:/usr/lib/x86_64-linux-gnu/gazebo-11/plugins:/opt/ros/humble/opt/rviz_ogre_vendor/lib:/opt/ros/humble/lib/x86_64-linux-gnu:/opt/ros/humble/lib:/usr/local/cuda-11.8/lib64 PYTHONPATH=/home/robo/Desktop/lagoeiro/MiniMarketSecurity/MiniMarketSecurity/build/yolov8_ros/prefix_override:/usr/lib/python3/dist-packages/colcon_core/task/python/colcon_distutils_commands:/home/robo/Desktop/lagoeiro/MiniMarketSecurity/MiniMarketSecurity/install/yolov8_ros/lib/python3.10/site-packages:${PYTHONPATH} /usr/bin/python3 -W ignore:setup.py install is deprecated setup.py develop --editable --build-directory /home/robo/Desktop/lagoeiro/MiniMarketSecurity/MiniMarketSecurity/build/yolov8_ros/build --no-deps symlink_data
