[0.004s] Invoking command in '/home/robo/llagoeiro/MiniMarketSecurity/ros2_yolo_ws/build/yolov8_msgs': /usr/bin/cmake /home/robo/llagoeiro/MiniMarketSecurity/ros2_yolo_ws/src/yolov8_ros/yolov8_msgs -DCMAKE_INSTALL_PREFIX=/home/robo/llagoeiro/MiniMarketSecurity/ros2_yolo_ws/install/yolov8_msgs
[0.053s] -- The C compiler identification is GNU 11.4.0
[0.085s] -- The CXX compiler identification is GNU 11.4.0
[0.089s] -- Detecting C compiler ABI info
[0.125s] -- Detecting C compiler ABI info - done
[0.130s] -- Check for working C compiler: /usr/bin/cc - skipped
[0.130s] -- Detecting C compile features
[0.130s] -- Detecting C compile features - done
[0.132s] -- Detecting CXX compiler ABI info
[0.174s] -- Detecting CXX compiler ABI info - done
[0.178s] -- Check for working CXX compiler: /usr/bin/c++ - skipped
[0.178s] -- Detecting CXX compile features
[0.178s] -- Detecting CXX compile features - done
[0.182s] [31mCMake Error at CMakeLists.txt:5 (find_package):
[0.182s]   By not providing "Findament_cmake.cmake" in CMAKE_MODULE_PATH this project
[0.182s]   has asked CMake to find a package configuration file provided by
[0.183s]   "ament_cmake", but CMake did not find one.
[0.183s] 
[0.183s]   Could not find a package configuration file provided by "ament_cmake" with
[0.183s]   any of the following names:
[0.183s] 
[0.183s]     ament_cmakeConfig.cmake
[0.183s]     ament_cmake-config.cmake
[0.183s] 
[0.183s]   Add the installation prefix of "ament_cmake" to CMAKE_PREFIX_PATH or set
[0.183s]   "ament_cmake_DIR" to a directory containing one of the above files.  If
[0.183s]   "ament_cmake" provides a separate development package or SDK, be sure it
[0.183s]   has been installed.
[0.183s] 
[0.183s] [0m
[0.183s] -- Configuring incomplete, errors occurred!
[0.183s] See also "/home/robo/llagoeiro/MiniMarketSecurity/ros2_yolo_ws/build/yolov8_msgs/CMakeFiles/CMakeOutput.log".
[0.186s] Invoked command in '/home/robo/llagoeiro/MiniMarketSecurity/ros2_yolo_ws/build/yolov8_msgs' returned '1': /usr/bin/cmake /home/robo/llagoeiro/MiniMarketSecurity/ros2_yolo_ws/src/yolov8_ros/yolov8_msgs -DCMAKE_INSTALL_PREFIX=/home/robo/llagoeiro/MiniMarketSecurity/ros2_yolo_ws/install/yolov8_msgs
