/home/llagoeiro/.local/lib/python3.10/site-packages/setuptools/_distutils/dist.py:261: UserWarning: Unknown distribution option: 'tests_require'
  warnings.warn(msg)
running develop
/home/llagoeiro/.local/lib/python3.10/site-packages/setuptools/command/develop.py:41: EasyInstallDeprecationWarning: easy_install command is deprecated.
!!

        ********************************************************************************
        Please avoid running ``setup.py`` and ``easy_install``.
        Instead, use pypa/build, pypa/installer or other
        standards-based tools.

        See https://github.com/pypa/setuptools/issues/917 for details.
        ********************************************************************************

!!
  easy_install.initialize_options(self)
running egg_info
creating opencv_tools.egg-info
writing opencv_tools.egg-info/PKG-INFO
writing dependency_links to opencv_tools.egg-info/dependency_links.txt
writing entry points to opencv_tools.egg-info/entry_points.txt
writing requirements to opencv_tools.egg-info/requires.txt
writing top-level names to opencv_tools.egg-info/top_level.txt
writing manifest file 'opencv_tools.egg-info/SOURCES.txt'
reading manifest file 'opencv_tools.egg-info/SOURCES.txt'
writing manifest file 'opencv_tools.egg-info/SOURCES.txt'
running build_ext
Creating /home/llagoeiro/Desktop/FEI/8_semestre/VisaoComputacionalFolder/projeto-visaoComputaria/install/opencv_tools/lib/python3.10/site-packages/opencv-tools.egg-link (link to .)
Installing publisherIMG script to /home/llagoeiro/Desktop/FEI/8_semestre/VisaoComputacionalFolder/projeto-visaoComputaria/install/opencv_tools/lib/opencv_tools
Installing subscribeIMG script to /home/llagoeiro/Desktop/FEI/8_semestre/VisaoComputacionalFolder/projeto-visaoComputaria/install/opencv_tools/lib/opencv_tools
Installing subscribeYOLOIMG script to /home/llagoeiro/Desktop/FEI/8_semestre/VisaoComputacionalFolder/projeto-visaoComputaria/install/opencv_tools/lib/opencv_tools

Installed /home/llagoeiro/Desktop/FEI/8_semestre/VisaoComputacionalFolder/projeto-visaoComputaria/build/opencv_tools
running symlink_data
creating /home/llagoeiro/Desktop/FEI/8_semestre/VisaoComputacionalFolder/projeto-visaoComputaria/install/opencv_tools/share/ament_index/resource_index/packages
symbolically linking /home/llagoeiro/Desktop/FEI/8_semestre/VisaoComputacionalFolder/projeto-visaoComputaria/build/opencv_tools/resource/opencv_tools -> /home/llagoeiro/Desktop/FEI/8_semestre/VisaoComputacionalFolder/projeto-visaoComputaria/install/opencv_tools/share/ament_index/resource_index/packages
symbolically linking /home/llagoeiro/Desktop/FEI/8_semestre/VisaoComputacionalFolder/projeto-visaoComputaria/build/opencv_tools/package.xml -> /home/llagoeiro/Desktop/FEI/8_semestre/VisaoComputacionalFolder/projeto-visaoComputaria/install/opencv_tools/share/opencv_tools
