[0.675s] Invoking command in '/home/llagoeiro/Desktop/FEI/8_semestre/VisaoComputacionalFolder/projeto-visaoComputaria/build/opencv_tools': PYTHONPATH=/home/llagoeiro/Desktop/FEI/8_semestre/VisaoComputacionalFolder/projeto-visaoComputaria/build/opencv_tools/prefix_override:/usr/lib/python3/dist-packages/colcon_core/task/python/colcon_distutils_commands:/home/llagoeiro/Desktop/FEI/8_semestre/VisaoComputacionalFolder/projeto-visaoComputaria/install/opencv_tools/lib/python3.10/site-packages:${PYTHONPATH} /usr/bin/python3 -W ignore:setup.py install is deprecated setup.py develop --editable --build-directory /home/llagoeiro/Desktop/FEI/8_semestre/VisaoComputacionalFolder/projeto-visaoComputaria/build/opencv_tools/build --no-deps symlink_data
[0.803s] /home/llagoeiro/.local/lib/python3.10/site-packages/setuptools/_distutils/dist.py:261: UserWarning: Unknown distribution option: 'tests_require'
[0.804s]   warnings.warn(msg)
[0.955s] running develop
[0.956s] /home/llagoeiro/.local/lib/python3.10/site-packages/setuptools/command/develop.py:41: EasyInstallDeprecationWarning: easy_install command is deprecated.
[0.957s] !!
[0.957s] 
[0.957s]         ********************************************************************************
[0.957s]         Please avoid running ``setup.py`` and ``easy_install``.
[0.957s]         Instead, use pypa/build, pypa/installer or other
[0.957s]         standards-based tools.
[0.957s] 
[0.957s]         See https://github.com/pypa/setuptools/issues/917 for details.
[0.957s]         ********************************************************************************
[0.957s] 
[0.957s] !!
[0.958s]   easy_install.initialize_options(self)
[1.144s] running egg_info
[1.145s] creating opencv_tools.egg-info
[1.159s] writing opencv_tools.egg-info/PKG-INFO
[1.159s] writing dependency_links to opencv_tools.egg-info/dependency_links.txt
[1.160s] writing entry points to opencv_tools.egg-info/entry_points.txt
[1.160s] writing requirements to opencv_tools.egg-info/requires.txt
[1.160s] writing top-level names to opencv_tools.egg-info/top_level.txt
[1.160s] writing manifest file 'opencv_tools.egg-info/SOURCES.txt'
[1.186s] reading manifest file 'opencv_tools.egg-info/SOURCES.txt'
[1.187s] writing manifest file 'opencv_tools.egg-info/SOURCES.txt'
[1.209s] running build_ext
[1.210s] Creating /home/llagoeiro/Desktop/FEI/8_semestre/VisaoComputacionalFolder/projeto-visaoComputaria/install/opencv_tools/lib/python3.10/site-packages/opencv-tools.egg-link (link to .)
[1.210s] Installing publisherIMG script to /home/llagoeiro/Desktop/FEI/8_semestre/VisaoComputacionalFolder/projeto-visaoComputaria/install/opencv_tools/lib/opencv_tools
[1.211s] Installing subscribeIMG script to /home/llagoeiro/Desktop/FEI/8_semestre/VisaoComputacionalFolder/projeto-visaoComputaria/install/opencv_tools/lib/opencv_tools
[1.211s] Installing subscribeYOLOIMG script to /home/llagoeiro/Desktop/FEI/8_semestre/VisaoComputacionalFolder/projeto-visaoComputaria/install/opencv_tools/lib/opencv_tools
[1.211s] 
[1.211s] Installed /home/llagoeiro/Desktop/FEI/8_semestre/VisaoComputacionalFolder/projeto-visaoComputaria/build/opencv_tools
[1.211s] running symlink_data
[1.211s] creating /home/llagoeiro/Desktop/FEI/8_semestre/VisaoComputacionalFolder/projeto-visaoComputaria/install/opencv_tools/share/ament_index/resource_index/packages
[1.212s] symbolically linking /home/llagoeiro/Desktop/FEI/8_semestre/VisaoComputacionalFolder/projeto-visaoComputaria/build/opencv_tools/resource/opencv_tools -> /home/llagoeiro/Desktop/FEI/8_semestre/VisaoComputacionalFolder/projeto-visaoComputaria/install/opencv_tools/share/ament_index/resource_index/packages
[1.212s] symbolically linking /home/llagoeiro/Desktop/FEI/8_semestre/VisaoComputacionalFolder/projeto-visaoComputaria/build/opencv_tools/package.xml -> /home/llagoeiro/Desktop/FEI/8_semestre/VisaoComputacionalFolder/projeto-visaoComputaria/install/opencv_tools/share/opencv_tools
[1.245s] Invoked command in '/home/llagoeiro/Desktop/FEI/8_semestre/VisaoComputacionalFolder/projeto-visaoComputaria/build/opencv_tools' returned '0': PYTHONPATH=/home/llagoeiro/Desktop/FEI/8_semestre/VisaoComputacionalFolder/projeto-visaoComputaria/build/opencv_tools/prefix_override:/usr/lib/python3/dist-packages/colcon_core/task/python/colcon_distutils_commands:/home/llagoeiro/Desktop/FEI/8_semestre/VisaoComputacionalFolder/projeto-visaoComputaria/install/opencv_tools/lib/python3.10/site-packages:${PYTHONPATH} /usr/bin/python3 -W ignore:setup.py install is deprecated setup.py develop --editable --build-directory /home/llagoeiro/Desktop/FEI/8_semestre/VisaoComputacionalFolder/projeto-visaoComputaria/build/opencv_tools/build --no-deps symlink_data
