[0.006s] Invoking command in '/home/robo/llagoeiro/MiniMarketSecurity/build/yolov8_bringup': AMENT_PREFIX_PATH=/home/robo/llagoeiro/MiniMarketSecurity/install/yolov8_ros:/home/robo/llagoeiro/MiniMarketSecurity/install/yolov8_msgs:/home/robo/llagoeiro/MiniMarketSecurity/install/opencv_tools:/opt/ros/humble CMAKE_PREFIX_PATH=/home/robo/llagoeiro/MiniMarketSecurity/install/yolov8_msgs:/home/robo/llagoeiro/MiniMarketSecurity/install/yolov8_bringup:/home/robo/llagoeiro/MiniMarketSecurity/install/yolov8_ros:/home/robo/llagoeiro/MiniMarketSecurity/install/opencv_tools:/opt/ros/humble PYTHONPATH=/home/robo/llagoeiro/MiniMarketSecurity/build/yolov8_ros:/home/robo/llagoeiro/MiniMarketSecurity/install/yolov8_ros/lib/python3.10/site-packages:/home/robo/llagoeiro/MiniMarketSecurity/install/yolov8_msgs/local/lib/python3.10/dist-packages:/home/llagoeiro/Desktop/FEI/8_semestre/VisaoComputacionalFolder/projeto-visaoComputaria/build/yolov8_ros:/home/llagoeiro/Desktop/FEI/8_semestre/VisaoComputacionalFolder/projeto-visaoComputaria/build/opencv_tools:/home/robo/llagoeiro/MiniMarketSecurity/install/opencv_tools/lib/python3.10/site-packages:/opt/ros/humble/lib/python3.10/site-packages:/opt/ros/humble/local/lib/python3.10/dist-packages /usr/bin/cmake /home/robo/llagoeiro/MiniMarketSecurity/src/yolov8_bringup -DAMENT_CMAKE_SYMLINK_INSTALL=1 -DCMAKE_INSTALL_PREFIX=/home/robo/llagoeiro/MiniMarketSecurity/install/yolov8_bringup
[0.054s] -- The C compiler identification is GNU 11.4.0
[0.093s] -- The CXX compiler identification is GNU 11.4.0
[0.098s] -- Detecting C compiler ABI info
[0.154s] -- Detecting C compiler ABI info - done
[0.161s] -- Check for working C compiler: /usr/bin/cc - skipped
[0.161s] -- Detecting C compile features
[0.161s] -- Detecting C compile features - done
[0.163s] -- Detecting CXX compiler ABI info
[0.220s] -- Detecting CXX compiler ABI info - done
[0.225s] -- Check for working CXX compiler: /usr/bin/c++ - skipped
[0.225s] -- Detecting CXX compile features
[0.225s] -- Detecting CXX compile features - done
[0.226s] -- Found ament_cmake: 1.3.10 (/opt/ros/humble/share/ament_cmake/cmake)
[0.318s] -- Found Python3: /usr/bin/python3 (found version "3.10.12") found components: Interpreter 
[0.352s] -- Override CMake install command with custom implementation using symlinks instead of copying resources
[0.401s] -- Configuring done
[0.402s] -- Generating done
[0.402s] -- Build files have been written to: /home/robo/llagoeiro/MiniMarketSecurity/build/yolov8_bringup
[0.405s] Invoked command in '/home/robo/llagoeiro/MiniMarketSecurity/build/yolov8_bringup' returned '0': AMENT_PREFIX_PATH=/home/robo/llagoeiro/MiniMarketSecurity/install/yolov8_ros:/home/robo/llagoeiro/MiniMarketSecurity/install/yolov8_msgs:/home/robo/llagoeiro/MiniMarketSecurity/install/opencv_tools:/opt/ros/humble CMAKE_PREFIX_PATH=/home/robo/llagoeiro/MiniMarketSecurity/install/yolov8_msgs:/home/robo/llagoeiro/MiniMarketSecurity/install/yolov8_bringup:/home/robo/llagoeiro/MiniMarketSecurity/install/yolov8_ros:/home/robo/llagoeiro/MiniMarketSecurity/install/opencv_tools:/opt/ros/humble PYTHONPATH=/home/robo/llagoeiro/MiniMarketSecurity/build/yolov8_ros:/home/robo/llagoeiro/MiniMarketSecurity/install/yolov8_ros/lib/python3.10/site-packages:/home/robo/llagoeiro/MiniMarketSecurity/install/yolov8_msgs/local/lib/python3.10/dist-packages:/home/llagoeiro/Desktop/FEI/8_semestre/VisaoComputacionalFolder/projeto-visaoComputaria/build/yolov8_ros:/home/llagoeiro/Desktop/FEI/8_semestre/VisaoComputacionalFolder/projeto-visaoComputaria/build/opencv_tools:/home/robo/llagoeiro/MiniMarketSecurity/install/opencv_tools/lib/python3.10/site-packages:/opt/ros/humble/lib/python3.10/site-packages:/opt/ros/humble/local/lib/python3.10/dist-packages /usr/bin/cmake /home/robo/llagoeiro/MiniMarketSecurity/src/yolov8_bringup -DAMENT_CMAKE_SYMLINK_INSTALL=1 -DCMAKE_INSTALL_PREFIX=/home/robo/llagoeiro/MiniMarketSecurity/install/yolov8_bringup
[0.406s] Invoking command in '/home/robo/llagoeiro/MiniMarketSecurity/build/yolov8_bringup': AMENT_PREFIX_PATH=/home/robo/llagoeiro/MiniMarketSecurity/install/yolov8_ros:/home/robo/llagoeiro/MiniMarketSecurity/install/yolov8_msgs:/home/robo/llagoeiro/MiniMarketSecurity/install/opencv_tools:/opt/ros/humble CMAKE_PREFIX_PATH=/home/robo/llagoeiro/MiniMarketSecurity/install/yolov8_msgs:/home/robo/llagoeiro/MiniMarketSecurity/install/yolov8_bringup:/home/robo/llagoeiro/MiniMarketSecurity/install/yolov8_ros:/home/robo/llagoeiro/MiniMarketSecurity/install/opencv_tools:/opt/ros/humble PYTHONPATH=/home/robo/llagoeiro/MiniMarketSecurity/build/yolov8_ros:/home/robo/llagoeiro/MiniMarketSecurity/install/yolov8_ros/lib/python3.10/site-packages:/home/robo/llagoeiro/MiniMarketSecurity/install/yolov8_msgs/local/lib/python3.10/dist-packages:/home/llagoeiro/Desktop/FEI/8_semestre/VisaoComputacionalFolder/projeto-visaoComputaria/build/yolov8_ros:/home/llagoeiro/Desktop/FEI/8_semestre/VisaoComputacionalFolder/projeto-visaoComputaria/build/opencv_tools:/home/robo/llagoeiro/MiniMarketSecurity/install/opencv_tools/lib/python3.10/site-packages:/opt/ros/humble/lib/python3.10/site-packages:/opt/ros/humble/local/lib/python3.10/dist-packages /usr/bin/cmake --build /home/robo/llagoeiro/MiniMarketSecurity/build/yolov8_bringup -- -j20 -l20
[0.430s] Invoked command in '/home/robo/llagoeiro/MiniMarketSecurity/build/yolov8_bringup' returned '0': AMENT_PREFIX_PATH=/home/robo/llagoeiro/MiniMarketSecurity/install/yolov8_ros:/home/robo/llagoeiro/MiniMarketSecurity/install/yolov8_msgs:/home/robo/llagoeiro/MiniMarketSecurity/install/opencv_tools:/opt/ros/humble CMAKE_PREFIX_PATH=/home/robo/llagoeiro/MiniMarketSecurity/install/yolov8_msgs:/home/robo/llagoeiro/MiniMarketSecurity/install/yolov8_bringup:/home/robo/llagoeiro/MiniMarketSecurity/install/yolov8_ros:/home/robo/llagoeiro/MiniMarketSecurity/install/opencv_tools:/opt/ros/humble PYTHONPATH=/home/robo/llagoeiro/MiniMarketSecurity/build/yolov8_ros:/home/robo/llagoeiro/MiniMarketSecurity/install/yolov8_ros/lib/python3.10/site-packages:/home/robo/llagoeiro/MiniMarketSecurity/install/yolov8_msgs/local/lib/python3.10/dist-packages:/home/llagoeiro/Desktop/FEI/8_semestre/VisaoComputacionalFolder/projeto-visaoComputaria/build/yolov8_ros:/home/llagoeiro/Desktop/FEI/8_semestre/VisaoComputacionalFolder/projeto-visaoComputaria/build/opencv_tools:/home/robo/llagoeiro/MiniMarketSecurity/install/opencv_tools/lib/python3.10/site-packages:/opt/ros/humble/lib/python3.10/site-packages:/opt/ros/humble/local/lib/python3.10/dist-packages /usr/bin/cmake --build /home/robo/llagoeiro/MiniMarketSecurity/build/yolov8_bringup -- -j20 -l20
[0.447s] Invoking command in '/home/robo/llagoeiro/MiniMarketSecurity/build/yolov8_bringup': AMENT_PREFIX_PATH=/home/robo/llagoeiro/MiniMarketSecurity/install/yolov8_ros:/home/robo/llagoeiro/MiniMarketSecurity/install/yolov8_msgs:/home/robo/llagoeiro/MiniMarketSecurity/install/opencv_tools:/opt/ros/humble CMAKE_PREFIX_PATH=/home/robo/llagoeiro/MiniMarketSecurity/install/yolov8_msgs:/home/robo/llagoeiro/MiniMarketSecurity/install/yolov8_bringup:/home/robo/llagoeiro/MiniMarketSecurity/install/yolov8_ros:/home/robo/llagoeiro/MiniMarketSecurity/install/opencv_tools:/opt/ros/humble PYTHONPATH=/home/robo/llagoeiro/MiniMarketSecurity/build/yolov8_ros:/home/robo/llagoeiro/MiniMarketSecurity/install/yolov8_ros/lib/python3.10/site-packages:/home/robo/llagoeiro/MiniMarketSecurity/install/yolov8_msgs/local/lib/python3.10/dist-packages:/home/llagoeiro/Desktop/FEI/8_semestre/VisaoComputacionalFolder/projeto-visaoComputaria/build/yolov8_ros:/home/llagoeiro/Desktop/FEI/8_semestre/VisaoComputacionalFolder/projeto-visaoComputaria/build/opencv_tools:/home/robo/llagoeiro/MiniMarketSecurity/install/opencv_tools/lib/python3.10/site-packages:/opt/ros/humble/lib/python3.10/site-packages:/opt/ros/humble/local/lib/python3.10/dist-packages /usr/bin/cmake --install /home/robo/llagoeiro/MiniMarketSecurity/build/yolov8_bringup
[0.452s] -- Install configuration: ""
[0.452s] -- Execute custom install script
[0.453s] -- Symlinking: /home/robo/llagoeiro/MiniMarketSecurity/install/yolov8_bringup/share/yolov8_bringup//launch/yolo-nas.launch.py
[0.459s] -- Symlinking: /home/robo/llagoeiro/MiniMarketSecurity/install/yolov8_bringup/share/yolov8_bringup//launch/yolov10.launch.py
[0.467s] -- Symlinking: /home/robo/llagoeiro/MiniMarketSecurity/install/yolov8_bringup/share/yolov8_bringup//launch/yolov11.launch.py
[0.473s] -- Symlinking: /home/robo/llagoeiro/MiniMarketSecurity/install/yolov8_bringup/share/yolov8_bringup//launch/yolov5.launch.py
[0.479s] -- Symlinking: /home/robo/llagoeiro/MiniMarketSecurity/install/yolov8_bringup/share/yolov8_bringup//launch/yolov8.launch.py
[0.484s] -- Symlinking: /home/robo/llagoeiro/MiniMarketSecurity/install/yolov8_bringup/share/yolov8_bringup//launch/yolov8_3d.launch.py
[0.490s] -- Symlinking: /home/robo/llagoeiro/MiniMarketSecurity/install/yolov8_bringup/share/yolov8_bringup//launch/yolov9.launch.py
[0.496s] -- Symlinking: /home/robo/llagoeiro/MiniMarketSecurity/install/yolov8_bringup/share/ament_index/resource_index/package_run_dependencies/yolov8_bringup
[0.501s] -- Symlinking: /home/robo/llagoeiro/MiniMarketSecurity/install/yolov8_bringup/share/ament_index/resource_index/parent_prefix_path/yolov8_bringup
[0.506s] -- Symlinking: /home/robo/llagoeiro/MiniMarketSecurity/install/yolov8_bringup/share/yolov8_bringup/environment/ament_prefix_path.sh
[0.513s] -- Symlinking: /home/robo/llagoeiro/MiniMarketSecurity/install/yolov8_bringup/share/yolov8_bringup/environment/ament_prefix_path.dsv
[0.519s] -- Symlinking: /home/robo/llagoeiro/MiniMarketSecurity/install/yolov8_bringup/share/yolov8_bringup/environment/path.sh
[0.525s] -- Symlinking: /home/robo/llagoeiro/MiniMarketSecurity/install/yolov8_bringup/share/yolov8_bringup/environment/path.dsv
[0.532s] -- Symlinking: /home/robo/llagoeiro/MiniMarketSecurity/install/yolov8_bringup/share/yolov8_bringup/local_setup.bash
[0.540s] -- Symlinking: /home/robo/llagoeiro/MiniMarketSecurity/install/yolov8_bringup/share/yolov8_bringup/local_setup.sh
[0.545s] -- Symlinking: /home/robo/llagoeiro/MiniMarketSecurity/install/yolov8_bringup/share/yolov8_bringup/local_setup.zsh
[0.549s] -- Symlinking: /home/robo/llagoeiro/MiniMarketSecurity/install/yolov8_bringup/share/yolov8_bringup/local_setup.dsv
[0.552s] -- Symlinking: /home/robo/llagoeiro/MiniMarketSecurity/install/yolov8_bringup/share/yolov8_bringup/package.dsv
[0.557s] -- Symlinking: /home/robo/llagoeiro/MiniMarketSecurity/install/yolov8_bringup/share/ament_index/resource_index/packages/yolov8_bringup
[0.561s] -- Symlinking: /home/robo/llagoeiro/MiniMarketSecurity/install/yolov8_bringup/share/yolov8_bringup/cmake/yolov8_bringupConfig.cmake
[0.566s] -- Symlinking: /home/robo/llagoeiro/MiniMarketSecurity/install/yolov8_bringup/share/yolov8_bringup/cmake/yolov8_bringupConfig-version.cmake
[0.572s] -- Symlinking: /home/robo/llagoeiro/MiniMarketSecurity/install/yolov8_bringup/share/yolov8_bringup/package.xml
[0.579s] Invoked command in '/home/robo/llagoeiro/MiniMarketSecurity/build/yolov8_bringup' returned '0': AMENT_PREFIX_PATH=/home/robo/llagoeiro/MiniMarketSecurity/install/yolov8_ros:/home/robo/llagoeiro/MiniMarketSecurity/install/yolov8_msgs:/home/robo/llagoeiro/MiniMarketSecurity/install/opencv_tools:/opt/ros/humble CMAKE_PREFIX_PATH=/home/robo/llagoeiro/MiniMarketSecurity/install/yolov8_msgs:/home/robo/llagoeiro/MiniMarketSecurity/install/yolov8_bringup:/home/robo/llagoeiro/MiniMarketSecurity/install/yolov8_ros:/home/robo/llagoeiro/MiniMarketSecurity/install/opencv_tools:/opt/ros/humble PYTHONPATH=/home/robo/llagoeiro/MiniMarketSecurity/build/yolov8_ros:/home/robo/llagoeiro/MiniMarketSecurity/install/yolov8_ros/lib/python3.10/site-packages:/home/robo/llagoeiro/MiniMarketSecurity/install/yolov8_msgs/local/lib/python3.10/dist-packages:/home/llagoeiro/Desktop/FEI/8_semestre/VisaoComputacionalFolder/projeto-visaoComputaria/build/yolov8_ros:/home/llagoeiro/Desktop/FEI/8_semestre/VisaoComputacionalFolder/projeto-visaoComputaria/build/opencv_tools:/home/robo/llagoeiro/MiniMarketSecurity/install/opencv_tools/lib/python3.10/site-packages:/opt/ros/humble/lib/python3.10/site-packages:/opt/ros/humble/local/lib/python3.10/dist-packages /usr/bin/cmake --install /home/robo/llagoeiro/MiniMarketSecurity/build/yolov8_bringup
