[0.010s] Invoking command in '/home/robo/Desktop/lagoeiro/MiniMarketSecurity/MiniMarketSecurity/build/yolov8_bringup': AMENT_PREFIX_PATH=/home/robo/Desktop/lagoeiro/MiniMarketSecurity/MiniMarketSecurity/install/yolov8_ros:/home/robo/Desktop/lagoeiro/MiniMarketSecurity/MiniMarketSecurity/install/yolov8_msgs:${AMENT_PREFIX_PATH} CMAKE_PREFIX_PATH=/home/robo/Desktop/lagoeiro/MiniMarketSecurity/MiniMarketSecurity/install/yolov8_msgs:/opt/ros/humble LD_LIBRARY_PATH=/home/robo/Desktop/lagoeiro/MiniMarketSecurity/MiniMarketSecurity/install/yolov8_msgs/lib:/usr/lib/x86_64-linux-gnu/gazebo-11/plugins:/opt/ros/humble/opt/rviz_ogre_vendor/lib:/opt/ros/humble/lib/x86_64-linux-gnu:/opt/ros/humble/lib:/usr/local/cuda-11.8/lib64 PYTHONPATH=/home/robo/Desktop/lagoeiro/MiniMarketSecurity/MiniMarketSecurity/build/yolov8_ros:/home/robo/Desktop/lagoeiro/MiniMarketSecurity/MiniMarketSecurity/install/yolov8_ros/lib/python3.10/site-packages:/home/robo/Desktop/lagoeiro/MiniMarketSecurity/MiniMarketSecurity/install/yolov8_msgs/local/lib/python3.10/dist-packages:${PYTHONPATH} /usr/bin/cmake /home/robo/Desktop/lagoeiro/MiniMarketSecurity/MiniMarketSecurity/src/yolov8_bringup -DAMENT_CMAKE_SYMLINK_INSTALL=1 -DCMAKE_INSTALL_PREFIX=/home/robo/Desktop/lagoeiro/MiniMarketSecurity/MiniMarketSecurity/install/yolov8_bringup
[0.071s] -- The C compiler identification is GNU 11.4.0
[0.133s] -- The CXX compiler identification is GNU 11.4.0
[0.144s] -- Detecting C compiler ABI info
[0.219s] -- Detecting C compiler ABI info - done
[0.227s] -- Check for working C compiler: /usr/bin/cc - skipped
[0.227s] -- Detecting C compile features
[0.228s] -- Detecting C compile features - done
[0.231s] -- Detecting CXX compiler ABI info
[0.313s] -- Detecting CXX compiler ABI info - done
[0.321s] -- Check for working CXX compiler: /usr/bin/c++ - skipped
[0.322s] -- Detecting CXX compile features
[0.322s] -- Detecting CXX compile features - done
[0.325s] -- Found ament_cmake: 1.3.9 (/opt/ros/humble/share/ament_cmake/cmake)
[0.678s] -- Found Python3: /usr/bin/python3 (found version "3.10.12") found components: Interpreter 
[0.752s] -- Override CMake install command with custom implementation using symlinks instead of copying resources
[0.845s] -- Configuring done
[0.848s] -- Generating done
[0.848s] -- Build files have been written to: /home/robo/Desktop/lagoeiro/MiniMarketSecurity/MiniMarketSecurity/build/yolov8_bringup
[0.853s] Invoked command in '/home/robo/Desktop/lagoeiro/MiniMarketSecurity/MiniMarketSecurity/build/yolov8_bringup' returned '0': AMENT_PREFIX_PATH=/home/robo/Desktop/lagoeiro/MiniMarketSecurity/MiniMarketSecurity/install/yolov8_ros:/home/robo/Desktop/lagoeiro/MiniMarketSecurity/MiniMarketSecurity/install/yolov8_msgs:${AMENT_PREFIX_PATH} CMAKE_PREFIX_PATH=/home/robo/Desktop/lagoeiro/MiniMarketSecurity/MiniMarketSecurity/install/yolov8_msgs:/opt/ros/humble LD_LIBRARY_PATH=/home/robo/Desktop/lagoeiro/MiniMarketSecurity/MiniMarketSecurity/install/yolov8_msgs/lib:/usr/lib/x86_64-linux-gnu/gazebo-11/plugins:/opt/ros/humble/opt/rviz_ogre_vendor/lib:/opt/ros/humble/lib/x86_64-linux-gnu:/opt/ros/humble/lib:/usr/local/cuda-11.8/lib64 PYTHONPATH=/home/robo/Desktop/lagoeiro/MiniMarketSecurity/MiniMarketSecurity/build/yolov8_ros:/home/robo/Desktop/lagoeiro/MiniMarketSecurity/MiniMarketSecurity/install/yolov8_ros/lib/python3.10/site-packages:/home/robo/Desktop/lagoeiro/MiniMarketSecurity/MiniMarketSecurity/install/yolov8_msgs/local/lib/python3.10/dist-packages:${PYTHONPATH} /usr/bin/cmake /home/robo/Desktop/lagoeiro/MiniMarketSecurity/MiniMarketSecurity/src/yolov8_bringup -DAMENT_CMAKE_SYMLINK_INSTALL=1 -DCMAKE_INSTALL_PREFIX=/home/robo/Desktop/lagoeiro/MiniMarketSecurity/MiniMarketSecurity/install/yolov8_bringup
[0.855s] Invoking command in '/home/robo/Desktop/lagoeiro/MiniMarketSecurity/MiniMarketSecurity/build/yolov8_bringup': AMENT_PREFIX_PATH=/home/robo/Desktop/lagoeiro/MiniMarketSecurity/MiniMarketSecurity/install/yolov8_ros:/home/robo/Desktop/lagoeiro/MiniMarketSecurity/MiniMarketSecurity/install/yolov8_msgs:${AMENT_PREFIX_PATH} CMAKE_PREFIX_PATH=/home/robo/Desktop/lagoeiro/MiniMarketSecurity/MiniMarketSecurity/install/yolov8_msgs:/opt/ros/humble LD_LIBRARY_PATH=/home/robo/Desktop/lagoeiro/MiniMarketSecurity/MiniMarketSecurity/install/yolov8_msgs/lib:/usr/lib/x86_64-linux-gnu/gazebo-11/plugins:/opt/ros/humble/opt/rviz_ogre_vendor/lib:/opt/ros/humble/lib/x86_64-linux-gnu:/opt/ros/humble/lib:/usr/local/cuda-11.8/lib64 PYTHONPATH=/home/robo/Desktop/lagoeiro/MiniMarketSecurity/MiniMarketSecurity/build/yolov8_ros:/home/robo/Desktop/lagoeiro/MiniMarketSecurity/MiniMarketSecurity/install/yolov8_ros/lib/python3.10/site-packages:/home/robo/Desktop/lagoeiro/MiniMarketSecurity/MiniMarketSecurity/install/yolov8_msgs/local/lib/python3.10/dist-packages:${PYTHONPATH} /usr/bin/cmake --build /home/robo/Desktop/lagoeiro/MiniMarketSecurity/MiniMarketSecurity/build/yolov8_bringup -- -j8 -l8
[0.895s] Invoked command in '/home/robo/Desktop/lagoeiro/MiniMarketSecurity/MiniMarketSecurity/build/yolov8_bringup' returned '0': AMENT_PREFIX_PATH=/home/robo/Desktop/lagoeiro/MiniMarketSecurity/MiniMarketSecurity/install/yolov8_ros:/home/robo/Desktop/lagoeiro/MiniMarketSecurity/MiniMarketSecurity/install/yolov8_msgs:${AMENT_PREFIX_PATH} CMAKE_PREFIX_PATH=/home/robo/Desktop/lagoeiro/MiniMarketSecurity/MiniMarketSecurity/install/yolov8_msgs:/opt/ros/humble LD_LIBRARY_PATH=/home/robo/Desktop/lagoeiro/MiniMarketSecurity/MiniMarketSecurity/install/yolov8_msgs/lib:/usr/lib/x86_64-linux-gnu/gazebo-11/plugins:/opt/ros/humble/opt/rviz_ogre_vendor/lib:/opt/ros/humble/lib/x86_64-linux-gnu:/opt/ros/humble/lib:/usr/local/cuda-11.8/lib64 PYTHONPATH=/home/robo/Desktop/lagoeiro/MiniMarketSecurity/MiniMarketSecurity/build/yolov8_ros:/home/robo/Desktop/lagoeiro/MiniMarketSecurity/MiniMarketSecurity/install/yolov8_ros/lib/python3.10/site-packages:/home/robo/Desktop/lagoeiro/MiniMarketSecurity/MiniMarketSecurity/install/yolov8_msgs/local/lib/python3.10/dist-packages:${PYTHONPATH} /usr/bin/cmake --build /home/robo/Desktop/lagoeiro/MiniMarketSecurity/MiniMarketSecurity/build/yolov8_bringup -- -j8 -l8
[0.920s] Invoking command in '/home/robo/Desktop/lagoeiro/MiniMarketSecurity/MiniMarketSecurity/build/yolov8_bringup': AMENT_PREFIX_PATH=/home/robo/Desktop/lagoeiro/MiniMarketSecurity/MiniMarketSecurity/install/yolov8_ros:/home/robo/Desktop/lagoeiro/MiniMarketSecurity/MiniMarketSecurity/install/yolov8_msgs:${AMENT_PREFIX_PATH} CMAKE_PREFIX_PATH=/home/robo/Desktop/lagoeiro/MiniMarketSecurity/MiniMarketSecurity/install/yolov8_msgs:/opt/ros/humble LD_LIBRARY_PATH=/home/robo/Desktop/lagoeiro/MiniMarketSecurity/MiniMarketSecurity/install/yolov8_msgs/lib:/usr/lib/x86_64-linux-gnu/gazebo-11/plugins:/opt/ros/humble/opt/rviz_ogre_vendor/lib:/opt/ros/humble/lib/x86_64-linux-gnu:/opt/ros/humble/lib:/usr/local/cuda-11.8/lib64 PYTHONPATH=/home/robo/Desktop/lagoeiro/MiniMarketSecurity/MiniMarketSecurity/build/yolov8_ros:/home/robo/Desktop/lagoeiro/MiniMarketSecurity/MiniMarketSecurity/install/yolov8_ros/lib/python3.10/site-packages:/home/robo/Desktop/lagoeiro/MiniMarketSecurity/MiniMarketSecurity/install/yolov8_msgs/local/lib/python3.10/dist-packages:${PYTHONPATH} /usr/bin/cmake --install /home/robo/Desktop/lagoeiro/MiniMarketSecurity/MiniMarketSecurity/build/yolov8_bringup
[0.927s] -- Install configuration: ""
[0.927s] -- Execute custom install script
[0.928s] -- Symlinking: /home/robo/Desktop/lagoeiro/MiniMarketSecurity/MiniMarketSecurity/install/yolov8_bringup/share/yolov8_bringup//launch/yolo-nas.launch.py
[0.937s] -- Symlinking: /home/robo/Desktop/lagoeiro/MiniMarketSecurity/MiniMarketSecurity/install/yolov8_bringup/share/yolov8_bringup//launch/yolov10.launch.py
[0.946s] -- Symlinking: /home/robo/Desktop/lagoeiro/MiniMarketSecurity/MiniMarketSecurity/install/yolov8_bringup/share/yolov8_bringup//launch/yolov11.launch.py
[0.955s] -- Symlinking: /home/robo/Desktop/lagoeiro/MiniMarketSecurity/MiniMarketSecurity/install/yolov8_bringup/share/yolov8_bringup//launch/yolov5.launch.py
[0.964s] -- Symlinking: /home/robo/Desktop/lagoeiro/MiniMarketSecurity/MiniMarketSecurity/install/yolov8_bringup/share/yolov8_bringup//launch/yolov8.launch.py
[0.973s] -- Symlinking: /home/robo/Desktop/lagoeiro/MiniMarketSecurity/MiniMarketSecurity/install/yolov8_bringup/share/yolov8_bringup//launch/yolov8_3d.launch.py
[0.982s] -- Symlinking: /home/robo/Desktop/lagoeiro/MiniMarketSecurity/MiniMarketSecurity/install/yolov8_bringup/share/yolov8_bringup//launch/yolov9.launch.py
[0.992s] -- Symlinking: /home/robo/Desktop/lagoeiro/MiniMarketSecurity/MiniMarketSecurity/install/yolov8_bringup/share/ament_index/resource_index/package_run_dependencies/yolov8_bringup
[1.002s] -- Symlinking: /home/robo/Desktop/lagoeiro/MiniMarketSecurity/MiniMarketSecurity/install/yolov8_bringup/share/ament_index/resource_index/parent_prefix_path/yolov8_bringup
[1.012s] -- Symlinking: /home/robo/Desktop/lagoeiro/MiniMarketSecurity/MiniMarketSecurity/install/yolov8_bringup/share/yolov8_bringup/environment/ament_prefix_path.sh
[1.021s] -- Symlinking: /home/robo/Desktop/lagoeiro/MiniMarketSecurity/MiniMarketSecurity/install/yolov8_bringup/share/yolov8_bringup/environment/ament_prefix_path.dsv
[1.030s] -- Symlinking: /home/robo/Desktop/lagoeiro/MiniMarketSecurity/MiniMarketSecurity/install/yolov8_bringup/share/yolov8_bringup/environment/path.sh
[1.040s] -- Symlinking: /home/robo/Desktop/lagoeiro/MiniMarketSecurity/MiniMarketSecurity/install/yolov8_bringup/share/yolov8_bringup/environment/path.dsv
[1.049s] -- Symlinking: /home/robo/Desktop/lagoeiro/MiniMarketSecurity/MiniMarketSecurity/install/yolov8_bringup/share/yolov8_bringup/local_setup.bash
[1.059s] -- Symlinking: /home/robo/Desktop/lagoeiro/MiniMarketSecurity/MiniMarketSecurity/install/yolov8_bringup/share/yolov8_bringup/local_setup.sh
[1.068s] -- Symlinking: /home/robo/Desktop/lagoeiro/MiniMarketSecurity/MiniMarketSecurity/install/yolov8_bringup/share/yolov8_bringup/local_setup.zsh
[1.077s] -- Symlinking: /home/robo/Desktop/lagoeiro/MiniMarketSecurity/MiniMarketSecurity/install/yolov8_bringup/share/yolov8_bringup/local_setup.dsv
[1.087s] -- Symlinking: /home/robo/Desktop/lagoeiro/MiniMarketSecurity/MiniMarketSecurity/install/yolov8_bringup/share/yolov8_bringup/package.dsv
[1.097s] -- Symlinking: /home/robo/Desktop/lagoeiro/MiniMarketSecurity/MiniMarketSecurity/install/yolov8_bringup/share/ament_index/resource_index/packages/yolov8_bringup
[1.106s] -- Symlinking: /home/robo/Desktop/lagoeiro/MiniMarketSecurity/MiniMarketSecurity/install/yolov8_bringup/share/yolov8_bringup/cmake/yolov8_bringupConfig.cmake
[1.115s] -- Symlinking: /home/robo/Desktop/lagoeiro/MiniMarketSecurity/MiniMarketSecurity/install/yolov8_bringup/share/yolov8_bringup/cmake/yolov8_bringupConfig-version.cmake
[1.124s] -- Symlinking: /home/robo/Desktop/lagoeiro/MiniMarketSecurity/MiniMarketSecurity/install/yolov8_bringup/share/yolov8_bringup/package.xml
[1.135s] Invoked command in '/home/robo/Desktop/lagoeiro/MiniMarketSecurity/MiniMarketSecurity/build/yolov8_bringup' returned '0': AMENT_PREFIX_PATH=/home/robo/Desktop/lagoeiro/MiniMarketSecurity/MiniMarketSecurity/install/yolov8_ros:/home/robo/Desktop/lagoeiro/MiniMarketSecurity/MiniMarketSecurity/install/yolov8_msgs:${AMENT_PREFIX_PATH} CMAKE_PREFIX_PATH=/home/robo/Desktop/lagoeiro/MiniMarketSecurity/MiniMarketSecurity/install/yolov8_msgs:/opt/ros/humble LD_LIBRARY_PATH=/home/robo/Desktop/lagoeiro/MiniMarketSecurity/MiniMarketSecurity/install/yolov8_msgs/lib:/usr/lib/x86_64-linux-gnu/gazebo-11/plugins:/opt/ros/humble/opt/rviz_ogre_vendor/lib:/opt/ros/humble/lib/x86_64-linux-gnu:/opt/ros/humble/lib:/usr/local/cuda-11.8/lib64 PYTHONPATH=/home/robo/Desktop/lagoeiro/MiniMarketSecurity/MiniMarketSecurity/build/yolov8_ros:/home/robo/Desktop/lagoeiro/MiniMarketSecurity/MiniMarketSecurity/install/yolov8_ros/lib/python3.10/site-packages:/home/robo/Desktop/lagoeiro/MiniMarketSecurity/MiniMarketSecurity/install/yolov8_msgs/local/lib/python3.10/dist-packages:${PYTHONPATH} /usr/bin/cmake --install /home/robo/Desktop/lagoeiro/MiniMarketSecurity/MiniMarketSecurity/build/yolov8_bringup
