[0.301s] Invoking command in '/home/robo/llagoeiro/MiniMarketSecurity/build/yolov8_ros': AMENT_PREFIX_PATH=/home/robo/llagoeiro/MiniMarketSecurity/install/yolov8_msgs:${AMENT_PREFIX_PATH} CMAKE_PREFIX_PATH=/home/robo/llagoeiro/MiniMarketSecurity/install/yolov8_msgs:/home/robo/llagoeiro/MiniMarketSecurity/install/yolov8_bringup PYTHONPATH=/home/robo/llagoeiro/MiniMarketSecurity/build/yolov8_ros/prefix_override:/usr/lib/python3/dist-packages/colcon_core/task/python/colcon_distutils_commands:/home/robo/llagoeiro/MiniMarketSecurity/install/yolov8_ros/lib/python3.10/site-packages:/home/robo/llagoeiro/MiniMarketSecurity/install/yolov8_msgs/local/lib/python3.10/dist-packages:${PYTHONPATH} /usr/bin/python3 -W ignore:setup.py install is deprecated setup.py develop --editable --build-directory /home/robo/llagoeiro/MiniMarketSecurity/build/yolov8_ros/build --no-deps symlink_data
[0.438s] running develop
[0.438s] /usr/lib/python3/dist-packages/setuptools/command/easy_install.py:158: EasyInstallDeprecationWarning: easy_install command is deprecated. Use build and pip and other standards-based tools.
[0.438s]   warnings.warn(
[0.514s] running egg_info
[0.514s] creating yolov8_ros.egg-info
[0.514s] writing yolov8_ros.egg-info/PKG-INFO
[0.515s] writing dependency_links to yolov8_ros.egg-info/dependency_links.txt
[0.515s] writing entry points to yolov8_ros.egg-info/entry_points.txt
[0.515s] writing requirements to yolov8_ros.egg-info/requires.txt
[0.515s] writing top-level names to yolov8_ros.egg-info/top_level.txt
[0.515s] writing manifest file 'yolov8_ros.egg-info/SOURCES.txt'
[0.516s] reading manifest file 'yolov8_ros.egg-info/SOURCES.txt'
[0.516s] writing manifest file 'yolov8_ros.egg-info/SOURCES.txt'
[0.517s] running build_ext
[0.517s] Creating /home/robo/llagoeiro/MiniMarketSecurity/install/yolov8_ros/lib/python3.10/site-packages/yolov8-ros.egg-link (link to .)
[0.517s] Installing debug_node script to /home/robo/llagoeiro/MiniMarketSecurity/install/yolov8_ros/lib/yolov8_ros
[0.517s] Installing detect_3d_node script to /home/robo/llagoeiro/MiniMarketSecurity/install/yolov8_ros/lib/yolov8_ros
[0.517s] Installing tracking_node script to /home/robo/llagoeiro/MiniMarketSecurity/install/yolov8_ros/lib/yolov8_ros
[0.517s] Installing yolov8_node script to /home/robo/llagoeiro/MiniMarketSecurity/install/yolov8_ros/lib/yolov8_ros
[0.517s] 
[0.517s] Installed /home/robo/llagoeiro/MiniMarketSecurity/build/yolov8_ros
[0.517s] running symlink_data
[0.518s] creating /home/robo/llagoeiro/MiniMarketSecurity/install/yolov8_ros/share/ament_index
[0.518s] creating /home/robo/llagoeiro/MiniMarketSecurity/install/yolov8_ros/share/ament_index/resource_index
[0.518s] creating /home/robo/llagoeiro/MiniMarketSecurity/install/yolov8_ros/share/ament_index/resource_index/packages
[0.518s] symbolically linking /home/robo/llagoeiro/MiniMarketSecurity/build/yolov8_ros/resource/yolov8_ros -> /home/robo/llagoeiro/MiniMarketSecurity/install/yolov8_ros/share/ament_index/resource_index/packages
[0.518s] symbolically linking /home/robo/llagoeiro/MiniMarketSecurity/build/yolov8_ros/package.xml -> /home/robo/llagoeiro/MiniMarketSecurity/install/yolov8_ros/share/yolov8_ros
[0.532s] Invoked command in '/home/robo/llagoeiro/MiniMarketSecurity/build/yolov8_ros' returned '0': AMENT_PREFIX_PATH=/home/robo/llagoeiro/MiniMarketSecurity/install/yolov8_msgs:${AMENT_PREFIX_PATH} CMAKE_PREFIX_PATH=/home/robo/llagoeiro/MiniMarketSecurity/install/yolov8_msgs:/home/robo/llagoeiro/MiniMarketSecurity/install/yolov8_bringup PYTHONPATH=/home/robo/llagoeiro/MiniMarketSecurity/build/yolov8_ros/prefix_override:/usr/lib/python3/dist-packages/colcon_core/task/python/colcon_distutils_commands:/home/robo/llagoeiro/MiniMarketSecurity/install/yolov8_ros/lib/python3.10/site-packages:/home/robo/llagoeiro/MiniMarketSecurity/install/yolov8_msgs/local/lib/python3.10/dist-packages:${PYTHONPATH} /usr/bin/python3 -W ignore:setup.py install is deprecated setup.py develop --editable --build-directory /home/robo/llagoeiro/MiniMarketSecurity/build/yolov8_ros/build --no-deps symlink_data
