[0.060s] DEBUG:colcon:Command line arguments: ['/usr/bin/colcon', 'build']
[0.060s] DEBUG:colcon:Parsed command line arguments: Namespace(log_base=None, log_level=None, verb_name='build', build_base='build', install_base='install', merge_install=False, symlink_install=False, test_result_base=None, continue_on_error=False, executor='parallel', parallel_workers=20, event_handlers=None, ignore_user_meta=False, metas=['./colcon.meta'], base_paths=['.'], packages_ignore=None, packages_ignore_regex=None, paths=None, packages_up_to=None, packages_up_to_regex=None, packages_above=None, packages_above_and_dependencies=None, packages_above_depth=None, packages_select_by_dep=None, packages_skip_by_dep=None, packages_skip_up_to=None, packages_select_build_failed=False, packages_skip_build_finished=False, packages_select_test_failures=False, packages_skip_test_passed=False, packages_select=None, packages_skip=None, packages_select_regex=None, packages_skip_regex=None, packages_start=None, packages_end=None, allow_overriding=[], cmake_args=None, cmake_target=None, cmake_target_skip_unavailable=False, cmake_clean_cache=False, cmake_clean_first=False, cmake_force_configure=False, ament_cmake_args=None, catkin_cmake_args=None, catkin_skip_building_tests=False, mixin_files=None, mixin=None, verb_parser=<colcon_mixin.mixin.mixin_argument.MixinArgumentDecorator object at 0x7f79fd442380>, verb_extension=<colcon_core.verb.build.BuildVerb object at 0x7f79fd5b7820>, main=<bound method BuildVerb.main of <colcon_core.verb.build.BuildVerb object at 0x7f79fd5b7820>>, mixin_verb=('build',))
[0.140s] Level 1:colcon.colcon_core.package_discovery:discover_packages(colcon_meta) check parameters
[0.140s] Level 1:colcon.colcon_core.package_discovery:discover_packages(recursive) check parameters
[0.140s] Level 1:colcon.colcon_core.package_discovery:discover_packages(ignore) check parameters
[0.140s] Level 1:colcon.colcon_core.package_discovery:discover_packages(path) check parameters
[0.140s] Level 1:colcon.colcon_core.package_discovery:discover_packages(colcon_meta) discover
[0.140s] Level 1:colcon.colcon_core.package_discovery:discover_packages(recursive) discover
[0.140s] INFO:colcon.colcon_core.package_discovery:Crawling recursively for packages in '/home/robo/llagoeiro/MiniMarketSecurity/ros2_yolo_ws'
[0.140s] Level 1:colcon.colcon_core.package_identification:_identify(.) by extensions ['ignore', 'ignore_ament_install']
[0.140s] Level 1:colcon.colcon_core.package_identification:_identify(.) by extension 'ignore'
[0.140s] Level 1:colcon.colcon_core.package_identification:_identify(.) by extension 'ignore_ament_install'
[0.140s] Level 1:colcon.colcon_core.package_identification:_identify(.) by extensions ['colcon_pkg']
[0.140s] Level 1:colcon.colcon_core.package_identification:_identify(.) by extension 'colcon_pkg'
[0.140s] Level 1:colcon.colcon_core.package_identification:_identify(.) by extensions ['colcon_meta']
[0.140s] Level 1:colcon.colcon_core.package_identification:_identify(.) by extension 'colcon_meta'
[0.140s] Level 1:colcon.colcon_core.package_identification:_identify(.) by extensions ['ros']
[0.140s] Level 1:colcon.colcon_core.package_identification:_identify(.) by extension 'ros'
[0.146s] Level 1:colcon.colcon_core.package_identification:_identify(.) by extensions ['cmake', 'python']
[0.146s] Level 1:colcon.colcon_core.package_identification:_identify(.) by extension 'cmake'
[0.146s] Level 1:colcon.colcon_core.package_identification:_identify(.) by extension 'python'
[0.146s] Level 1:colcon.colcon_core.package_identification:_identify(.) by extensions ['python_setup_py']
[0.146s] Level 1:colcon.colcon_core.package_identification:_identify(.) by extension 'python_setup_py'
[0.146s] Level 1:colcon.colcon_core.package_identification:_identify(build) by extensions ['ignore', 'ignore_ament_install']
[0.146s] Level 1:colcon.colcon_core.package_identification:_identify(build) by extension 'ignore'
[0.146s] Level 1:colcon.colcon_core.package_identification:_identify(build) ignored
[0.146s] Level 1:colcon.colcon_core.package_identification:_identify(install) by extensions ['ignore', 'ignore_ament_install']
[0.146s] Level 1:colcon.colcon_core.package_identification:_identify(install) by extension 'ignore'
[0.146s] Level 1:colcon.colcon_core.package_identification:_identify(install) ignored
[0.146s] Level 1:colcon.colcon_core.package_identification:_identify(log) by extensions ['ignore', 'ignore_ament_install']
[0.146s] Level 1:colcon.colcon_core.package_identification:_identify(log) by extension 'ignore'
[0.146s] Level 1:colcon.colcon_core.package_identification:_identify(log) ignored
[0.146s] Level 1:colcon.colcon_core.package_identification:_identify(src) by extensions ['ignore', 'ignore_ament_install']
[0.146s] Level 1:colcon.colcon_core.package_identification:_identify(src) by extension 'ignore'
[0.146s] Level 1:colcon.colcon_core.package_identification:_identify(src) by extension 'ignore_ament_install'
[0.146s] Level 1:colcon.colcon_core.package_identification:_identify(src) by extensions ['colcon_pkg']
[0.146s] Level 1:colcon.colcon_core.package_identification:_identify(src) by extension 'colcon_pkg'
[0.146s] Level 1:colcon.colcon_core.package_identification:_identify(src) by extensions ['colcon_meta']
[0.146s] Level 1:colcon.colcon_core.package_identification:_identify(src) by extension 'colcon_meta'
[0.146s] Level 1:colcon.colcon_core.package_identification:_identify(src) by extensions ['ros']
[0.146s] Level 1:colcon.colcon_core.package_identification:_identify(src) by extension 'ros'
[0.147s] Level 1:colcon.colcon_core.package_identification:_identify(src) by extensions ['cmake', 'python']
[0.147s] Level 1:colcon.colcon_core.package_identification:_identify(src) by extension 'cmake'
[0.147s] Level 1:colcon.colcon_core.package_identification:_identify(src) by extension 'python'
[0.147s] Level 1:colcon.colcon_core.package_identification:_identify(src) by extensions ['python_setup_py']
[0.147s] Level 1:colcon.colcon_core.package_identification:_identify(src) by extension 'python_setup_py'
[0.147s] Level 1:colcon.colcon_core.package_identification:_identify(src/yolov8_ros) by extensions ['ignore', 'ignore_ament_install']
[0.147s] Level 1:colcon.colcon_core.package_identification:_identify(src/yolov8_ros) by extension 'ignore'
[0.147s] Level 1:colcon.colcon_core.package_identification:_identify(src/yolov8_ros) by extension 'ignore_ament_install'
[0.147s] Level 1:colcon.colcon_core.package_identification:_identify(src/yolov8_ros) by extensions ['colcon_pkg']
[0.147s] Level 1:colcon.colcon_core.package_identification:_identify(src/yolov8_ros) by extension 'colcon_pkg'
[0.147s] Level 1:colcon.colcon_core.package_identification:_identify(src/yolov8_ros) by extensions ['colcon_meta']
[0.147s] Level 1:colcon.colcon_core.package_identification:_identify(src/yolov8_ros) by extension 'colcon_meta'
[0.147s] Level 1:colcon.colcon_core.package_identification:_identify(src/yolov8_ros) by extensions ['ros']
[0.147s] Level 1:colcon.colcon_core.package_identification:_identify(src/yolov8_ros) by extension 'ros'
[0.147s] Level 1:colcon.colcon_core.package_identification:_identify(src/yolov8_ros) by extensions ['cmake', 'python']
[0.147s] Level 1:colcon.colcon_core.package_identification:_identify(src/yolov8_ros) by extension 'cmake'
[0.147s] Level 1:colcon.colcon_core.package_identification:_identify(src/yolov8_ros) by extension 'python'
[0.147s] Level 1:colcon.colcon_core.package_identification:_identify(src/yolov8_ros) by extensions ['python_setup_py']
[0.147s] Level 1:colcon.colcon_core.package_identification:_identify(src/yolov8_ros) by extension 'python_setup_py'
[0.147s] Level 1:colcon.colcon_core.package_identification:_identify(src/yolov8_ros/docs) by extensions ['ignore', 'ignore_ament_install']
[0.147s] Level 1:colcon.colcon_core.package_identification:_identify(src/yolov8_ros/docs) by extension 'ignore'
[0.147s] Level 1:colcon.colcon_core.package_identification:_identify(src/yolov8_ros/docs) by extension 'ignore_ament_install'
[0.147s] Level 1:colcon.colcon_core.package_identification:_identify(src/yolov8_ros/docs) by extensions ['colcon_pkg']
[0.147s] Level 1:colcon.colcon_core.package_identification:_identify(src/yolov8_ros/docs) by extension 'colcon_pkg'
[0.147s] Level 1:colcon.colcon_core.package_identification:_identify(src/yolov8_ros/docs) by extensions ['colcon_meta']
[0.147s] Level 1:colcon.colcon_core.package_identification:_identify(src/yolov8_ros/docs) by extension 'colcon_meta'
[0.147s] Level 1:colcon.colcon_core.package_identification:_identify(src/yolov8_ros/docs) by extensions ['ros']
[0.147s] Level 1:colcon.colcon_core.package_identification:_identify(src/yolov8_ros/docs) by extension 'ros'
[0.147s] Level 1:colcon.colcon_core.package_identification:_identify(src/yolov8_ros/docs) by extensions ['cmake', 'python']
[0.147s] Level 1:colcon.colcon_core.package_identification:_identify(src/yolov8_ros/docs) by extension 'cmake'
[0.147s] Level 1:colcon.colcon_core.package_identification:_identify(src/yolov8_ros/docs) by extension 'python'
[0.147s] Level 1:colcon.colcon_core.package_identification:_identify(src/yolov8_ros/docs) by extensions ['python_setup_py']
[0.147s] Level 1:colcon.colcon_core.package_identification:_identify(src/yolov8_ros/docs) by extension 'python_setup_py'
[0.147s] Level 1:colcon.colcon_core.package_identification:_identify(src/yolov8_ros/yolov8_bringup) by extensions ['ignore', 'ignore_ament_install']
[0.147s] Level 1:colcon.colcon_core.package_identification:_identify(src/yolov8_ros/yolov8_bringup) by extension 'ignore'
[0.147s] Level 1:colcon.colcon_core.package_identification:_identify(src/yolov8_ros/yolov8_bringup) by extension 'ignore_ament_install'
[0.147s] Level 1:colcon.colcon_core.package_identification:_identify(src/yolov8_ros/yolov8_bringup) by extensions ['colcon_pkg']
[0.147s] Level 1:colcon.colcon_core.package_identification:_identify(src/yolov8_ros/yolov8_bringup) by extension 'colcon_pkg'
[0.147s] Level 1:colcon.colcon_core.package_identification:_identify(src/yolov8_ros/yolov8_bringup) by extensions ['colcon_meta']
[0.147s] Level 1:colcon.colcon_core.package_identification:_identify(src/yolov8_ros/yolov8_bringup) by extension 'colcon_meta'
[0.147s] Level 1:colcon.colcon_core.package_identification:_identify(src/yolov8_ros/yolov8_bringup) by extensions ['ros']
[0.147s] Level 1:colcon.colcon_core.package_identification:_identify(src/yolov8_ros/yolov8_bringup) by extension 'ros'
[0.149s] DEBUG:colcon.colcon_core.package_identification:Package 'src/yolov8_ros/yolov8_bringup' with type 'ros.ament_cmake' and name 'yolov8_bringup'
[0.149s] Level 1:colcon.colcon_core.package_identification:_identify(src/yolov8_ros/yolov8_msgs) by extensions ['ignore', 'ignore_ament_install']
[0.149s] Level 1:colcon.colcon_core.package_identification:_identify(src/yolov8_ros/yolov8_msgs) by extension 'ignore'
[0.149s] Level 1:colcon.colcon_core.package_identification:_identify(src/yolov8_ros/yolov8_msgs) by extension 'ignore_ament_install'
[0.149s] Level 1:colcon.colcon_core.package_identification:_identify(src/yolov8_ros/yolov8_msgs) by extensions ['colcon_pkg']
[0.149s] Level 1:colcon.colcon_core.package_identification:_identify(src/yolov8_ros/yolov8_msgs) by extension 'colcon_pkg'
[0.149s] Level 1:colcon.colcon_core.package_identification:_identify(src/yolov8_ros/yolov8_msgs) by extensions ['colcon_meta']
[0.149s] Level 1:colcon.colcon_core.package_identification:_identify(src/yolov8_ros/yolov8_msgs) by extension 'colcon_meta'
[0.149s] Level 1:colcon.colcon_core.package_identification:_identify(src/yolov8_ros/yolov8_msgs) by extensions ['ros']
[0.149s] Level 1:colcon.colcon_core.package_identification:_identify(src/yolov8_ros/yolov8_msgs) by extension 'ros'
[0.149s] DEBUG:colcon.colcon_core.package_identification:Package 'src/yolov8_ros/yolov8_msgs' with type 'ros.ament_cmake' and name 'yolov8_msgs'
[0.149s] Level 1:colcon.colcon_core.package_identification:_identify(src/yolov8_ros/yolov8_ros) by extensions ['ignore', 'ignore_ament_install']
[0.149s] Level 1:colcon.colcon_core.package_identification:_identify(src/yolov8_ros/yolov8_ros) by extension 'ignore'
[0.149s] Level 1:colcon.colcon_core.package_identification:_identify(src/yolov8_ros/yolov8_ros) by extension 'ignore_ament_install'
[0.149s] Level 1:colcon.colcon_core.package_identification:_identify(src/yolov8_ros/yolov8_ros) by extensions ['colcon_pkg']
[0.149s] Level 1:colcon.colcon_core.package_identification:_identify(src/yolov8_ros/yolov8_ros) by extension 'colcon_pkg'
[0.149s] Level 1:colcon.colcon_core.package_identification:_identify(src/yolov8_ros/yolov8_ros) by extensions ['colcon_meta']
[0.149s] Level 1:colcon.colcon_core.package_identification:_identify(src/yolov8_ros/yolov8_ros) by extension 'colcon_meta'
[0.149s] Level 1:colcon.colcon_core.package_identification:_identify(src/yolov8_ros/yolov8_ros) by extensions ['ros']
[0.149s] Level 1:colcon.colcon_core.package_identification:_identify(src/yolov8_ros/yolov8_ros) by extension 'ros'
[0.150s] DEBUG:colcon.colcon_core.package_identification:Package 'src/yolov8_ros/yolov8_ros' with type 'ros.ament_python' and name 'yolov8_ros'
[0.150s] Level 1:colcon.colcon_core.package_discovery:discover_packages(recursive) using defaults
[0.150s] Level 1:colcon.colcon_core.package_discovery:discover_packages(ignore) discover
[0.150s] Level 1:colcon.colcon_core.package_discovery:discover_packages(ignore) using defaults
[0.150s] Level 1:colcon.colcon_core.package_discovery:discover_packages(path) discover
[0.150s] Level 1:colcon.colcon_core.package_discovery:discover_packages(path) using defaults
[0.165s] Level 1:colcon.colcon_core.package_discovery:discover_packages(prefix_path) check parameters
[0.165s] Level 1:colcon.colcon_core.package_discovery:discover_packages(prefix_path) discover
[0.166s] DEBUG:colcon.colcon_installed_package_information.package_discovery:Found 270 installed packages in /opt/ros/humble
[0.167s] Level 1:colcon.colcon_core.package_discovery:discover_packages(prefix_path) using defaults
[0.183s] Level 5:colcon.colcon_core.verb:set package 'yolov8_msgs' build argument 'cmake_args' from command line to 'None'
[0.184s] Level 5:colcon.colcon_core.verb:set package 'yolov8_msgs' build argument 'cmake_target' from command line to 'None'
[0.184s] Level 5:colcon.colcon_core.verb:set package 'yolov8_msgs' build argument 'cmake_target_skip_unavailable' from command line to 'False'
[0.184s] Level 5:colcon.colcon_core.verb:set package 'yolov8_msgs' build argument 'cmake_clean_cache' from command line to 'False'
[0.184s] Level 5:colcon.colcon_core.verb:set package 'yolov8_msgs' build argument 'cmake_clean_first' from command line to 'False'
[0.184s] Level 5:colcon.colcon_core.verb:set package 'yolov8_msgs' build argument 'cmake_force_configure' from command line to 'False'
[0.184s] Level 5:colcon.colcon_core.verb:set package 'yolov8_msgs' build argument 'ament_cmake_args' from command line to 'None'
[0.184s] Level 5:colcon.colcon_core.verb:set package 'yolov8_msgs' build argument 'catkin_cmake_args' from command line to 'None'
[0.184s] Level 5:colcon.colcon_core.verb:set package 'yolov8_msgs' build argument 'catkin_skip_building_tests' from command line to 'False'
[0.184s] DEBUG:colcon.colcon_core.verb:Building package 'yolov8_msgs' with the following arguments: {'ament_cmake_args': None, 'build_base': '/home/robo/llagoeiro/MiniMarketSecurity/ros2_yolo_ws/build/yolov8_msgs', 'catkin_cmake_args': None, 'catkin_skip_building_tests': False, 'cmake_args': None, 'cmake_clean_cache': False, 'cmake_clean_first': False, 'cmake_force_configure': False, 'cmake_target': None, 'cmake_target_skip_unavailable': False, 'install_base': '/home/robo/llagoeiro/MiniMarketSecurity/ros2_yolo_ws/install/yolov8_msgs', 'merge_install': False, 'path': '/home/robo/llagoeiro/MiniMarketSecurity/ros2_yolo_ws/src/yolov8_ros/yolov8_msgs', 'symlink_install': False, 'test_result_base': None}
[0.184s] Level 5:colcon.colcon_core.verb:set package 'yolov8_ros' build argument 'cmake_args' from command line to 'None'
[0.184s] Level 5:colcon.colcon_core.verb:set package 'yolov8_ros' build argument 'cmake_target' from command line to 'None'
[0.184s] Level 5:colcon.colcon_core.verb:set package 'yolov8_ros' build argument 'cmake_target_skip_unavailable' from command line to 'False'
[0.184s] Level 5:colcon.colcon_core.verb:set package 'yolov8_ros' build argument 'cmake_clean_cache' from command line to 'False'
[0.184s] Level 5:colcon.colcon_core.verb:set package 'yolov8_ros' build argument 'cmake_clean_first' from command line to 'False'
[0.184s] Level 5:colcon.colcon_core.verb:set package 'yolov8_ros' build argument 'cmake_force_configure' from command line to 'False'
[0.184s] Level 5:colcon.colcon_core.verb:set package 'yolov8_ros' build argument 'ament_cmake_args' from command line to 'None'
[0.184s] Level 5:colcon.colcon_core.verb:set package 'yolov8_ros' build argument 'catkin_cmake_args' from command line to 'None'
[0.184s] Level 5:colcon.colcon_core.verb:set package 'yolov8_ros' build argument 'catkin_skip_building_tests' from command line to 'False'
[0.184s] DEBUG:colcon.colcon_core.verb:Building package 'yolov8_ros' with the following arguments: {'ament_cmake_args': None, 'build_base': '/home/robo/llagoeiro/MiniMarketSecurity/ros2_yolo_ws/build/yolov8_ros', 'catkin_cmake_args': None, 'catkin_skip_building_tests': False, 'cmake_args': None, 'cmake_clean_cache': False, 'cmake_clean_first': False, 'cmake_force_configure': False, 'cmake_target': None, 'cmake_target_skip_unavailable': False, 'install_base': '/home/robo/llagoeiro/MiniMarketSecurity/ros2_yolo_ws/install/yolov8_ros', 'merge_install': False, 'path': '/home/robo/llagoeiro/MiniMarketSecurity/ros2_yolo_ws/src/yolov8_ros/yolov8_ros', 'symlink_install': False, 'test_result_base': None}
[0.184s] Level 5:colcon.colcon_core.verb:set package 'yolov8_bringup' build argument 'cmake_args' from command line to 'None'
[0.184s] Level 5:colcon.colcon_core.verb:set package 'yolov8_bringup' build argument 'cmake_target' from command line to 'None'
[0.184s] Level 5:colcon.colcon_core.verb:set package 'yolov8_bringup' build argument 'cmake_target_skip_unavailable' from command line to 'False'
[0.184s] Level 5:colcon.colcon_core.verb:set package 'yolov8_bringup' build argument 'cmake_clean_cache' from command line to 'False'
[0.184s] Level 5:colcon.colcon_core.verb:set package 'yolov8_bringup' build argument 'cmake_clean_first' from command line to 'False'
[0.184s] Level 5:colcon.colcon_core.verb:set package 'yolov8_bringup' build argument 'cmake_force_configure' from command line to 'False'
[0.184s] Level 5:colcon.colcon_core.verb:set package 'yolov8_bringup' build argument 'ament_cmake_args' from command line to 'None'
[0.184s] Level 5:colcon.colcon_core.verb:set package 'yolov8_bringup' build argument 'catkin_cmake_args' from command line to 'None'
[0.184s] Level 5:colcon.colcon_core.verb:set package 'yolov8_bringup' build argument 'catkin_skip_building_tests' from command line to 'False'
[0.184s] DEBUG:colcon.colcon_core.verb:Building package 'yolov8_bringup' with the following arguments: {'ament_cmake_args': None, 'build_base': '/home/robo/llagoeiro/MiniMarketSecurity/ros2_yolo_ws/build/yolov8_bringup', 'catkin_cmake_args': None, 'catkin_skip_building_tests': False, 'cmake_args': None, 'cmake_clean_cache': False, 'cmake_clean_first': False, 'cmake_force_configure': False, 'cmake_target': None, 'cmake_target_skip_unavailable': False, 'install_base': '/home/robo/llagoeiro/MiniMarketSecurity/ros2_yolo_ws/install/yolov8_bringup', 'merge_install': False, 'path': '/home/robo/llagoeiro/MiniMarketSecurity/ros2_yolo_ws/src/yolov8_ros/yolov8_bringup', 'symlink_install': False, 'test_result_base': None}
[0.184s] INFO:colcon.colcon_core.executor:Executing jobs using 'parallel' executor
[0.185s] DEBUG:colcon.colcon_parallel_executor.executor.parallel:run_until_complete
[0.185s] INFO:colcon.colcon_ros.task.ament_cmake.build:Building ROS package in '/home/robo/llagoeiro/MiniMarketSecurity/ros2_yolo_ws/src/yolov8_ros/yolov8_msgs' with build type 'ament_cmake'
[0.185s] INFO:colcon.colcon_cmake.task.cmake.build:Building CMake package in '/home/robo/llagoeiro/MiniMarketSecurity/ros2_yolo_ws/src/yolov8_ros/yolov8_msgs'
[0.186s] INFO:colcon.colcon_core.plugin_system:Skipping extension 'colcon_core.shell.bat': Not used on non-Windows systems
[0.186s] INFO:colcon.colcon_core.shell:Skip shell extension 'powershell' for command environment: Not usable outside of PowerShell
[0.186s] DEBUG:colcon.colcon_core.shell:Skip shell extension 'dsv' for command environment
[0.190s] DEBUG:colcon.colcon_core.event_handler.log_command:Invoking command in '/home/robo/llagoeiro/MiniMarketSecurity/ros2_yolo_ws/build/yolov8_msgs': CMAKE_PREFIX_PATH=/opt/ros/humble /usr/bin/cmake /home/robo/llagoeiro/MiniMarketSecurity/ros2_yolo_ws/src/yolov8_ros/yolov8_msgs -DCMAKE_INSTALL_PREFIX=/home/robo/llagoeiro/MiniMarketSecurity/ros2_yolo_ws/install/yolov8_msgs
[0.964s] DEBUG:colcon.colcon_core.event_handler.log_command:Invoked command in '/home/robo/llagoeiro/MiniMarketSecurity/ros2_yolo_ws/build/yolov8_msgs' returned '0': CMAKE_PREFIX_PATH=/opt/ros/humble /usr/bin/cmake /home/robo/llagoeiro/MiniMarketSecurity/ros2_yolo_ws/src/yolov8_ros/yolov8_msgs -DCMAKE_INSTALL_PREFIX=/home/robo/llagoeiro/MiniMarketSecurity/ros2_yolo_ws/install/yolov8_msgs
[0.965s] DEBUG:colcon.colcon_core.event_handler.log_command:Invoking command in '/home/robo/llagoeiro/MiniMarketSecurity/ros2_yolo_ws/build/yolov8_msgs': CMAKE_PREFIX_PATH=/opt/ros/humble /usr/bin/cmake --build /home/robo/llagoeiro/MiniMarketSecurity/ros2_yolo_ws/build/yolov8_msgs -- -j20 -l20
[4.308s] DEBUG:colcon.colcon_core.event_handler.log_command:Invoked command in '/home/robo/llagoeiro/MiniMarketSecurity/ros2_yolo_ws/build/yolov8_msgs' returned '0': CMAKE_PREFIX_PATH=/opt/ros/humble /usr/bin/cmake --build /home/robo/llagoeiro/MiniMarketSecurity/ros2_yolo_ws/build/yolov8_msgs -- -j20 -l20
[4.492s] DEBUG:colcon.colcon_core.event_handler.log_command:Invoking command in '/home/robo/llagoeiro/MiniMarketSecurity/ros2_yolo_ws/build/yolov8_msgs': CMAKE_PREFIX_PATH=/opt/ros/humble /usr/bin/cmake --install /home/robo/llagoeiro/MiniMarketSecurity/ros2_yolo_ws/build/yolov8_msgs
[4.543s] Level 1:colcon.colcon_core.environment:create_environment_scripts_only(yolov8_msgs)
[4.543s] DEBUG:colcon.colcon_core.event_handler.log_command:Invoked command in '/home/robo/llagoeiro/MiniMarketSecurity/ros2_yolo_ws/build/yolov8_msgs' returned '0': CMAKE_PREFIX_PATH=/opt/ros/humble /usr/bin/cmake --install /home/robo/llagoeiro/MiniMarketSecurity/ros2_yolo_ws/build/yolov8_msgs
[4.544s] Level 1:colcon.colcon_core.environment:checking '/home/robo/llagoeiro/MiniMarketSecurity/ros2_yolo_ws/install/yolov8_msgs' for CMake module files
[4.545s] Level 1:colcon.colcon_core.environment:checking '/home/robo/llagoeiro/MiniMarketSecurity/ros2_yolo_ws/install/yolov8_msgs' for CMake config files
[4.545s] Level 1:colcon.colcon_core.shell:create_environment_hook('yolov8_msgs', 'cmake_prefix_path')
[4.545s] INFO:colcon.colcon_core.shell:Creating environment hook '/home/robo/llagoeiro/MiniMarketSecurity/ros2_yolo_ws/install/yolov8_msgs/share/yolov8_msgs/hook/cmake_prefix_path.ps1'
[4.545s] INFO:colcon.colcon_core.shell:Creating environment descriptor '/home/robo/llagoeiro/MiniMarketSecurity/ros2_yolo_ws/install/yolov8_msgs/share/yolov8_msgs/hook/cmake_prefix_path.dsv'
[4.546s] INFO:colcon.colcon_core.shell:Creating environment hook '/home/robo/llagoeiro/MiniMarketSecurity/ros2_yolo_ws/install/yolov8_msgs/share/yolov8_msgs/hook/cmake_prefix_path.sh'
[4.546s] Level 1:colcon.colcon_core.environment:checking '/home/robo/llagoeiro/MiniMarketSecurity/ros2_yolo_ws/install/yolov8_msgs/lib'
[4.546s] Level 1:colcon.colcon_core.shell:create_environment_hook('yolov8_msgs', 'ld_library_path_lib')
[4.546s] INFO:colcon.colcon_core.shell:Creating environment hook '/home/robo/llagoeiro/MiniMarketSecurity/ros2_yolo_ws/install/yolov8_msgs/share/yolov8_msgs/hook/ld_library_path_lib.ps1'
[4.546s] INFO:colcon.colcon_core.shell:Creating environment descriptor '/home/robo/llagoeiro/MiniMarketSecurity/ros2_yolo_ws/install/yolov8_msgs/share/yolov8_msgs/hook/ld_library_path_lib.dsv'
[4.546s] INFO:colcon.colcon_core.shell:Creating environment hook '/home/robo/llagoeiro/MiniMarketSecurity/ros2_yolo_ws/install/yolov8_msgs/share/yolov8_msgs/hook/ld_library_path_lib.sh'
[4.547s] Level 1:colcon.colcon_core.environment:checking '/home/robo/llagoeiro/MiniMarketSecurity/ros2_yolo_ws/install/yolov8_msgs/bin'
[4.547s] Level 1:colcon.colcon_core.environment:checking '/home/robo/llagoeiro/MiniMarketSecurity/ros2_yolo_ws/install/yolov8_msgs/lib/pkgconfig/yolov8_msgs.pc'
[4.547s] Level 1:colcon.colcon_core.environment:checking '/home/robo/llagoeiro/MiniMarketSecurity/ros2_yolo_ws/install/yolov8_msgs/lib/python3.10/site-packages'
[4.547s] Level 1:colcon.colcon_core.environment:checking '/home/robo/llagoeiro/MiniMarketSecurity/ros2_yolo_ws/install/yolov8_msgs/bin'
[4.547s] INFO:colcon.colcon_core.shell:Creating package script '/home/robo/llagoeiro/MiniMarketSecurity/ros2_yolo_ws/install/yolov8_msgs/share/yolov8_msgs/package.ps1'
[4.547s] INFO:colcon.colcon_core.shell:Creating package descriptor '/home/robo/llagoeiro/MiniMarketSecurity/ros2_yolo_ws/install/yolov8_msgs/share/yolov8_msgs/package.dsv'
[4.548s] INFO:colcon.colcon_core.shell:Creating package script '/home/robo/llagoeiro/MiniMarketSecurity/ros2_yolo_ws/install/yolov8_msgs/share/yolov8_msgs/package.sh'
[4.548s] INFO:colcon.colcon_core.shell:Creating package script '/home/robo/llagoeiro/MiniMarketSecurity/ros2_yolo_ws/install/yolov8_msgs/share/yolov8_msgs/package.bash'
[4.548s] INFO:colcon.colcon_core.shell:Creating package script '/home/robo/llagoeiro/MiniMarketSecurity/ros2_yolo_ws/install/yolov8_msgs/share/yolov8_msgs/package.zsh'
[4.549s] Level 1:colcon.colcon_core.environment:create_file_with_runtime_dependencies(/home/robo/llagoeiro/MiniMarketSecurity/ros2_yolo_ws/install/yolov8_msgs/share/colcon-core/packages/yolov8_msgs)
[4.795s] Level 1:colcon.colcon_core.environment:create_environment_scripts_only(yolov8_msgs)
[4.795s] Level 1:colcon.colcon_core.environment:checking '/home/robo/llagoeiro/MiniMarketSecurity/ros2_yolo_ws/install/yolov8_msgs' for CMake module files
[4.796s] Level 1:colcon.colcon_core.environment:checking '/home/robo/llagoeiro/MiniMarketSecurity/ros2_yolo_ws/install/yolov8_msgs' for CMake config files
[4.796s] Level 1:colcon.colcon_core.shell:create_environment_hook('yolov8_msgs', 'cmake_prefix_path')
[4.796s] INFO:colcon.colcon_core.shell:Creating environment hook '/home/robo/llagoeiro/MiniMarketSecurity/ros2_yolo_ws/install/yolov8_msgs/share/yolov8_msgs/hook/cmake_prefix_path.ps1'
[4.797s] INFO:colcon.colcon_core.shell:Creating environment descriptor '/home/robo/llagoeiro/MiniMarketSecurity/ros2_yolo_ws/install/yolov8_msgs/share/yolov8_msgs/hook/cmake_prefix_path.dsv'
[4.797s] INFO:colcon.colcon_core.shell:Creating environment hook '/home/robo/llagoeiro/MiniMarketSecurity/ros2_yolo_ws/install/yolov8_msgs/share/yolov8_msgs/hook/cmake_prefix_path.sh'
[4.798s] Level 1:colcon.colcon_core.environment:checking '/home/robo/llagoeiro/MiniMarketSecurity/ros2_yolo_ws/install/yolov8_msgs/lib'
[4.798s] Level 1:colcon.colcon_core.shell:create_environment_hook('yolov8_msgs', 'ld_library_path_lib')
[4.798s] INFO:colcon.colcon_core.shell:Creating environment hook '/home/robo/llagoeiro/MiniMarketSecurity/ros2_yolo_ws/install/yolov8_msgs/share/yolov8_msgs/hook/ld_library_path_lib.ps1'
[4.798s] INFO:colcon.colcon_core.shell:Creating environment descriptor '/home/robo/llagoeiro/MiniMarketSecurity/ros2_yolo_ws/install/yolov8_msgs/share/yolov8_msgs/hook/ld_library_path_lib.dsv'
[4.798s] INFO:colcon.colcon_core.shell:Creating environment hook '/home/robo/llagoeiro/MiniMarketSecurity/ros2_yolo_ws/install/yolov8_msgs/share/yolov8_msgs/hook/ld_library_path_lib.sh'
[4.799s] Level 1:colcon.colcon_core.environment:checking '/home/robo/llagoeiro/MiniMarketSecurity/ros2_yolo_ws/install/yolov8_msgs/bin'
[4.799s] Level 1:colcon.colcon_core.environment:checking '/home/robo/llagoeiro/MiniMarketSecurity/ros2_yolo_ws/install/yolov8_msgs/lib/pkgconfig/yolov8_msgs.pc'
[4.799s] Level 1:colcon.colcon_core.environment:checking '/home/robo/llagoeiro/MiniMarketSecurity/ros2_yolo_ws/install/yolov8_msgs/lib/python3.10/site-packages'
[4.799s] Level 1:colcon.colcon_core.environment:checking '/home/robo/llagoeiro/MiniMarketSecurity/ros2_yolo_ws/install/yolov8_msgs/bin'
[4.799s] INFO:colcon.colcon_core.shell:Creating package script '/home/robo/llagoeiro/MiniMarketSecurity/ros2_yolo_ws/install/yolov8_msgs/share/yolov8_msgs/package.ps1'
[4.800s] INFO:colcon.colcon_core.shell:Creating package descriptor '/home/robo/llagoeiro/MiniMarketSecurity/ros2_yolo_ws/install/yolov8_msgs/share/yolov8_msgs/package.dsv'
[4.800s] INFO:colcon.colcon_core.shell:Creating package script '/home/robo/llagoeiro/MiniMarketSecurity/ros2_yolo_ws/install/yolov8_msgs/share/yolov8_msgs/package.sh'
[4.800s] INFO:colcon.colcon_core.shell:Creating package script '/home/robo/llagoeiro/MiniMarketSecurity/ros2_yolo_ws/install/yolov8_msgs/share/yolov8_msgs/package.bash'
[4.800s] INFO:colcon.colcon_core.shell:Creating package script '/home/robo/llagoeiro/MiniMarketSecurity/ros2_yolo_ws/install/yolov8_msgs/share/yolov8_msgs/package.zsh'
[4.801s] Level 1:colcon.colcon_core.environment:create_file_with_runtime_dependencies(/home/robo/llagoeiro/MiniMarketSecurity/ros2_yolo_ws/install/yolov8_msgs/share/colcon-core/packages/yolov8_msgs)
[4.801s] INFO:colcon.colcon_ros.task.ament_python.build:Building ROS package in '/home/robo/llagoeiro/MiniMarketSecurity/ros2_yolo_ws/src/yolov8_ros/yolov8_ros' with build type 'ament_python'
[4.801s] Level 1:colcon.colcon_core.shell:create_environment_hook('yolov8_ros', 'ament_prefix_path')
[4.801s] INFO:colcon.colcon_core.shell:Creating environment hook '/home/robo/llagoeiro/MiniMarketSecurity/ros2_yolo_ws/install/yolov8_ros/share/yolov8_ros/hook/ament_prefix_path.ps1'
[4.802s] INFO:colcon.colcon_core.shell:Creating environment descriptor '/home/robo/llagoeiro/MiniMarketSecurity/ros2_yolo_ws/install/yolov8_ros/share/yolov8_ros/hook/ament_prefix_path.dsv'
[4.802s] INFO:colcon.colcon_core.shell:Creating environment hook '/home/robo/llagoeiro/MiniMarketSecurity/ros2_yolo_ws/install/yolov8_ros/share/yolov8_ros/hook/ament_prefix_path.sh'
[4.802s] INFO:colcon.colcon_core.shell:Skip shell extension 'powershell' for command environment: Not usable outside of PowerShell
[4.802s] DEBUG:colcon.colcon_core.shell:Skip shell extension 'dsv' for command environment
[4.925s] INFO:colcon.colcon_core.task.python.build:Building Python package in '/home/robo/llagoeiro/MiniMarketSecurity/ros2_yolo_ws/src/yolov8_ros/yolov8_ros'
[4.925s] INFO:colcon.colcon_core.shell:Skip shell extension 'powershell' for command environment: Not usable outside of PowerShell
[4.925s] DEBUG:colcon.colcon_core.shell:Skip shell extension 'dsv' for command environment
[5.087s] DEBUG:colcon.colcon_core.event_handler.log_command:Invoking command in '/home/robo/llagoeiro/MiniMarketSecurity/ros2_yolo_ws/src/yolov8_ros/yolov8_ros': AMENT_PREFIX_PATH=/home/robo/llagoeiro/MiniMarketSecurity/ros2_yolo_ws/install/yolov8_msgs:${AMENT_PREFIX_PATH} CMAKE_PREFIX_PATH=/home/robo/llagoeiro/MiniMarketSecurity/ros2_yolo_ws/install/yolov8_msgs LD_LIBRARY_PATH=/home/robo/llagoeiro/MiniMarketSecurity/ros2_yolo_ws/install/yolov8_msgs/lib:${LD_LIBRARY_PATH} PYTHONPATH=/home/robo/llagoeiro/MiniMarketSecurity/ros2_yolo_ws/build/yolov8_ros/prefix_override:/usr/lib/python3/dist-packages/colcon_core/task/python/colcon_distutils_commands:/home/robo/llagoeiro/MiniMarketSecurity/ros2_yolo_ws/install/yolov8_ros/lib/python3.10/site-packages:/home/robo/llagoeiro/MiniMarketSecurity/ros2_yolo_ws/install/yolov8_msgs/local/lib/python3.10/dist-packages:${PYTHONPATH} /usr/bin/python3 -W ignore:setup.py install is deprecated setup.py egg_info --egg-base ../../../build/yolov8_ros build --build-base /home/robo/llagoeiro/MiniMarketSecurity/ros2_yolo_ws/build/yolov8_ros/build install --record /home/robo/llagoeiro/MiniMarketSecurity/ros2_yolo_ws/build/yolov8_ros/install.log --single-version-externally-managed install_data
[5.229s] Level 1:colcon.colcon_core.environment:checking '/home/robo/llagoeiro/MiniMarketSecurity/ros2_yolo_ws/install/yolov8_ros' for CMake module files
[5.229s] DEBUG:colcon.colcon_core.event_handler.log_command:Invoked command in '/home/robo/llagoeiro/MiniMarketSecurity/ros2_yolo_ws/src/yolov8_ros/yolov8_ros' returned '0': AMENT_PREFIX_PATH=/home/robo/llagoeiro/MiniMarketSecurity/ros2_yolo_ws/install/yolov8_msgs:${AMENT_PREFIX_PATH} CMAKE_PREFIX_PATH=/home/robo/llagoeiro/MiniMarketSecurity/ros2_yolo_ws/install/yolov8_msgs LD_LIBRARY_PATH=/home/robo/llagoeiro/MiniMarketSecurity/ros2_yolo_ws/install/yolov8_msgs/lib:${LD_LIBRARY_PATH} PYTHONPATH=/home/robo/llagoeiro/MiniMarketSecurity/ros2_yolo_ws/build/yolov8_ros/prefix_override:/usr/lib/python3/dist-packages/colcon_core/task/python/colcon_distutils_commands:/home/robo/llagoeiro/MiniMarketSecurity/ros2_yolo_ws/install/yolov8_ros/lib/python3.10/site-packages:/home/robo/llagoeiro/MiniMarketSecurity/ros2_yolo_ws/install/yolov8_msgs/local/lib/python3.10/dist-packages:${PYTHONPATH} /usr/bin/python3 -W ignore:setup.py install is deprecated setup.py egg_info --egg-base ../../../build/yolov8_ros build --build-base /home/robo/llagoeiro/MiniMarketSecurity/ros2_yolo_ws/build/yolov8_ros/build install --record /home/robo/llagoeiro/MiniMarketSecurity/ros2_yolo_ws/build/yolov8_ros/install.log --single-version-externally-managed install_data
[5.230s] Level 1:colcon.colcon_core.environment:checking '/home/robo/llagoeiro/MiniMarketSecurity/ros2_yolo_ws/install/yolov8_ros' for CMake config files
[5.230s] Level 1:colcon.colcon_core.environment:checking '/home/robo/llagoeiro/MiniMarketSecurity/ros2_yolo_ws/install/yolov8_ros/lib'
[5.230s] Level 1:colcon.colcon_core.environment:checking '/home/robo/llagoeiro/MiniMarketSecurity/ros2_yolo_ws/install/yolov8_ros/bin'
[5.230s] Level 1:colcon.colcon_core.environment:checking '/home/robo/llagoeiro/MiniMarketSecurity/ros2_yolo_ws/install/yolov8_ros/lib/pkgconfig/yolov8_ros.pc'
[5.230s] Level 1:colcon.colcon_core.environment:checking '/home/robo/llagoeiro/MiniMarketSecurity/ros2_yolo_ws/install/yolov8_ros/lib/python3.10/site-packages'
[5.230s] Level 1:colcon.colcon_core.shell:create_environment_hook('yolov8_ros', 'pythonpath')
[5.230s] INFO:colcon.colcon_core.shell:Creating environment hook '/home/robo/llagoeiro/MiniMarketSecurity/ros2_yolo_ws/install/yolov8_ros/share/yolov8_ros/hook/pythonpath.ps1'
[5.230s] INFO:colcon.colcon_core.shell:Creating environment descriptor '/home/robo/llagoeiro/MiniMarketSecurity/ros2_yolo_ws/install/yolov8_ros/share/yolov8_ros/hook/pythonpath.dsv'
[5.231s] INFO:colcon.colcon_core.shell:Creating environment hook '/home/robo/llagoeiro/MiniMarketSecurity/ros2_yolo_ws/install/yolov8_ros/share/yolov8_ros/hook/pythonpath.sh'
[5.231s] Level 1:colcon.colcon_core.environment:checking '/home/robo/llagoeiro/MiniMarketSecurity/ros2_yolo_ws/install/yolov8_ros/bin'
[5.231s] Level 1:colcon.colcon_core.environment:create_environment_scripts_only(yolov8_ros)
[5.231s] INFO:colcon.colcon_core.shell:Creating package script '/home/robo/llagoeiro/MiniMarketSecurity/ros2_yolo_ws/install/yolov8_ros/share/yolov8_ros/package.ps1'
[5.231s] INFO:colcon.colcon_core.shell:Creating package descriptor '/home/robo/llagoeiro/MiniMarketSecurity/ros2_yolo_ws/install/yolov8_ros/share/yolov8_ros/package.dsv'
[5.231s] INFO:colcon.colcon_core.shell:Creating package script '/home/robo/llagoeiro/MiniMarketSecurity/ros2_yolo_ws/install/yolov8_ros/share/yolov8_ros/package.sh'
[5.232s] INFO:colcon.colcon_core.shell:Creating package script '/home/robo/llagoeiro/MiniMarketSecurity/ros2_yolo_ws/install/yolov8_ros/share/yolov8_ros/package.bash'
[5.232s] INFO:colcon.colcon_core.shell:Creating package script '/home/robo/llagoeiro/MiniMarketSecurity/ros2_yolo_ws/install/yolov8_ros/share/yolov8_ros/package.zsh'
[5.232s] Level 1:colcon.colcon_core.environment:create_file_with_runtime_dependencies(/home/robo/llagoeiro/MiniMarketSecurity/ros2_yolo_ws/install/yolov8_ros/share/colcon-core/packages/yolov8_ros)
[5.232s] INFO:colcon.colcon_ros.task.ament_cmake.build:Building ROS package in '/home/robo/llagoeiro/MiniMarketSecurity/ros2_yolo_ws/src/yolov8_ros/yolov8_bringup' with build type 'ament_cmake'
[5.232s] INFO:colcon.colcon_cmake.task.cmake.build:Building CMake package in '/home/robo/llagoeiro/MiniMarketSecurity/ros2_yolo_ws/src/yolov8_ros/yolov8_bringup'
[5.232s] INFO:colcon.colcon_core.shell:Skip shell extension 'powershell' for command environment: Not usable outside of PowerShell
[5.232s] DEBUG:colcon.colcon_core.shell:Skip shell extension 'dsv' for command environment
[5.238s] DEBUG:colcon.colcon_core.event_handler.log_command:Invoking command in '/home/robo/llagoeiro/MiniMarketSecurity/ros2_yolo_ws/build/yolov8_bringup': AMENT_PREFIX_PATH=/home/robo/llagoeiro/MiniMarketSecurity/ros2_yolo_ws/install/yolov8_ros:/home/robo/llagoeiro/MiniMarketSecurity/ros2_yolo_ws/install/yolov8_msgs:${AMENT_PREFIX_PATH} CMAKE_PREFIX_PATH=/home/robo/llagoeiro/MiniMarketSecurity/ros2_yolo_ws/install/yolov8_msgs:/opt/ros/humble LD_LIBRARY_PATH=/home/robo/llagoeiro/MiniMarketSecurity/ros2_yolo_ws/install/yolov8_msgs/lib:${LD_LIBRARY_PATH} PYTHONPATH=/home/robo/llagoeiro/MiniMarketSecurity/ros2_yolo_ws/install/yolov8_ros/lib/python3.10/site-packages:/home/robo/llagoeiro/MiniMarketSecurity/ros2_yolo_ws/install/yolov8_msgs/local/lib/python3.10/dist-packages:${PYTHONPATH} /usr/bin/cmake /home/robo/llagoeiro/MiniMarketSecurity/ros2_yolo_ws/src/yolov8_ros/yolov8_bringup -DCMAKE_INSTALL_PREFIX=/home/robo/llagoeiro/MiniMarketSecurity/ros2_yolo_ws/install/yolov8_bringup
[5.551s] DEBUG:colcon.colcon_core.event_handler.log_command:Invoked command in '/home/robo/llagoeiro/MiniMarketSecurity/ros2_yolo_ws/build/yolov8_bringup' returned '0': AMENT_PREFIX_PATH=/home/robo/llagoeiro/MiniMarketSecurity/ros2_yolo_ws/install/yolov8_ros:/home/robo/llagoeiro/MiniMarketSecurity/ros2_yolo_ws/install/yolov8_msgs:${AMENT_PREFIX_PATH} CMAKE_PREFIX_PATH=/home/robo/llagoeiro/MiniMarketSecurity/ros2_yolo_ws/install/yolov8_msgs:/opt/ros/humble LD_LIBRARY_PATH=/home/robo/llagoeiro/MiniMarketSecurity/ros2_yolo_ws/install/yolov8_msgs/lib:${LD_LIBRARY_PATH} PYTHONPATH=/home/robo/llagoeiro/MiniMarketSecurity/ros2_yolo_ws/install/yolov8_ros/lib/python3.10/site-packages:/home/robo/llagoeiro/MiniMarketSecurity/ros2_yolo_ws/install/yolov8_msgs/local/lib/python3.10/dist-packages:${PYTHONPATH} /usr/bin/cmake /home/robo/llagoeiro/MiniMarketSecurity/ros2_yolo_ws/src/yolov8_ros/yolov8_bringup -DCMAKE_INSTALL_PREFIX=/home/robo/llagoeiro/MiniMarketSecurity/ros2_yolo_ws/install/yolov8_bringup
[5.551s] DEBUG:colcon.colcon_core.event_handler.log_command:Invoking command in '/home/robo/llagoeiro/MiniMarketSecurity/ros2_yolo_ws/build/yolov8_bringup': AMENT_PREFIX_PATH=/home/robo/llagoeiro/MiniMarketSecurity/ros2_yolo_ws/install/yolov8_ros:/home/robo/llagoeiro/MiniMarketSecurity/ros2_yolo_ws/install/yolov8_msgs:${AMENT_PREFIX_PATH} CMAKE_PREFIX_PATH=/home/robo/llagoeiro/MiniMarketSecurity/ros2_yolo_ws/install/yolov8_msgs:/opt/ros/humble LD_LIBRARY_PATH=/home/robo/llagoeiro/MiniMarketSecurity/ros2_yolo_ws/install/yolov8_msgs/lib:${LD_LIBRARY_PATH} PYTHONPATH=/home/robo/llagoeiro/MiniMarketSecurity/ros2_yolo_ws/install/yolov8_ros/lib/python3.10/site-packages:/home/robo/llagoeiro/MiniMarketSecurity/ros2_yolo_ws/install/yolov8_msgs/local/lib/python3.10/dist-packages:${PYTHONPATH} /usr/bin/cmake --build /home/robo/llagoeiro/MiniMarketSecurity/ros2_yolo_ws/build/yolov8_bringup -- -j20 -l20
[5.570s] DEBUG:colcon.colcon_core.event_handler.log_command:Invoked command in '/home/robo/llagoeiro/MiniMarketSecurity/ros2_yolo_ws/build/yolov8_bringup' returned '0': AMENT_PREFIX_PATH=/home/robo/llagoeiro/MiniMarketSecurity/ros2_yolo_ws/install/yolov8_ros:/home/robo/llagoeiro/MiniMarketSecurity/ros2_yolo_ws/install/yolov8_msgs:${AMENT_PREFIX_PATH} CMAKE_PREFIX_PATH=/home/robo/llagoeiro/MiniMarketSecurity/ros2_yolo_ws/install/yolov8_msgs:/opt/ros/humble LD_LIBRARY_PATH=/home/robo/llagoeiro/MiniMarketSecurity/ros2_yolo_ws/install/yolov8_msgs/lib:${LD_LIBRARY_PATH} PYTHONPATH=/home/robo/llagoeiro/MiniMarketSecurity/ros2_yolo_ws/install/yolov8_ros/lib/python3.10/site-packages:/home/robo/llagoeiro/MiniMarketSecurity/ros2_yolo_ws/install/yolov8_msgs/local/lib/python3.10/dist-packages:${PYTHONPATH} /usr/bin/cmake --build /home/robo/llagoeiro/MiniMarketSecurity/ros2_yolo_ws/build/yolov8_bringup -- -j20 -l20
[5.582s] DEBUG:colcon.colcon_core.event_handler.log_command:Invoking command in '/home/robo/llagoeiro/MiniMarketSecurity/ros2_yolo_ws/build/yolov8_bringup': AMENT_PREFIX_PATH=/home/robo/llagoeiro/MiniMarketSecurity/ros2_yolo_ws/install/yolov8_ros:/home/robo/llagoeiro/MiniMarketSecurity/ros2_yolo_ws/install/yolov8_msgs:${AMENT_PREFIX_PATH} CMAKE_PREFIX_PATH=/home/robo/llagoeiro/MiniMarketSecurity/ros2_yolo_ws/install/yolov8_msgs:/opt/ros/humble LD_LIBRARY_PATH=/home/robo/llagoeiro/MiniMarketSecurity/ros2_yolo_ws/install/yolov8_msgs/lib:${LD_LIBRARY_PATH} PYTHONPATH=/home/robo/llagoeiro/MiniMarketSecurity/ros2_yolo_ws/install/yolov8_ros/lib/python3.10/site-packages:/home/robo/llagoeiro/MiniMarketSecurity/ros2_yolo_ws/install/yolov8_msgs/local/lib/python3.10/dist-packages:${PYTHONPATH} /usr/bin/cmake --install /home/robo/llagoeiro/MiniMarketSecurity/ros2_yolo_ws/build/yolov8_bringup
[5.588s] Level 1:colcon.colcon_core.environment:create_environment_scripts_only(yolov8_bringup)
[5.588s] Level 1:colcon.colcon_core.environment:checking '/home/robo/llagoeiro/MiniMarketSecurity/ros2_yolo_ws/install/yolov8_bringup' for CMake module files
[5.588s] DEBUG:colcon.colcon_core.event_handler.log_command:Invoked command in '/home/robo/llagoeiro/MiniMarketSecurity/ros2_yolo_ws/build/yolov8_bringup' returned '0': AMENT_PREFIX_PATH=/home/robo/llagoeiro/MiniMarketSecurity/ros2_yolo_ws/install/yolov8_ros:/home/robo/llagoeiro/MiniMarketSecurity/ros2_yolo_ws/install/yolov8_msgs:${AMENT_PREFIX_PATH} CMAKE_PREFIX_PATH=/home/robo/llagoeiro/MiniMarketSecurity/ros2_yolo_ws/install/yolov8_msgs:/opt/ros/humble LD_LIBRARY_PATH=/home/robo/llagoeiro/MiniMarketSecurity/ros2_yolo_ws/install/yolov8_msgs/lib:${LD_LIBRARY_PATH} PYTHONPATH=/home/robo/llagoeiro/MiniMarketSecurity/ros2_yolo_ws/install/yolov8_ros/lib/python3.10/site-packages:/home/robo/llagoeiro/MiniMarketSecurity/ros2_yolo_ws/install/yolov8_msgs/local/lib/python3.10/dist-packages:${PYTHONPATH} /usr/bin/cmake --install /home/robo/llagoeiro/MiniMarketSecurity/ros2_yolo_ws/build/yolov8_bringup
[5.588s] Level 1:colcon.colcon_core.environment:checking '/home/robo/llagoeiro/MiniMarketSecurity/ros2_yolo_ws/install/yolov8_bringup' for CMake config files
[5.588s] Level 1:colcon.colcon_core.shell:create_environment_hook('yolov8_bringup', 'cmake_prefix_path')
[5.588s] INFO:colcon.colcon_core.shell:Creating environment hook '/home/robo/llagoeiro/MiniMarketSecurity/ros2_yolo_ws/install/yolov8_bringup/share/yolov8_bringup/hook/cmake_prefix_path.ps1'
[5.589s] INFO:colcon.colcon_core.shell:Creating environment descriptor '/home/robo/llagoeiro/MiniMarketSecurity/ros2_yolo_ws/install/yolov8_bringup/share/yolov8_bringup/hook/cmake_prefix_path.dsv'
[5.589s] INFO:colcon.colcon_core.shell:Creating environment hook '/home/robo/llagoeiro/MiniMarketSecurity/ros2_yolo_ws/install/yolov8_bringup/share/yolov8_bringup/hook/cmake_prefix_path.sh'
[5.589s] Level 1:colcon.colcon_core.environment:checking '/home/robo/llagoeiro/MiniMarketSecurity/ros2_yolo_ws/install/yolov8_bringup/bin'
[5.589s] Level 1:colcon.colcon_core.environment:checking '/home/robo/llagoeiro/MiniMarketSecurity/ros2_yolo_ws/install/yolov8_bringup/lib/pkgconfig/yolov8_bringup.pc'
[5.589s] Level 1:colcon.colcon_core.environment:checking '/home/robo/llagoeiro/MiniMarketSecurity/ros2_yolo_ws/install/yolov8_bringup/lib/python3.10/site-packages'
[5.589s] Level 1:colcon.colcon_core.environment:checking '/home/robo/llagoeiro/MiniMarketSecurity/ros2_yolo_ws/install/yolov8_bringup/bin'
[5.590s] INFO:colcon.colcon_core.shell:Creating package script '/home/robo/llagoeiro/MiniMarketSecurity/ros2_yolo_ws/install/yolov8_bringup/share/yolov8_bringup/package.ps1'
[5.590s] INFO:colcon.colcon_core.shell:Creating package descriptor '/home/robo/llagoeiro/MiniMarketSecurity/ros2_yolo_ws/install/yolov8_bringup/share/yolov8_bringup/package.dsv'
[5.590s] INFO:colcon.colcon_core.shell:Creating package script '/home/robo/llagoeiro/MiniMarketSecurity/ros2_yolo_ws/install/yolov8_bringup/share/yolov8_bringup/package.sh'
[5.590s] INFO:colcon.colcon_core.shell:Creating package script '/home/robo/llagoeiro/MiniMarketSecurity/ros2_yolo_ws/install/yolov8_bringup/share/yolov8_bringup/package.bash'
[5.590s] INFO:colcon.colcon_core.shell:Creating package script '/home/robo/llagoeiro/MiniMarketSecurity/ros2_yolo_ws/install/yolov8_bringup/share/yolov8_bringup/package.zsh'
[5.590s] Level 1:colcon.colcon_core.environment:create_file_with_runtime_dependencies(/home/robo/llagoeiro/MiniMarketSecurity/ros2_yolo_ws/install/yolov8_bringup/share/colcon-core/packages/yolov8_bringup)
[5.601s] Level 1:colcon.colcon_core.environment:create_environment_scripts_only(yolov8_bringup)
[5.601s] Level 1:colcon.colcon_core.environment:checking '/home/robo/llagoeiro/MiniMarketSecurity/ros2_yolo_ws/install/yolov8_bringup' for CMake module files
[5.601s] Level 1:colcon.colcon_core.environment:checking '/home/robo/llagoeiro/MiniMarketSecurity/ros2_yolo_ws/install/yolov8_bringup' for CMake config files
[5.601s] Level 1:colcon.colcon_core.shell:create_environment_hook('yolov8_bringup', 'cmake_prefix_path')
[5.601s] INFO:colcon.colcon_core.shell:Creating environment hook '/home/robo/llagoeiro/MiniMarketSecurity/ros2_yolo_ws/install/yolov8_bringup/share/yolov8_bringup/hook/cmake_prefix_path.ps1'
[5.601s] INFO:colcon.colcon_core.shell:Creating environment descriptor '/home/robo/llagoeiro/MiniMarketSecurity/ros2_yolo_ws/install/yolov8_bringup/share/yolov8_bringup/hook/cmake_prefix_path.dsv'
[5.602s] INFO:colcon.colcon_core.shell:Creating environment hook '/home/robo/llagoeiro/MiniMarketSecurity/ros2_yolo_ws/install/yolov8_bringup/share/yolov8_bringup/hook/cmake_prefix_path.sh'
[5.602s] Level 1:colcon.colcon_core.environment:checking '/home/robo/llagoeiro/MiniMarketSecurity/ros2_yolo_ws/install/yolov8_bringup/bin'
[5.602s] Level 1:colcon.colcon_core.environment:checking '/home/robo/llagoeiro/MiniMarketSecurity/ros2_yolo_ws/install/yolov8_bringup/lib/pkgconfig/yolov8_bringup.pc'
[5.602s] Level 1:colcon.colcon_core.environment:checking '/home/robo/llagoeiro/MiniMarketSecurity/ros2_yolo_ws/install/yolov8_bringup/lib/python3.10/site-packages'
[5.602s] Level 1:colcon.colcon_core.environment:checking '/home/robo/llagoeiro/MiniMarketSecurity/ros2_yolo_ws/install/yolov8_bringup/bin'
[5.602s] INFO:colcon.colcon_core.shell:Creating package script '/home/robo/llagoeiro/MiniMarketSecurity/ros2_yolo_ws/install/yolov8_bringup/share/yolov8_bringup/package.ps1'
[5.602s] INFO:colcon.colcon_core.shell:Creating package descriptor '/home/robo/llagoeiro/MiniMarketSecurity/ros2_yolo_ws/install/yolov8_bringup/share/yolov8_bringup/package.dsv'
[5.603s] INFO:colcon.colcon_core.shell:Creating package script '/home/robo/llagoeiro/MiniMarketSecurity/ros2_yolo_ws/install/yolov8_bringup/share/yolov8_bringup/package.sh'
[5.603s] INFO:colcon.colcon_core.shell:Creating package script '/home/robo/llagoeiro/MiniMarketSecurity/ros2_yolo_ws/install/yolov8_bringup/share/yolov8_bringup/package.bash'
[5.603s] INFO:colcon.colcon_core.shell:Creating package script '/home/robo/llagoeiro/MiniMarketSecurity/ros2_yolo_ws/install/yolov8_bringup/share/yolov8_bringup/package.zsh'
[5.603s] Level 1:colcon.colcon_core.environment:create_file_with_runtime_dependencies(/home/robo/llagoeiro/MiniMarketSecurity/ros2_yolo_ws/install/yolov8_bringup/share/colcon-core/packages/yolov8_bringup)
[5.603s] DEBUG:colcon.colcon_parallel_executor.executor.parallel:closing loop
[5.603s] DEBUG:colcon.colcon_parallel_executor.executor.parallel:loop closed
[5.603s] DEBUG:colcon.colcon_parallel_executor.executor.parallel:run_until_complete finished with '0'
[5.603s] DEBUG:colcon.colcon_core.event_reactor:joining thread
[5.606s] INFO:colcon.colcon_core.plugin_system:Skipping extension 'colcon_notification.desktop_notification.terminal_notifier': Not used on non-Darwin systems
[5.606s] INFO:colcon.colcon_core.plugin_system:Skipping extension 'colcon_notification.desktop_notification.win32': Not used on non-Windows systems
[5.606s] INFO:colcon.colcon_notification.desktop_notification:Sending desktop notification using 'notify2'
[5.614s] DEBUG:colcon.colcon_core.event_reactor:joined thread
[5.614s] INFO:colcon.colcon_core.shell:Creating prefix script '/home/robo/llagoeiro/MiniMarketSecurity/ros2_yolo_ws/install/local_setup.ps1'
[5.615s] INFO:colcon.colcon_core.shell:Creating prefix util module '/home/robo/llagoeiro/MiniMarketSecurity/ros2_yolo_ws/install/_local_setup_util_ps1.py'
[5.616s] INFO:colcon.colcon_core.shell:Creating prefix chain script '/home/robo/llagoeiro/MiniMarketSecurity/ros2_yolo_ws/install/setup.ps1'
[5.616s] INFO:colcon.colcon_core.shell:Creating prefix script '/home/robo/llagoeiro/MiniMarketSecurity/ros2_yolo_ws/install/local_setup.sh'
[5.617s] INFO:colcon.colcon_core.shell:Creating prefix util module '/home/robo/llagoeiro/MiniMarketSecurity/ros2_yolo_ws/install/_local_setup_util_sh.py'
[5.617s] INFO:colcon.colcon_core.shell:Creating prefix chain script '/home/robo/llagoeiro/MiniMarketSecurity/ros2_yolo_ws/install/setup.sh'
[5.617s] INFO:colcon.colcon_core.shell:Creating prefix script '/home/robo/llagoeiro/MiniMarketSecurity/ros2_yolo_ws/install/local_setup.bash'
[5.618s] INFO:colcon.colcon_core.shell:Creating prefix chain script '/home/robo/llagoeiro/MiniMarketSecurity/ros2_yolo_ws/install/setup.bash'
[5.618s] INFO:colcon.colcon_core.shell:Creating prefix script '/home/robo/llagoeiro/MiniMarketSecurity/ros2_yolo_ws/install/local_setup.zsh'
[5.618s] INFO:colcon.colcon_core.shell:Creating prefix chain script '/home/robo/llagoeiro/MiniMarketSecurity/ros2_yolo_ws/install/setup.zsh'
