[0.015s] Invoking command in '/home/llagoeiro/Desktop/FEI/8_semestre/VisaoComputacionalFolder/projeto-visaoComputaria/build/yolov8_msgs': CMAKE_PREFIX_PATH=/opt/ros/humble /usr/bin/cmake /home/llagoeiro/Desktop/FEI/8_semestre/VisaoComputacionalFolder/projeto-visaoComputaria/src/yolov8_msgs -DAMENT_CMAKE_SYMLINK_INSTALL=1 -DCMAKE_INSTALL_PREFIX=/home/llagoeiro/Desktop/FEI/8_semestre/VisaoComputacionalFolder/projeto-visaoComputaria/install/yolov8_msgs
[0.074s] -- The C compiler identification is GNU 11.4.0
[0.137s] -- The CXX compiler identification is GNU 11.4.0
[0.145s] -- Detecting C compiler ABI info
[0.222s] -- Detecting C compiler ABI info - done
[0.231s] -- Check for working C compiler: /usr/bin/cc - skipped
[0.231s] -- Detecting C compile features
[0.232s] -- Detecting C compile features - done
[0.235s] -- Detecting CXX compiler ABI info
[0.317s] -- Detecting CXX compiler ABI info - done
[0.328s] -- Check for working CXX compiler: /usr/bin/c++ - skipped
[0.328s] -- Detecting CXX compile features
[0.329s] -- Detecting CXX compile features - done
[0.332s] -- Found ament_cmake: 1.3.10 (/opt/ros/humble/share/ament_cmake/cmake)
[0.664s] -- Found Python3: /usr/bin/python3 (found version "3.10.12") found components: Interpreter 
[0.721s] -- Override CMake install command with custom implementation using symlinks instead of copying resources
[0.745s] -- Found rosidl_default_generators: 1.2.0 (/opt/ros/humble/share/rosidl_default_generators/cmake)
[0.748s] -- Using all available rosidl_typesupport_c: rosidl_typesupport_fastrtps_c;rosidl_typesupport_introspection_c
[0.754s] -- Found rosidl_adapter: 3.1.5 (/opt/ros/humble/share/rosidl_adapter/cmake)
[0.785s] -- Using all available rosidl_typesupport_cpp: rosidl_typesupport_fastrtps_cpp;rosidl_typesupport_introspection_cpp
[0.809s] -- Found std_msgs: 4.2.4 (/opt/ros/humble/share/std_msgs/cmake)
[0.830s] -- Found geometry_msgs: 4.2.4 (/opt/ros/humble/share/geometry_msgs/cmake)
[1.147s] -- Found ament_cmake_ros: 0.10.0 (/opt/ros/humble/share/ament_cmake_ros/cmake)
[1.361s] -- Using all available rosidl_typesupport_c: rosidl_typesupport_fastrtps_c;rosidl_typesupport_introspection_c
[1.607s] -- Using all available rosidl_typesupport_cpp: rosidl_typesupport_fastrtps_cpp;rosidl_typesupport_introspection_cpp
[1.625s] -- Found PythonInterp: /usr/bin/python3 (found suitable version "3.10.12", minimum required is "3.6") 
[1.626s] -- Found python_cmake_module: 0.10.0 (/opt/ros/humble/share/python_cmake_module/cmake)
[1.648s] -- Found PythonLibs: /usr/lib/x86_64-linux-gnu/libpython3.10.so (found suitable version "3.10.12", minimum required is "3.5") 
[1.648s] -- Using PYTHON_EXECUTABLE: /usr/bin/python3
[1.648s] -- Using PYTHON_INCLUDE_DIRS: /usr/include/python3.10
[1.648s] -- Using PYTHON_LIBRARIES: /usr/lib/x86_64-linux-gnu/libpython3.10.so
[1.666s] -- Found PythonExtra: .so  
[1.714s] -- Configuring done
[1.756s] -- Generating done
[1.758s] -- Build files have been written to: /home/llagoeiro/Desktop/FEI/8_semestre/VisaoComputacionalFolder/projeto-visaoComputaria/build/yolov8_msgs
[1.764s] Invoked command in '/home/llagoeiro/Desktop/FEI/8_semestre/VisaoComputacionalFolder/projeto-visaoComputaria/build/yolov8_msgs' returned '0': CMAKE_PREFIX_PATH=/opt/ros/humble /usr/bin/cmake /home/llagoeiro/Desktop/FEI/8_semestre/VisaoComputacionalFolder/projeto-visaoComputaria/src/yolov8_msgs -DAMENT_CMAKE_SYMLINK_INSTALL=1 -DCMAKE_INSTALL_PREFIX=/home/llagoeiro/Desktop/FEI/8_semestre/VisaoComputacionalFolder/projeto-visaoComputaria/install/yolov8_msgs
[1.766s] Invoking command in '/home/llagoeiro/Desktop/FEI/8_semestre/VisaoComputacionalFolder/projeto-visaoComputaria/build/yolov8_msgs': CMAKE_PREFIX_PATH=/opt/ros/humble /usr/bin/cmake --build /home/llagoeiro/Desktop/FEI/8_semestre/VisaoComputacionalFolder/projeto-visaoComputaria/build/yolov8_msgs -- -j12 -l12
[1.801s] [  1%] [34m[1mGenerating C code for ROS interfaces[0m
[1.813s] [  1%] [34m[1mGenerating C++ code for ROS interfaces[0m
[1.822s] [  1%] Built target ament_cmake_python_symlink_yolov8_msgs
[2.143s] running egg_info
[2.145s] creating yolov8_msgs.egg-info
[2.173s] writing yolov8_msgs.egg-info/PKG-INFO
[2.174s] writing dependency_links to yolov8_msgs.egg-info/dependency_links.txt
[2.174s] writing top-level names to yolov8_msgs.egg-info/top_level.txt
[2.174s] writing manifest file 'yolov8_msgs.egg-info/SOURCES.txt'
[2.262s] reading manifest file 'yolov8_msgs.egg-info/SOURCES.txt'
[2.263s] writing manifest file 'yolov8_msgs.egg-info/SOURCES.txt'
[2.296s] [  1%] Built target ament_cmake_python_build_yolov8_msgs_egg
[2.575s] [  1%] Built target yolov8_msgs__cpp
[2.587s] [  2%] [34m[1mGenerating C++ type support dispatch for ROS interfaces[0m
[2.592s] [  2%] [34m[1mGenerating C++ type support for eProsima Fast-RTPS[0m
[2.592s] [  3%] [34m[1mGenerating C++ introspection for ROS interfaces[0m
[2.664s] [  5%] [32mBuilding C object CMakeFiles/yolov8_msgs__rosidl_generator_c.dir/rosidl_generator_c/yolov8_msgs/msg/detail/point2_d__functions.c.o[0m
[2.664s] [  6%] [32mBuilding C object CMakeFiles/yolov8_msgs__rosidl_generator_c.dir/rosidl_generator_c/yolov8_msgs/msg/detail/bounding_box3_d__functions.c.o[0m
[2.665s] [  6%] [32mBuilding C object CMakeFiles/yolov8_msgs__rosidl_generator_c.dir/rosidl_generator_c/yolov8_msgs/msg/detail/bounding_box2_d__functions.c.o[0m
[2.665s] [  6%] [32mBuilding C object CMakeFiles/yolov8_msgs__rosidl_generator_c.dir/rosidl_generator_c/yolov8_msgs/msg/detail/pose2_d__functions.c.o[0m
[2.665s] [  7%] [32mBuilding C object CMakeFiles/yolov8_msgs__rosidl_generator_c.dir/rosidl_generator_c/yolov8_msgs/msg/detail/vector2__functions.c.o[0m
[2.665s] [  8%] [32mBuilding C object CMakeFiles/yolov8_msgs__rosidl_generator_c.dir/rosidl_generator_c/yolov8_msgs/msg/detail/mask__functions.c.o[0m
[2.666s] [ 10%] [32mBuilding C object CMakeFiles/yolov8_msgs__rosidl_generator_c.dir/rosidl_generator_c/yolov8_msgs/msg/detail/key_point2_d_array__functions.c.o[0m
[2.666s] [ 10%] [32mBuilding C object CMakeFiles/yolov8_msgs__rosidl_generator_c.dir/rosidl_generator_c/yolov8_msgs/msg/detail/key_point2_d__functions.c.o[0m
[2.666s] [ 11%] [32mBuilding C object CMakeFiles/yolov8_msgs__rosidl_generator_c.dir/rosidl_generator_c/yolov8_msgs/msg/detail/key_point3_d__functions.c.o[0m
[2.737s] [ 11%] [32mBuilding C object CMakeFiles/yolov8_msgs__rosidl_generator_c.dir/rosidl_generator_c/yolov8_msgs/msg/detail/key_point3_d_array__functions.c.o[0m
[2.741s] [ 13%] [32mBuilding C object CMakeFiles/yolov8_msgs__rosidl_generator_c.dir/rosidl_generator_c/yolov8_msgs/msg/detail/detection__functions.c.o[0m
[2.741s] [ 13%] [32mBuilding C object CMakeFiles/yolov8_msgs__rosidl_generator_c.dir/rosidl_generator_c/yolov8_msgs/msg/detail/detection_array__functions.c.o[0m
[2.820s] [ 14%] [32m[1mLinking C shared library libyolov8_msgs__rosidl_generator_c.so[0m
[2.874s] [ 14%] Built target yolov8_msgs__rosidl_generator_c
[2.889s] [ 17%] [34m[1mGenerating C type support dispatch for ROS interfaces[0m
[2.889s] [ 17%] [34m[1mGenerating C introspection for ROS interfaces[0m
[2.889s] [ 17%] [34m[1mGenerating C type support for eProsima Fast-RTPS[0m
[3.348s] [ 18%] [32mBuilding CXX object CMakeFiles/yolov8_msgs__rosidl_typesupport_cpp.dir/rosidl_typesupport_cpp/yolov8_msgs/msg/vector2__type_support.cpp.o[0m
[3.348s] [ 18%] [32mBuilding CXX object CMakeFiles/yolov8_msgs__rosidl_typesupport_cpp.dir/rosidl_typesupport_cpp/yolov8_msgs/msg/bounding_box3_d__type_support.cpp.o[0m
[3.350s] [ 19%] [32mBuilding CXX object CMakeFiles/yolov8_msgs__rosidl_typesupport_cpp.dir/rosidl_typesupport_cpp/yolov8_msgs/msg/bounding_box2_d__type_support.cpp.o[0m
[3.350s] [ 20%] [32mBuilding CXX object CMakeFiles/yolov8_msgs__rosidl_typesupport_cpp.dir/rosidl_typesupport_cpp/yolov8_msgs/msg/mask__type_support.cpp.o[0m
[3.353s] [ 21%] [32mBuilding CXX object CMakeFiles/yolov8_msgs__rosidl_typesupport_cpp.dir/rosidl_typesupport_cpp/yolov8_msgs/msg/point2_d__type_support.cpp.o[0m
[3.353s] [ 22%] [32mBuilding CXX object CMakeFiles/yolov8_msgs__rosidl_typesupport_cpp.dir/rosidl_typesupport_cpp/yolov8_msgs/msg/pose2_d__type_support.cpp.o[0m
[3.360s] [ 23%] [32mBuilding CXX object CMakeFiles/yolov8_msgs__rosidl_typesupport_cpp.dir/rosidl_typesupport_cpp/yolov8_msgs/msg/key_point2_d__type_support.cpp.o[0m
[3.846s] [ 24%] [32mBuilding CXX object CMakeFiles/yolov8_msgs__rosidl_typesupport_cpp.dir/rosidl_typesupport_cpp/yolov8_msgs/msg/key_point2_d_array__type_support.cpp.o[0m
[3.860s] [ 25%] [32mBuilding CXX object CMakeFiles/yolov8_msgs__rosidl_typesupport_cpp.dir/rosidl_typesupport_cpp/yolov8_msgs/msg/key_point3_d__type_support.cpp.o[0m
[3.878s] [ 26%] [32mBuilding CXX object CMakeFiles/yolov8_msgs__rosidl_typesupport_cpp.dir/rosidl_typesupport_cpp/yolov8_msgs/msg/detection_array__type_support.cpp.o[0m
[3.880s] [ 26%] [32mBuilding CXX object CMakeFiles/yolov8_msgs__rosidl_typesupport_cpp.dir/rosidl_typesupport_cpp/yolov8_msgs/msg/detection__type_support.cpp.o[0m
[3.880s] [ 27%] [32mBuilding CXX object CMakeFiles/yolov8_msgs__rosidl_typesupport_cpp.dir/rosidl_typesupport_cpp/yolov8_msgs/msg/key_point3_d_array__type_support.cpp.o[0m
[3.925s] [ 28%] [32mBuilding CXX object CMakeFiles/yolov8_msgs__rosidl_typesupport_fastrtps_cpp.dir/rosidl_typesupport_fastrtps_cpp/yolov8_msgs/msg/detail/dds_fastrtps/point2_d__type_support.cpp.o[0m
[3.951s] [ 29%] [32mBuilding CXX object CMakeFiles/yolov8_msgs__rosidl_typesupport_fastrtps_cpp.dir/rosidl_typesupport_fastrtps_cpp/yolov8_msgs/msg/detail/dds_fastrtps/pose2_d__type_support.cpp.o[0m
[3.955s] [ 30%] [32mBuilding CXX object CMakeFiles/yolov8_msgs__rosidl_typesupport_fastrtps_cpp.dir/rosidl_typesupport_fastrtps_cpp/yolov8_msgs/msg/detail/dds_fastrtps/vector2__type_support.cpp.o[0m
[3.988s] [ 30%] [32mBuilding CXX object CMakeFiles/yolov8_msgs__rosidl_typesupport_introspection_cpp.dir/rosidl_typesupport_introspection_cpp/yolov8_msgs/msg/detail/point2_d__type_support.cpp.o[0m
[4.012s] [ 31%] [32mBuilding CXX object CMakeFiles/yolov8_msgs__rosidl_typesupport_c.dir/rosidl_typesupport_c/yolov8_msgs/msg/point2_d__type_support.cpp.o[0m
[4.067s] [ 31%] [32mBuilding CXX object CMakeFiles/yolov8_msgs__rosidl_typesupport_c.dir/rosidl_typesupport_c/yolov8_msgs/msg/vector2__type_support.cpp.o[0m
[4.129s] [ 32%] [32mBuilding CXX object CMakeFiles/yolov8_msgs__rosidl_typesupport_c.dir/rosidl_typesupport_c/yolov8_msgs/msg/pose2_d__type_support.cpp.o[0m
[4.186s] [ 33%] [32mBuilding CXX object CMakeFiles/yolov8_msgs__rosidl_typesupport_c.dir/rosidl_typesupport_c/yolov8_msgs/msg/bounding_box2_d__type_support.cpp.o[0m
[4.243s] [ 34%] [32mBuilding CXX object CMakeFiles/yolov8_msgs__rosidl_typesupport_c.dir/rosidl_typesupport_c/yolov8_msgs/msg/bounding_box3_d__type_support.cpp.o[0m
[4.317s] [ 35%] [32mBuilding CXX object CMakeFiles/yolov8_msgs__rosidl_typesupport_c.dir/rosidl_typesupport_c/yolov8_msgs/msg/mask__type_support.cpp.o[0m
[4.378s] [ 36%] [32mBuilding CXX object CMakeFiles/yolov8_msgs__rosidl_typesupport_c.dir/rosidl_typesupport_c/yolov8_msgs/msg/key_point2_d__type_support.cpp.o[0m
[4.391s] [ 37%] [32mBuilding CXX object CMakeFiles/yolov8_msgs__rosidl_typesupport_fastrtps_cpp.dir/rosidl_typesupport_fastrtps_cpp/yolov8_msgs/msg/detail/dds_fastrtps/bounding_box2_d__type_support.cpp.o[0m
[4.394s] [ 38%] [32mBuilding CXX object CMakeFiles/yolov8_msgs__rosidl_typesupport_introspection_cpp.dir/rosidl_typesupport_introspection_cpp/yolov8_msgs/msg/detail/vector2__type_support.cpp.o[0m
[4.395s] [ 39%] [32mBuilding CXX object CMakeFiles/yolov8_msgs__rosidl_typesupport_fastrtps_cpp.dir/rosidl_typesupport_fastrtps_cpp/yolov8_msgs/msg/detail/dds_fastrtps/bounding_box3_d__type_support.cpp.o[0m
[4.416s] [ 40%] [32mBuilding CXX object CMakeFiles/yolov8_msgs__rosidl_typesupport_introspection_cpp.dir/rosidl_typesupport_introspection_cpp/yolov8_msgs/msg/detail/pose2_d__type_support.cpp.o[0m
[4.431s] [ 40%] [32mBuilding CXX object CMakeFiles/yolov8_msgs__rosidl_typesupport_c.dir/rosidl_typesupport_c/yolov8_msgs/msg/key_point2_d_array__type_support.cpp.o[0m
[4.452s] [ 41%] [32m[1mLinking CXX shared library libyolov8_msgs__rosidl_typesupport_cpp.so[0m
[4.483s] [ 42%] [32mBuilding CXX object CMakeFiles/yolov8_msgs__rosidl_typesupport_c.dir/rosidl_typesupport_c/yolov8_msgs/msg/key_point3_d__type_support.cpp.o[0m
[4.532s] [ 42%] Built target yolov8_msgs__rosidl_typesupport_cpp
[4.536s] [ 43%] [32mBuilding CXX object CMakeFiles/yolov8_msgs__rosidl_typesupport_c.dir/rosidl_typesupport_c/yolov8_msgs/msg/key_point3_d_array__type_support.cpp.o[0m
[4.548s] [ 44%] [32mBuilding CXX object CMakeFiles/yolov8_msgs__rosidl_typesupport_introspection_cpp.dir/rosidl_typesupport_introspection_cpp/yolov8_msgs/msg/detail/bounding_box2_d__type_support.cpp.o[0m
[4.586s] [ 45%] [32mBuilding C object CMakeFiles/yolov8_msgs__rosidl_typesupport_introspection_c.dir/rosidl_typesupport_introspection_c/yolov8_msgs/msg/detail/point2_d__type_support.c.o[0m
[4.597s] [ 46%] [32mBuilding CXX object CMakeFiles/yolov8_msgs__rosidl_typesupport_c.dir/rosidl_typesupport_c/yolov8_msgs/msg/detection__type_support.cpp.o[0m
[4.649s] [ 47%] [32mBuilding C object CMakeFiles/yolov8_msgs__rosidl_typesupport_introspection_c.dir/rosidl_typesupport_introspection_c/yolov8_msgs/msg/detail/vector2__type_support.c.o[0m
[4.662s] [ 48%] [32mBuilding CXX object CMakeFiles/yolov8_msgs__rosidl_typesupport_c.dir/rosidl_typesupport_c/yolov8_msgs/msg/detection_array__type_support.cpp.o[0m
[4.694s] [ 49%] [32mBuilding CXX object CMakeFiles/yolov8_msgs__rosidl_typesupport_introspection_cpp.dir/rosidl_typesupport_introspection_cpp/yolov8_msgs/msg/detail/bounding_box3_d__type_support.cpp.o[0m
[4.710s] [ 50%] [32mBuilding C object CMakeFiles/yolov8_msgs__rosidl_typesupport_introspection_c.dir/rosidl_typesupport_introspection_c/yolov8_msgs/msg/detail/pose2_d__type_support.c.o[0m
[4.719s] [ 51%] [32mBuilding CXX object CMakeFiles/yolov8_msgs__rosidl_typesupport_introspection_cpp.dir/rosidl_typesupport_introspection_cpp/yolov8_msgs/msg/detail/mask__type_support.cpp.o[0m
[4.719s] [ 51%] [32mBuilding CXX object CMakeFiles/yolov8_msgs__rosidl_typesupport_fastrtps_cpp.dir/rosidl_typesupport_fastrtps_cpp/yolov8_msgs/msg/detail/dds_fastrtps/mask__type_support.cpp.o[0m
[4.722s] [ 51%] [32mBuilding CXX object CMakeFiles/yolov8_msgs__rosidl_typesupport_introspection_cpp.dir/rosidl_typesupport_introspection_cpp/yolov8_msgs/msg/detail/key_point2_d__type_support.cpp.o[0m
[4.725s] [ 52%] [32m[1mLinking CXX shared library libyolov8_msgs__rosidl_typesupport_c.so[0m
[4.728s] [ 53%] [32mBuilding CXX object CMakeFiles/yolov8_msgs__rosidl_typesupport_fastrtps_c.dir/rosidl_typesupport_fastrtps_c/yolov8_msgs/msg/detail/point2_d__type_support_c.cpp.o[0m
[4.776s] [ 53%] [32mBuilding C object CMakeFiles/yolov8_msgs__rosidl_typesupport_introspection_c.dir/rosidl_typesupport_introspection_c/yolov8_msgs/msg/detail/bounding_box2_d__type_support.c.o[0m
[4.824s] [ 53%] Built target yolov8_msgs__rosidl_typesupport_c
[4.839s] [ 54%] [32mBuilding CXX object CMakeFiles/yolov8_msgs__rosidl_typesupport_fastrtps_cpp.dir/rosidl_typesupport_fastrtps_cpp/yolov8_msgs/msg/detail/dds_fastrtps/key_point2_d__type_support.cpp.o[0m
[4.841s] [ 55%] [32mBuilding C object CMakeFiles/yolov8_msgs__rosidl_typesupport_introspection_c.dir/rosidl_typesupport_introspection_c/yolov8_msgs/msg/detail/bounding_box3_d__type_support.c.o[0m
[4.921s] [ 56%] [32mBuilding C object CMakeFiles/yolov8_msgs__rosidl_typesupport_introspection_c.dir/rosidl_typesupport_introspection_c/yolov8_msgs/msg/detail/mask__type_support.c.o[0m
[4.997s] [ 57%] [32mBuilding C object CMakeFiles/yolov8_msgs__rosidl_typesupport_introspection_c.dir/rosidl_typesupport_introspection_c/yolov8_msgs/msg/detail/key_point2_d__type_support.c.o[0m
[5.063s] [ 58%] [32mBuilding C object CMakeFiles/yolov8_msgs__rosidl_typesupport_introspection_c.dir/rosidl_typesupport_introspection_c/yolov8_msgs/msg/detail/key_point2_d_array__type_support.c.o[0m
[5.133s] [ 59%] [32mBuilding CXX object CMakeFiles/yolov8_msgs__rosidl_typesupport_fastrtps_cpp.dir/rosidl_typesupport_fastrtps_cpp/yolov8_msgs/msg/detail/dds_fastrtps/key_point2_d_array__type_support.cpp.o[0m
[5.135s] [ 60%] [32mBuilding C object CMakeFiles/yolov8_msgs__rosidl_typesupport_introspection_c.dir/rosidl_typesupport_introspection_c/yolov8_msgs/msg/detail/key_point3_d__type_support.c.o[0m
[5.203s] [ 61%] [32mBuilding C object CMakeFiles/yolov8_msgs__rosidl_typesupport_introspection_c.dir/rosidl_typesupport_introspection_c/yolov8_msgs/msg/detail/key_point3_d_array__type_support.c.o[0m
[5.215s] [ 62%] [32mBuilding CXX object CMakeFiles/yolov8_msgs__rosidl_typesupport_fastrtps_c.dir/rosidl_typesupport_fastrtps_c/yolov8_msgs/msg/detail/vector2__type_support_c.cpp.o[0m
[5.216s] [ 62%] [32mBuilding CXX object CMakeFiles/yolov8_msgs__rosidl_typesupport_fastrtps_c.dir/rosidl_typesupport_fastrtps_c/yolov8_msgs/msg/detail/pose2_d__type_support_c.cpp.o[0m
[5.274s] [ 62%] [32mBuilding C object CMakeFiles/yolov8_msgs__rosidl_typesupport_introspection_c.dir/rosidl_typesupport_introspection_c/yolov8_msgs/msg/detail/detection__type_support.c.o[0m
[5.328s] [ 63%] [32mBuilding C object CMakeFiles/yolov8_msgs__rosidl_typesupport_introspection_c.dir/rosidl_typesupport_introspection_c/yolov8_msgs/msg/detail/detection_array__type_support.c.o[0m
[5.333s] [ 64%] [32mBuilding CXX object CMakeFiles/yolov8_msgs__rosidl_typesupport_fastrtps_c.dir/rosidl_typesupport_fastrtps_c/yolov8_msgs/msg/detail/bounding_box2_d__type_support_c.cpp.o[0m
[5.346s] [ 65%] [32mBuilding CXX object CMakeFiles/yolov8_msgs__rosidl_typesupport_introspection_cpp.dir/rosidl_typesupport_introspection_cpp/yolov8_msgs/msg/detail/key_point2_d_array__type_support.cpp.o[0m
[5.402s] [ 66%] [32mBuilding CXX object CMakeFiles/yolov8_msgs__rosidl_typesupport_introspection_cpp.dir/rosidl_typesupport_introspection_cpp/yolov8_msgs/msg/detail/key_point3_d__type_support.cpp.o[0m
[5.409s] [ 67%] [32m[1mLinking C shared library libyolov8_msgs__rosidl_typesupport_introspection_c.so[0m
[5.464s] [ 68%] [32mBuilding CXX object CMakeFiles/yolov8_msgs__rosidl_typesupport_fastrtps_cpp.dir/rosidl_typesupport_fastrtps_cpp/yolov8_msgs/msg/detail/dds_fastrtps/key_point3_d__type_support.cpp.o[0m
[5.476s] [ 68%] Built target yolov8_msgs__rosidl_typesupport_introspection_c
[5.489s] [ 69%] [32mBuilding CXX object CMakeFiles/yolov8_msgs__rosidl_typesupport_fastrtps_cpp.dir/rosidl_typesupport_fastrtps_cpp/yolov8_msgs/msg/detail/dds_fastrtps/key_point3_d_array__type_support.cpp.o[0m
[5.525s] [ 70%] [32mBuilding CXX object CMakeFiles/yolov8_msgs__rosidl_typesupport_fastrtps_c.dir/rosidl_typesupport_fastrtps_c/yolov8_msgs/msg/detail/bounding_box3_d__type_support_c.cpp.o[0m
[5.534s] [ 71%] [32mBuilding CXX object CMakeFiles/yolov8_msgs__rosidl_typesupport_fastrtps_cpp.dir/rosidl_typesupport_fastrtps_cpp/yolov8_msgs/msg/detail/dds_fastrtps/detection__type_support.cpp.o[0m
[5.575s] [ 72%] [32mBuilding CXX object CMakeFiles/yolov8_msgs__rosidl_typesupport_introspection_cpp.dir/rosidl_typesupport_introspection_cpp/yolov8_msgs/msg/detail/key_point3_d_array__type_support.cpp.o[0m
[5.628s] [ 73%] [32mBuilding CXX object CMakeFiles/yolov8_msgs__rosidl_typesupport_introspection_cpp.dir/rosidl_typesupport_introspection_cpp/yolov8_msgs/msg/detail/detection__type_support.cpp.o[0m
[5.885s] [ 73%] [32mBuilding CXX object CMakeFiles/yolov8_msgs__rosidl_typesupport_fastrtps_cpp.dir/rosidl_typesupport_fastrtps_cpp/yolov8_msgs/msg/detail/dds_fastrtps/detection_array__type_support.cpp.o[0m
[5.915s] [ 74%] [32mBuilding CXX object CMakeFiles/yolov8_msgs__rosidl_typesupport_introspection_cpp.dir/rosidl_typesupport_introspection_cpp/yolov8_msgs/msg/detail/detection_array__type_support.cpp.o[0m
[6.061s] [ 75%] [32mBuilding CXX object CMakeFiles/yolov8_msgs__rosidl_typesupport_fastrtps_c.dir/rosidl_typesupport_fastrtps_c/yolov8_msgs/msg/detail/mask__type_support_c.cpp.o[0m
[6.100s] [ 76%] [32mBuilding CXX object CMakeFiles/yolov8_msgs__rosidl_typesupport_fastrtps_c.dir/rosidl_typesupport_fastrtps_c/yolov8_msgs/msg/detail/key_point2_d__type_support_c.cpp.o[0m
[6.192s] [ 77%] [32mBuilding CXX object CMakeFiles/yolov8_msgs__rosidl_typesupport_fastrtps_c.dir/rosidl_typesupport_fastrtps_c/yolov8_msgs/msg/detail/key_point2_d_array__type_support_c.cpp.o[0m
[6.199s] [ 77%] [32mBuilding CXX object CMakeFiles/yolov8_msgs__rosidl_typesupport_fastrtps_c.dir/rosidl_typesupport_fastrtps_c/yolov8_msgs/msg/detail/key_point3_d__type_support_c.cpp.o[0m
[6.212s] [ 78%] [32mBuilding CXX object CMakeFiles/yolov8_msgs__rosidl_typesupport_fastrtps_c.dir/rosidl_typesupport_fastrtps_c/yolov8_msgs/msg/detail/key_point3_d_array__type_support_c.cpp.o[0m
[6.322s] [ 79%] [32mBuilding CXX object CMakeFiles/yolov8_msgs__rosidl_typesupport_fastrtps_c.dir/rosidl_typesupport_fastrtps_c/yolov8_msgs/msg/detail/detection__type_support_c.cpp.o[0m
[6.343s] [ 80%] [32mBuilding CXX object CMakeFiles/yolov8_msgs__rosidl_typesupport_fastrtps_c.dir/rosidl_typesupport_fastrtps_c/yolov8_msgs/msg/detail/detection_array__type_support_c.cpp.o[0m
[6.827s] [ 81%] [32m[1mLinking CXX shared library libyolov8_msgs__rosidl_typesupport_fastrtps_cpp.so[0m
[6.917s] [ 81%] Built target yolov8_msgs__rosidl_typesupport_fastrtps_cpp
[6.937s] [ 82%] [32m[1mLinking CXX shared library libyolov8_msgs__rosidl_typesupport_fastrtps_c.so[0m
[6.946s] [ 83%] [32m[1mLinking CXX shared library libyolov8_msgs__rosidl_typesupport_introspection_cpp.so[0m
[7.014s] [ 83%] Built target yolov8_msgs__rosidl_typesupport_fastrtps_c
[7.034s] [ 83%] Built target yolov8_msgs__rosidl_typesupport_introspection_cpp
[7.052s] [ 83%] Built target yolov8_msgs
[7.073s] [ 84%] [34m[1mGenerating Python code for ROS interfaces[0m
[8.044s] [ 84%] Built target yolov8_msgs__py
[8.074s] [ 85%] [32mBuilding C object CMakeFiles/yolov8_msgs__rosidl_generator_py.dir/rosidl_generator_py/yolov8_msgs/msg/_bounding_box2_d_s.c.o[0m
[8.074s] [ 86%] [32mBuilding C object CMakeFiles/yolov8_msgs__rosidl_generator_py.dir/rosidl_generator_py/yolov8_msgs/msg/_detection_s.c.o[0m
[8.074s] [ 89%] [32mBuilding C object CMakeFiles/yolov8_msgs__rosidl_generator_py.dir/rosidl_generator_py/yolov8_msgs/msg/_bounding_box3_d_s.c.o[0m
[8.074s] [ 90%] [32mBuilding C object CMakeFiles/yolov8_msgs__rosidl_generator_py.dir/rosidl_generator_py/yolov8_msgs/msg/_mask_s.c.o[0m
[8.074s] [ 91%] [32mBuilding C object CMakeFiles/yolov8_msgs__rosidl_generator_py.dir/rosidl_generator_py/yolov8_msgs/msg/_key_point2_d_array_s.c.o[0m
[8.075s] [ 89%] [32mBuilding C object CMakeFiles/yolov8_msgs__rosidl_generator_py.dir/rosidl_generator_py/yolov8_msgs/msg/_vector2_s.c.o[0m
[8.075s] [ 89%] [32mBuilding C object CMakeFiles/yolov8_msgs__rosidl_generator_py.dir/rosidl_generator_py/yolov8_msgs/msg/_point2_d_s.c.o[0m
[8.075s] [ 92%] [32mBuilding C object CMakeFiles/yolov8_msgs__rosidl_generator_py.dir/rosidl_generator_py/yolov8_msgs/msg/_key_point3_d_s.c.o[0m
[8.075s] [ 93%] [32mBuilding C object CMakeFiles/yolov8_msgs__rosidl_generator_py.dir/rosidl_generator_py/yolov8_msgs/msg/_pose2_d_s.c.o[0m
[8.076s] [ 94%] [32mBuilding C object CMakeFiles/yolov8_msgs__rosidl_generator_py.dir/rosidl_generator_py/yolov8_msgs/msg/_detection_array_s.c.o[0m
[8.077s] [ 94%] [32mBuilding C object CMakeFiles/yolov8_msgs__rosidl_generator_py.dir/rosidl_generator_py/yolov8_msgs/msg/_key_point2_d_s.c.o[0m
[8.081s] [ 94%] [32mBuilding C object CMakeFiles/yolov8_msgs__rosidl_generator_py.dir/rosidl_generator_py/yolov8_msgs/msg/_key_point3_d_array_s.c.o[0m
[8.273s] [ 95%] [32m[1mLinking C shared library rosidl_generator_py/yolov8_msgs/libyolov8_msgs__rosidl_generator_py.so[0m
[8.307s] [ 95%] Built target yolov8_msgs__rosidl_generator_py
[8.327s] [ 96%] [32mBuilding C object CMakeFiles/yolov8_msgs__rosidl_typesupport_fastrtps_c__pyext.dir/rosidl_generator_py/yolov8_msgs/_yolov8_msgs_s.ep.rosidl_typesupport_fastrtps_c.c.o[0m
[8.328s] [ 97%] [32mBuilding C object CMakeFiles/yolov8_msgs__rosidl_typesupport_c__pyext.dir/rosidl_generator_py/yolov8_msgs/_yolov8_msgs_s.ep.rosidl_typesupport_c.c.o[0m
[8.328s] [ 97%] [32mBuilding C object CMakeFiles/yolov8_msgs__rosidl_typesupport_introspection_c__pyext.dir/rosidl_generator_py/yolov8_msgs/_yolov8_msgs_s.ep.rosidl_typesupport_introspection_c.c.o[0m
[8.441s] [ 98%] [32m[1mLinking C shared library rosidl_generator_py/yolov8_msgs/yolov8_msgs_s__rosidl_typesupport_fastrtps_c.cpython-310-x86_64-linux-gnu.so[0m
[8.443s] [ 99%] [32m[1mLinking C shared library rosidl_generator_py/yolov8_msgs/yolov8_msgs_s__rosidl_typesupport_introspection_c.cpython-310-x86_64-linux-gnu.so[0m
[8.486s] [ 99%] Built target yolov8_msgs__rosidl_typesupport_fastrtps_c__pyext
[8.494s] [100%] [32m[1mLinking C shared library rosidl_generator_py/yolov8_msgs/yolov8_msgs_s__rosidl_typesupport_c.cpython-310-x86_64-linux-gnu.so[0m
[8.494s] [100%] Built target yolov8_msgs__rosidl_typesupport_introspection_c__pyext
[8.527s] [100%] Built target yolov8_msgs__rosidl_typesupport_c__pyext
[8.538s] Invoked command in '/home/llagoeiro/Desktop/FEI/8_semestre/VisaoComputacionalFolder/projeto-visaoComputaria/build/yolov8_msgs' returned '0': CMAKE_PREFIX_PATH=/opt/ros/humble /usr/bin/cmake --build /home/llagoeiro/Desktop/FEI/8_semestre/VisaoComputacionalFolder/projeto-visaoComputaria/build/yolov8_msgs -- -j12 -l12
[8.810s] Invoking command in '/home/llagoeiro/Desktop/FEI/8_semestre/VisaoComputacionalFolder/projeto-visaoComputaria/build/yolov8_msgs': CMAKE_PREFIX_PATH=/opt/ros/humble /usr/bin/cmake --install /home/llagoeiro/Desktop/FEI/8_semestre/VisaoComputacionalFolder/projeto-visaoComputaria/build/yolov8_msgs
[8.819s] -- Install configuration: ""
[8.819s] -- Execute custom install script
[8.819s] -- Symlinking: /home/llagoeiro/Desktop/FEI/8_semestre/VisaoComputacionalFolder/projeto-visaoComputaria/install/yolov8_msgs/share/ament_index/resource_index/rosidl_interfaces/yolov8_msgs
[8.827s] -- Symlinking: /home/llagoeiro/Desktop/FEI/8_semestre/VisaoComputacionalFolder/projeto-visaoComputaria/install/yolov8_msgs/include/yolov8_msgs/yolov8_msgs/msg/bounding_box2_d.h
[8.833s] -- Symlinking: /home/llagoeiro/Desktop/FEI/8_semestre/VisaoComputacionalFolder/projeto-visaoComputaria/install/yolov8_msgs/include/yolov8_msgs/yolov8_msgs/msg/bounding_box3_d.h
[8.840s] -- Symlinking: /home/llagoeiro/Desktop/FEI/8_semestre/VisaoComputacionalFolder/projeto-visaoComputaria/install/yolov8_msgs/include/yolov8_msgs/yolov8_msgs/msg/detail/bounding_box2_d__functions.h
[8.845s] -- Symlinking: /home/llagoeiro/Desktop/FEI/8_semestre/VisaoComputacionalFolder/projeto-visaoComputaria/install/yolov8_msgs/include/yolov8_msgs/yolov8_msgs/msg/detail/bounding_box2_d__struct.h
[8.854s] -- Symlinking: /home/llagoeiro/Desktop/FEI/8_semestre/VisaoComputacionalFolder/projeto-visaoComputaria/install/yolov8_msgs/include/yolov8_msgs/yolov8_msgs/msg/detail/bounding_box2_d__type_support.h
[8.863s] -- Symlinking: /home/llagoeiro/Desktop/FEI/8_semestre/VisaoComputacionalFolder/projeto-visaoComputaria/install/yolov8_msgs/include/yolov8_msgs/yolov8_msgs/msg/detail/bounding_box3_d__functions.h
[8.871s] -- Symlinking: /home/llagoeiro/Desktop/FEI/8_semestre/VisaoComputacionalFolder/projeto-visaoComputaria/install/yolov8_msgs/include/yolov8_msgs/yolov8_msgs/msg/detail/bounding_box3_d__struct.h
[8.879s] -- Symlinking: /home/llagoeiro/Desktop/FEI/8_semestre/VisaoComputacionalFolder/projeto-visaoComputaria/install/yolov8_msgs/include/yolov8_msgs/yolov8_msgs/msg/detail/bounding_box3_d__type_support.h
[8.886s] -- Symlinking: /home/llagoeiro/Desktop/FEI/8_semestre/VisaoComputacionalFolder/projeto-visaoComputaria/install/yolov8_msgs/include/yolov8_msgs/yolov8_msgs/msg/detail/detection__functions.h
[8.894s] -- Symlinking: /home/llagoeiro/Desktop/FEI/8_semestre/VisaoComputacionalFolder/projeto-visaoComputaria/install/yolov8_msgs/include/yolov8_msgs/yolov8_msgs/msg/detail/detection__struct.h
[8.900s] -- Symlinking: /home/llagoeiro/Desktop/FEI/8_semestre/VisaoComputacionalFolder/projeto-visaoComputaria/install/yolov8_msgs/include/yolov8_msgs/yolov8_msgs/msg/detail/detection__type_support.h
[8.908s] -- Symlinking: /home/llagoeiro/Desktop/FEI/8_semestre/VisaoComputacionalFolder/projeto-visaoComputaria/install/yolov8_msgs/include/yolov8_msgs/yolov8_msgs/msg/detail/detection_array__functions.h
[8.915s] -- Symlinking: /home/llagoeiro/Desktop/FEI/8_semestre/VisaoComputacionalFolder/projeto-visaoComputaria/install/yolov8_msgs/include/yolov8_msgs/yolov8_msgs/msg/detail/detection_array__struct.h
[8.922s] -- Symlinking: /home/llagoeiro/Desktop/FEI/8_semestre/VisaoComputacionalFolder/projeto-visaoComputaria/install/yolov8_msgs/include/yolov8_msgs/yolov8_msgs/msg/detail/detection_array__type_support.h
[8.928s] -- Symlinking: /home/llagoeiro/Desktop/FEI/8_semestre/VisaoComputacionalFolder/projeto-visaoComputaria/install/yolov8_msgs/include/yolov8_msgs/yolov8_msgs/msg/detail/key_point2_d__functions.h
[8.934s] -- Symlinking: /home/llagoeiro/Desktop/FEI/8_semestre/VisaoComputacionalFolder/projeto-visaoComputaria/install/yolov8_msgs/include/yolov8_msgs/yolov8_msgs/msg/detail/key_point2_d__struct.h
[8.942s] -- Symlinking: /home/llagoeiro/Desktop/FEI/8_semestre/VisaoComputacionalFolder/projeto-visaoComputaria/install/yolov8_msgs/include/yolov8_msgs/yolov8_msgs/msg/detail/key_point2_d__type_support.h
[8.948s] -- Symlinking: /home/llagoeiro/Desktop/FEI/8_semestre/VisaoComputacionalFolder/projeto-visaoComputaria/install/yolov8_msgs/include/yolov8_msgs/yolov8_msgs/msg/detail/key_point2_d_array__functions.h
[8.954s] -- Symlinking: /home/llagoeiro/Desktop/FEI/8_semestre/VisaoComputacionalFolder/projeto-visaoComputaria/install/yolov8_msgs/include/yolov8_msgs/yolov8_msgs/msg/detail/key_point2_d_array__struct.h
[8.961s] -- Symlinking: /home/llagoeiro/Desktop/FEI/8_semestre/VisaoComputacionalFolder/projeto-visaoComputaria/install/yolov8_msgs/include/yolov8_msgs/yolov8_msgs/msg/detail/key_point2_d_array__type_support.h
[8.967s] -- Symlinking: /home/llagoeiro/Desktop/FEI/8_semestre/VisaoComputacionalFolder/projeto-visaoComputaria/install/yolov8_msgs/include/yolov8_msgs/yolov8_msgs/msg/detail/key_point3_d__functions.h
[8.977s] -- Symlinking: /home/llagoeiro/Desktop/FEI/8_semestre/VisaoComputacionalFolder/projeto-visaoComputaria/install/yolov8_msgs/include/yolov8_msgs/yolov8_msgs/msg/detail/key_point3_d__struct.h
[8.985s] -- Symlinking: /home/llagoeiro/Desktop/FEI/8_semestre/VisaoComputacionalFolder/projeto-visaoComputaria/install/yolov8_msgs/include/yolov8_msgs/yolov8_msgs/msg/detail/key_point3_d__type_support.h
[8.992s] -- Symlinking: /home/llagoeiro/Desktop/FEI/8_semestre/VisaoComputacionalFolder/projeto-visaoComputaria/install/yolov8_msgs/include/yolov8_msgs/yolov8_msgs/msg/detail/key_point3_d_array__functions.h
[8.999s] -- Symlinking: /home/llagoeiro/Desktop/FEI/8_semestre/VisaoComputacionalFolder/projeto-visaoComputaria/install/yolov8_msgs/include/yolov8_msgs/yolov8_msgs/msg/detail/key_point3_d_array__struct.h
[9.006s] -- Symlinking: /home/llagoeiro/Desktop/FEI/8_semestre/VisaoComputacionalFolder/projeto-visaoComputaria/install/yolov8_msgs/include/yolov8_msgs/yolov8_msgs/msg/detail/key_point3_d_array__type_support.h
[9.012s] -- Symlinking: /home/llagoeiro/Desktop/FEI/8_semestre/VisaoComputacionalFolder/projeto-visaoComputaria/install/yolov8_msgs/include/yolov8_msgs/yolov8_msgs/msg/detail/mask__functions.h
[9.018s] -- Symlinking: /home/llagoeiro/Desktop/FEI/8_semestre/VisaoComputacionalFolder/projeto-visaoComputaria/install/yolov8_msgs/include/yolov8_msgs/yolov8_msgs/msg/detail/mask__struct.h
[9.026s] -- Symlinking: /home/llagoeiro/Desktop/FEI/8_semestre/VisaoComputacionalFolder/projeto-visaoComputaria/install/yolov8_msgs/include/yolov8_msgs/yolov8_msgs/msg/detail/mask__type_support.h
[9.033s] -- Symlinking: /home/llagoeiro/Desktop/FEI/8_semestre/VisaoComputacionalFolder/projeto-visaoComputaria/install/yolov8_msgs/include/yolov8_msgs/yolov8_msgs/msg/detail/point2_d__functions.h
[9.039s] -- Symlinking: /home/llagoeiro/Desktop/FEI/8_semestre/VisaoComputacionalFolder/projeto-visaoComputaria/install/yolov8_msgs/include/yolov8_msgs/yolov8_msgs/msg/detail/point2_d__struct.h
[9.045s] -- Symlinking: /home/llagoeiro/Desktop/FEI/8_semestre/VisaoComputacionalFolder/projeto-visaoComputaria/install/yolov8_msgs/include/yolov8_msgs/yolov8_msgs/msg/detail/point2_d__type_support.h
[9.051s] -- Symlinking: /home/llagoeiro/Desktop/FEI/8_semestre/VisaoComputacionalFolder/projeto-visaoComputaria/install/yolov8_msgs/include/yolov8_msgs/yolov8_msgs/msg/detail/pose2_d__functions.h
[9.057s] -- Symlinking: /home/llagoeiro/Desktop/FEI/8_semestre/VisaoComputacionalFolder/projeto-visaoComputaria/install/yolov8_msgs/include/yolov8_msgs/yolov8_msgs/msg/detail/pose2_d__struct.h
[9.063s] -- Symlinking: /home/llagoeiro/Desktop/FEI/8_semestre/VisaoComputacionalFolder/projeto-visaoComputaria/install/yolov8_msgs/include/yolov8_msgs/yolov8_msgs/msg/detail/pose2_d__type_support.h
[9.072s] -- Symlinking: /home/llagoeiro/Desktop/FEI/8_semestre/VisaoComputacionalFolder/projeto-visaoComputaria/install/yolov8_msgs/include/yolov8_msgs/yolov8_msgs/msg/detail/vector2__functions.h
[9.082s] -- Symlinking: /home/llagoeiro/Desktop/FEI/8_semestre/VisaoComputacionalFolder/projeto-visaoComputaria/install/yolov8_msgs/include/yolov8_msgs/yolov8_msgs/msg/detail/vector2__struct.h
[9.089s] -- Symlinking: /home/llagoeiro/Desktop/FEI/8_semestre/VisaoComputacionalFolder/projeto-visaoComputaria/install/yolov8_msgs/include/yolov8_msgs/yolov8_msgs/msg/detail/vector2__type_support.h
[9.095s] -- Symlinking: /home/llagoeiro/Desktop/FEI/8_semestre/VisaoComputacionalFolder/projeto-visaoComputaria/install/yolov8_msgs/include/yolov8_msgs/yolov8_msgs/msg/detection.h
[9.101s] -- Symlinking: /home/llagoeiro/Desktop/FEI/8_semestre/VisaoComputacionalFolder/projeto-visaoComputaria/install/yolov8_msgs/include/yolov8_msgs/yolov8_msgs/msg/detection_array.h
[9.107s] -- Symlinking: /home/llagoeiro/Desktop/FEI/8_semestre/VisaoComputacionalFolder/projeto-visaoComputaria/install/yolov8_msgs/include/yolov8_msgs/yolov8_msgs/msg/key_point2_d.h
[9.113s] -- Symlinking: /home/llagoeiro/Desktop/FEI/8_semestre/VisaoComputacionalFolder/projeto-visaoComputaria/install/yolov8_msgs/include/yolov8_msgs/yolov8_msgs/msg/key_point2_d_array.h
[9.120s] -- Symlinking: /home/llagoeiro/Desktop/FEI/8_semestre/VisaoComputacionalFolder/projeto-visaoComputaria/install/yolov8_msgs/include/yolov8_msgs/yolov8_msgs/msg/key_point3_d.h
[9.128s] -- Symlinking: /home/llagoeiro/Desktop/FEI/8_semestre/VisaoComputacionalFolder/projeto-visaoComputaria/install/yolov8_msgs/include/yolov8_msgs/yolov8_msgs/msg/key_point3_d_array.h
[9.135s] -- Symlinking: /home/llagoeiro/Desktop/FEI/8_semestre/VisaoComputacionalFolder/projeto-visaoComputaria/install/yolov8_msgs/include/yolov8_msgs/yolov8_msgs/msg/mask.h
[9.141s] -- Symlinking: /home/llagoeiro/Desktop/FEI/8_semestre/VisaoComputacionalFolder/projeto-visaoComputaria/install/yolov8_msgs/include/yolov8_msgs/yolov8_msgs/msg/point2_d.h
[9.147s] -- Symlinking: /home/llagoeiro/Desktop/FEI/8_semestre/VisaoComputacionalFolder/projeto-visaoComputaria/install/yolov8_msgs/include/yolov8_msgs/yolov8_msgs/msg/pose2_d.h
[9.155s] -- Symlinking: /home/llagoeiro/Desktop/FEI/8_semestre/VisaoComputacionalFolder/projeto-visaoComputaria/install/yolov8_msgs/include/yolov8_msgs/yolov8_msgs/msg/rosidl_generator_c__visibility_control.h
[9.163s] -- Symlinking: /home/llagoeiro/Desktop/FEI/8_semestre/VisaoComputacionalFolder/projeto-visaoComputaria/install/yolov8_msgs/include/yolov8_msgs/yolov8_msgs/msg/vector2.h
[9.174s] -- Symlinking: /home/llagoeiro/Desktop/FEI/8_semestre/VisaoComputacionalFolder/projeto-visaoComputaria/install/yolov8_msgs/share/yolov8_msgs/environment/library_path.sh
[9.183s] -- Symlinking: /home/llagoeiro/Desktop/FEI/8_semestre/VisaoComputacionalFolder/projeto-visaoComputaria/install/yolov8_msgs/share/yolov8_msgs/environment/library_path.dsv
[9.195s] -- Symlinking: /home/llagoeiro/Desktop/FEI/8_semestre/VisaoComputacionalFolder/projeto-visaoComputaria/install/yolov8_msgs/include/yolov8_msgs/yolov8_msgs/msg/detail/bounding_box2_d__rosidl_typesupport_fastrtps_c.h
[9.204s] -- Symlinking: /home/llagoeiro/Desktop/FEI/8_semestre/VisaoComputacionalFolder/projeto-visaoComputaria/install/yolov8_msgs/include/yolov8_msgs/yolov8_msgs/msg/detail/bounding_box3_d__rosidl_typesupport_fastrtps_c.h
[9.214s] -- Symlinking: /home/llagoeiro/Desktop/FEI/8_semestre/VisaoComputacionalFolder/projeto-visaoComputaria/install/yolov8_msgs/include/yolov8_msgs/yolov8_msgs/msg/detail/detection__rosidl_typesupport_fastrtps_c.h
[9.222s] -- Symlinking: /home/llagoeiro/Desktop/FEI/8_semestre/VisaoComputacionalFolder/projeto-visaoComputaria/install/yolov8_msgs/include/yolov8_msgs/yolov8_msgs/msg/detail/detection_array__rosidl_typesupport_fastrtps_c.h
[9.233s] -- Symlinking: /home/llagoeiro/Desktop/FEI/8_semestre/VisaoComputacionalFolder/projeto-visaoComputaria/install/yolov8_msgs/include/yolov8_msgs/yolov8_msgs/msg/detail/key_point2_d__rosidl_typesupport_fastrtps_c.h
[9.243s] -- Symlinking: /home/llagoeiro/Desktop/FEI/8_semestre/VisaoComputacionalFolder/projeto-visaoComputaria/install/yolov8_msgs/include/yolov8_msgs/yolov8_msgs/msg/detail/key_point2_d_array__rosidl_typesupport_fastrtps_c.h
[9.251s] -- Symlinking: /home/llagoeiro/Desktop/FEI/8_semestre/VisaoComputacionalFolder/projeto-visaoComputaria/install/yolov8_msgs/include/yolov8_msgs/yolov8_msgs/msg/detail/key_point3_d__rosidl_typesupport_fastrtps_c.h
[9.260s] -- Symlinking: /home/llagoeiro/Desktop/FEI/8_semestre/VisaoComputacionalFolder/projeto-visaoComputaria/install/yolov8_msgs/include/yolov8_msgs/yolov8_msgs/msg/detail/key_point3_d_array__rosidl_typesupport_fastrtps_c.h
[9.269s] -- Symlinking: /home/llagoeiro/Desktop/FEI/8_semestre/VisaoComputacionalFolder/projeto-visaoComputaria/install/yolov8_msgs/include/yolov8_msgs/yolov8_msgs/msg/detail/mask__rosidl_typesupport_fastrtps_c.h
[9.279s] -- Symlinking: /home/llagoeiro/Desktop/FEI/8_semestre/VisaoComputacionalFolder/projeto-visaoComputaria/install/yolov8_msgs/include/yolov8_msgs/yolov8_msgs/msg/detail/point2_d__rosidl_typesupport_fastrtps_c.h
[9.289s] -- Symlinking: /home/llagoeiro/Desktop/FEI/8_semestre/VisaoComputacionalFolder/projeto-visaoComputaria/install/yolov8_msgs/include/yolov8_msgs/yolov8_msgs/msg/detail/pose2_d__rosidl_typesupport_fastrtps_c.h
[9.298s] -- Symlinking: /home/llagoeiro/Desktop/FEI/8_semestre/VisaoComputacionalFolder/projeto-visaoComputaria/install/yolov8_msgs/include/yolov8_msgs/yolov8_msgs/msg/detail/vector2__rosidl_typesupport_fastrtps_c.h
[9.306s] -- Symlinking: /home/llagoeiro/Desktop/FEI/8_semestre/VisaoComputacionalFolder/projeto-visaoComputaria/install/yolov8_msgs/include/yolov8_msgs/yolov8_msgs/msg/rosidl_typesupport_fastrtps_c__visibility_control.h
[9.315s] -- Symlinking: /home/llagoeiro/Desktop/FEI/8_semestre/VisaoComputacionalFolder/projeto-visaoComputaria/install/yolov8_msgs/include/yolov8_msgs/yolov8_msgs/msg/detail/bounding_box2_d__rosidl_typesupport_introspection_c.h
[9.321s] -- Symlinking: /home/llagoeiro/Desktop/FEI/8_semestre/VisaoComputacionalFolder/projeto-visaoComputaria/install/yolov8_msgs/include/yolov8_msgs/yolov8_msgs/msg/detail/bounding_box3_d__rosidl_typesupport_introspection_c.h
[9.329s] -- Symlinking: /home/llagoeiro/Desktop/FEI/8_semestre/VisaoComputacionalFolder/projeto-visaoComputaria/install/yolov8_msgs/include/yolov8_msgs/yolov8_msgs/msg/detail/detection__rosidl_typesupport_introspection_c.h
[9.334s] -- Symlinking: /home/llagoeiro/Desktop/FEI/8_semestre/VisaoComputacionalFolder/projeto-visaoComputaria/install/yolov8_msgs/include/yolov8_msgs/yolov8_msgs/msg/detail/detection_array__rosidl_typesupport_introspection_c.h
[9.341s] -- Symlinking: /home/llagoeiro/Desktop/FEI/8_semestre/VisaoComputacionalFolder/projeto-visaoComputaria/install/yolov8_msgs/include/yolov8_msgs/yolov8_msgs/msg/detail/key_point2_d__rosidl_typesupport_introspection_c.h
[9.350s] -- Symlinking: /home/llagoeiro/Desktop/FEI/8_semestre/VisaoComputacionalFolder/projeto-visaoComputaria/install/yolov8_msgs/include/yolov8_msgs/yolov8_msgs/msg/detail/key_point2_d_array__rosidl_typesupport_introspection_c.h
[9.359s] -- Symlinking: /home/llagoeiro/Desktop/FEI/8_semestre/VisaoComputacionalFolder/projeto-visaoComputaria/install/yolov8_msgs/include/yolov8_msgs/yolov8_msgs/msg/detail/key_point3_d__rosidl_typesupport_introspection_c.h
[9.366s] -- Symlinking: /home/llagoeiro/Desktop/FEI/8_semestre/VisaoComputacionalFolder/projeto-visaoComputaria/install/yolov8_msgs/include/yolov8_msgs/yolov8_msgs/msg/detail/key_point3_d_array__rosidl_typesupport_introspection_c.h
[9.374s] -- Symlinking: /home/llagoeiro/Desktop/FEI/8_semestre/VisaoComputacionalFolder/projeto-visaoComputaria/install/yolov8_msgs/include/yolov8_msgs/yolov8_msgs/msg/detail/mask__rosidl_typesupport_introspection_c.h
[9.381s] -- Symlinking: /home/llagoeiro/Desktop/FEI/8_semestre/VisaoComputacionalFolder/projeto-visaoComputaria/install/yolov8_msgs/include/yolov8_msgs/yolov8_msgs/msg/detail/point2_d__rosidl_typesupport_introspection_c.h
[9.389s] -- Symlinking: /home/llagoeiro/Desktop/FEI/8_semestre/VisaoComputacionalFolder/projeto-visaoComputaria/install/yolov8_msgs/include/yolov8_msgs/yolov8_msgs/msg/detail/pose2_d__rosidl_typesupport_introspection_c.h
[9.395s] -- Symlinking: /home/llagoeiro/Desktop/FEI/8_semestre/VisaoComputacionalFolder/projeto-visaoComputaria/install/yolov8_msgs/include/yolov8_msgs/yolov8_msgs/msg/detail/vector2__rosidl_typesupport_introspection_c.h
[9.404s] -- Symlinking: /home/llagoeiro/Desktop/FEI/8_semestre/VisaoComputacionalFolder/projeto-visaoComputaria/install/yolov8_msgs/include/yolov8_msgs/yolov8_msgs/msg/rosidl_typesupport_introspection_c__visibility_control.h
[9.413s] -- Symlinking: /home/llagoeiro/Desktop/FEI/8_semestre/VisaoComputacionalFolder/projeto-visaoComputaria/install/yolov8_msgs/include/yolov8_msgs/yolov8_msgs/msg/bounding_box2_d.hpp
[9.419s] -- Symlinking: /home/llagoeiro/Desktop/FEI/8_semestre/VisaoComputacionalFolder/projeto-visaoComputaria/install/yolov8_msgs/include/yolov8_msgs/yolov8_msgs/msg/bounding_box3_d.hpp
[9.426s] -- Symlinking: /home/llagoeiro/Desktop/FEI/8_semestre/VisaoComputacionalFolder/projeto-visaoComputaria/install/yolov8_msgs/include/yolov8_msgs/yolov8_msgs/msg/detail/bounding_box2_d__builder.hpp
[9.431s] -- Symlinking: /home/llagoeiro/Desktop/FEI/8_semestre/VisaoComputacionalFolder/projeto-visaoComputaria/install/yolov8_msgs/include/yolov8_msgs/yolov8_msgs/msg/detail/bounding_box2_d__struct.hpp
[9.439s] -- Symlinking: /home/llagoeiro/Desktop/FEI/8_semestre/VisaoComputacionalFolder/projeto-visaoComputaria/install/yolov8_msgs/include/yolov8_msgs/yolov8_msgs/msg/detail/bounding_box2_d__traits.hpp
[9.446s] -- Symlinking: /home/llagoeiro/Desktop/FEI/8_semestre/VisaoComputacionalFolder/projeto-visaoComputaria/install/yolov8_msgs/include/yolov8_msgs/yolov8_msgs/msg/detail/bounding_box3_d__builder.hpp
[9.453s] -- Symlinking: /home/llagoeiro/Desktop/FEI/8_semestre/VisaoComputacionalFolder/projeto-visaoComputaria/install/yolov8_msgs/include/yolov8_msgs/yolov8_msgs/msg/detail/bounding_box3_d__struct.hpp
[9.459s] -- Symlinking: /home/llagoeiro/Desktop/FEI/8_semestre/VisaoComputacionalFolder/projeto-visaoComputaria/install/yolov8_msgs/include/yolov8_msgs/yolov8_msgs/msg/detail/bounding_box3_d__traits.hpp
[9.466s] -- Symlinking: /home/llagoeiro/Desktop/FEI/8_semestre/VisaoComputacionalFolder/projeto-visaoComputaria/install/yolov8_msgs/include/yolov8_msgs/yolov8_msgs/msg/detail/detection__builder.hpp
[9.474s] -- Symlinking: /home/llagoeiro/Desktop/FEI/8_semestre/VisaoComputacionalFolder/projeto-visaoComputaria/install/yolov8_msgs/include/yolov8_msgs/yolov8_msgs/msg/detail/detection__struct.hpp
[9.484s] -- Symlinking: /home/llagoeiro/Desktop/FEI/8_semestre/VisaoComputacionalFolder/projeto-visaoComputaria/install/yolov8_msgs/include/yolov8_msgs/yolov8_msgs/msg/detail/detection__traits.hpp
[9.491s] -- Symlinking: /home/llagoeiro/Desktop/FEI/8_semestre/VisaoComputacionalFolder/projeto-visaoComputaria/install/yolov8_msgs/include/yolov8_msgs/yolov8_msgs/msg/detail/detection_array__builder.hpp
[9.497s] -- Symlinking: /home/llagoeiro/Desktop/FEI/8_semestre/VisaoComputacionalFolder/projeto-visaoComputaria/install/yolov8_msgs/include/yolov8_msgs/yolov8_msgs/msg/detail/detection_array__struct.hpp
[9.504s] -- Symlinking: /home/llagoeiro/Desktop/FEI/8_semestre/VisaoComputacionalFolder/projeto-visaoComputaria/install/yolov8_msgs/include/yolov8_msgs/yolov8_msgs/msg/detail/detection_array__traits.hpp
[9.509s] -- Symlinking: /home/llagoeiro/Desktop/FEI/8_semestre/VisaoComputacionalFolder/projeto-visaoComputaria/install/yolov8_msgs/include/yolov8_msgs/yolov8_msgs/msg/detail/key_point2_d__builder.hpp
[9.516s] -- Symlinking: /home/llagoeiro/Desktop/FEI/8_semestre/VisaoComputacionalFolder/projeto-visaoComputaria/install/yolov8_msgs/include/yolov8_msgs/yolov8_msgs/msg/detail/key_point2_d__struct.hpp
[9.522s] -- Symlinking: /home/llagoeiro/Desktop/FEI/8_semestre/VisaoComputacionalFolder/projeto-visaoComputaria/install/yolov8_msgs/include/yolov8_msgs/yolov8_msgs/msg/detail/key_point2_d__traits.hpp
[9.529s] -- Symlinking: /home/llagoeiro/Desktop/FEI/8_semestre/VisaoComputacionalFolder/projeto-visaoComputaria/install/yolov8_msgs/include/yolov8_msgs/yolov8_msgs/msg/detail/key_point2_d_array__builder.hpp
[9.534s] -- Symlinking: /home/llagoeiro/Desktop/FEI/8_semestre/VisaoComputacionalFolder/projeto-visaoComputaria/install/yolov8_msgs/include/yolov8_msgs/yolov8_msgs/msg/detail/key_point2_d_array__struct.hpp
[9.542s] -- Symlinking: /home/llagoeiro/Desktop/FEI/8_semestre/VisaoComputacionalFolder/projeto-visaoComputaria/install/yolov8_msgs/include/yolov8_msgs/yolov8_msgs/msg/detail/key_point2_d_array__traits.hpp
[9.550s] -- Symlinking: /home/llagoeiro/Desktop/FEI/8_semestre/VisaoComputacionalFolder/projeto-visaoComputaria/install/yolov8_msgs/include/yolov8_msgs/yolov8_msgs/msg/detail/key_point3_d__builder.hpp
[9.558s] -- Symlinking: /home/llagoeiro/Desktop/FEI/8_semestre/VisaoComputacionalFolder/projeto-visaoComputaria/install/yolov8_msgs/include/yolov8_msgs/yolov8_msgs/msg/detail/key_point3_d__struct.hpp
[9.565s] -- Symlinking: /home/llagoeiro/Desktop/FEI/8_semestre/VisaoComputacionalFolder/projeto-visaoComputaria/install/yolov8_msgs/include/yolov8_msgs/yolov8_msgs/msg/detail/key_point3_d__traits.hpp
[9.573s] -- Symlinking: /home/llagoeiro/Desktop/FEI/8_semestre/VisaoComputacionalFolder/projeto-visaoComputaria/install/yolov8_msgs/include/yolov8_msgs/yolov8_msgs/msg/detail/key_point3_d_array__builder.hpp
[9.582s] -- Symlinking: /home/llagoeiro/Desktop/FEI/8_semestre/VisaoComputacionalFolder/projeto-visaoComputaria/install/yolov8_msgs/include/yolov8_msgs/yolov8_msgs/msg/detail/key_point3_d_array__struct.hpp
[9.590s] -- Symlinking: /home/llagoeiro/Desktop/FEI/8_semestre/VisaoComputacionalFolder/projeto-visaoComputaria/install/yolov8_msgs/include/yolov8_msgs/yolov8_msgs/msg/detail/key_point3_d_array__traits.hpp
[9.598s] -- Symlinking: /home/llagoeiro/Desktop/FEI/8_semestre/VisaoComputacionalFolder/projeto-visaoComputaria/install/yolov8_msgs/include/yolov8_msgs/yolov8_msgs/msg/detail/mask__builder.hpp
[9.605s] -- Symlinking: /home/llagoeiro/Desktop/FEI/8_semestre/VisaoComputacionalFolder/projeto-visaoComputaria/install/yolov8_msgs/include/yolov8_msgs/yolov8_msgs/msg/detail/mask__struct.hpp
[9.613s] -- Symlinking: /home/llagoeiro/Desktop/FEI/8_semestre/VisaoComputacionalFolder/projeto-visaoComputaria/install/yolov8_msgs/include/yolov8_msgs/yolov8_msgs/msg/detail/mask__traits.hpp
[9.621s] -- Symlinking: /home/llagoeiro/Desktop/FEI/8_semestre/VisaoComputacionalFolder/projeto-visaoComputaria/install/yolov8_msgs/include/yolov8_msgs/yolov8_msgs/msg/detail/point2_d__builder.hpp
[9.630s] -- Symlinking: /home/llagoeiro/Desktop/FEI/8_semestre/VisaoComputacionalFolder/projeto-visaoComputaria/install/yolov8_msgs/include/yolov8_msgs/yolov8_msgs/msg/detail/point2_d__struct.hpp
[9.637s] -- Symlinking: /home/llagoeiro/Desktop/FEI/8_semestre/VisaoComputacionalFolder/projeto-visaoComputaria/install/yolov8_msgs/include/yolov8_msgs/yolov8_msgs/msg/detail/point2_d__traits.hpp
[9.643s] -- Symlinking: /home/llagoeiro/Desktop/FEI/8_semestre/VisaoComputacionalFolder/projeto-visaoComputaria/install/yolov8_msgs/include/yolov8_msgs/yolov8_msgs/msg/detail/pose2_d__builder.hpp
[9.649s] -- Symlinking: /home/llagoeiro/Desktop/FEI/8_semestre/VisaoComputacionalFolder/projeto-visaoComputaria/install/yolov8_msgs/include/yolov8_msgs/yolov8_msgs/msg/detail/pose2_d__struct.hpp
[9.657s] -- Symlinking: /home/llagoeiro/Desktop/FEI/8_semestre/VisaoComputacionalFolder/projeto-visaoComputaria/install/yolov8_msgs/include/yolov8_msgs/yolov8_msgs/msg/detail/pose2_d__traits.hpp
[9.665s] -- Symlinking: /home/llagoeiro/Desktop/FEI/8_semestre/VisaoComputacionalFolder/projeto-visaoComputaria/install/yolov8_msgs/include/yolov8_msgs/yolov8_msgs/msg/detail/vector2__builder.hpp
[9.673s] -- Symlinking: /home/llagoeiro/Desktop/FEI/8_semestre/VisaoComputacionalFolder/projeto-visaoComputaria/install/yolov8_msgs/include/yolov8_msgs/yolov8_msgs/msg/detail/vector2__struct.hpp
[9.681s] -- Symlinking: /home/llagoeiro/Desktop/FEI/8_semestre/VisaoComputacionalFolder/projeto-visaoComputaria/install/yolov8_msgs/include/yolov8_msgs/yolov8_msgs/msg/detail/vector2__traits.hpp
[9.690s] -- Symlinking: /home/llagoeiro/Desktop/FEI/8_semestre/VisaoComputacionalFolder/projeto-visaoComputaria/install/yolov8_msgs/include/yolov8_msgs/yolov8_msgs/msg/detection.hpp
[9.697s] -- Symlinking: /home/llagoeiro/Desktop/FEI/8_semestre/VisaoComputacionalFolder/projeto-visaoComputaria/install/yolov8_msgs/include/yolov8_msgs/yolov8_msgs/msg/detection_array.hpp
[9.703s] -- Symlinking: /home/llagoeiro/Desktop/FEI/8_semestre/VisaoComputacionalFolder/projeto-visaoComputaria/install/yolov8_msgs/include/yolov8_msgs/yolov8_msgs/msg/key_point2_d.hpp
[9.709s] -- Symlinking: /home/llagoeiro/Desktop/FEI/8_semestre/VisaoComputacionalFolder/projeto-visaoComputaria/install/yolov8_msgs/include/yolov8_msgs/yolov8_msgs/msg/key_point2_d_array.hpp
[9.715s] -- Symlinking: /home/llagoeiro/Desktop/FEI/8_semestre/VisaoComputacionalFolder/projeto-visaoComputaria/install/yolov8_msgs/include/yolov8_msgs/yolov8_msgs/msg/key_point3_d.hpp
[9.720s] -- Symlinking: /home/llagoeiro/Desktop/FEI/8_semestre/VisaoComputacionalFolder/projeto-visaoComputaria/install/yolov8_msgs/include/yolov8_msgs/yolov8_msgs/msg/key_point3_d_array.hpp
[9.726s] -- Symlinking: /home/llagoeiro/Desktop/FEI/8_semestre/VisaoComputacionalFolder/projeto-visaoComputaria/install/yolov8_msgs/include/yolov8_msgs/yolov8_msgs/msg/mask.hpp
[9.733s] -- Symlinking: /home/llagoeiro/Desktop/FEI/8_semestre/VisaoComputacionalFolder/projeto-visaoComputaria/install/yolov8_msgs/include/yolov8_msgs/yolov8_msgs/msg/point2_d.hpp
[9.740s] -- Symlinking: /home/llagoeiro/Desktop/FEI/8_semestre/VisaoComputacionalFolder/projeto-visaoComputaria/install/yolov8_msgs/include/yolov8_msgs/yolov8_msgs/msg/pose2_d.hpp
[9.745s] -- Symlinking: /home/llagoeiro/Desktop/FEI/8_semestre/VisaoComputacionalFolder/projeto-visaoComputaria/install/yolov8_msgs/include/yolov8_msgs/yolov8_msgs/msg/vector2.hpp
[9.753s] -- Symlinking: /home/llagoeiro/Desktop/FEI/8_semestre/VisaoComputacionalFolder/projeto-visaoComputaria/install/yolov8_msgs/include/yolov8_msgs/yolov8_msgs/msg/detail/bounding_box2_d__rosidl_typesupport_fastrtps_cpp.hpp
[9.759s] -- Symlinking: /home/llagoeiro/Desktop/FEI/8_semestre/VisaoComputacionalFolder/projeto-visaoComputaria/install/yolov8_msgs/include/yolov8_msgs/yolov8_msgs/msg/detail/bounding_box3_d__rosidl_typesupport_fastrtps_cpp.hpp
[9.766s] -- Symlinking: /home/llagoeiro/Desktop/FEI/8_semestre/VisaoComputacionalFolder/projeto-visaoComputaria/install/yolov8_msgs/include/yolov8_msgs/yolov8_msgs/msg/detail/detection__rosidl_typesupport_fastrtps_cpp.hpp
[9.774s] -- Symlinking: /home/llagoeiro/Desktop/FEI/8_semestre/VisaoComputacionalFolder/projeto-visaoComputaria/install/yolov8_msgs/include/yolov8_msgs/yolov8_msgs/msg/detail/detection_array__rosidl_typesupport_fastrtps_cpp.hpp
[9.782s] -- Symlinking: /home/llagoeiro/Desktop/FEI/8_semestre/VisaoComputacionalFolder/projeto-visaoComputaria/install/yolov8_msgs/include/yolov8_msgs/yolov8_msgs/msg/detail/key_point2_d__rosidl_typesupport_fastrtps_cpp.hpp
[9.790s] -- Symlinking: /home/llagoeiro/Desktop/FEI/8_semestre/VisaoComputacionalFolder/projeto-visaoComputaria/install/yolov8_msgs/include/yolov8_msgs/yolov8_msgs/msg/detail/key_point2_d_array__rosidl_typesupport_fastrtps_cpp.hpp
[9.796s] -- Symlinking: /home/llagoeiro/Desktop/FEI/8_semestre/VisaoComputacionalFolder/projeto-visaoComputaria/install/yolov8_msgs/include/yolov8_msgs/yolov8_msgs/msg/detail/key_point3_d__rosidl_typesupport_fastrtps_cpp.hpp
[9.802s] -- Symlinking: /home/llagoeiro/Desktop/FEI/8_semestre/VisaoComputacionalFolder/projeto-visaoComputaria/install/yolov8_msgs/include/yolov8_msgs/yolov8_msgs/msg/detail/key_point3_d_array__rosidl_typesupport_fastrtps_cpp.hpp
[9.809s] -- Symlinking: /home/llagoeiro/Desktop/FEI/8_semestre/VisaoComputacionalFolder/projeto-visaoComputaria/install/yolov8_msgs/include/yolov8_msgs/yolov8_msgs/msg/detail/mask__rosidl_typesupport_fastrtps_cpp.hpp
[9.816s] -- Symlinking: /home/llagoeiro/Desktop/FEI/8_semestre/VisaoComputacionalFolder/projeto-visaoComputaria/install/yolov8_msgs/include/yolov8_msgs/yolov8_msgs/msg/detail/point2_d__rosidl_typesupport_fastrtps_cpp.hpp
[9.822s] -- Symlinking: /home/llagoeiro/Desktop/FEI/8_semestre/VisaoComputacionalFolder/projeto-visaoComputaria/install/yolov8_msgs/include/yolov8_msgs/yolov8_msgs/msg/detail/pose2_d__rosidl_typesupport_fastrtps_cpp.hpp
[9.828s] -- Symlinking: /home/llagoeiro/Desktop/FEI/8_semestre/VisaoComputacionalFolder/projeto-visaoComputaria/install/yolov8_msgs/include/yolov8_msgs/yolov8_msgs/msg/detail/vector2__rosidl_typesupport_fastrtps_cpp.hpp
[9.834s] -- Symlinking: /home/llagoeiro/Desktop/FEI/8_semestre/VisaoComputacionalFolder/projeto-visaoComputaria/install/yolov8_msgs/include/yolov8_msgs/yolov8_msgs/msg/rosidl_typesupport_fastrtps_cpp__visibility_control.h
[9.840s] -- Symlinking: /home/llagoeiro/Desktop/FEI/8_semestre/VisaoComputacionalFolder/projeto-visaoComputaria/install/yolov8_msgs/include/yolov8_msgs/yolov8_msgs/msg/detail/bounding_box2_d__rosidl_typesupport_introspection_cpp.hpp
[9.848s] -- Symlinking: /home/llagoeiro/Desktop/FEI/8_semestre/VisaoComputacionalFolder/projeto-visaoComputaria/install/yolov8_msgs/include/yolov8_msgs/yolov8_msgs/msg/detail/bounding_box3_d__rosidl_typesupport_introspection_cpp.hpp
[9.855s] -- Symlinking: /home/llagoeiro/Desktop/FEI/8_semestre/VisaoComputacionalFolder/projeto-visaoComputaria/install/yolov8_msgs/include/yolov8_msgs/yolov8_msgs/msg/detail/detection__rosidl_typesupport_introspection_cpp.hpp
[9.862s] -- Symlinking: /home/llagoeiro/Desktop/FEI/8_semestre/VisaoComputacionalFolder/projeto-visaoComputaria/install/yolov8_msgs/include/yolov8_msgs/yolov8_msgs/msg/detail/detection_array__rosidl_typesupport_introspection_cpp.hpp
[9.869s] -- Symlinking: /home/llagoeiro/Desktop/FEI/8_semestre/VisaoComputacionalFolder/projeto-visaoComputaria/install/yolov8_msgs/include/yolov8_msgs/yolov8_msgs/msg/detail/key_point2_d__rosidl_typesupport_introspection_cpp.hpp
[9.879s] -- Symlinking: /home/llagoeiro/Desktop/FEI/8_semestre/VisaoComputacionalFolder/projeto-visaoComputaria/install/yolov8_msgs/include/yolov8_msgs/yolov8_msgs/msg/detail/key_point2_d_array__rosidl_typesupport_introspection_cpp.hpp
[9.886s] -- Symlinking: /home/llagoeiro/Desktop/FEI/8_semestre/VisaoComputacionalFolder/projeto-visaoComputaria/install/yolov8_msgs/include/yolov8_msgs/yolov8_msgs/msg/detail/key_point3_d__rosidl_typesupport_introspection_cpp.hpp
[9.892s] -- Symlinking: /home/llagoeiro/Desktop/FEI/8_semestre/VisaoComputacionalFolder/projeto-visaoComputaria/install/yolov8_msgs/include/yolov8_msgs/yolov8_msgs/msg/detail/key_point3_d_array__rosidl_typesupport_introspection_cpp.hpp
[9.900s] -- Symlinking: /home/llagoeiro/Desktop/FEI/8_semestre/VisaoComputacionalFolder/projeto-visaoComputaria/install/yolov8_msgs/include/yolov8_msgs/yolov8_msgs/msg/detail/mask__rosidl_typesupport_introspection_cpp.hpp
[9.907s] -- Symlinking: /home/llagoeiro/Desktop/FEI/8_semestre/VisaoComputacionalFolder/projeto-visaoComputaria/install/yolov8_msgs/include/yolov8_msgs/yolov8_msgs/msg/detail/point2_d__rosidl_typesupport_introspection_cpp.hpp
[9.914s] -- Symlinking: /home/llagoeiro/Desktop/FEI/8_semestre/VisaoComputacionalFolder/projeto-visaoComputaria/install/yolov8_msgs/include/yolov8_msgs/yolov8_msgs/msg/detail/pose2_d__rosidl_typesupport_introspection_cpp.hpp
[9.925s] -- Symlinking: /home/llagoeiro/Desktop/FEI/8_semestre/VisaoComputacionalFolder/projeto-visaoComputaria/install/yolov8_msgs/include/yolov8_msgs/yolov8_msgs/msg/detail/vector2__rosidl_typesupport_introspection_cpp.hpp
[9.934s] -- Symlinking: /home/llagoeiro/Desktop/FEI/8_semestre/VisaoComputacionalFolder/projeto-visaoComputaria/install/yolov8_msgs/share/yolov8_msgs/environment/pythonpath.sh
[9.941s] -- Symlinking: /home/llagoeiro/Desktop/FEI/8_semestre/VisaoComputacionalFolder/projeto-visaoComputaria/install/yolov8_msgs/share/yolov8_msgs/environment/pythonpath.dsv
[9.948s] -- Symlinking: /home/llagoeiro/Desktop/FEI/8_semestre/VisaoComputacionalFolder/projeto-visaoComputaria/install/yolov8_msgs/local/lib/python3.10/dist-packages/yolov8_msgs-3.4.0-py3.10.egg-info/PKG-INFO
[9.954s] -- Symlinking: /home/llagoeiro/Desktop/FEI/8_semestre/VisaoComputacionalFolder/projeto-visaoComputaria/install/yolov8_msgs/local/lib/python3.10/dist-packages/yolov8_msgs-3.4.0-py3.10.egg-info/SOURCES.txt
[9.960s] -- Symlinking: /home/llagoeiro/Desktop/FEI/8_semestre/VisaoComputacionalFolder/projeto-visaoComputaria/install/yolov8_msgs/local/lib/python3.10/dist-packages/yolov8_msgs-3.4.0-py3.10.egg-info/dependency_links.txt
[9.966s] -- Symlinking: /home/llagoeiro/Desktop/FEI/8_semestre/VisaoComputacionalFolder/projeto-visaoComputaria/install/yolov8_msgs/local/lib/python3.10/dist-packages/yolov8_msgs-3.4.0-py3.10.egg-info/top_level.txt
[9.975s] -- Symlinking: /home/llagoeiro/Desktop/FEI/8_semestre/VisaoComputacionalFolder/projeto-visaoComputaria/install/yolov8_msgs/local/lib/python3.10/dist-packages/yolov8_msgs/__init__.py
[9.983s] -- Symlinking: /home/llagoeiro/Desktop/FEI/8_semestre/VisaoComputacionalFolder/projeto-visaoComputaria/install/yolov8_msgs/local/lib/python3.10/dist-packages/yolov8_msgs/_yolov8_msgs_s.ep.rosidl_typesupport_c.c
[9.992s] -- Symlinking: /home/llagoeiro/Desktop/FEI/8_semestre/VisaoComputacionalFolder/projeto-visaoComputaria/install/yolov8_msgs/local/lib/python3.10/dist-packages/yolov8_msgs/_yolov8_msgs_s.ep.rosidl_typesupport_fastrtps_c.c
[9.999s] -- Symlinking: /home/llagoeiro/Desktop/FEI/8_semestre/VisaoComputacionalFolder/projeto-visaoComputaria/install/yolov8_msgs/local/lib/python3.10/dist-packages/yolov8_msgs/_yolov8_msgs_s.ep.rosidl_typesupport_introspection_c.c
[10.008s] -- Symlinking: /home/llagoeiro/Desktop/FEI/8_semestre/VisaoComputacionalFolder/projeto-visaoComputaria/install/yolov8_msgs/local/lib/python3.10/dist-packages/yolov8_msgs/libyolov8_msgs__rosidl_generator_py.so
[10.017s] -- Symlinking: /home/llagoeiro/Desktop/FEI/8_semestre/VisaoComputacionalFolder/projeto-visaoComputaria/install/yolov8_msgs/local/lib/python3.10/dist-packages/yolov8_msgs/msg/__init__.py
[10.024s] -- Symlinking: /home/llagoeiro/Desktop/FEI/8_semestre/VisaoComputacionalFolder/projeto-visaoComputaria/install/yolov8_msgs/local/lib/python3.10/dist-packages/yolov8_msgs/msg/_bounding_box2_d.py
[10.031s] -- Symlinking: /home/llagoeiro/Desktop/FEI/8_semestre/VisaoComputacionalFolder/projeto-visaoComputaria/install/yolov8_msgs/local/lib/python3.10/dist-packages/yolov8_msgs/msg/_bounding_box2_d_s.c
[10.037s] -- Symlinking: /home/llagoeiro/Desktop/FEI/8_semestre/VisaoComputacionalFolder/projeto-visaoComputaria/install/yolov8_msgs/local/lib/python3.10/dist-packages/yolov8_msgs/msg/_bounding_box3_d.py
[10.046s] -- Symlinking: /home/llagoeiro/Desktop/FEI/8_semestre/VisaoComputacionalFolder/projeto-visaoComputaria/install/yolov8_msgs/local/lib/python3.10/dist-packages/yolov8_msgs/msg/_bounding_box3_d_s.c
[10.055s] -- Symlinking: /home/llagoeiro/Desktop/FEI/8_semestre/VisaoComputacionalFolder/projeto-visaoComputaria/install/yolov8_msgs/local/lib/python3.10/dist-packages/yolov8_msgs/msg/_detection.py
[10.060s] -- Symlinking: /home/llagoeiro/Desktop/FEI/8_semestre/VisaoComputacionalFolder/projeto-visaoComputaria/install/yolov8_msgs/local/lib/python3.10/dist-packages/yolov8_msgs/msg/_detection_array.py
[10.067s] -- Symlinking: /home/llagoeiro/Desktop/FEI/8_semestre/VisaoComputacionalFolder/projeto-visaoComputaria/install/yolov8_msgs/local/lib/python3.10/dist-packages/yolov8_msgs/msg/_detection_array_s.c
[10.076s] -- Symlinking: /home/llagoeiro/Desktop/FEI/8_semestre/VisaoComputacionalFolder/projeto-visaoComputaria/install/yolov8_msgs/local/lib/python3.10/dist-packages/yolov8_msgs/msg/_detection_s.c
[10.085s] -- Symlinking: /home/llagoeiro/Desktop/FEI/8_semestre/VisaoComputacionalFolder/projeto-visaoComputaria/install/yolov8_msgs/local/lib/python3.10/dist-packages/yolov8_msgs/msg/_key_point2_d.py
[10.092s] -- Symlinking: /home/llagoeiro/Desktop/FEI/8_semestre/VisaoComputacionalFolder/projeto-visaoComputaria/install/yolov8_msgs/local/lib/python3.10/dist-packages/yolov8_msgs/msg/_key_point2_d_array.py
[10.098s] -- Symlinking: /home/llagoeiro/Desktop/FEI/8_semestre/VisaoComputacionalFolder/projeto-visaoComputaria/install/yolov8_msgs/local/lib/python3.10/dist-packages/yolov8_msgs/msg/_key_point2_d_array_s.c
[10.106s] -- Symlinking: /home/llagoeiro/Desktop/FEI/8_semestre/VisaoComputacionalFolder/projeto-visaoComputaria/install/yolov8_msgs/local/lib/python3.10/dist-packages/yolov8_msgs/msg/_key_point2_d_s.c
[10.113s] -- Symlinking: /home/llagoeiro/Desktop/FEI/8_semestre/VisaoComputacionalFolder/projeto-visaoComputaria/install/yolov8_msgs/local/lib/python3.10/dist-packages/yolov8_msgs/msg/_key_point3_d.py
[10.119s] -- Symlinking: /home/llagoeiro/Desktop/FEI/8_semestre/VisaoComputacionalFolder/projeto-visaoComputaria/install/yolov8_msgs/local/lib/python3.10/dist-packages/yolov8_msgs/msg/_key_point3_d_array.py
[10.125s] -- Symlinking: /home/llagoeiro/Desktop/FEI/8_semestre/VisaoComputacionalFolder/projeto-visaoComputaria/install/yolov8_msgs/local/lib/python3.10/dist-packages/yolov8_msgs/msg/_key_point3_d_array_s.c
[10.133s] -- Symlinking: /home/llagoeiro/Desktop/FEI/8_semestre/VisaoComputacionalFolder/projeto-visaoComputaria/install/yolov8_msgs/local/lib/python3.10/dist-packages/yolov8_msgs/msg/_key_point3_d_s.c
[10.139s] -- Symlinking: /home/llagoeiro/Desktop/FEI/8_semestre/VisaoComputacionalFolder/projeto-visaoComputaria/install/yolov8_msgs/local/lib/python3.10/dist-packages/yolov8_msgs/msg/_mask.py
[10.146s] -- Symlinking: /home/llagoeiro/Desktop/FEI/8_semestre/VisaoComputacionalFolder/projeto-visaoComputaria/install/yolov8_msgs/local/lib/python3.10/dist-packages/yolov8_msgs/msg/_mask_s.c
[10.153s] -- Symlinking: /home/llagoeiro/Desktop/FEI/8_semestre/VisaoComputacionalFolder/projeto-visaoComputaria/install/yolov8_msgs/local/lib/python3.10/dist-packages/yolov8_msgs/msg/_point2_d.py
[10.160s] -- Symlinking: /home/llagoeiro/Desktop/FEI/8_semestre/VisaoComputacionalFolder/projeto-visaoComputaria/install/yolov8_msgs/local/lib/python3.10/dist-packages/yolov8_msgs/msg/_point2_d_s.c
[10.168s] -- Symlinking: /home/llagoeiro/Desktop/FEI/8_semestre/VisaoComputacionalFolder/projeto-visaoComputaria/install/yolov8_msgs/local/lib/python3.10/dist-packages/yolov8_msgs/msg/_pose2_d.py
[10.178s] -- Symlinking: /home/llagoeiro/Desktop/FEI/8_semestre/VisaoComputacionalFolder/projeto-visaoComputaria/install/yolov8_msgs/local/lib/python3.10/dist-packages/yolov8_msgs/msg/_pose2_d_s.c
[10.186s] -- Symlinking: /home/llagoeiro/Desktop/FEI/8_semestre/VisaoComputacionalFolder/projeto-visaoComputaria/install/yolov8_msgs/local/lib/python3.10/dist-packages/yolov8_msgs/msg/_vector2.py
[10.194s] -- Symlinking: /home/llagoeiro/Desktop/FEI/8_semestre/VisaoComputacionalFolder/projeto-visaoComputaria/install/yolov8_msgs/local/lib/python3.10/dist-packages/yolov8_msgs/msg/_vector2_s.c
[10.200s] -- Symlinking: /home/llagoeiro/Desktop/FEI/8_semestre/VisaoComputacionalFolder/projeto-visaoComputaria/install/yolov8_msgs/local/lib/python3.10/dist-packages/yolov8_msgs/yolov8_msgs_s__rosidl_typesupport_c.cpython-310-x86_64-linux-gnu.so
[10.206s] -- Symlinking: /home/llagoeiro/Desktop/FEI/8_semestre/VisaoComputacionalFolder/projeto-visaoComputaria/install/yolov8_msgs/local/lib/python3.10/dist-packages/yolov8_msgs/yolov8_msgs_s__rosidl_typesupport_fastrtps_c.cpython-310-x86_64-linux-gnu.so
[10.212s] -- Symlinking: /home/llagoeiro/Desktop/FEI/8_semestre/VisaoComputacionalFolder/projeto-visaoComputaria/install/yolov8_msgs/local/lib/python3.10/dist-packages/yolov8_msgs/yolov8_msgs_s__rosidl_typesupport_introspection_c.cpython-310-x86_64-linux-gnu.so
[10.219s] -- Up-to-date symlink: /home/llagoeiro/Desktop/FEI/8_semestre/VisaoComputacionalFolder/projeto-visaoComputaria/install/yolov8_msgs/local/lib/python3.10/dist-packages/yolov8_msgs/yolov8_msgs_s__rosidl_typesupport_fastrtps_c.cpython-310-x86_64-linux-gnu.so
[10.220s] -- Up-to-date symlink: /home/llagoeiro/Desktop/FEI/8_semestre/VisaoComputacionalFolder/projeto-visaoComputaria/install/yolov8_msgs/local/lib/python3.10/dist-packages/yolov8_msgs/yolov8_msgs_s__rosidl_typesupport_introspection_c.cpython-310-x86_64-linux-gnu.so
[10.220s] -- Up-to-date symlink: /home/llagoeiro/Desktop/FEI/8_semestre/VisaoComputacionalFolder/projeto-visaoComputaria/install/yolov8_msgs/local/lib/python3.10/dist-packages/yolov8_msgs/yolov8_msgs_s__rosidl_typesupport_c.cpython-310-x86_64-linux-gnu.so
[10.220s] -- Symlinking: /home/llagoeiro/Desktop/FEI/8_semestre/VisaoComputacionalFolder/projeto-visaoComputaria/install/yolov8_msgs/share/yolov8_msgs/msg/Point2D.idl
[10.226s] -- Symlinking: /home/llagoeiro/Desktop/FEI/8_semestre/VisaoComputacionalFolder/projeto-visaoComputaria/install/yolov8_msgs/share/yolov8_msgs/msg/Vector2.idl
[10.233s] -- Symlinking: /home/llagoeiro/Desktop/FEI/8_semestre/VisaoComputacionalFolder/projeto-visaoComputaria/install/yolov8_msgs/share/yolov8_msgs/msg/Pose2D.idl
[10.239s] -- Symlinking: /home/llagoeiro/Desktop/FEI/8_semestre/VisaoComputacionalFolder/projeto-visaoComputaria/install/yolov8_msgs/share/yolov8_msgs/msg/BoundingBox2D.idl
[10.246s] -- Symlinking: /home/llagoeiro/Desktop/FEI/8_semestre/VisaoComputacionalFolder/projeto-visaoComputaria/install/yolov8_msgs/share/yolov8_msgs/msg/BoundingBox3D.idl
[10.252s] -- Symlinking: /home/llagoeiro/Desktop/FEI/8_semestre/VisaoComputacionalFolder/projeto-visaoComputaria/install/yolov8_msgs/share/yolov8_msgs/msg/Mask.idl
[10.258s] -- Symlinking: /home/llagoeiro/Desktop/FEI/8_semestre/VisaoComputacionalFolder/projeto-visaoComputaria/install/yolov8_msgs/share/yolov8_msgs/msg/KeyPoint2D.idl
[10.265s] -- Symlinking: /home/llagoeiro/Desktop/FEI/8_semestre/VisaoComputacionalFolder/projeto-visaoComputaria/install/yolov8_msgs/share/yolov8_msgs/msg/KeyPoint2DArray.idl
[10.273s] -- Symlinking: /home/llagoeiro/Desktop/FEI/8_semestre/VisaoComputacionalFolder/projeto-visaoComputaria/install/yolov8_msgs/share/yolov8_msgs/msg/KeyPoint3D.idl
[10.281s] -- Symlinking: /home/llagoeiro/Desktop/FEI/8_semestre/VisaoComputacionalFolder/projeto-visaoComputaria/install/yolov8_msgs/share/yolov8_msgs/msg/KeyPoint3DArray.idl
[10.288s] -- Symlinking: /home/llagoeiro/Desktop/FEI/8_semestre/VisaoComputacionalFolder/projeto-visaoComputaria/install/yolov8_msgs/share/yolov8_msgs/msg/Detection.idl
[10.296s] -- Symlinking: /home/llagoeiro/Desktop/FEI/8_semestre/VisaoComputacionalFolder/projeto-visaoComputaria/install/yolov8_msgs/share/yolov8_msgs/msg/DetectionArray.idl
[10.302s] -- Symlinking: /home/llagoeiro/Desktop/FEI/8_semestre/VisaoComputacionalFolder/projeto-visaoComputaria/install/yolov8_msgs/share/yolov8_msgs/msg/Point2D.msg
[10.308s] -- Symlinking: /home/llagoeiro/Desktop/FEI/8_semestre/VisaoComputacionalFolder/projeto-visaoComputaria/install/yolov8_msgs/share/yolov8_msgs/msg/Vector2.msg
[10.315s] -- Symlinking: /home/llagoeiro/Desktop/FEI/8_semestre/VisaoComputacionalFolder/projeto-visaoComputaria/install/yolov8_msgs/share/yolov8_msgs/msg/Pose2D.msg
[10.323s] -- Symlinking: /home/llagoeiro/Desktop/FEI/8_semestre/VisaoComputacionalFolder/projeto-visaoComputaria/install/yolov8_msgs/share/yolov8_msgs/msg/BoundingBox2D.msg
[10.332s] -- Symlinking: /home/llagoeiro/Desktop/FEI/8_semestre/VisaoComputacionalFolder/projeto-visaoComputaria/install/yolov8_msgs/share/yolov8_msgs/msg/BoundingBox3D.msg
[10.342s] -- Symlinking: /home/llagoeiro/Desktop/FEI/8_semestre/VisaoComputacionalFolder/projeto-visaoComputaria/install/yolov8_msgs/share/yolov8_msgs/msg/Mask.msg
[10.349s] -- Symlinking: /home/llagoeiro/Desktop/FEI/8_semestre/VisaoComputacionalFolder/projeto-visaoComputaria/install/yolov8_msgs/share/yolov8_msgs/msg/KeyPoint2D.msg
[10.357s] -- Symlinking: /home/llagoeiro/Desktop/FEI/8_semestre/VisaoComputacionalFolder/projeto-visaoComputaria/install/yolov8_msgs/share/yolov8_msgs/msg/KeyPoint2DArray.msg
[10.363s] -- Symlinking: /home/llagoeiro/Desktop/FEI/8_semestre/VisaoComputacionalFolder/projeto-visaoComputaria/install/yolov8_msgs/share/yolov8_msgs/msg/KeyPoint3D.msg
[10.371s] -- Symlinking: /home/llagoeiro/Desktop/FEI/8_semestre/VisaoComputacionalFolder/projeto-visaoComputaria/install/yolov8_msgs/share/yolov8_msgs/msg/KeyPoint3DArray.msg
[10.381s] -- Symlinking: /home/llagoeiro/Desktop/FEI/8_semestre/VisaoComputacionalFolder/projeto-visaoComputaria/install/yolov8_msgs/share/yolov8_msgs/msg/Detection.msg
[10.387s] -- Symlinking: /home/llagoeiro/Desktop/FEI/8_semestre/VisaoComputacionalFolder/projeto-visaoComputaria/install/yolov8_msgs/share/yolov8_msgs/msg/DetectionArray.msg
[10.394s] -- Symlinking: /home/llagoeiro/Desktop/FEI/8_semestre/VisaoComputacionalFolder/projeto-visaoComputaria/install/yolov8_msgs/share/ament_index/resource_index/package_run_dependencies/yolov8_msgs
[10.402s] -- Symlinking: /home/llagoeiro/Desktop/FEI/8_semestre/VisaoComputacionalFolder/projeto-visaoComputaria/install/yolov8_msgs/share/ament_index/resource_index/parent_prefix_path/yolov8_msgs
[10.407s] -- Symlinking: /home/llagoeiro/Desktop/FEI/8_semestre/VisaoComputacionalFolder/projeto-visaoComputaria/install/yolov8_msgs/share/yolov8_msgs/environment/ament_prefix_path.sh
[10.415s] -- Symlinking: /home/llagoeiro/Desktop/FEI/8_semestre/VisaoComputacionalFolder/projeto-visaoComputaria/install/yolov8_msgs/share/yolov8_msgs/environment/ament_prefix_path.dsv
[10.423s] -- Symlinking: /home/llagoeiro/Desktop/FEI/8_semestre/VisaoComputacionalFolder/projeto-visaoComputaria/install/yolov8_msgs/share/yolov8_msgs/environment/path.sh
[10.430s] -- Symlinking: /home/llagoeiro/Desktop/FEI/8_semestre/VisaoComputacionalFolder/projeto-visaoComputaria/install/yolov8_msgs/share/yolov8_msgs/environment/path.dsv
[10.436s] -- Symlinking: /home/llagoeiro/Desktop/FEI/8_semestre/VisaoComputacionalFolder/projeto-visaoComputaria/install/yolov8_msgs/share/yolov8_msgs/local_setup.bash
[10.444s] -- Symlinking: /home/llagoeiro/Desktop/FEI/8_semestre/VisaoComputacionalFolder/projeto-visaoComputaria/install/yolov8_msgs/share/yolov8_msgs/local_setup.sh
[10.452s] -- Symlinking: /home/llagoeiro/Desktop/FEI/8_semestre/VisaoComputacionalFolder/projeto-visaoComputaria/install/yolov8_msgs/share/yolov8_msgs/local_setup.zsh
[10.459s] -- Symlinking: /home/llagoeiro/Desktop/FEI/8_semestre/VisaoComputacionalFolder/projeto-visaoComputaria/install/yolov8_msgs/share/yolov8_msgs/local_setup.dsv
[10.466s] -- Symlinking: /home/llagoeiro/Desktop/FEI/8_semestre/VisaoComputacionalFolder/projeto-visaoComputaria/install/yolov8_msgs/share/yolov8_msgs/package.dsv
[10.474s] -- Symlinking: /home/llagoeiro/Desktop/FEI/8_semestre/VisaoComputacionalFolder/projeto-visaoComputaria/install/yolov8_msgs/share/ament_index/resource_index/packages/yolov8_msgs
[10.482s] -- Symlinking: /home/llagoeiro/Desktop/FEI/8_semestre/VisaoComputacionalFolder/projeto-visaoComputaria/install/yolov8_msgs/share/yolov8_msgs/cmake/rosidl_cmake-extras.cmake
[10.488s] -- Symlinking: /home/llagoeiro/Desktop/FEI/8_semestre/VisaoComputacionalFolder/projeto-visaoComputaria/install/yolov8_msgs/share/yolov8_msgs/cmake/ament_cmake_export_dependencies-extras.cmake
[10.495s] -- Symlinking: /home/llagoeiro/Desktop/FEI/8_semestre/VisaoComputacionalFolder/projeto-visaoComputaria/install/yolov8_msgs/share/yolov8_msgs/cmake/ament_cmake_export_include_directories-extras.cmake
[10.503s] -- Symlinking: /home/llagoeiro/Desktop/FEI/8_semestre/VisaoComputacionalFolder/projeto-visaoComputaria/install/yolov8_msgs/share/yolov8_msgs/cmake/ament_cmake_export_libraries-extras.cmake
[10.513s] -- Symlinking: /home/llagoeiro/Desktop/FEI/8_semestre/VisaoComputacionalFolder/projeto-visaoComputaria/install/yolov8_msgs/share/yolov8_msgs/cmake/ament_cmake_export_targets-extras.cmake
[10.519s] -- Symlinking: /home/llagoeiro/Desktop/FEI/8_semestre/VisaoComputacionalFolder/projeto-visaoComputaria/install/yolov8_msgs/share/yolov8_msgs/cmake/rosidl_cmake_export_typesupport_targets-extras.cmake
[10.528s] -- Symlinking: /home/llagoeiro/Desktop/FEI/8_semestre/VisaoComputacionalFolder/projeto-visaoComputaria/install/yolov8_msgs/share/yolov8_msgs/cmake/rosidl_cmake_export_typesupport_libraries-extras.cmake
[10.537s] -- Symlinking: /home/llagoeiro/Desktop/FEI/8_semestre/VisaoComputacionalFolder/projeto-visaoComputaria/install/yolov8_msgs/share/yolov8_msgs/cmake/yolov8_msgsConfig.cmake
[10.543s] -- Symlinking: /home/llagoeiro/Desktop/FEI/8_semestre/VisaoComputacionalFolder/projeto-visaoComputaria/install/yolov8_msgs/share/yolov8_msgs/cmake/yolov8_msgsConfig-version.cmake
[10.550s] -- Symlinking: /home/llagoeiro/Desktop/FEI/8_semestre/VisaoComputacionalFolder/projeto-visaoComputaria/install/yolov8_msgs/share/yolov8_msgs/package.xml
[10.557s] -- Installing: /home/llagoeiro/Desktop/FEI/8_semestre/VisaoComputacionalFolder/projeto-visaoComputaria/install/yolov8_msgs/lib/libyolov8_msgs__rosidl_generator_c.so
[10.557s] -- Set runtime path of "/home/llagoeiro/Desktop/FEI/8_semestre/VisaoComputacionalFolder/projeto-visaoComputaria/install/yolov8_msgs/lib/libyolov8_msgs__rosidl_generator_c.so" to ""
[10.557s] -- Installing: /home/llagoeiro/Desktop/FEI/8_semestre/VisaoComputacionalFolder/projeto-visaoComputaria/install/yolov8_msgs/lib/libyolov8_msgs__rosidl_typesupport_fastrtps_c.so
[10.558s] -- Set runtime path of "/home/llagoeiro/Desktop/FEI/8_semestre/VisaoComputacionalFolder/projeto-visaoComputaria/install/yolov8_msgs/lib/libyolov8_msgs__rosidl_typesupport_fastrtps_c.so" to ""
[10.558s] -- Installing: /home/llagoeiro/Desktop/FEI/8_semestre/VisaoComputacionalFolder/projeto-visaoComputaria/install/yolov8_msgs/lib/libyolov8_msgs__rosidl_typesupport_introspection_c.so
[10.558s] -- Set runtime path of "/home/llagoeiro/Desktop/FEI/8_semestre/VisaoComputacionalFolder/projeto-visaoComputaria/install/yolov8_msgs/lib/libyolov8_msgs__rosidl_typesupport_introspection_c.so" to ""
[10.558s] -- Installing: /home/llagoeiro/Desktop/FEI/8_semestre/VisaoComputacionalFolder/projeto-visaoComputaria/install/yolov8_msgs/lib/libyolov8_msgs__rosidl_typesupport_c.so
[10.558s] -- Set runtime path of "/home/llagoeiro/Desktop/FEI/8_semestre/VisaoComputacionalFolder/projeto-visaoComputaria/install/yolov8_msgs/lib/libyolov8_msgs__rosidl_typesupport_c.so" to ""
[10.558s] -- Installing: /home/llagoeiro/Desktop/FEI/8_semestre/VisaoComputacionalFolder/projeto-visaoComputaria/install/yolov8_msgs/lib/libyolov8_msgs__rosidl_typesupport_fastrtps_cpp.so
[10.559s] -- Set runtime path of "/home/llagoeiro/Desktop/FEI/8_semestre/VisaoComputacionalFolder/projeto-visaoComputaria/install/yolov8_msgs/lib/libyolov8_msgs__rosidl_typesupport_fastrtps_cpp.so" to ""
[10.559s] -- Installing: /home/llagoeiro/Desktop/FEI/8_semestre/VisaoComputacionalFolder/projeto-visaoComputaria/install/yolov8_msgs/lib/libyolov8_msgs__rosidl_typesupport_introspection_cpp.so
[10.559s] -- Set runtime path of "/home/llagoeiro/Desktop/FEI/8_semestre/VisaoComputacionalFolder/projeto-visaoComputaria/install/yolov8_msgs/lib/libyolov8_msgs__rosidl_typesupport_introspection_cpp.so" to ""
[10.559s] -- Installing: /home/llagoeiro/Desktop/FEI/8_semestre/VisaoComputacionalFolder/projeto-visaoComputaria/install/yolov8_msgs/lib/libyolov8_msgs__rosidl_typesupport_cpp.so
[10.559s] -- Set runtime path of "/home/llagoeiro/Desktop/FEI/8_semestre/VisaoComputacionalFolder/projeto-visaoComputaria/install/yolov8_msgs/lib/libyolov8_msgs__rosidl_typesupport_cpp.so" to ""
[10.593s] Listing '/home/llagoeiro/Desktop/FEI/8_semestre/VisaoComputacionalFolder/projeto-visaoComputaria/install/yolov8_msgs/local/lib/python3.10/dist-packages/yolov8_msgs'...
[10.594s] Compiling '/home/llagoeiro/Desktop/FEI/8_semestre/VisaoComputacionalFolder/projeto-visaoComputaria/install/yolov8_msgs/local/lib/python3.10/dist-packages/yolov8_msgs/__init__.py'...
[10.594s] Listing '/home/llagoeiro/Desktop/FEI/8_semestre/VisaoComputacionalFolder/projeto-visaoComputaria/install/yolov8_msgs/local/lib/python3.10/dist-packages/yolov8_msgs/msg'...
[10.594s] Compiling '/home/llagoeiro/Desktop/FEI/8_semestre/VisaoComputacionalFolder/projeto-visaoComputaria/install/yolov8_msgs/local/lib/python3.10/dist-packages/yolov8_msgs/msg/__init__.py'...
[10.594s] Compiling '/home/llagoeiro/Desktop/FEI/8_semestre/VisaoComputacionalFolder/projeto-visaoComputaria/install/yolov8_msgs/local/lib/python3.10/dist-packages/yolov8_msgs/msg/_bounding_box2_d.py'...
[10.594s] Compiling '/home/llagoeiro/Desktop/FEI/8_semestre/VisaoComputacionalFolder/projeto-visaoComputaria/install/yolov8_msgs/local/lib/python3.10/dist-packages/yolov8_msgs/msg/_bounding_box3_d.py'...
[10.594s] Compiling '/home/llagoeiro/Desktop/FEI/8_semestre/VisaoComputacionalFolder/projeto-visaoComputaria/install/yolov8_msgs/local/lib/python3.10/dist-packages/yolov8_msgs/msg/_detection.py'...
[10.594s] Compiling '/home/llagoeiro/Desktop/FEI/8_semestre/VisaoComputacionalFolder/projeto-visaoComputaria/install/yolov8_msgs/local/lib/python3.10/dist-packages/yolov8_msgs/msg/_detection_array.py'...
[10.594s] Compiling '/home/llagoeiro/Desktop/FEI/8_semestre/VisaoComputacionalFolder/projeto-visaoComputaria/install/yolov8_msgs/local/lib/python3.10/dist-packages/yolov8_msgs/msg/_key_point2_d.py'...
[10.594s] Compiling '/home/llagoeiro/Desktop/FEI/8_semestre/VisaoComputacionalFolder/projeto-visaoComputaria/install/yolov8_msgs/local/lib/python3.10/dist-packages/yolov8_msgs/msg/_key_point2_d_array.py'...
[10.594s] Compiling '/home/llagoeiro/Desktop/FEI/8_semestre/VisaoComputacionalFolder/projeto-visaoComputaria/install/yolov8_msgs/local/lib/python3.10/dist-packages/yolov8_msgs/msg/_key_point3_d.py'...
[10.594s] Compiling '/home/llagoeiro/Desktop/FEI/8_semestre/VisaoComputacionalFolder/projeto-visaoComputaria/install/yolov8_msgs/local/lib/python3.10/dist-packages/yolov8_msgs/msg/_key_point3_d_array.py'...
[10.594s] Compiling '/home/llagoeiro/Desktop/FEI/8_semestre/VisaoComputacionalFolder/projeto-visaoComputaria/install/yolov8_msgs/local/lib/python3.10/dist-packages/yolov8_msgs/msg/_mask.py'...
[10.594s] Compiling '/home/llagoeiro/Desktop/FEI/8_semestre/VisaoComputacionalFolder/projeto-visaoComputaria/install/yolov8_msgs/local/lib/python3.10/dist-packages/yolov8_msgs/msg/_point2_d.py'...
[10.594s] Compiling '/home/llagoeiro/Desktop/FEI/8_semestre/VisaoComputacionalFolder/projeto-visaoComputaria/install/yolov8_msgs/local/lib/python3.10/dist-packages/yolov8_msgs/msg/_pose2_d.py'...
[10.595s] Compiling '/home/llagoeiro/Desktop/FEI/8_semestre/VisaoComputacionalFolder/projeto-visaoComputaria/install/yolov8_msgs/local/lib/python3.10/dist-packages/yolov8_msgs/msg/_vector2.py'...
[10.597s] -- Installing: /home/llagoeiro/Desktop/FEI/8_semestre/VisaoComputacionalFolder/projeto-visaoComputaria/install/yolov8_msgs/lib/libyolov8_msgs__rosidl_generator_py.so
[10.597s] -- Set runtime path of "/home/llagoeiro/Desktop/FEI/8_semestre/VisaoComputacionalFolder/projeto-visaoComputaria/install/yolov8_msgs/lib/libyolov8_msgs__rosidl_generator_py.so" to ""
[10.597s] -- Installing: /home/llagoeiro/Desktop/FEI/8_semestre/VisaoComputacionalFolder/projeto-visaoComputaria/install/yolov8_msgs/share/yolov8_msgs/cmake/export_yolov8_msgs__rosidl_generator_cExport.cmake
[10.597s] -- Installing: /home/llagoeiro/Desktop/FEI/8_semestre/VisaoComputacionalFolder/projeto-visaoComputaria/install/yolov8_msgs/share/yolov8_msgs/cmake/export_yolov8_msgs__rosidl_generator_cExport-noconfig.cmake
[10.597s] -- Installing: /home/llagoeiro/Desktop/FEI/8_semestre/VisaoComputacionalFolder/projeto-visaoComputaria/install/yolov8_msgs/share/yolov8_msgs/cmake/export_yolov8_msgs__rosidl_typesupport_fastrtps_cExport.cmake
[10.598s] -- Installing: /home/llagoeiro/Desktop/FEI/8_semestre/VisaoComputacionalFolder/projeto-visaoComputaria/install/yolov8_msgs/share/yolov8_msgs/cmake/export_yolov8_msgs__rosidl_typesupport_fastrtps_cExport-noconfig.cmake
[10.598s] -- Installing: /home/llagoeiro/Desktop/FEI/8_semestre/VisaoComputacionalFolder/projeto-visaoComputaria/install/yolov8_msgs/share/yolov8_msgs/cmake/yolov8_msgs__rosidl_typesupport_introspection_cExport.cmake
[10.598s] -- Installing: /home/llagoeiro/Desktop/FEI/8_semestre/VisaoComputacionalFolder/projeto-visaoComputaria/install/yolov8_msgs/share/yolov8_msgs/cmake/yolov8_msgs__rosidl_typesupport_introspection_cExport-noconfig.cmake
[10.598s] -- Installing: /home/llagoeiro/Desktop/FEI/8_semestre/VisaoComputacionalFolder/projeto-visaoComputaria/install/yolov8_msgs/share/yolov8_msgs/cmake/yolov8_msgs__rosidl_typesupport_cExport.cmake
[10.598s] -- Installing: /home/llagoeiro/Desktop/FEI/8_semestre/VisaoComputacionalFolder/projeto-visaoComputaria/install/yolov8_msgs/share/yolov8_msgs/cmake/yolov8_msgs__rosidl_typesupport_cExport-noconfig.cmake
[10.598s] -- Installing: /home/llagoeiro/Desktop/FEI/8_semestre/VisaoComputacionalFolder/projeto-visaoComputaria/install/yolov8_msgs/share/yolov8_msgs/cmake/export_yolov8_msgs__rosidl_generator_cppExport.cmake
[10.598s] -- Installing: /home/llagoeiro/Desktop/FEI/8_semestre/VisaoComputacionalFolder/projeto-visaoComputaria/install/yolov8_msgs/share/yolov8_msgs/cmake/export_yolov8_msgs__rosidl_typesupport_fastrtps_cppExport.cmake
[10.598s] -- Installing: /home/llagoeiro/Desktop/FEI/8_semestre/VisaoComputacionalFolder/projeto-visaoComputaria/install/yolov8_msgs/share/yolov8_msgs/cmake/export_yolov8_msgs__rosidl_typesupport_fastrtps_cppExport-noconfig.cmake
[10.598s] -- Installing: /home/llagoeiro/Desktop/FEI/8_semestre/VisaoComputacionalFolder/projeto-visaoComputaria/install/yolov8_msgs/share/yolov8_msgs/cmake/yolov8_msgs__rosidl_typesupport_introspection_cppExport.cmake
[10.598s] -- Installing: /home/llagoeiro/Desktop/FEI/8_semestre/VisaoComputacionalFolder/projeto-visaoComputaria/install/yolov8_msgs/share/yolov8_msgs/cmake/yolov8_msgs__rosidl_typesupport_introspection_cppExport-noconfig.cmake
[10.598s] -- Installing: /home/llagoeiro/Desktop/FEI/8_semestre/VisaoComputacionalFolder/projeto-visaoComputaria/install/yolov8_msgs/share/yolov8_msgs/cmake/yolov8_msgs__rosidl_typesupport_cppExport.cmake
[10.598s] -- Installing: /home/llagoeiro/Desktop/FEI/8_semestre/VisaoComputacionalFolder/projeto-visaoComputaria/install/yolov8_msgs/share/yolov8_msgs/cmake/yolov8_msgs__rosidl_typesupport_cppExport-noconfig.cmake
[10.598s] -- Installing: /home/llagoeiro/Desktop/FEI/8_semestre/VisaoComputacionalFolder/projeto-visaoComputaria/install/yolov8_msgs/share/yolov8_msgs/cmake/export_yolov8_msgs__rosidl_generator_pyExport.cmake
[10.598s] -- Installing: /home/llagoeiro/Desktop/FEI/8_semestre/VisaoComputacionalFolder/projeto-visaoComputaria/install/yolov8_msgs/share/yolov8_msgs/cmake/export_yolov8_msgs__rosidl_generator_pyExport-noconfig.cmake
[10.601s] Invoked command in '/home/llagoeiro/Desktop/FEI/8_semestre/VisaoComputacionalFolder/projeto-visaoComputaria/build/yolov8_msgs' returned '0': CMAKE_PREFIX_PATH=/opt/ros/humble /usr/bin/cmake --install /home/llagoeiro/Desktop/FEI/8_semestre/VisaoComputacionalFolder/projeto-visaoComputaria/build/yolov8_msgs
