[1.488s] Invoking command in '/home/robo/Desktop/lagoeiro/MiniMarketSecurity/MiniMarketSecurity/build/opencv_tools': PYTHONPATH=/home/robo/Desktop/lagoeiro/MiniMarketSecurity/MiniMarketSecurity/build/opencv_tools/prefix_override:/usr/lib/python3/dist-packages/colcon_core/task/python/colcon_distutils_commands:/home/robo/Desktop/lagoeiro/MiniMarketSecurity/MiniMarketSecurity/install/opencv_tools/lib/python3.10/site-packages:${PYTHONPATH} /usr/bin/python3 -W ignore:setup.py install is deprecated setup.py develop --editable --build-directory /home/robo/Desktop/lagoeiro/MiniMarketSecurity/MiniMarketSecurity/build/opencv_tools/build --no-deps symlink_data
[2.180s] running develop
[2.180s] /home/robo/.local/lib/python3.10/site-packages/setuptools/command/develop.py:40: EasyInstallDeprecationWarning: easy_install command is deprecated.
[2.180s] !!
[2.180s] 
[2.180s]         ********************************************************************************
[2.180s]         Please avoid running ``setup.py`` and ``easy_install``.
[2.180s]         Instead, use pypa/build, pypa/installer or other
[2.180s]         standards-based tools.
[2.180s] 
[2.180s]         See https://github.com/pypa/setuptools/issues/917 for details.
[2.181s]         ********************************************************************************
[2.181s] 
[2.181s] !!
[2.181s]   easy_install.initialize_options(self)
[2.631s] running egg_info
[2.660s] writing opencv_tools.egg-info/PKG-INFO
[2.660s] writing dependency_links to opencv_tools.egg-info/dependency_links.txt
[2.661s] writing entry points to opencv_tools.egg-info/entry_points.txt
[2.661s] writing requirements to opencv_tools.egg-info/requires.txt
[2.661s] writing top-level names to opencv_tools.egg-info/top_level.txt
[2.725s] reading manifest file 'opencv_tools.egg-info/SOURCES.txt'
[2.727s] writing manifest file 'opencv_tools.egg-info/SOURCES.txt'
[2.757s] running build_ext
[2.757s] Creating /home/robo/Desktop/lagoeiro/MiniMarketSecurity/MiniMarketSecurity/install/opencv_tools/lib/python3.10/site-packages/opencv-tools.egg-link (link to .)
[2.759s] Installing publisherIMG script to /home/robo/Desktop/lagoeiro/MiniMarketSecurity/MiniMarketSecurity/install/opencv_tools/lib/opencv_tools
[2.759s] Installing publisherPNG script to /home/robo/Desktop/lagoeiro/MiniMarketSecurity/MiniMarketSecurity/install/opencv_tools/lib/opencv_tools
[2.759s] Installing subscribeIMG script to /home/robo/Desktop/lagoeiro/MiniMarketSecurity/MiniMarketSecurity/install/opencv_tools/lib/opencv_tools
[2.759s] Installing subscribeYOLOIMG script to /home/robo/Desktop/lagoeiro/MiniMarketSecurity/MiniMarketSecurity/install/opencv_tools/lib/opencv_tools
[2.760s] 
[2.760s] Installed /home/robo/Desktop/lagoeiro/MiniMarketSecurity/MiniMarketSecurity/build/opencv_tools
[2.760s] running symlink_data
[2.829s] Invoked command in '/home/robo/Desktop/lagoeiro/MiniMarketSecurity/MiniMarketSecurity/build/opencv_tools' returned '0': PYTHONPATH=/home/robo/Desktop/lagoeiro/MiniMarketSecurity/MiniMarketSecurity/build/opencv_tools/prefix_override:/usr/lib/python3/dist-packages/colcon_core/task/python/colcon_distutils_commands:/home/robo/Desktop/lagoeiro/MiniMarketSecurity/MiniMarketSecurity/install/opencv_tools/lib/python3.10/site-packages:${PYTHONPATH} /usr/bin/python3 -W ignore:setup.py install is deprecated setup.py develop --editable --build-directory /home/robo/Desktop/lagoeiro/MiniMarketSecurity/MiniMarketSecurity/build/opencv_tools/build --no-deps symlink_data
