[0.462s] Invoking command in '/home/robo/llagoeiro/MiniMarketSecurity/build/yolov8_ros': CMAKE_PREFIX_PATH=/home/robo/llagoeiro/MiniMarketSecurity/install/yolov8_msgs:/home/robo/llagoeiro/MiniMarketSecurity/install/yolov8_bringup PYTHONPATH=/home/robo/llagoeiro/MiniMarketSecurity/build/yolov8_ros/prefix_override:/usr/lib/python3/dist-packages/colcon_core/task/python/colcon_distutils_commands:/home/robo/llagoeiro/MiniMarketSecurity/install/yolov8_ros/lib/python3.10/site-packages:${PYTHONPATH} /usr/bin/python3 -W ignore:setup.py install is deprecated setup.py develop --editable --build-directory /home/robo/llagoeiro/MiniMarketSecurity/build/yolov8_ros/build --no-deps symlink_data
[0.621s] running develop
[0.621s] /usr/lib/python3/dist-packages/setuptools/command/easy_install.py:158: EasyInstallDeprecationWarning: easy_install command is deprecated. Use build and pip and other standards-based tools.
[0.621s]   warnings.warn(
[0.712s] running egg_info
[0.712s] creating yolov8_ros.egg-info
[0.712s] writing yolov8_ros.egg-info/PKG-INFO
[0.712s] writing dependency_links to yolov8_ros.egg-info/dependency_links.txt
[0.712s] writing entry points to yolov8_ros.egg-info/entry_points.txt
[0.712s] writing requirements to yolov8_ros.egg-info/requires.txt
[0.713s] writing top-level names to yolov8_ros.egg-info/top_level.txt
[0.713s] writing manifest file 'yolov8_ros.egg-info/SOURCES.txt'
[0.714s] reading manifest file 'yolov8_ros.egg-info/SOURCES.txt'
[0.714s] writing manifest file 'yolov8_ros.egg-info/SOURCES.txt'
[0.715s] running build_ext
[0.715s] Creating /home/robo/llagoeiro/MiniMarketSecurity/install/yolov8_ros/lib/python3.10/site-packages/yolov8-ros.egg-link (link to .)
[0.716s] Installing debug_node script to /home/robo/llagoeiro/MiniMarketSecurity/install/yolov8_ros/lib/yolov8_ros
[0.716s] Installing detect_3d_node script to /home/robo/llagoeiro/MiniMarketSecurity/install/yolov8_ros/lib/yolov8_ros
[0.716s] Installing tracking_node script to /home/robo/llagoeiro/MiniMarketSecurity/install/yolov8_ros/lib/yolov8_ros
[0.716s] Installing yolov8_node script to /home/robo/llagoeiro/MiniMarketSecurity/install/yolov8_ros/lib/yolov8_ros
[0.716s] 
[0.716s] Installed /home/robo/llagoeiro/MiniMarketSecurity/build/yolov8_ros
[0.716s] running symlink_data
[0.716s] creating /home/robo/llagoeiro/MiniMarketSecurity/install/yolov8_ros/share/ament_index
[0.716s] creating /home/robo/llagoeiro/MiniMarketSecurity/install/yolov8_ros/share/ament_index/resource_index
[0.717s] creating /home/robo/llagoeiro/MiniMarketSecurity/install/yolov8_ros/share/ament_index/resource_index/packages
[0.717s] symbolically linking /home/robo/llagoeiro/MiniMarketSecurity/build/yolov8_ros/resource/yolov8_ros -> /home/robo/llagoeiro/MiniMarketSecurity/install/yolov8_ros/share/ament_index/resource_index/packages
[0.717s] symbolically linking /home/robo/llagoeiro/MiniMarketSecurity/build/yolov8_ros/package.xml -> /home/robo/llagoeiro/MiniMarketSecurity/install/yolov8_ros/share/yolov8_ros
[0.736s] Invoked command in '/home/robo/llagoeiro/MiniMarketSecurity/build/yolov8_ros' returned '0': CMAKE_PREFIX_PATH=/home/robo/llagoeiro/MiniMarketSecurity/install/yolov8_msgs:/home/robo/llagoeiro/MiniMarketSecurity/install/yolov8_bringup PYTHONPATH=/home/robo/llagoeiro/MiniMarketSecurity/build/yolov8_ros/prefix_override:/usr/lib/python3/dist-packages/colcon_core/task/python/colcon_distutils_commands:/home/robo/llagoeiro/MiniMarketSecurity/install/yolov8_ros/lib/python3.10/site-packages:${PYTHONPATH} /usr/bin/python3 -W ignore:setup.py install is deprecated setup.py develop --editable --build-directory /home/robo/llagoeiro/MiniMarketSecurity/build/yolov8_ros/build --no-deps symlink_data
