[0.008s] Invoking command in '/home/robo/llagoeiro/MiniMarketSecurity/build/yolov8_bringup': AMENT_PREFIX_PATH=/home/robo/llagoeiro/MiniMarketSecurity/install/yolov8_ros:/home/robo/llagoeiro/MiniMarketSecurity/install/yolov8_bringup:/home/robo/llagoeiro/MiniMarketSecurity/install/yolov8_msgs:/home/robo/llagoeiro/MiniMarketSecurity/install/opencv_tools:/opt/ros/humble CMAKE_PREFIX_PATH=/home/robo/llagoeiro/MiniMarketSecurity/install/yolov8_msgs:/home/robo/llagoeiro/MiniMarketSecurity/install/yolov8_bringup:/home/robo/llagoeiro/MiniMarketSecurity/install/yolov8_ros:/home/robo/llagoeiro/MiniMarketSecurity/install/opencv_tools:/opt/ros/humble /usr/bin/cmake --build /home/robo/llagoeiro/MiniMarketSecurity/build/yolov8_bringup -- -j20 -l20
[0.035s] Invoked command in '/home/robo/llagoeiro/MiniMarketSecurity/build/yolov8_bringup' returned '0': AMENT_PREFIX_PATH=/home/robo/llagoeiro/MiniMarketSecurity/install/yolov8_ros:/home/robo/llagoeiro/MiniMarketSecurity/install/yolov8_bringup:/home/robo/llagoeiro/MiniMarketSecurity/install/yolov8_msgs:/home/robo/llagoeiro/MiniMarketSecurity/install/opencv_tools:/opt/ros/humble CMAKE_PREFIX_PATH=/home/robo/llagoeiro/MiniMarketSecurity/install/yolov8_msgs:/home/robo/llagoeiro/MiniMarketSecurity/install/yolov8_bringup:/home/robo/llagoeiro/MiniMarketSecurity/install/yolov8_ros:/home/robo/llagoeiro/MiniMarketSecurity/install/opencv_tools:/opt/ros/humble /usr/bin/cmake --build /home/robo/llagoeiro/MiniMarketSecurity/build/yolov8_bringup -- -j20 -l20
[0.053s] Invoking command in '/home/robo/llagoeiro/MiniMarketSecurity/build/yolov8_bringup': AMENT_PREFIX_PATH=/home/robo/llagoeiro/MiniMarketSecurity/install/yolov8_ros:/home/robo/llagoeiro/MiniMarketSecurity/install/yolov8_bringup:/home/robo/llagoeiro/MiniMarketSecurity/install/yolov8_msgs:/home/robo/llagoeiro/MiniMarketSecurity/install/opencv_tools:/opt/ros/humble CMAKE_PREFIX_PATH=/home/robo/llagoeiro/MiniMarketSecurity/install/yolov8_msgs:/home/robo/llagoeiro/MiniMarketSecurity/install/yolov8_bringup:/home/robo/llagoeiro/MiniMarketSecurity/install/yolov8_ros:/home/robo/llagoeiro/MiniMarketSecurity/install/opencv_tools:/opt/ros/humble /usr/bin/cmake --install /home/robo/llagoeiro/MiniMarketSecurity/build/yolov8_bringup
[0.058s] -- Install configuration: ""
[0.058s] -- Execute custom install script
[0.059s] -- Up-to-date symlink: /home/robo/llagoeiro/MiniMarketSecurity/install/yolov8_bringup/share/yolov8_bringup//launch/yolo-nas.launch.py
[0.059s] -- Up-to-date symlink: /home/robo/llagoeiro/MiniMarketSecurity/install/yolov8_bringup/share/yolov8_bringup//launch/yolov10.launch.py
[0.059s] -- Up-to-date symlink: /home/robo/llagoeiro/MiniMarketSecurity/install/yolov8_bringup/share/yolov8_bringup//launch/yolov11.launch.py
[0.059s] -- Up-to-date symlink: /home/robo/llagoeiro/MiniMarketSecurity/install/yolov8_bringup/share/yolov8_bringup//launch/yolov5.launch.py
[0.059s] -- Up-to-date symlink: /home/robo/llagoeiro/MiniMarketSecurity/install/yolov8_bringup/share/yolov8_bringup//launch/yolov8.launch.py
[0.059s] -- Up-to-date symlink: /home/robo/llagoeiro/MiniMarketSecurity/install/yolov8_bringup/share/yolov8_bringup//launch/yolov8_3d.launch.py
[0.059s] -- Up-to-date symlink: /home/robo/llagoeiro/MiniMarketSecurity/install/yolov8_bringup/share/yolov8_bringup//launch/yolov9.launch.py
[0.059s] -- Up-to-date symlink: /home/robo/llagoeiro/MiniMarketSecurity/install/yolov8_bringup/share/ament_index/resource_index/package_run_dependencies/yolov8_bringup
[0.059s] -- Up-to-date symlink: /home/robo/llagoeiro/MiniMarketSecurity/install/yolov8_bringup/share/ament_index/resource_index/parent_prefix_path/yolov8_bringup
[0.059s] -- Up-to-date symlink: /home/robo/llagoeiro/MiniMarketSecurity/install/yolov8_bringup/share/yolov8_bringup/environment/ament_prefix_path.sh
[0.060s] -- Up-to-date symlink: /home/robo/llagoeiro/MiniMarketSecurity/install/yolov8_bringup/share/yolov8_bringup/environment/ament_prefix_path.dsv
[0.060s] -- Up-to-date symlink: /home/robo/llagoeiro/MiniMarketSecurity/install/yolov8_bringup/share/yolov8_bringup/environment/path.sh
[0.060s] -- Up-to-date symlink: /home/robo/llagoeiro/MiniMarketSecurity/install/yolov8_bringup/share/yolov8_bringup/environment/path.dsv
[0.060s] -- Up-to-date symlink: /home/robo/llagoeiro/MiniMarketSecurity/install/yolov8_bringup/share/yolov8_bringup/local_setup.bash
[0.060s] -- Up-to-date symlink: /home/robo/llagoeiro/MiniMarketSecurity/install/yolov8_bringup/share/yolov8_bringup/local_setup.sh
[0.060s] -- Up-to-date symlink: /home/robo/llagoeiro/MiniMarketSecurity/install/yolov8_bringup/share/yolov8_bringup/local_setup.zsh
[0.060s] -- Up-to-date symlink: /home/robo/llagoeiro/MiniMarketSecurity/install/yolov8_bringup/share/yolov8_bringup/local_setup.dsv
[0.060s] -- Symlinking: /home/robo/llagoeiro/MiniMarketSecurity/install/yolov8_bringup/share/yolov8_bringup/package.dsv
[0.068s] -- Up-to-date symlink: /home/robo/llagoeiro/MiniMarketSecurity/install/yolov8_bringup/share/ament_index/resource_index/packages/yolov8_bringup
[0.068s] -- Up-to-date symlink: /home/robo/llagoeiro/MiniMarketSecurity/install/yolov8_bringup/share/yolov8_bringup/cmake/yolov8_bringupConfig.cmake
[0.068s] -- Up-to-date symlink: /home/robo/llagoeiro/MiniMarketSecurity/install/yolov8_bringup/share/yolov8_bringup/cmake/yolov8_bringupConfig-version.cmake
[0.069s] -- Up-to-date symlink: /home/robo/llagoeiro/MiniMarketSecurity/install/yolov8_bringup/share/yolov8_bringup/package.xml
[0.071s] Invoked command in '/home/robo/llagoeiro/MiniMarketSecurity/build/yolov8_bringup' returned '0': AMENT_PREFIX_PATH=/home/robo/llagoeiro/MiniMarketSecurity/install/yolov8_ros:/home/robo/llagoeiro/MiniMarketSecurity/install/yolov8_bringup:/home/robo/llagoeiro/MiniMarketSecurity/install/yolov8_msgs:/home/robo/llagoeiro/MiniMarketSecurity/install/opencv_tools:/opt/ros/humble CMAKE_PREFIX_PATH=/home/robo/llagoeiro/MiniMarketSecurity/install/yolov8_msgs:/home/robo/llagoeiro/MiniMarketSecurity/install/yolov8_bringup:/home/robo/llagoeiro/MiniMarketSecurity/install/yolov8_ros:/home/robo/llagoeiro/MiniMarketSecurity/install/opencv_tools:/opt/ros/humble /usr/bin/cmake --install /home/robo/llagoeiro/MiniMarketSecurity/build/yolov8_bringup
