[1.278s] Invoking command in '/home/robo/Desktop/lagoeiro/MiniMarketSecurity/MiniMarketSecurity/build/opencv_tools': PYTHONPATH=/home/robo/Desktop/lagoeiro/MiniMarketSecurity/MiniMarketSecurity/build/opencv_tools/prefix_override:/usr/lib/python3/dist-packages/colcon_core/task/python/colcon_distutils_commands:/home/robo/Desktop/lagoeiro/MiniMarketSecurity/MiniMarketSecurity/install/opencv_tools/lib/python3.10/site-packages:${PYTHONPATH} /usr/bin/python3 -W ignore:setup.py install is deprecated setup.py develop --editable --build-directory /home/robo/Desktop/lagoeiro/MiniMarketSecurity/MiniMarketSecurity/build/opencv_tools/build --no-deps symlink_data
[1.838s] running develop
[1.842s] /home/robo/.local/lib/python3.10/site-packages/setuptools/command/develop.py:40: EasyInstallDeprecationWarning: easy_install command is deprecated.
[1.842s] !!
[1.842s] 
[1.842s]         ********************************************************************************
[1.843s]         Please avoid running ``setup.py`` and ``easy_install``.
[1.843s]         Instead, use pypa/build, pypa/installer or other
[1.843s]         standards-based tools.
[1.843s] 
[1.843s]         See https://github.com/pypa/setuptools/issues/917 for details.
[1.843s]         ********************************************************************************
[1.843s] 
[1.843s] !!
[1.844s]   easy_install.initialize_options(self)
[2.185s] running egg_info
[2.211s] writing opencv_tools.egg-info/PKG-INFO
[2.212s] writing dependency_links to opencv_tools.egg-info/dependency_links.txt
[2.212s] writing entry points to opencv_tools.egg-info/entry_points.txt
[2.212s] writing requirements to opencv_tools.egg-info/requires.txt
[2.213s] writing top-level names to opencv_tools.egg-info/top_level.txt
[2.274s] reading manifest file 'opencv_tools.egg-info/SOURCES.txt'
[2.279s] writing manifest file 'opencv_tools.egg-info/SOURCES.txt'
[2.314s] running build_ext
[2.314s] Creating /home/robo/Desktop/lagoeiro/MiniMarketSecurity/MiniMarketSecurity/install/opencv_tools/lib/python3.10/site-packages/opencv-tools.egg-link (link to .)
[2.315s] Installing publisherIMG script to /home/robo/Desktop/lagoeiro/MiniMarketSecurity/MiniMarketSecurity/install/opencv_tools/lib/opencv_tools
[2.315s] Installing publisherPNG script to /home/robo/Desktop/lagoeiro/MiniMarketSecurity/MiniMarketSecurity/install/opencv_tools/lib/opencv_tools
[2.316s] Installing subscribeIMG script to /home/robo/Desktop/lagoeiro/MiniMarketSecurity/MiniMarketSecurity/install/opencv_tools/lib/opencv_tools
[2.316s] Installing subscribeYOLOIMG script to /home/robo/Desktop/lagoeiro/MiniMarketSecurity/MiniMarketSecurity/install/opencv_tools/lib/opencv_tools
[2.316s] 
[2.316s] Installed /home/robo/Desktop/lagoeiro/MiniMarketSecurity/MiniMarketSecurity/build/opencv_tools
[2.316s] running symlink_data
[2.382s] Invoked command in '/home/robo/Desktop/lagoeiro/MiniMarketSecurity/MiniMarketSecurity/build/opencv_tools' returned '0': PYTHONPATH=/home/robo/Desktop/lagoeiro/MiniMarketSecurity/MiniMarketSecurity/build/opencv_tools/prefix_override:/usr/lib/python3/dist-packages/colcon_core/task/python/colcon_distutils_commands:/home/robo/Desktop/lagoeiro/MiniMarketSecurity/MiniMarketSecurity/install/opencv_tools/lib/python3.10/site-packages:${PYTHONPATH} /usr/bin/python3 -W ignore:setup.py install is deprecated setup.py develop --editable --build-directory /home/robo/Desktop/lagoeiro/MiniMarketSecurity/MiniMarketSecurity/build/opencv_tools/build --no-deps symlink_data
