[0.482s] Invoking command in '/home/llagoeiro/Desktop/FEI/8_semestre/VisaoComputacionalFolder/projeto-visaoComputaria/ros2_ws_yolov8_ex/src/yolov8_ros/yolov8_ros': AMENT_PREFIX_PATH=/home/llagoeiro/Desktop/FEI/8_semestre/VisaoComputacionalFolder/projeto-visaoComputaria/ros2_ws_yolov8_ex/install/yolov8_msgs:${AMENT_PREFIX_PATH} CMAKE_PREFIX_PATH=/home/llagoeiro/Desktop/FEI/8_semestre/VisaoComputacionalFolder/projeto-visaoComputaria/ros2_ws_yolov8_ex/install/yolov8_msgs LD_LIBRARY_PATH=/home/llagoeiro/Desktop/FEI/8_semestre/VisaoComputacionalFolder/projeto-visaoComputaria/ros2_ws_yolov8_ex/install/yolov8_msgs/lib:${LD_LIBRARY_PATH} PYTHONPATH=/home/llagoeiro/Desktop/FEI/8_semestre/VisaoComputacionalFolder/projeto-visaoComputaria/ros2_ws_yolov8_ex/build/yolov8_ros/prefix_override:/usr/lib/python3/dist-packages/colcon_core/task/python/colcon_distutils_commands:/home/llagoeiro/Desktop/FEI/8_semestre/VisaoComputacionalFolder/projeto-visaoComputaria/ros2_ws_yolov8_ex/install/yolov8_ros/lib/python3.10/site-packages:/home/llagoeiro/Desktop/FEI/8_semestre/VisaoComputacionalFolder/projeto-visaoComputaria/ros2_ws_yolov8_ex/install/yolov8_msgs/local/lib/python3.10/dist-packages:${PYTHONPATH} /usr/bin/python3 -W ignore:setup.py install is deprecated setup.py egg_info --egg-base ../../../build/yolov8_ros build --build-base /home/llagoeiro/Desktop/FEI/8_semestre/VisaoComputacionalFolder/projeto-visaoComputaria/ros2_ws_yolov8_ex/build/yolov8_ros/build install --record /home/llagoeiro/Desktop/FEI/8_semestre/VisaoComputacionalFolder/projeto-visaoComputaria/ros2_ws_yolov8_ex/build/yolov8_ros/install.log --single-version-externally-managed install_data
[0.582s] /home/llagoeiro/.local/lib/python3.10/site-packages/setuptools/_distutils/dist.py:261: UserWarning: Unknown distribution option: 'tests_require'
[0.582s]   warnings.warn(msg)
[0.647s] running egg_info
[0.648s] creating ../../../build/yolov8_ros/yolov8_ros.egg-info
[0.658s] writing ../../../build/yolov8_ros/yolov8_ros.egg-info/PKG-INFO
[0.658s] writing dependency_links to ../../../build/yolov8_ros/yolov8_ros.egg-info/dependency_links.txt
[0.658s] writing entry points to ../../../build/yolov8_ros/yolov8_ros.egg-info/entry_points.txt
[0.658s] writing requirements to ../../../build/yolov8_ros/yolov8_ros.egg-info/requires.txt
[0.658s] writing top-level names to ../../../build/yolov8_ros/yolov8_ros.egg-info/top_level.txt
[0.659s] writing manifest file '../../../build/yolov8_ros/yolov8_ros.egg-info/SOURCES.txt'
[0.680s] reading manifest file '../../../build/yolov8_ros/yolov8_ros.egg-info/SOURCES.txt'
[0.681s] writing manifest file '../../../build/yolov8_ros/yolov8_ros.egg-info/SOURCES.txt'
[0.681s] running build
[0.681s] running build_py
[0.681s] creating /home/llagoeiro/Desktop/FEI/8_semestre/VisaoComputacionalFolder/projeto-visaoComputaria/ros2_ws_yolov8_ex/build/yolov8_ros/build/lib/yolov8_ros
[0.681s] copying yolov8_ros/detect_3d_node.py -> /home/llagoeiro/Desktop/FEI/8_semestre/VisaoComputacionalFolder/projeto-visaoComputaria/ros2_ws_yolov8_ex/build/yolov8_ros/build/lib/yolov8_ros
[0.682s] copying yolov8_ros/yolov8_node.py -> /home/llagoeiro/Desktop/FEI/8_semestre/VisaoComputacionalFolder/projeto-visaoComputaria/ros2_ws_yolov8_ex/build/yolov8_ros/build/lib/yolov8_ros
[0.683s] copying yolov8_ros/tracking_node.py -> /home/llagoeiro/Desktop/FEI/8_semestre/VisaoComputacionalFolder/projeto-visaoComputaria/ros2_ws_yolov8_ex/build/yolov8_ros/build/lib/yolov8_ros
[0.683s] copying yolov8_ros/__init__.py -> /home/llagoeiro/Desktop/FEI/8_semestre/VisaoComputacionalFolder/projeto-visaoComputaria/ros2_ws_yolov8_ex/build/yolov8_ros/build/lib/yolov8_ros
[0.683s] copying yolov8_ros/debug_node.py -> /home/llagoeiro/Desktop/FEI/8_semestre/VisaoComputacionalFolder/projeto-visaoComputaria/ros2_ws_yolov8_ex/build/yolov8_ros/build/lib/yolov8_ros
[0.683s] running install
[0.686s] running install_lib
[0.697s] creating /home/llagoeiro/Desktop/FEI/8_semestre/VisaoComputacionalFolder/projeto-visaoComputaria/ros2_ws_yolov8_ex/install/yolov8_ros/lib/python3.10/site-packages/yolov8_ros
[0.697s] copying /home/llagoeiro/Desktop/FEI/8_semestre/VisaoComputacionalFolder/projeto-visaoComputaria/ros2_ws_yolov8_ex/build/yolov8_ros/build/lib/yolov8_ros/detect_3d_node.py -> /home/llagoeiro/Desktop/FEI/8_semestre/VisaoComputacionalFolder/projeto-visaoComputaria/ros2_ws_yolov8_ex/install/yolov8_ros/lib/python3.10/site-packages/yolov8_ros
[0.697s] copying /home/llagoeiro/Desktop/FEI/8_semestre/VisaoComputacionalFolder/projeto-visaoComputaria/ros2_ws_yolov8_ex/build/yolov8_ros/build/lib/yolov8_ros/yolov8_node.py -> /home/llagoeiro/Desktop/FEI/8_semestre/VisaoComputacionalFolder/projeto-visaoComputaria/ros2_ws_yolov8_ex/install/yolov8_ros/lib/python3.10/site-packages/yolov8_ros
[0.697s] copying /home/llagoeiro/Desktop/FEI/8_semestre/VisaoComputacionalFolder/projeto-visaoComputaria/ros2_ws_yolov8_ex/build/yolov8_ros/build/lib/yolov8_ros/tracking_node.py -> /home/llagoeiro/Desktop/FEI/8_semestre/VisaoComputacionalFolder/projeto-visaoComputaria/ros2_ws_yolov8_ex/install/yolov8_ros/lib/python3.10/site-packages/yolov8_ros
[0.697s] copying /home/llagoeiro/Desktop/FEI/8_semestre/VisaoComputacionalFolder/projeto-visaoComputaria/ros2_ws_yolov8_ex/build/yolov8_ros/build/lib/yolov8_ros/__init__.py -> /home/llagoeiro/Desktop/FEI/8_semestre/VisaoComputacionalFolder/projeto-visaoComputaria/ros2_ws_yolov8_ex/install/yolov8_ros/lib/python3.10/site-packages/yolov8_ros
[0.697s] copying /home/llagoeiro/Desktop/FEI/8_semestre/VisaoComputacionalFolder/projeto-visaoComputaria/ros2_ws_yolov8_ex/build/yolov8_ros/build/lib/yolov8_ros/debug_node.py -> /home/llagoeiro/Desktop/FEI/8_semestre/VisaoComputacionalFolder/projeto-visaoComputaria/ros2_ws_yolov8_ex/install/yolov8_ros/lib/python3.10/site-packages/yolov8_ros
[0.697s] byte-compiling /home/llagoeiro/Desktop/FEI/8_semestre/VisaoComputacionalFolder/projeto-visaoComputaria/ros2_ws_yolov8_ex/install/yolov8_ros/lib/python3.10/site-packages/yolov8_ros/detect_3d_node.py to detect_3d_node.cpython-310.pyc
[0.699s] byte-compiling /home/llagoeiro/Desktop/FEI/8_semestre/VisaoComputacionalFolder/projeto-visaoComputaria/ros2_ws_yolov8_ex/install/yolov8_ros/lib/python3.10/site-packages/yolov8_ros/yolov8_node.py to yolov8_node.cpython-310.pyc
[0.700s] byte-compiling /home/llagoeiro/Desktop/FEI/8_semestre/VisaoComputacionalFolder/projeto-visaoComputaria/ros2_ws_yolov8_ex/install/yolov8_ros/lib/python3.10/site-packages/yolov8_ros/tracking_node.py to tracking_node.cpython-310.pyc
[0.701s] byte-compiling /home/llagoeiro/Desktop/FEI/8_semestre/VisaoComputacionalFolder/projeto-visaoComputaria/ros2_ws_yolov8_ex/install/yolov8_ros/lib/python3.10/site-packages/yolov8_ros/__init__.py to __init__.cpython-310.pyc
[0.701s] byte-compiling /home/llagoeiro/Desktop/FEI/8_semestre/VisaoComputacionalFolder/projeto-visaoComputaria/ros2_ws_yolov8_ex/install/yolov8_ros/lib/python3.10/site-packages/yolov8_ros/debug_node.py to debug_node.cpython-310.pyc
[0.702s] running install_data
[0.702s] creating /home/llagoeiro/Desktop/FEI/8_semestre/VisaoComputacionalFolder/projeto-visaoComputaria/ros2_ws_yolov8_ex/install/yolov8_ros/share/ament_index/resource_index/packages
[0.703s] copying resource/yolov8_ros -> /home/llagoeiro/Desktop/FEI/8_semestre/VisaoComputacionalFolder/projeto-visaoComputaria/ros2_ws_yolov8_ex/install/yolov8_ros/share/ament_index/resource_index/packages
[0.703s] copying package.xml -> /home/llagoeiro/Desktop/FEI/8_semestre/VisaoComputacionalFolder/projeto-visaoComputaria/ros2_ws_yolov8_ex/install/yolov8_ros/share/yolov8_ros
[0.703s] running install_egg_info
[0.715s] Copying ../../../build/yolov8_ros/yolov8_ros.egg-info to /home/llagoeiro/Desktop/FEI/8_semestre/VisaoComputacionalFolder/projeto-visaoComputaria/ros2_ws_yolov8_ex/install/yolov8_ros/lib/python3.10/site-packages/yolov8_ros-0.0.0-py3.10.egg-info
[0.715s] running install_scripts
[0.805s] Installing debug_node script to /home/llagoeiro/Desktop/FEI/8_semestre/VisaoComputacionalFolder/projeto-visaoComputaria/ros2_ws_yolov8_ex/install/yolov8_ros/lib/yolov8_ros
[0.805s] Installing detect_3d_node script to /home/llagoeiro/Desktop/FEI/8_semestre/VisaoComputacionalFolder/projeto-visaoComputaria/ros2_ws_yolov8_ex/install/yolov8_ros/lib/yolov8_ros
[0.805s] Installing tracking_node script to /home/llagoeiro/Desktop/FEI/8_semestre/VisaoComputacionalFolder/projeto-visaoComputaria/ros2_ws_yolov8_ex/install/yolov8_ros/lib/yolov8_ros
[0.806s] Installing yolov8_node script to /home/llagoeiro/Desktop/FEI/8_semestre/VisaoComputacionalFolder/projeto-visaoComputaria/ros2_ws_yolov8_ex/install/yolov8_ros/lib/yolov8_ros
[0.806s] writing list of installed files to '/home/llagoeiro/Desktop/FEI/8_semestre/VisaoComputacionalFolder/projeto-visaoComputaria/ros2_ws_yolov8_ex/build/yolov8_ros/install.log'
[0.825s] Invoked command in '/home/llagoeiro/Desktop/FEI/8_semestre/VisaoComputacionalFolder/projeto-visaoComputaria/ros2_ws_yolov8_ex/src/yolov8_ros/yolov8_ros' returned '0': AMENT_PREFIX_PATH=/home/llagoeiro/Desktop/FEI/8_semestre/VisaoComputacionalFolder/projeto-visaoComputaria/ros2_ws_yolov8_ex/install/yolov8_msgs:${AMENT_PREFIX_PATH} CMAKE_PREFIX_PATH=/home/llagoeiro/Desktop/FEI/8_semestre/VisaoComputacionalFolder/projeto-visaoComputaria/ros2_ws_yolov8_ex/install/yolov8_msgs LD_LIBRARY_PATH=/home/llagoeiro/Desktop/FEI/8_semestre/VisaoComputacionalFolder/projeto-visaoComputaria/ros2_ws_yolov8_ex/install/yolov8_msgs/lib:${LD_LIBRARY_PATH} PYTHONPATH=/home/llagoeiro/Desktop/FEI/8_semestre/VisaoComputacionalFolder/projeto-visaoComputaria/ros2_ws_yolov8_ex/build/yolov8_ros/prefix_override:/usr/lib/python3/dist-packages/colcon_core/task/python/colcon_distutils_commands:/home/llagoeiro/Desktop/FEI/8_semestre/VisaoComputacionalFolder/projeto-visaoComputaria/ros2_ws_yolov8_ex/install/yolov8_ros/lib/python3.10/site-packages:/home/llagoeiro/Desktop/FEI/8_semestre/VisaoComputacionalFolder/projeto-visaoComputaria/ros2_ws_yolov8_ex/install/yolov8_msgs/local/lib/python3.10/dist-packages:${PYTHONPATH} /usr/bin/python3 -W ignore:setup.py install is deprecated setup.py egg_info --egg-base ../../../build/yolov8_ros build --build-base /home/llagoeiro/Desktop/FEI/8_semestre/VisaoComputacionalFolder/projeto-visaoComputaria/ros2_ws_yolov8_ex/build/yolov8_ros/build install --record /home/llagoeiro/Desktop/FEI/8_semestre/VisaoComputacionalFolder/projeto-visaoComputaria/ros2_ws_yolov8_ex/build/yolov8_ros/install.log --single-version-externally-managed install_data
