[0.918s] Invoking command in '/home/robo/Desktop/lagoeiro/MiniMarketSecurity/MiniMarketSecurity/build/opencv_tools': PYTHONPATH=/home/robo/Desktop/lagoeiro/MiniMarketSecurity/MiniMarketSecurity/build/opencv_tools/prefix_override:/usr/lib/python3/dist-packages/colcon_core/task/python/colcon_distutils_commands:/home/robo/Desktop/lagoeiro/MiniMarketSecurity/MiniMarketSecurity/install/opencv_tools/lib/python3.10/site-packages:${PYTHONPATH} /usr/bin/python3 -W ignore:setup.py install is deprecated setup.py develop --editable --build-directory /home/robo/Desktop/lagoeiro/MiniMarketSecurity/MiniMarketSecurity/build/opencv_tools/build --no-deps symlink_data
[1.304s] running develop
[1.304s] /home/robo/.local/lib/python3.10/site-packages/setuptools/command/develop.py:40: EasyInstallDeprecationWarning: easy_install command is deprecated.
[1.304s] !!
[1.304s] 
[1.304s]         ********************************************************************************
[1.305s]         Please avoid running ``setup.py`` and ``easy_install``.
[1.305s]         Instead, use pypa/build, pypa/installer or other
[1.305s]         standards-based tools.
[1.305s] 
[1.305s]         See https://github.com/pypa/setuptools/issues/917 for details.
[1.305s]         ********************************************************************************
[1.305s] 
[1.305s] !!
[1.305s]   easy_install.initialize_options(self)
[1.574s] running egg_info
[1.575s] creating opencv_tools.egg-info
[1.594s] writing opencv_tools.egg-info/PKG-INFO
[1.594s] writing dependency_links to opencv_tools.egg-info/dependency_links.txt
[1.595s] writing entry points to opencv_tools.egg-info/entry_points.txt
[1.595s] writing requirements to opencv_tools.egg-info/requires.txt
[1.595s] writing top-level names to opencv_tools.egg-info/top_level.txt
[1.595s] writing manifest file 'opencv_tools.egg-info/SOURCES.txt'
[1.637s] reading manifest file 'opencv_tools.egg-info/SOURCES.txt'
[1.638s] writing manifest file 'opencv_tools.egg-info/SOURCES.txt'
[1.659s] running build_ext
[1.659s] Creating /home/robo/Desktop/lagoeiro/MiniMarketSecurity/MiniMarketSecurity/install/opencv_tools/lib/python3.10/site-packages/opencv-tools.egg-link (link to .)
[1.660s] Installing publisherIMG script to /home/robo/Desktop/lagoeiro/MiniMarketSecurity/MiniMarketSecurity/install/opencv_tools/lib/opencv_tools
[1.660s] Installing publisherPNG script to /home/robo/Desktop/lagoeiro/MiniMarketSecurity/MiniMarketSecurity/install/opencv_tools/lib/opencv_tools
[1.660s] Installing subscribeIMG script to /home/robo/Desktop/lagoeiro/MiniMarketSecurity/MiniMarketSecurity/install/opencv_tools/lib/opencv_tools
[1.660s] Installing subscribeYOLOIMG script to /home/robo/Desktop/lagoeiro/MiniMarketSecurity/MiniMarketSecurity/install/opencv_tools/lib/opencv_tools
[1.661s] 
[1.661s] Installed /home/robo/Desktop/lagoeiro/MiniMarketSecurity/MiniMarketSecurity/build/opencv_tools
[1.661s] running symlink_data
[1.661s] creating /home/robo/Desktop/lagoeiro/MiniMarketSecurity/MiniMarketSecurity/install/opencv_tools/share/ament_index
[1.661s] creating /home/robo/Desktop/lagoeiro/MiniMarketSecurity/MiniMarketSecurity/install/opencv_tools/share/ament_index/resource_index
[1.661s] creating /home/robo/Desktop/lagoeiro/MiniMarketSecurity/MiniMarketSecurity/install/opencv_tools/share/ament_index/resource_index/packages
[1.661s] symbolically linking /home/robo/Desktop/lagoeiro/MiniMarketSecurity/MiniMarketSecurity/build/opencv_tools/resource/opencv_tools -> /home/robo/Desktop/lagoeiro/MiniMarketSecurity/MiniMarketSecurity/install/opencv_tools/share/ament_index/resource_index/packages
[1.662s] symbolically linking /home/robo/Desktop/lagoeiro/MiniMarketSecurity/MiniMarketSecurity/build/opencv_tools/package.xml -> /home/robo/Desktop/lagoeiro/MiniMarketSecurity/MiniMarketSecurity/install/opencv_tools/share/opencv_tools
[1.699s] Invoked command in '/home/robo/Desktop/lagoeiro/MiniMarketSecurity/MiniMarketSecurity/build/opencv_tools' returned '0': PYTHONPATH=/home/robo/Desktop/lagoeiro/MiniMarketSecurity/MiniMarketSecurity/build/opencv_tools/prefix_override:/usr/lib/python3/dist-packages/colcon_core/task/python/colcon_distutils_commands:/home/robo/Desktop/lagoeiro/MiniMarketSecurity/MiniMarketSecurity/install/opencv_tools/lib/python3.10/site-packages:${PYTHONPATH} /usr/bin/python3 -W ignore:setup.py install is deprecated setup.py develop --editable --build-directory /home/robo/Desktop/lagoeiro/MiniMarketSecurity/MiniMarketSecurity/build/opencv_tools/build --no-deps symlink_data
