[0.487s] Invoking command in '/home/robo/llagoeiro/MiniMarketSecurity/build/opencv_tools': PYTHONPATH=/home/robo/llagoeiro/MiniMarketSecurity/build/opencv_tools/prefix_override:/usr/lib/python3/dist-packages/colcon_core/task/python/colcon_distutils_commands:/home/robo/llagoeiro/MiniMarketSecurity/install/opencv_tools/lib/python3.10/site-packages:${PYTHONPATH} /usr/bin/python3 -W ignore:setup.py install is deprecated setup.py develop --editable --build-directory /home/robo/llagoeiro/MiniMarketSecurity/build/opencv_tools/build --no-deps symlink_data
[0.714s] running develop
[0.714s] /usr/lib/python3/dist-packages/setuptools/command/easy_install.py:158: EasyInstallDeprecationWarning: easy_install command is deprecated. Use build and pip and other standards-based tools.
[0.714s]   warnings.warn(
[0.824s] running egg_info
[0.824s] creating opencv_tools.egg-info
[0.824s] writing opencv_tools.egg-info/PKG-INFO
[0.824s] writing dependency_links to opencv_tools.egg-info/dependency_links.txt
[0.824s] writing entry points to opencv_tools.egg-info/entry_points.txt
[0.825s] writing requirements to opencv_tools.egg-info/requires.txt
[0.825s] writing top-level names to opencv_tools.egg-info/top_level.txt
[0.825s] writing manifest file 'opencv_tools.egg-info/SOURCES.txt'
[0.826s] reading manifest file 'opencv_tools.egg-info/SOURCES.txt'
[0.826s] writing manifest file 'opencv_tools.egg-info/SOURCES.txt'
[0.827s] running build_ext
[0.828s] Creating /home/robo/llagoeiro/MiniMarketSecurity/install/opencv_tools/lib/python3.10/site-packages/opencv-tools.egg-link (link to .)
[0.829s] Installing publisherIMG script to /home/robo/llagoeiro/MiniMarketSecurity/install/opencv_tools/lib/opencv_tools
[0.829s] Installing subscribeIMG script to /home/robo/llagoeiro/MiniMarketSecurity/install/opencv_tools/lib/opencv_tools
[0.829s] Installing subscribeYOLOIMG script to /home/robo/llagoeiro/MiniMarketSecurity/install/opencv_tools/lib/opencv_tools
[0.829s] 
[0.830s] Installed /home/robo/llagoeiro/MiniMarketSecurity/build/opencv_tools
[0.830s] running symlink_data
[0.830s] creating /home/robo/llagoeiro/MiniMarketSecurity/install/opencv_tools/share/ament_index
[0.830s] creating /home/robo/llagoeiro/MiniMarketSecurity/install/opencv_tools/share/ament_index/resource_index
[0.830s] creating /home/robo/llagoeiro/MiniMarketSecurity/install/opencv_tools/share/ament_index/resource_index/packages
[0.830s] symbolically linking /home/robo/llagoeiro/MiniMarketSecurity/build/opencv_tools/resource/opencv_tools -> /home/robo/llagoeiro/MiniMarketSecurity/install/opencv_tools/share/ament_index/resource_index/packages
[0.830s] symbolically linking /home/robo/llagoeiro/MiniMarketSecurity/build/opencv_tools/package.xml -> /home/robo/llagoeiro/MiniMarketSecurity/install/opencv_tools/share/opencv_tools
[0.852s] Invoked command in '/home/robo/llagoeiro/MiniMarketSecurity/build/opencv_tools' returned '0': PYTHONPATH=/home/robo/llagoeiro/MiniMarketSecurity/build/opencv_tools/prefix_override:/usr/lib/python3/dist-packages/colcon_core/task/python/colcon_distutils_commands:/home/robo/llagoeiro/MiniMarketSecurity/install/opencv_tools/lib/python3.10/site-packages:${PYTHONPATH} /usr/bin/python3 -W ignore:setup.py install is deprecated setup.py develop --editable --build-directory /home/robo/llagoeiro/MiniMarketSecurity/build/opencv_tools/build --no-deps symlink_data
