[1.100s] Invoking command in '/home/robo/Desktop/lagoeiro/MiniMarketSecurity/MiniMarketSecurity/build/opencv_tools': PYTHONPATH=/home/robo/Desktop/lagoeiro/MiniMarketSecurity/MiniMarketSecurity/build/opencv_tools/prefix_override:/usr/lib/python3/dist-packages/colcon_core/task/python/colcon_distutils_commands:/home/robo/Desktop/lagoeiro/MiniMarketSecurity/MiniMarketSecurity/install/opencv_tools/lib/python3.10/site-packages:${PYTHONPATH} /usr/bin/python3 -W ignore:setup.py install is deprecated setup.py develop --editable --build-directory /home/robo/Desktop/lagoeiro/MiniMarketSecurity/MiniMarketSecurity/build/opencv_tools/build --no-deps symlink_data
[1.579s] running develop
[1.580s] /home/robo/.local/lib/python3.10/site-packages/setuptools/command/develop.py:40: EasyInstallDeprecationWarning: easy_install command is deprecated.
[1.580s] !!
[1.580s] 
[1.580s]         ********************************************************************************
[1.580s]         Please avoid running ``setup.py`` and ``easy_install``.
[1.580s]         Instead, use pypa/build, pypa/installer or other
[1.580s]         standards-based tools.
[1.580s] 
[1.580s]         See https://github.com/pypa/setuptools/issues/917 for details.
[1.580s]         ********************************************************************************
[1.580s] 
[1.580s] !!
[1.580s]   easy_install.initialize_options(self)
[1.867s] running egg_info
[1.886s] writing opencv_tools.egg-info/PKG-INFO
[1.887s] writing dependency_links to opencv_tools.egg-info/dependency_links.txt
[1.887s] writing entry points to opencv_tools.egg-info/entry_points.txt
[1.887s] writing requirements to opencv_tools.egg-info/requires.txt
[1.888s] writing top-level names to opencv_tools.egg-info/top_level.txt
[1.930s] reading manifest file 'opencv_tools.egg-info/SOURCES.txt'
[1.931s] writing manifest file 'opencv_tools.egg-info/SOURCES.txt'
[1.953s] running build_ext
[1.953s] Creating /home/robo/Desktop/lagoeiro/MiniMarketSecurity/MiniMarketSecurity/install/opencv_tools/lib/python3.10/site-packages/opencv-tools.egg-link (link to .)
[1.954s] Installing publisherIMG script to /home/robo/Desktop/lagoeiro/MiniMarketSecurity/MiniMarketSecurity/install/opencv_tools/lib/opencv_tools
[1.954s] Installing publisherPNG script to /home/robo/Desktop/lagoeiro/MiniMarketSecurity/MiniMarketSecurity/install/opencv_tools/lib/opencv_tools
[1.954s] Installing subscribeIMG script to /home/robo/Desktop/lagoeiro/MiniMarketSecurity/MiniMarketSecurity/install/opencv_tools/lib/opencv_tools
[1.954s] Installing subscribeYOLOIMG script to /home/robo/Desktop/lagoeiro/MiniMarketSecurity/MiniMarketSecurity/install/opencv_tools/lib/opencv_tools
[1.955s] 
[1.955s] Installed /home/robo/Desktop/lagoeiro/MiniMarketSecurity/MiniMarketSecurity/build/opencv_tools
[1.955s] running symlink_data
[1.991s] Invoked command in '/home/robo/Desktop/lagoeiro/MiniMarketSecurity/MiniMarketSecurity/build/opencv_tools' returned '0': PYTHONPATH=/home/robo/Desktop/lagoeiro/MiniMarketSecurity/MiniMarketSecurity/build/opencv_tools/prefix_override:/usr/lib/python3/dist-packages/colcon_core/task/python/colcon_distutils_commands:/home/robo/Desktop/lagoeiro/MiniMarketSecurity/MiniMarketSecurity/install/opencv_tools/lib/python3.10/site-packages:${PYTHONPATH} /usr/bin/python3 -W ignore:setup.py install is deprecated setup.py develop --editable --build-directory /home/robo/Desktop/lagoeiro/MiniMarketSecurity/MiniMarketSecurity/build/opencv_tools/build --no-deps symlink_data
