[0.079s] DEBUG:colcon:Command line arguments: ['/usr/bin/colcon', 'build', '--symlink-install']
[0.079s] DEBUG:colcon:Parsed command line arguments: Namespace(log_base=None, log_level=None, verb_name='build', build_base='build', install_base='install', merge_install=False, symlink_install=True, test_result_base=None, continue_on_error=False, executor='parallel', parallel_workers=20, event_handlers=None, ignore_user_meta=False, metas=['./colcon.meta'], base_paths=['.'], packages_ignore=None, packages_ignore_regex=None, paths=None, packages_up_to=None, packages_up_to_regex=None, packages_above=None, packages_above_and_dependencies=None, packages_above_depth=None, packages_select_by_dep=None, packages_skip_by_dep=None, packages_skip_up_to=None, packages_select_build_failed=False, packages_skip_build_finished=False, packages_select_test_failures=False, packages_skip_test_passed=False, packages_select=None, packages_skip=None, packages_select_regex=None, packages_skip_regex=None, packages_start=None, packages_end=None, allow_overriding=[], cmake_args=None, cmake_target=None, cmake_target_skip_unavailable=False, cmake_clean_cache=False, cmake_clean_first=False, cmake_force_configure=False, ament_cmake_args=None, catkin_cmake_args=None, catkin_skip_building_tests=False, mixin_files=None, mixin=None, verb_parser=<colcon_mixin.mixin.mixin_argument.MixinArgumentDecorator object at 0x788576baed10>, verb_extension=<colcon_core.verb.build.BuildVerb object at 0x788576c97400>, main=<bound method BuildVerb.main of <colcon_core.verb.build.BuildVerb object at 0x788576c97400>>, mixin_verb=('build',))
[0.161s] Level 1:colcon.colcon_core.package_discovery:discover_packages(colcon_meta) check parameters
[0.161s] Level 1:colcon.colcon_core.package_discovery:discover_packages(recursive) check parameters
[0.161s] Level 1:colcon.colcon_core.package_discovery:discover_packages(ignore) check parameters
[0.161s] Level 1:colcon.colcon_core.package_discovery:discover_packages(path) check parameters
[0.161s] Level 1:colcon.colcon_core.package_discovery:discover_packages(colcon_meta) discover
[0.161s] Level 1:colcon.colcon_core.package_discovery:discover_packages(recursive) discover
[0.161s] INFO:colcon.colcon_core.package_discovery:Crawling recursively for packages in '/home/robo/llagoeiro/MiniMarketSecurity'
[0.161s] Level 1:colcon.colcon_core.package_identification:_identify(.) by extensions ['ignore', 'ignore_ament_install']
[0.161s] Level 1:colcon.colcon_core.package_identification:_identify(.) by extension 'ignore'
[0.161s] Level 1:colcon.colcon_core.package_identification:_identify(.) by extension 'ignore_ament_install'
[0.161s] Level 1:colcon.colcon_core.package_identification:_identify(.) by extensions ['colcon_pkg']
[0.161s] Level 1:colcon.colcon_core.package_identification:_identify(.) by extension 'colcon_pkg'
[0.161s] Level 1:colcon.colcon_core.package_identification:_identify(.) by extensions ['colcon_meta']
[0.161s] Level 1:colcon.colcon_core.package_identification:_identify(.) by extension 'colcon_meta'
[0.161s] Level 1:colcon.colcon_core.package_identification:_identify(.) by extensions ['ros']
[0.161s] Level 1:colcon.colcon_core.package_identification:_identify(.) by extension 'ros'
[0.167s] Level 1:colcon.colcon_core.package_identification:_identify(.) by extensions ['cmake', 'python']
[0.167s] Level 1:colcon.colcon_core.package_identification:_identify(.) by extension 'cmake'
[0.167s] Level 1:colcon.colcon_core.package_identification:_identify(.) by extension 'python'
[0.167s] Level 1:colcon.colcon_core.package_identification:_identify(.) by extensions ['python_setup_py']
[0.167s] Level 1:colcon.colcon_core.package_identification:_identify(.) by extension 'python_setup_py'
[0.168s] Level 1:colcon.colcon_core.package_identification:_identify(build) by extensions ['ignore', 'ignore_ament_install']
[0.168s] Level 1:colcon.colcon_core.package_identification:_identify(build) by extension 'ignore'
[0.168s] Level 1:colcon.colcon_core.package_identification:_identify(build) ignored
[0.168s] Level 1:colcon.colcon_core.package_identification:_identify(install) by extensions ['ignore', 'ignore_ament_install']
[0.168s] Level 1:colcon.colcon_core.package_identification:_identify(install) by extension 'ignore'
[0.168s] Level 1:colcon.colcon_core.package_identification:_identify(install) ignored
[0.168s] Level 1:colcon.colcon_core.package_identification:_identify(log) by extensions ['ignore', 'ignore_ament_install']
[0.168s] Level 1:colcon.colcon_core.package_identification:_identify(log) by extension 'ignore'
[0.168s] Level 1:colcon.colcon_core.package_identification:_identify(log) ignored
[0.168s] Level 1:colcon.colcon_core.package_identification:_identify(src) by extensions ['ignore', 'ignore_ament_install']
[0.168s] Level 1:colcon.colcon_core.package_identification:_identify(src) by extension 'ignore'
[0.168s] Level 1:colcon.colcon_core.package_identification:_identify(src) by extension 'ignore_ament_install'
[0.168s] Level 1:colcon.colcon_core.package_identification:_identify(src) by extensions ['colcon_pkg']
[0.168s] Level 1:colcon.colcon_core.package_identification:_identify(src) by extension 'colcon_pkg'
[0.168s] Level 1:colcon.colcon_core.package_identification:_identify(src) by extensions ['colcon_meta']
[0.168s] Level 1:colcon.colcon_core.package_identification:_identify(src) by extension 'colcon_meta'
[0.168s] Level 1:colcon.colcon_core.package_identification:_identify(src) by extensions ['ros']
[0.168s] Level 1:colcon.colcon_core.package_identification:_identify(src) by extension 'ros'
[0.168s] Level 1:colcon.colcon_core.package_identification:_identify(src) by extensions ['cmake', 'python']
[0.168s] Level 1:colcon.colcon_core.package_identification:_identify(src) by extension 'cmake'
[0.168s] Level 1:colcon.colcon_core.package_identification:_identify(src) by extension 'python'
[0.168s] Level 1:colcon.colcon_core.package_identification:_identify(src) by extensions ['python_setup_py']
[0.168s] Level 1:colcon.colcon_core.package_identification:_identify(src) by extension 'python_setup_py'
[0.168s] Level 1:colcon.colcon_core.package_identification:_identify(src/opencv_tools) by extensions ['ignore', 'ignore_ament_install']
[0.168s] Level 1:colcon.colcon_core.package_identification:_identify(src/opencv_tools) by extension 'ignore'
[0.168s] Level 1:colcon.colcon_core.package_identification:_identify(src/opencv_tools) by extension 'ignore_ament_install'
[0.168s] Level 1:colcon.colcon_core.package_identification:_identify(src/opencv_tools) by extensions ['colcon_pkg']
[0.168s] Level 1:colcon.colcon_core.package_identification:_identify(src/opencv_tools) by extension 'colcon_pkg'
[0.168s] Level 1:colcon.colcon_core.package_identification:_identify(src/opencv_tools) by extensions ['colcon_meta']
[0.168s] Level 1:colcon.colcon_core.package_identification:_identify(src/opencv_tools) by extension 'colcon_meta'
[0.168s] Level 1:colcon.colcon_core.package_identification:_identify(src/opencv_tools) by extensions ['ros']
[0.168s] Level 1:colcon.colcon_core.package_identification:_identify(src/opencv_tools) by extension 'ros'
[0.170s] DEBUG:colcon.colcon_core.package_identification:Package 'src/opencv_tools' with type 'ros.ament_python' and name 'opencv_tools'
[0.170s] Level 1:colcon.colcon_core.package_identification:_identify(src/yolov8_bringup) by extensions ['ignore', 'ignore_ament_install']
[0.170s] Level 1:colcon.colcon_core.package_identification:_identify(src/yolov8_bringup) by extension 'ignore'
[0.170s] Level 1:colcon.colcon_core.package_identification:_identify(src/yolov8_bringup) by extension 'ignore_ament_install'
[0.171s] Level 1:colcon.colcon_core.package_identification:_identify(src/yolov8_bringup) by extensions ['colcon_pkg']
[0.171s] Level 1:colcon.colcon_core.package_identification:_identify(src/yolov8_bringup) by extension 'colcon_pkg'
[0.171s] Level 1:colcon.colcon_core.package_identification:_identify(src/yolov8_bringup) by extensions ['colcon_meta']
[0.171s] Level 1:colcon.colcon_core.package_identification:_identify(src/yolov8_bringup) by extension 'colcon_meta'
[0.171s] Level 1:colcon.colcon_core.package_identification:_identify(src/yolov8_bringup) by extensions ['ros']
[0.171s] Level 1:colcon.colcon_core.package_identification:_identify(src/yolov8_bringup) by extension 'ros'
[0.171s] DEBUG:colcon.colcon_core.package_identification:Package 'src/yolov8_bringup' with type 'ros.ament_cmake' and name 'yolov8_bringup'
[0.171s] Level 1:colcon.colcon_core.package_identification:_identify(src/yolov8_msgs) by extensions ['ignore', 'ignore_ament_install']
[0.171s] Level 1:colcon.colcon_core.package_identification:_identify(src/yolov8_msgs) by extension 'ignore'
[0.171s] Level 1:colcon.colcon_core.package_identification:_identify(src/yolov8_msgs) by extension 'ignore_ament_install'
[0.171s] Level 1:colcon.colcon_core.package_identification:_identify(src/yolov8_msgs) by extensions ['colcon_pkg']
[0.171s] Level 1:colcon.colcon_core.package_identification:_identify(src/yolov8_msgs) by extension 'colcon_pkg'
[0.171s] Level 1:colcon.colcon_core.package_identification:_identify(src/yolov8_msgs) by extensions ['colcon_meta']
[0.171s] Level 1:colcon.colcon_core.package_identification:_identify(src/yolov8_msgs) by extension 'colcon_meta'
[0.171s] Level 1:colcon.colcon_core.package_identification:_identify(src/yolov8_msgs) by extensions ['ros']
[0.171s] Level 1:colcon.colcon_core.package_identification:_identify(src/yolov8_msgs) by extension 'ros'
[0.172s] DEBUG:colcon.colcon_core.package_identification:Package 'src/yolov8_msgs' with type 'ros.ament_cmake' and name 'yolov8_msgs'
[0.172s] Level 1:colcon.colcon_core.package_identification:_identify(src/yolov8_ros) by extensions ['ignore', 'ignore_ament_install']
[0.172s] Level 1:colcon.colcon_core.package_identification:_identify(src/yolov8_ros) by extension 'ignore'
[0.172s] Level 1:colcon.colcon_core.package_identification:_identify(src/yolov8_ros) by extension 'ignore_ament_install'
[0.172s] Level 1:colcon.colcon_core.package_identification:_identify(src/yolov8_ros) by extensions ['colcon_pkg']
[0.172s] Level 1:colcon.colcon_core.package_identification:_identify(src/yolov8_ros) by extension 'colcon_pkg'
[0.172s] Level 1:colcon.colcon_core.package_identification:_identify(src/yolov8_ros) by extensions ['colcon_meta']
[0.172s] Level 1:colcon.colcon_core.package_identification:_identify(src/yolov8_ros) by extension 'colcon_meta'
[0.172s] Level 1:colcon.colcon_core.package_identification:_identify(src/yolov8_ros) by extensions ['ros']
[0.172s] Level 1:colcon.colcon_core.package_identification:_identify(src/yolov8_ros) by extension 'ros'
[0.173s] DEBUG:colcon.colcon_core.package_identification:Package 'src/yolov8_ros' with type 'ros.ament_python' and name 'yolov8_ros'
[0.173s] Level 1:colcon.colcon_core.package_discovery:discover_packages(recursive) using defaults
[0.173s] Level 1:colcon.colcon_core.package_discovery:discover_packages(ignore) discover
[0.173s] Level 1:colcon.colcon_core.package_discovery:discover_packages(ignore) using defaults
[0.173s] Level 1:colcon.colcon_core.package_discovery:discover_packages(path) discover
[0.173s] Level 1:colcon.colcon_core.package_discovery:discover_packages(path) using defaults
[0.191s] Level 1:colcon.colcon_core.package_discovery:discover_packages(prefix_path) check parameters
[0.191s] Level 1:colcon.colcon_core.package_discovery:discover_packages(prefix_path) discover
[0.193s] DEBUG:colcon.colcon_installed_package_information.package_discovery:Found 4 installed packages in /home/robo/llagoeiro/MiniMarketSecurity/install
[0.193s] DEBUG:colcon.colcon_installed_package_information.package_discovery:Found 270 installed packages in /opt/ros/humble
[0.194s] Level 1:colcon.colcon_core.package_discovery:discover_packages(prefix_path) using defaults
[0.212s] Level 5:colcon.colcon_core.verb:set package 'opencv_tools' build argument 'cmake_args' from command line to 'None'
[0.212s] Level 5:colcon.colcon_core.verb:set package 'opencv_tools' build argument 'cmake_target' from command line to 'None'
[0.212s] Level 5:colcon.colcon_core.verb:set package 'opencv_tools' build argument 'cmake_target_skip_unavailable' from command line to 'False'
[0.212s] Level 5:colcon.colcon_core.verb:set package 'opencv_tools' build argument 'cmake_clean_cache' from command line to 'False'
[0.212s] Level 5:colcon.colcon_core.verb:set package 'opencv_tools' build argument 'cmake_clean_first' from command line to 'False'
[0.212s] Level 5:colcon.colcon_core.verb:set package 'opencv_tools' build argument 'cmake_force_configure' from command line to 'False'
[0.212s] Level 5:colcon.colcon_core.verb:set package 'opencv_tools' build argument 'ament_cmake_args' from command line to 'None'
[0.212s] Level 5:colcon.colcon_core.verb:set package 'opencv_tools' build argument 'catkin_cmake_args' from command line to 'None'
[0.212s] Level 5:colcon.colcon_core.verb:set package 'opencv_tools' build argument 'catkin_skip_building_tests' from command line to 'False'
[0.212s] DEBUG:colcon.colcon_core.verb:Building package 'opencv_tools' with the following arguments: {'ament_cmake_args': None, 'build_base': '/home/robo/llagoeiro/MiniMarketSecurity/build/opencv_tools', 'catkin_cmake_args': None, 'catkin_skip_building_tests': False, 'cmake_args': None, 'cmake_clean_cache': False, 'cmake_clean_first': False, 'cmake_force_configure': False, 'cmake_target': None, 'cmake_target_skip_unavailable': False, 'install_base': '/home/robo/llagoeiro/MiniMarketSecurity/install/opencv_tools', 'merge_install': False, 'path': '/home/robo/llagoeiro/MiniMarketSecurity/src/opencv_tools', 'symlink_install': True, 'test_result_base': None}
[0.212s] Level 5:colcon.colcon_core.verb:set package 'yolov8_msgs' build argument 'cmake_args' from command line to 'None'
[0.212s] Level 5:colcon.colcon_core.verb:set package 'yolov8_msgs' build argument 'cmake_target' from command line to 'None'
[0.212s] Level 5:colcon.colcon_core.verb:set package 'yolov8_msgs' build argument 'cmake_target_skip_unavailable' from command line to 'False'
[0.212s] Level 5:colcon.colcon_core.verb:set package 'yolov8_msgs' build argument 'cmake_clean_cache' from command line to 'False'
[0.212s] Level 5:colcon.colcon_core.verb:set package 'yolov8_msgs' build argument 'cmake_clean_first' from command line to 'False'
[0.212s] Level 5:colcon.colcon_core.verb:set package 'yolov8_msgs' build argument 'cmake_force_configure' from command line to 'False'
[0.212s] Level 5:colcon.colcon_core.verb:set package 'yolov8_msgs' build argument 'ament_cmake_args' from command line to 'None'
[0.212s] Level 5:colcon.colcon_core.verb:set package 'yolov8_msgs' build argument 'catkin_cmake_args' from command line to 'None'
[0.212s] Level 5:colcon.colcon_core.verb:set package 'yolov8_msgs' build argument 'catkin_skip_building_tests' from command line to 'False'
[0.212s] DEBUG:colcon.colcon_core.verb:Building package 'yolov8_msgs' with the following arguments: {'ament_cmake_args': None, 'build_base': '/home/robo/llagoeiro/MiniMarketSecurity/build/yolov8_msgs', 'catkin_cmake_args': None, 'catkin_skip_building_tests': False, 'cmake_args': None, 'cmake_clean_cache': False, 'cmake_clean_first': False, 'cmake_force_configure': False, 'cmake_target': None, 'cmake_target_skip_unavailable': False, 'install_base': '/home/robo/llagoeiro/MiniMarketSecurity/install/yolov8_msgs', 'merge_install': False, 'path': '/home/robo/llagoeiro/MiniMarketSecurity/src/yolov8_msgs', 'symlink_install': True, 'test_result_base': None}
[0.212s] Level 5:colcon.colcon_core.verb:set package 'yolov8_ros' build argument 'cmake_args' from command line to 'None'
[0.212s] Level 5:colcon.colcon_core.verb:set package 'yolov8_ros' build argument 'cmake_target' from command line to 'None'
[0.212s] Level 5:colcon.colcon_core.verb:set package 'yolov8_ros' build argument 'cmake_target_skip_unavailable' from command line to 'False'
[0.212s] Level 5:colcon.colcon_core.verb:set package 'yolov8_ros' build argument 'cmake_clean_cache' from command line to 'False'
[0.212s] Level 5:colcon.colcon_core.verb:set package 'yolov8_ros' build argument 'cmake_clean_first' from command line to 'False'
[0.212s] Level 5:colcon.colcon_core.verb:set package 'yolov8_ros' build argument 'cmake_force_configure' from command line to 'False'
[0.212s] Level 5:colcon.colcon_core.verb:set package 'yolov8_ros' build argument 'ament_cmake_args' from command line to 'None'
[0.212s] Level 5:colcon.colcon_core.verb:set package 'yolov8_ros' build argument 'catkin_cmake_args' from command line to 'None'
[0.212s] Level 5:colcon.colcon_core.verb:set package 'yolov8_ros' build argument 'catkin_skip_building_tests' from command line to 'False'
[0.212s] DEBUG:colcon.colcon_core.verb:Building package 'yolov8_ros' with the following arguments: {'ament_cmake_args': None, 'build_base': '/home/robo/llagoeiro/MiniMarketSecurity/build/yolov8_ros', 'catkin_cmake_args': None, 'catkin_skip_building_tests': False, 'cmake_args': None, 'cmake_clean_cache': False, 'cmake_clean_first': False, 'cmake_force_configure': False, 'cmake_target': None, 'cmake_target_skip_unavailable': False, 'install_base': '/home/robo/llagoeiro/MiniMarketSecurity/install/yolov8_ros', 'merge_install': False, 'path': '/home/robo/llagoeiro/MiniMarketSecurity/src/yolov8_ros', 'symlink_install': True, 'test_result_base': None}
[0.213s] Level 5:colcon.colcon_core.verb:set package 'yolov8_bringup' build argument 'cmake_args' from command line to 'None'
[0.213s] Level 5:colcon.colcon_core.verb:set package 'yolov8_bringup' build argument 'cmake_target' from command line to 'None'
[0.213s] Level 5:colcon.colcon_core.verb:set package 'yolov8_bringup' build argument 'cmake_target_skip_unavailable' from command line to 'False'
[0.213s] Level 5:colcon.colcon_core.verb:set package 'yolov8_bringup' build argument 'cmake_clean_cache' from command line to 'False'
[0.213s] Level 5:colcon.colcon_core.verb:set package 'yolov8_bringup' build argument 'cmake_clean_first' from command line to 'False'
[0.213s] Level 5:colcon.colcon_core.verb:set package 'yolov8_bringup' build argument 'cmake_force_configure' from command line to 'False'
[0.213s] Level 5:colcon.colcon_core.verb:set package 'yolov8_bringup' build argument 'ament_cmake_args' from command line to 'None'
[0.213s] Level 5:colcon.colcon_core.verb:set package 'yolov8_bringup' build argument 'catkin_cmake_args' from command line to 'None'
[0.213s] Level 5:colcon.colcon_core.verb:set package 'yolov8_bringup' build argument 'catkin_skip_building_tests' from command line to 'False'
[0.213s] DEBUG:colcon.colcon_core.verb:Building package 'yolov8_bringup' with the following arguments: {'ament_cmake_args': None, 'build_base': '/home/robo/llagoeiro/MiniMarketSecurity/build/yolov8_bringup', 'catkin_cmake_args': None, 'catkin_skip_building_tests': False, 'cmake_args': None, 'cmake_clean_cache': False, 'cmake_clean_first': False, 'cmake_force_configure': False, 'cmake_target': None, 'cmake_target_skip_unavailable': False, 'install_base': '/home/robo/llagoeiro/MiniMarketSecurity/install/yolov8_bringup', 'merge_install': False, 'path': '/home/robo/llagoeiro/MiniMarketSecurity/src/yolov8_bringup', 'symlink_install': True, 'test_result_base': None}
[0.213s] INFO:colcon.colcon_core.executor:Executing jobs using 'parallel' executor
[0.214s] DEBUG:colcon.colcon_parallel_executor.executor.parallel:run_until_complete
[0.214s] INFO:colcon.colcon_ros.task.ament_cmake.build:Building ROS package in '/home/robo/llagoeiro/MiniMarketSecurity/src/yolov8_msgs' with build type 'ament_cmake'
[0.214s] INFO:colcon.colcon_cmake.task.cmake.build:Building CMake package in '/home/robo/llagoeiro/MiniMarketSecurity/src/yolov8_msgs'
[0.217s] INFO:colcon.colcon_core.plugin_system:Skipping extension 'colcon_core.shell.bat': Not used on non-Windows systems
[0.217s] INFO:colcon.colcon_core.shell:Skip shell extension 'powershell' for command environment: Not usable outside of PowerShell
[0.217s] DEBUG:colcon.colcon_core.shell:Skip shell extension 'dsv' for command environment
[0.219s] INFO:colcon.colcon_ros.task.ament_python.build:Building ROS package in '/home/robo/llagoeiro/MiniMarketSecurity/src/opencv_tools' with build type 'ament_python'
[0.219s] Level 1:colcon.colcon_core.shell:create_environment_hook('opencv_tools', 'ament_prefix_path')
[0.219s] INFO:colcon.colcon_core.shell:Creating environment hook '/home/robo/llagoeiro/MiniMarketSecurity/install/opencv_tools/share/opencv_tools/hook/ament_prefix_path.ps1'
[0.220s] INFO:colcon.colcon_core.shell:Creating environment descriptor '/home/robo/llagoeiro/MiniMarketSecurity/install/opencv_tools/share/opencv_tools/hook/ament_prefix_path.dsv'
[0.223s] INFO:colcon.colcon_core.shell:Creating environment hook '/home/robo/llagoeiro/MiniMarketSecurity/install/opencv_tools/share/opencv_tools/hook/ament_prefix_path.sh'
[0.224s] INFO:colcon.colcon_core.shell:Skip shell extension 'powershell' for command environment: Not usable outside of PowerShell
[0.224s] DEBUG:colcon.colcon_core.shell:Skip shell extension 'dsv' for command environment
[0.229s] DEBUG:colcon.colcon_core.event_handler.log_command:Invoking command in '/home/robo/llagoeiro/MiniMarketSecurity/build/yolov8_msgs': CMAKE_PREFIX_PATH=${CMAKE_PREFIX_PATH}:/home/robo/llagoeiro/MiniMarketSecurity/install/yolov8_ros:/home/robo/llagoeiro/MiniMarketSecurity/install/opencv_tools:/opt/ros/humble /usr/bin/cmake --build /home/robo/llagoeiro/MiniMarketSecurity/build/yolov8_msgs -- -j20 -l20
[0.368s] INFO:colcon.colcon_core.task.python.build:Building Python package in '/home/robo/llagoeiro/MiniMarketSecurity/src/opencv_tools'
[0.368s] INFO:colcon.colcon_core.shell:Skip shell extension 'powershell' for command environment: Not usable outside of PowerShell
[0.368s] DEBUG:colcon.colcon_core.shell:Skip shell extension 'dsv' for command environment
[0.458s] DEBUG:colcon.colcon_core.event_handler.log_command:Invoked command in '/home/robo/llagoeiro/MiniMarketSecurity/build/yolov8_msgs' returned '0': CMAKE_PREFIX_PATH=${CMAKE_PREFIX_PATH}:/home/robo/llagoeiro/MiniMarketSecurity/install/yolov8_ros:/home/robo/llagoeiro/MiniMarketSecurity/install/opencv_tools:/opt/ros/humble /usr/bin/cmake --build /home/robo/llagoeiro/MiniMarketSecurity/build/yolov8_msgs -- -j20 -l20
[0.571s] DEBUG:colcon.colcon_core.event_handler.log_command:Invoking command in '/home/robo/llagoeiro/MiniMarketSecurity/build/opencv_tools': PYTHONPATH=/home/robo/llagoeiro/MiniMarketSecurity/build/opencv_tools/prefix_override:/usr/lib/python3/dist-packages/colcon_core/task/python/colcon_distutils_commands:/home/robo/llagoeiro/MiniMarketSecurity/install/opencv_tools/lib/python3.10/site-packages:${PYTHONPATH} /usr/bin/python3 -W ignore:setup.py install is deprecated setup.py develop --editable --build-directory /home/robo/llagoeiro/MiniMarketSecurity/build/opencv_tools/build --no-deps symlink_data
[0.641s] DEBUG:colcon.colcon_core.event_handler.log_command:Invoking command in '/home/robo/llagoeiro/MiniMarketSecurity/build/yolov8_msgs': CMAKE_PREFIX_PATH=${CMAKE_PREFIX_PATH}:/home/robo/llagoeiro/MiniMarketSecurity/install/yolov8_ros:/home/robo/llagoeiro/MiniMarketSecurity/install/opencv_tools:/opt/ros/humble /usr/bin/cmake --install /home/robo/llagoeiro/MiniMarketSecurity/build/yolov8_msgs
[0.701s] Level 1:colcon.colcon_core.environment:create_environment_scripts_only(yolov8_msgs)
[0.701s] DEBUG:colcon.colcon_core.event_handler.log_command:Invoked command in '/home/robo/llagoeiro/MiniMarketSecurity/build/yolov8_msgs' returned '0': CMAKE_PREFIX_PATH=${CMAKE_PREFIX_PATH}:/home/robo/llagoeiro/MiniMarketSecurity/install/yolov8_ros:/home/robo/llagoeiro/MiniMarketSecurity/install/opencv_tools:/opt/ros/humble /usr/bin/cmake --install /home/robo/llagoeiro/MiniMarketSecurity/build/yolov8_msgs
[0.704s] Level 1:colcon.colcon_core.environment:checking '/home/robo/llagoeiro/MiniMarketSecurity/install/yolov8_msgs' for CMake module files
[0.705s] Level 1:colcon.colcon_core.environment:checking '/home/robo/llagoeiro/MiniMarketSecurity/install/yolov8_msgs' for CMake config files
[0.705s] Level 1:colcon.colcon_core.shell:create_environment_hook('yolov8_msgs', 'cmake_prefix_path')
[0.705s] INFO:colcon.colcon_core.shell:Creating environment hook '/home/robo/llagoeiro/MiniMarketSecurity/install/yolov8_msgs/share/yolov8_msgs/hook/cmake_prefix_path.ps1'
[0.705s] INFO:colcon.colcon_core.shell:Creating environment descriptor '/home/robo/llagoeiro/MiniMarketSecurity/install/yolov8_msgs/share/yolov8_msgs/hook/cmake_prefix_path.dsv'
[0.706s] INFO:colcon.colcon_core.shell:Creating environment hook '/home/robo/llagoeiro/MiniMarketSecurity/install/yolov8_msgs/share/yolov8_msgs/hook/cmake_prefix_path.sh'
[0.706s] Level 1:colcon.colcon_core.environment:checking '/home/robo/llagoeiro/MiniMarketSecurity/install/yolov8_msgs/lib'
[0.706s] Level 1:colcon.colcon_core.shell:create_environment_hook('yolov8_msgs', 'ld_library_path_lib')
[0.706s] INFO:colcon.colcon_core.shell:Creating environment hook '/home/robo/llagoeiro/MiniMarketSecurity/install/yolov8_msgs/share/yolov8_msgs/hook/ld_library_path_lib.ps1'
[0.707s] INFO:colcon.colcon_core.shell:Creating environment descriptor '/home/robo/llagoeiro/MiniMarketSecurity/install/yolov8_msgs/share/yolov8_msgs/hook/ld_library_path_lib.dsv'
[0.707s] INFO:colcon.colcon_core.shell:Creating environment hook '/home/robo/llagoeiro/MiniMarketSecurity/install/yolov8_msgs/share/yolov8_msgs/hook/ld_library_path_lib.sh'
[0.707s] Level 1:colcon.colcon_core.environment:checking '/home/robo/llagoeiro/MiniMarketSecurity/install/yolov8_msgs/bin'
[0.707s] Level 1:colcon.colcon_core.environment:checking '/home/robo/llagoeiro/MiniMarketSecurity/install/yolov8_msgs/lib/pkgconfig/yolov8_msgs.pc'
[0.707s] Level 1:colcon.colcon_core.environment:checking '/home/robo/llagoeiro/MiniMarketSecurity/install/yolov8_msgs/lib/python3.10/site-packages'
[0.707s] Level 1:colcon.colcon_core.environment:checking '/home/robo/llagoeiro/MiniMarketSecurity/install/yolov8_msgs/bin'
[0.707s] INFO:colcon.colcon_core.shell:Creating package script '/home/robo/llagoeiro/MiniMarketSecurity/install/yolov8_msgs/share/yolov8_msgs/package.ps1'
[0.708s] INFO:colcon.colcon_core.shell:Creating package descriptor '/home/robo/llagoeiro/MiniMarketSecurity/install/yolov8_msgs/share/yolov8_msgs/package.dsv'
[0.709s] INFO:colcon.colcon_core.shell:Creating package script '/home/robo/llagoeiro/MiniMarketSecurity/install/yolov8_msgs/share/yolov8_msgs/package.sh'
[0.710s] INFO:colcon.colcon_core.shell:Creating package script '/home/robo/llagoeiro/MiniMarketSecurity/install/yolov8_msgs/share/yolov8_msgs/package.bash'
[0.710s] INFO:colcon.colcon_core.shell:Creating package script '/home/robo/llagoeiro/MiniMarketSecurity/install/yolov8_msgs/share/yolov8_msgs/package.zsh'
[0.711s] Level 1:colcon.colcon_core.environment:create_file_with_runtime_dependencies(/home/robo/llagoeiro/MiniMarketSecurity/install/yolov8_msgs/share/colcon-core/packages/yolov8_msgs)
[0.826s] Level 1:colcon.colcon_core.shell:create_environment_hook('opencv_tools', 'pythonpath_develop')
[0.826s] INFO:colcon.colcon_core.shell:Creating environment hook '/home/robo/llagoeiro/MiniMarketSecurity/build/opencv_tools/share/opencv_tools/hook/pythonpath_develop.ps1'
[0.826s] DEBUG:colcon.colcon_core.event_handler.log_command:Invoked command in '/home/robo/llagoeiro/MiniMarketSecurity/build/opencv_tools' returned '0': PYTHONPATH=/home/robo/llagoeiro/MiniMarketSecurity/build/opencv_tools/prefix_override:/usr/lib/python3/dist-packages/colcon_core/task/python/colcon_distutils_commands:/home/robo/llagoeiro/MiniMarketSecurity/install/opencv_tools/lib/python3.10/site-packages:${PYTHONPATH} /usr/bin/python3 -W ignore:setup.py install is deprecated setup.py develop --editable --build-directory /home/robo/llagoeiro/MiniMarketSecurity/build/opencv_tools/build --no-deps symlink_data
[0.827s] INFO:colcon.colcon_core.shell:Creating environment descriptor '/home/robo/llagoeiro/MiniMarketSecurity/build/opencv_tools/share/opencv_tools/hook/pythonpath_develop.dsv'
[0.827s] INFO:colcon.colcon_core.shell:Creating environment hook '/home/robo/llagoeiro/MiniMarketSecurity/build/opencv_tools/share/opencv_tools/hook/pythonpath_develop.sh'
[0.827s] Level 1:colcon.colcon_core.environment:checking '/home/robo/llagoeiro/MiniMarketSecurity/install/opencv_tools' for CMake module files
[0.828s] Level 1:colcon.colcon_core.environment:checking '/home/robo/llagoeiro/MiniMarketSecurity/install/opencv_tools' for CMake config files
[0.828s] Level 1:colcon.colcon_core.environment:checking '/home/robo/llagoeiro/MiniMarketSecurity/install/opencv_tools/lib'
[0.828s] Level 1:colcon.colcon_core.environment:checking '/home/robo/llagoeiro/MiniMarketSecurity/install/opencv_tools/bin'
[0.828s] Level 1:colcon.colcon_core.environment:checking '/home/robo/llagoeiro/MiniMarketSecurity/install/opencv_tools/lib/pkgconfig/opencv_tools.pc'
[0.828s] Level 1:colcon.colcon_core.environment:checking '/home/robo/llagoeiro/MiniMarketSecurity/install/opencv_tools/lib/python3.10/site-packages'
[0.828s] Level 1:colcon.colcon_core.shell:create_environment_hook('opencv_tools', 'pythonpath')
[0.828s] INFO:colcon.colcon_core.shell:Creating environment hook '/home/robo/llagoeiro/MiniMarketSecurity/install/opencv_tools/share/opencv_tools/hook/pythonpath.ps1'
[0.828s] INFO:colcon.colcon_core.shell:Creating environment descriptor '/home/robo/llagoeiro/MiniMarketSecurity/install/opencv_tools/share/opencv_tools/hook/pythonpath.dsv'
[0.828s] INFO:colcon.colcon_core.shell:Creating environment hook '/home/robo/llagoeiro/MiniMarketSecurity/install/opencv_tools/share/opencv_tools/hook/pythonpath.sh'
[0.829s] Level 1:colcon.colcon_core.environment:checking '/home/robo/llagoeiro/MiniMarketSecurity/install/opencv_tools/bin'
[0.829s] Level 1:colcon.colcon_core.environment:create_environment_scripts_only(opencv_tools)
[0.829s] INFO:colcon.colcon_core.shell:Creating package script '/home/robo/llagoeiro/MiniMarketSecurity/install/opencv_tools/share/opencv_tools/package.ps1'
[0.829s] INFO:colcon.colcon_core.shell:Creating package descriptor '/home/robo/llagoeiro/MiniMarketSecurity/install/opencv_tools/share/opencv_tools/package.dsv'
[0.829s] INFO:colcon.colcon_core.shell:Creating package script '/home/robo/llagoeiro/MiniMarketSecurity/install/opencv_tools/share/opencv_tools/package.sh'
[0.830s] INFO:colcon.colcon_core.shell:Creating package script '/home/robo/llagoeiro/MiniMarketSecurity/install/opencv_tools/share/opencv_tools/package.bash'
[0.830s] INFO:colcon.colcon_core.shell:Creating package script '/home/robo/llagoeiro/MiniMarketSecurity/install/opencv_tools/share/opencv_tools/package.zsh'
[0.830s] Level 1:colcon.colcon_core.environment:create_file_with_runtime_dependencies(/home/robo/llagoeiro/MiniMarketSecurity/install/opencv_tools/share/colcon-core/packages/opencv_tools)
[0.894s] Level 1:colcon.colcon_core.environment:create_environment_scripts_only(yolov8_msgs)
[0.894s] Level 1:colcon.colcon_core.environment:checking '/home/robo/llagoeiro/MiniMarketSecurity/install/yolov8_msgs' for CMake module files
[0.894s] Level 1:colcon.colcon_core.environment:checking '/home/robo/llagoeiro/MiniMarketSecurity/install/yolov8_msgs' for CMake config files
[0.895s] Level 1:colcon.colcon_core.shell:create_environment_hook('yolov8_msgs', 'cmake_prefix_path')
[0.895s] INFO:colcon.colcon_core.shell:Creating environment hook '/home/robo/llagoeiro/MiniMarketSecurity/install/yolov8_msgs/share/yolov8_msgs/hook/cmake_prefix_path.ps1'
[0.895s] INFO:colcon.colcon_core.shell:Creating environment descriptor '/home/robo/llagoeiro/MiniMarketSecurity/install/yolov8_msgs/share/yolov8_msgs/hook/cmake_prefix_path.dsv'
[0.895s] INFO:colcon.colcon_core.shell:Creating environment hook '/home/robo/llagoeiro/MiniMarketSecurity/install/yolov8_msgs/share/yolov8_msgs/hook/cmake_prefix_path.sh'
[0.896s] Level 1:colcon.colcon_core.environment:checking '/home/robo/llagoeiro/MiniMarketSecurity/install/yolov8_msgs/lib'
[0.896s] Level 1:colcon.colcon_core.shell:create_environment_hook('yolov8_msgs', 'ld_library_path_lib')
[0.896s] INFO:colcon.colcon_core.shell:Creating environment hook '/home/robo/llagoeiro/MiniMarketSecurity/install/yolov8_msgs/share/yolov8_msgs/hook/ld_library_path_lib.ps1'
[0.896s] INFO:colcon.colcon_core.shell:Creating environment descriptor '/home/robo/llagoeiro/MiniMarketSecurity/install/yolov8_msgs/share/yolov8_msgs/hook/ld_library_path_lib.dsv'
[0.896s] INFO:colcon.colcon_core.shell:Creating environment hook '/home/robo/llagoeiro/MiniMarketSecurity/install/yolov8_msgs/share/yolov8_msgs/hook/ld_library_path_lib.sh'
[0.896s] Level 1:colcon.colcon_core.environment:checking '/home/robo/llagoeiro/MiniMarketSecurity/install/yolov8_msgs/bin'
[0.896s] Level 1:colcon.colcon_core.environment:checking '/home/robo/llagoeiro/MiniMarketSecurity/install/yolov8_msgs/lib/pkgconfig/yolov8_msgs.pc'
[0.896s] Level 1:colcon.colcon_core.environment:checking '/home/robo/llagoeiro/MiniMarketSecurity/install/yolov8_msgs/lib/python3.10/site-packages'
[0.897s] Level 1:colcon.colcon_core.environment:checking '/home/robo/llagoeiro/MiniMarketSecurity/install/yolov8_msgs/bin'
[0.897s] INFO:colcon.colcon_core.shell:Creating package script '/home/robo/llagoeiro/MiniMarketSecurity/install/yolov8_msgs/share/yolov8_msgs/package.ps1'
[0.897s] INFO:colcon.colcon_core.shell:Creating package descriptor '/home/robo/llagoeiro/MiniMarketSecurity/install/yolov8_msgs/share/yolov8_msgs/package.dsv'
[0.897s] INFO:colcon.colcon_core.shell:Creating package script '/home/robo/llagoeiro/MiniMarketSecurity/install/yolov8_msgs/share/yolov8_msgs/package.sh'
[0.897s] INFO:colcon.colcon_core.shell:Creating package script '/home/robo/llagoeiro/MiniMarketSecurity/install/yolov8_msgs/share/yolov8_msgs/package.bash'
[0.898s] INFO:colcon.colcon_core.shell:Creating package script '/home/robo/llagoeiro/MiniMarketSecurity/install/yolov8_msgs/share/yolov8_msgs/package.zsh'
[0.898s] Level 1:colcon.colcon_core.environment:create_file_with_runtime_dependencies(/home/robo/llagoeiro/MiniMarketSecurity/install/yolov8_msgs/share/colcon-core/packages/yolov8_msgs)
[0.898s] INFO:colcon.colcon_ros.task.ament_python.build:Building ROS package in '/home/robo/llagoeiro/MiniMarketSecurity/src/yolov8_ros' with build type 'ament_python'
[0.898s] Level 1:colcon.colcon_core.shell:create_environment_hook('yolov8_ros', 'ament_prefix_path')
[0.898s] INFO:colcon.colcon_core.shell:Creating environment hook '/home/robo/llagoeiro/MiniMarketSecurity/install/yolov8_ros/share/yolov8_ros/hook/ament_prefix_path.ps1'
[0.899s] INFO:colcon.colcon_core.shell:Creating environment descriptor '/home/robo/llagoeiro/MiniMarketSecurity/install/yolov8_ros/share/yolov8_ros/hook/ament_prefix_path.dsv'
[0.899s] INFO:colcon.colcon_core.shell:Creating environment hook '/home/robo/llagoeiro/MiniMarketSecurity/install/yolov8_ros/share/yolov8_ros/hook/ament_prefix_path.sh'
[0.899s] INFO:colcon.colcon_core.shell:Skip shell extension 'powershell' for command environment: Not usable outside of PowerShell
[0.899s] DEBUG:colcon.colcon_core.shell:Skip shell extension 'dsv' for command environment
[1.031s] INFO:colcon.colcon_core.task.python.build:Building Python package in '/home/robo/llagoeiro/MiniMarketSecurity/src/yolov8_ros'
[1.031s] INFO:colcon.colcon_core.shell:Skip shell extension 'powershell' for command environment: Not usable outside of PowerShell
[1.031s] DEBUG:colcon.colcon_core.shell:Skip shell extension 'dsv' for command environment
[1.201s] DEBUG:colcon.colcon_core.event_handler.log_command:Invoking command in '/home/robo/llagoeiro/MiniMarketSecurity/build/yolov8_ros': CMAKE_PREFIX_PATH=/home/robo/llagoeiro/MiniMarketSecurity/install/yolov8_msgs:/home/robo/llagoeiro/MiniMarketSecurity/install/yolov8_bringup PYTHONPATH=/home/robo/llagoeiro/MiniMarketSecurity/build/yolov8_ros/prefix_override:/usr/lib/python3/dist-packages/colcon_core/task/python/colcon_distutils_commands:/home/robo/llagoeiro/MiniMarketSecurity/install/yolov8_ros/lib/python3.10/site-packages:${PYTHONPATH} /usr/bin/python3 -W ignore:setup.py install is deprecated setup.py develop --editable --build-directory /home/robo/llagoeiro/MiniMarketSecurity/build/yolov8_ros/build --no-deps symlink_data
[1.421s] Level 1:colcon.colcon_core.shell:create_environment_hook('yolov8_ros', 'pythonpath_develop')
[1.421s] INFO:colcon.colcon_core.shell:Creating environment hook '/home/robo/llagoeiro/MiniMarketSecurity/build/yolov8_ros/share/yolov8_ros/hook/pythonpath_develop.ps1'
[1.421s] DEBUG:colcon.colcon_core.event_handler.log_command:Invoked command in '/home/robo/llagoeiro/MiniMarketSecurity/build/yolov8_ros' returned '0': CMAKE_PREFIX_PATH=/home/robo/llagoeiro/MiniMarketSecurity/install/yolov8_msgs:/home/robo/llagoeiro/MiniMarketSecurity/install/yolov8_bringup PYTHONPATH=/home/robo/llagoeiro/MiniMarketSecurity/build/yolov8_ros/prefix_override:/usr/lib/python3/dist-packages/colcon_core/task/python/colcon_distutils_commands:/home/robo/llagoeiro/MiniMarketSecurity/install/yolov8_ros/lib/python3.10/site-packages:${PYTHONPATH} /usr/bin/python3 -W ignore:setup.py install is deprecated setup.py develop --editable --build-directory /home/robo/llagoeiro/MiniMarketSecurity/build/yolov8_ros/build --no-deps symlink_data
[1.422s] INFO:colcon.colcon_core.shell:Creating environment descriptor '/home/robo/llagoeiro/MiniMarketSecurity/build/yolov8_ros/share/yolov8_ros/hook/pythonpath_develop.dsv'
[1.422s] INFO:colcon.colcon_core.shell:Creating environment hook '/home/robo/llagoeiro/MiniMarketSecurity/build/yolov8_ros/share/yolov8_ros/hook/pythonpath_develop.sh'
[1.422s] Level 1:colcon.colcon_core.environment:checking '/home/robo/llagoeiro/MiniMarketSecurity/install/yolov8_ros' for CMake module files
[1.423s] Level 1:colcon.colcon_core.environment:checking '/home/robo/llagoeiro/MiniMarketSecurity/install/yolov8_ros' for CMake config files
[1.423s] Level 1:colcon.colcon_core.environment:checking '/home/robo/llagoeiro/MiniMarketSecurity/install/yolov8_ros/lib'
[1.423s] Level 1:colcon.colcon_core.environment:checking '/home/robo/llagoeiro/MiniMarketSecurity/install/yolov8_ros/bin'
[1.423s] Level 1:colcon.colcon_core.environment:checking '/home/robo/llagoeiro/MiniMarketSecurity/install/yolov8_ros/lib/pkgconfig/yolov8_ros.pc'
[1.423s] Level 1:colcon.colcon_core.environment:checking '/home/robo/llagoeiro/MiniMarketSecurity/install/yolov8_ros/lib/python3.10/site-packages'
[1.423s] Level 1:colcon.colcon_core.shell:create_environment_hook('yolov8_ros', 'pythonpath')
[1.423s] INFO:colcon.colcon_core.shell:Creating environment hook '/home/robo/llagoeiro/MiniMarketSecurity/install/yolov8_ros/share/yolov8_ros/hook/pythonpath.ps1'
[1.423s] INFO:colcon.colcon_core.shell:Creating environment descriptor '/home/robo/llagoeiro/MiniMarketSecurity/install/yolov8_ros/share/yolov8_ros/hook/pythonpath.dsv'
[1.423s] INFO:colcon.colcon_core.shell:Creating environment hook '/home/robo/llagoeiro/MiniMarketSecurity/install/yolov8_ros/share/yolov8_ros/hook/pythonpath.sh'
[1.424s] Level 1:colcon.colcon_core.environment:checking '/home/robo/llagoeiro/MiniMarketSecurity/install/yolov8_ros/bin'
[1.424s] Level 1:colcon.colcon_core.environment:create_environment_scripts_only(yolov8_ros)
[1.424s] INFO:colcon.colcon_core.shell:Creating package script '/home/robo/llagoeiro/MiniMarketSecurity/install/yolov8_ros/share/yolov8_ros/package.ps1'
[1.424s] INFO:colcon.colcon_core.shell:Creating package descriptor '/home/robo/llagoeiro/MiniMarketSecurity/install/yolov8_ros/share/yolov8_ros/package.dsv'
[1.424s] INFO:colcon.colcon_core.shell:Creating package script '/home/robo/llagoeiro/MiniMarketSecurity/install/yolov8_ros/share/yolov8_ros/package.sh'
[1.425s] INFO:colcon.colcon_core.shell:Creating package script '/home/robo/llagoeiro/MiniMarketSecurity/install/yolov8_ros/share/yolov8_ros/package.bash'
[1.425s] INFO:colcon.colcon_core.shell:Creating package script '/home/robo/llagoeiro/MiniMarketSecurity/install/yolov8_ros/share/yolov8_ros/package.zsh'
[1.425s] Level 1:colcon.colcon_core.environment:create_file_with_runtime_dependencies(/home/robo/llagoeiro/MiniMarketSecurity/install/yolov8_ros/share/colcon-core/packages/yolov8_ros)
[1.425s] INFO:colcon.colcon_ros.task.ament_cmake.build:Building ROS package in '/home/robo/llagoeiro/MiniMarketSecurity/src/yolov8_bringup' with build type 'ament_cmake'
[1.425s] INFO:colcon.colcon_cmake.task.cmake.build:Building CMake package in '/home/robo/llagoeiro/MiniMarketSecurity/src/yolov8_bringup'
[1.425s] INFO:colcon.colcon_core.shell:Skip shell extension 'powershell' for command environment: Not usable outside of PowerShell
[1.425s] DEBUG:colcon.colcon_core.shell:Skip shell extension 'dsv' for command environment
[1.433s] DEBUG:colcon.colcon_core.event_handler.log_command:Invoking command in '/home/robo/llagoeiro/MiniMarketSecurity/build/yolov8_bringup': AMENT_PREFIX_PATH=/home/robo/llagoeiro/MiniMarketSecurity/install/yolov8_ros:/home/robo/llagoeiro/MiniMarketSecurity/install/yolov8_bringup:/home/robo/llagoeiro/MiniMarketSecurity/install/yolov8_msgs:/home/robo/llagoeiro/MiniMarketSecurity/install/opencv_tools:/opt/ros/humble CMAKE_PREFIX_PATH=/home/robo/llagoeiro/MiniMarketSecurity/install/yolov8_msgs:/home/robo/llagoeiro/MiniMarketSecurity/install/yolov8_bringup:/home/robo/llagoeiro/MiniMarketSecurity/install/yolov8_ros:/home/robo/llagoeiro/MiniMarketSecurity/install/opencv_tools:/opt/ros/humble /usr/bin/cmake --build /home/robo/llagoeiro/MiniMarketSecurity/build/yolov8_bringup -- -j20 -l20
[1.461s] DEBUG:colcon.colcon_core.event_handler.log_command:Invoked command in '/home/robo/llagoeiro/MiniMarketSecurity/build/yolov8_bringup' returned '0': AMENT_PREFIX_PATH=/home/robo/llagoeiro/MiniMarketSecurity/install/yolov8_ros:/home/robo/llagoeiro/MiniMarketSecurity/install/yolov8_bringup:/home/robo/llagoeiro/MiniMarketSecurity/install/yolov8_msgs:/home/robo/llagoeiro/MiniMarketSecurity/install/opencv_tools:/opt/ros/humble CMAKE_PREFIX_PATH=/home/robo/llagoeiro/MiniMarketSecurity/install/yolov8_msgs:/home/robo/llagoeiro/MiniMarketSecurity/install/yolov8_bringup:/home/robo/llagoeiro/MiniMarketSecurity/install/yolov8_ros:/home/robo/llagoeiro/MiniMarketSecurity/install/opencv_tools:/opt/ros/humble /usr/bin/cmake --build /home/robo/llagoeiro/MiniMarketSecurity/build/yolov8_bringup -- -j20 -l20
[1.479s] DEBUG:colcon.colcon_core.event_handler.log_command:Invoking command in '/home/robo/llagoeiro/MiniMarketSecurity/build/yolov8_bringup': AMENT_PREFIX_PATH=/home/robo/llagoeiro/MiniMarketSecurity/install/yolov8_ros:/home/robo/llagoeiro/MiniMarketSecurity/install/yolov8_bringup:/home/robo/llagoeiro/MiniMarketSecurity/install/yolov8_msgs:/home/robo/llagoeiro/MiniMarketSecurity/install/opencv_tools:/opt/ros/humble CMAKE_PREFIX_PATH=/home/robo/llagoeiro/MiniMarketSecurity/install/yolov8_msgs:/home/robo/llagoeiro/MiniMarketSecurity/install/yolov8_bringup:/home/robo/llagoeiro/MiniMarketSecurity/install/yolov8_ros:/home/robo/llagoeiro/MiniMarketSecurity/install/opencv_tools:/opt/ros/humble /usr/bin/cmake --install /home/robo/llagoeiro/MiniMarketSecurity/build/yolov8_bringup
[1.496s] Level 1:colcon.colcon_core.environment:create_environment_scripts_only(yolov8_bringup)
[1.496s] Level 1:colcon.colcon_core.environment:checking '/home/robo/llagoeiro/MiniMarketSecurity/install/yolov8_bringup' for CMake module files
[1.497s] DEBUG:colcon.colcon_core.event_handler.log_command:Invoked command in '/home/robo/llagoeiro/MiniMarketSecurity/build/yolov8_bringup' returned '0': AMENT_PREFIX_PATH=/home/robo/llagoeiro/MiniMarketSecurity/install/yolov8_ros:/home/robo/llagoeiro/MiniMarketSecurity/install/yolov8_bringup:/home/robo/llagoeiro/MiniMarketSecurity/install/yolov8_msgs:/home/robo/llagoeiro/MiniMarketSecurity/install/opencv_tools:/opt/ros/humble CMAKE_PREFIX_PATH=/home/robo/llagoeiro/MiniMarketSecurity/install/yolov8_msgs:/home/robo/llagoeiro/MiniMarketSecurity/install/yolov8_bringup:/home/robo/llagoeiro/MiniMarketSecurity/install/yolov8_ros:/home/robo/llagoeiro/MiniMarketSecurity/install/opencv_tools:/opt/ros/humble /usr/bin/cmake --install /home/robo/llagoeiro/MiniMarketSecurity/build/yolov8_bringup
[1.497s] Level 1:colcon.colcon_core.environment:checking '/home/robo/llagoeiro/MiniMarketSecurity/install/yolov8_bringup' for CMake config files
[1.497s] Level 1:colcon.colcon_core.shell:create_environment_hook('yolov8_bringup', 'cmake_prefix_path')
[1.498s] INFO:colcon.colcon_core.shell:Creating environment hook '/home/robo/llagoeiro/MiniMarketSecurity/install/yolov8_bringup/share/yolov8_bringup/hook/cmake_prefix_path.ps1'
[1.498s] INFO:colcon.colcon_core.shell:Creating environment descriptor '/home/robo/llagoeiro/MiniMarketSecurity/install/yolov8_bringup/share/yolov8_bringup/hook/cmake_prefix_path.dsv'
[1.498s] INFO:colcon.colcon_core.shell:Creating environment hook '/home/robo/llagoeiro/MiniMarketSecurity/install/yolov8_bringup/share/yolov8_bringup/hook/cmake_prefix_path.sh'
[1.499s] Level 1:colcon.colcon_core.environment:checking '/home/robo/llagoeiro/MiniMarketSecurity/install/yolov8_bringup/bin'
[1.499s] Level 1:colcon.colcon_core.environment:checking '/home/robo/llagoeiro/MiniMarketSecurity/install/yolov8_bringup/lib/pkgconfig/yolov8_bringup.pc'
[1.499s] Level 1:colcon.colcon_core.environment:checking '/home/robo/llagoeiro/MiniMarketSecurity/install/yolov8_bringup/lib/python3.10/site-packages'
[1.499s] Level 1:colcon.colcon_core.environment:checking '/home/robo/llagoeiro/MiniMarketSecurity/install/yolov8_bringup/bin'
[1.499s] INFO:colcon.colcon_core.shell:Creating package script '/home/robo/llagoeiro/MiniMarketSecurity/install/yolov8_bringup/share/yolov8_bringup/package.ps1'
[1.500s] INFO:colcon.colcon_core.shell:Creating package descriptor '/home/robo/llagoeiro/MiniMarketSecurity/install/yolov8_bringup/share/yolov8_bringup/package.dsv'
[1.500s] INFO:colcon.colcon_core.shell:Creating package script '/home/robo/llagoeiro/MiniMarketSecurity/install/yolov8_bringup/share/yolov8_bringup/package.sh'
[1.500s] INFO:colcon.colcon_core.shell:Creating package script '/home/robo/llagoeiro/MiniMarketSecurity/install/yolov8_bringup/share/yolov8_bringup/package.bash'
[1.500s] INFO:colcon.colcon_core.shell:Creating package script '/home/robo/llagoeiro/MiniMarketSecurity/install/yolov8_bringup/share/yolov8_bringup/package.zsh'
[1.501s] Level 1:colcon.colcon_core.environment:create_file_with_runtime_dependencies(/home/robo/llagoeiro/MiniMarketSecurity/install/yolov8_bringup/share/colcon-core/packages/yolov8_bringup)
[1.516s] Level 1:colcon.colcon_core.environment:create_environment_scripts_only(yolov8_bringup)
[1.516s] Level 1:colcon.colcon_core.environment:checking '/home/robo/llagoeiro/MiniMarketSecurity/install/yolov8_bringup' for CMake module files
[1.516s] Level 1:colcon.colcon_core.environment:checking '/home/robo/llagoeiro/MiniMarketSecurity/install/yolov8_bringup' for CMake config files
[1.516s] Level 1:colcon.colcon_core.shell:create_environment_hook('yolov8_bringup', 'cmake_prefix_path')
[1.516s] INFO:colcon.colcon_core.shell:Creating environment hook '/home/robo/llagoeiro/MiniMarketSecurity/install/yolov8_bringup/share/yolov8_bringup/hook/cmake_prefix_path.ps1'
[1.517s] INFO:colcon.colcon_core.shell:Creating environment descriptor '/home/robo/llagoeiro/MiniMarketSecurity/install/yolov8_bringup/share/yolov8_bringup/hook/cmake_prefix_path.dsv'
[1.517s] INFO:colcon.colcon_core.shell:Creating environment hook '/home/robo/llagoeiro/MiniMarketSecurity/install/yolov8_bringup/share/yolov8_bringup/hook/cmake_prefix_path.sh'
[1.517s] Level 1:colcon.colcon_core.environment:checking '/home/robo/llagoeiro/MiniMarketSecurity/install/yolov8_bringup/bin'
[1.517s] Level 1:colcon.colcon_core.environment:checking '/home/robo/llagoeiro/MiniMarketSecurity/install/yolov8_bringup/lib/pkgconfig/yolov8_bringup.pc'
[1.517s] Level 1:colcon.colcon_core.environment:checking '/home/robo/llagoeiro/MiniMarketSecurity/install/yolov8_bringup/lib/python3.10/site-packages'
[1.517s] Level 1:colcon.colcon_core.environment:checking '/home/robo/llagoeiro/MiniMarketSecurity/install/yolov8_bringup/bin'
[1.518s] INFO:colcon.colcon_core.shell:Creating package script '/home/robo/llagoeiro/MiniMarketSecurity/install/yolov8_bringup/share/yolov8_bringup/package.ps1'
[1.518s] INFO:colcon.colcon_core.shell:Creating package descriptor '/home/robo/llagoeiro/MiniMarketSecurity/install/yolov8_bringup/share/yolov8_bringup/package.dsv'
[1.518s] INFO:colcon.colcon_core.shell:Creating package script '/home/robo/llagoeiro/MiniMarketSecurity/install/yolov8_bringup/share/yolov8_bringup/package.sh'
[1.519s] INFO:colcon.colcon_core.shell:Creating package script '/home/robo/llagoeiro/MiniMarketSecurity/install/yolov8_bringup/share/yolov8_bringup/package.bash'
[1.519s] INFO:colcon.colcon_core.shell:Creating package script '/home/robo/llagoeiro/MiniMarketSecurity/install/yolov8_bringup/share/yolov8_bringup/package.zsh'
[1.519s] Level 1:colcon.colcon_core.environment:create_file_with_runtime_dependencies(/home/robo/llagoeiro/MiniMarketSecurity/install/yolov8_bringup/share/colcon-core/packages/yolov8_bringup)
[1.519s] DEBUG:colcon.colcon_parallel_executor.executor.parallel:closing loop
[1.520s] DEBUG:colcon.colcon_parallel_executor.executor.parallel:loop closed
[1.520s] DEBUG:colcon.colcon_parallel_executor.executor.parallel:run_until_complete finished with '0'
[1.520s] DEBUG:colcon.colcon_core.event_reactor:joining thread
[1.525s] INFO:colcon.colcon_core.plugin_system:Skipping extension 'colcon_notification.desktop_notification.terminal_notifier': Not used on non-Darwin systems
[1.525s] INFO:colcon.colcon_core.plugin_system:Skipping extension 'colcon_notification.desktop_notification.win32': Not used on non-Windows systems
[1.525s] INFO:colcon.colcon_notification.desktop_notification:Sending desktop notification using 'notify2'
[1.538s] DEBUG:colcon.colcon_core.event_reactor:joined thread
[1.538s] INFO:colcon.colcon_core.shell:Creating prefix script '/home/robo/llagoeiro/MiniMarketSecurity/install/local_setup.ps1'
[1.539s] INFO:colcon.colcon_core.shell:Creating prefix util module '/home/robo/llagoeiro/MiniMarketSecurity/install/_local_setup_util_ps1.py'
[1.541s] INFO:colcon.colcon_core.shell:Creating prefix chain script '/home/robo/llagoeiro/MiniMarketSecurity/install/setup.ps1'
[1.542s] INFO:colcon.colcon_core.shell:Creating prefix script '/home/robo/llagoeiro/MiniMarketSecurity/install/local_setup.sh'
[1.543s] INFO:colcon.colcon_core.shell:Creating prefix util module '/home/robo/llagoeiro/MiniMarketSecurity/install/_local_setup_util_sh.py'
[1.543s] INFO:colcon.colcon_core.shell:Creating prefix chain script '/home/robo/llagoeiro/MiniMarketSecurity/install/setup.sh'
[1.545s] INFO:colcon.colcon_core.shell:Creating prefix script '/home/robo/llagoeiro/MiniMarketSecurity/install/local_setup.bash'
[1.546s] INFO:colcon.colcon_core.shell:Creating prefix chain script '/home/robo/llagoeiro/MiniMarketSecurity/install/setup.bash'
[1.547s] INFO:colcon.colcon_core.shell:Creating prefix script '/home/robo/llagoeiro/MiniMarketSecurity/install/local_setup.zsh'
[1.548s] INFO:colcon.colcon_core.shell:Creating prefix chain script '/home/robo/llagoeiro/MiniMarketSecurity/install/setup.zsh'
