[0.005s] Invoking command in '/home/robo/llagoeiro/MiniMarketSecurity/ros2_yolo_ws/build/yolov8_msgs': CMAKE_PREFIX_PATH=/opt/ros/humble /usr/bin/cmake /home/robo/llagoeiro/MiniMarketSecurity/ros2_yolo_ws/src/yolov8_ros/yolov8_msgs -DCMAKE_INSTALL_PREFIX=/home/robo/llagoeiro/MiniMarketSecurity/ros2_yolo_ws/install/yolov8_msgs
[0.017s] -- Found ament_cmake: 1.3.10 (/opt/ros/humble/share/ament_cmake/cmake)
[0.095s] -- Found Python3: /usr/bin/python3 (found version "3.10.12") found components: Interpreter 
[0.138s] -- Found rosidl_default_generators: 1.2.0 (/opt/ros/humble/share/rosidl_default_generators/cmake)
[0.139s] -- Using all available rosidl_typesupport_c: rosidl_typesupport_fastrtps_c;rosidl_typesupport_introspection_c
[0.143s] -- Found rosidl_adapter: 3.1.5 (/opt/ros/humble/share/rosidl_adapter/cmake)
[0.163s] -- Using all available rosidl_typesupport_cpp: rosidl_typesupport_fastrtps_cpp;rosidl_typesupport_introspection_cpp
[0.180s] -- Found std_msgs: 4.2.4 (/opt/ros/humble/share/std_msgs/cmake)
[0.193s] -- Found geometry_msgs: 4.2.4 (/opt/ros/humble/share/geometry_msgs/cmake)
[0.374s] -- Found ament_cmake_ros: 0.10.0 (/opt/ros/humble/share/ament_cmake_ros/cmake)
[0.504s] -- Using all available rosidl_typesupport_c: rosidl_typesupport_fastrtps_c;rosidl_typesupport_introspection_c
[0.675s] -- Using all available rosidl_typesupport_cpp: rosidl_typesupport_fastrtps_cpp;rosidl_typesupport_introspection_cpp
[0.687s] -- Found PythonInterp: /usr/bin/python3 (found suitable version "3.10.12", minimum required is "3.6") 
[0.690s] -- Found python_cmake_module: 0.10.0 (/opt/ros/humble/share/python_cmake_module/cmake)
[0.705s] -- Found PythonLibs: /usr/lib/x86_64-linux-gnu/libpython3.10.so (found suitable version "3.10.12", minimum required is "3.5") 
[0.705s] -- Using PYTHON_EXECUTABLE: /usr/bin/python3
[0.705s] -- Using PYTHON_INCLUDE_DIRS: /usr/include/python3.10
[0.705s] -- Using PYTHON_LIBRARIES: /usr/lib/x86_64-linux-gnu/libpython3.10.so
[0.716s] -- Found PythonExtra: .so  
[0.749s] -- Configuring done
[0.775s] -- Generating done
[0.776s] -- Build files have been written to: /home/robo/llagoeiro/MiniMarketSecurity/ros2_yolo_ws/build/yolov8_msgs
[0.779s] Invoked command in '/home/robo/llagoeiro/MiniMarketSecurity/ros2_yolo_ws/build/yolov8_msgs' returned '0': CMAKE_PREFIX_PATH=/opt/ros/humble /usr/bin/cmake /home/robo/llagoeiro/MiniMarketSecurity/ros2_yolo_ws/src/yolov8_ros/yolov8_msgs -DCMAKE_INSTALL_PREFIX=/home/robo/llagoeiro/MiniMarketSecurity/ros2_yolo_ws/install/yolov8_msgs
[0.780s] Invoking command in '/home/robo/llagoeiro/MiniMarketSecurity/ros2_yolo_ws/build/yolov8_msgs': CMAKE_PREFIX_PATH=/opt/ros/humble /usr/bin/cmake --build /home/robo/llagoeiro/MiniMarketSecurity/ros2_yolo_ws/build/yolov8_msgs -- -j20 -l20
[0.801s] [  1%] [34m[1mGenerating C code for ROS interfaces[0m
[0.806s] [  1%] [34m[1mGenerating C++ code for ROS interfaces[0m
[0.810s] [  1%] Built target ament_cmake_python_copy_yolov8_msgs
[0.929s] running egg_info
[0.929s] creating yolov8_msgs.egg-info
[0.929s] writing yolov8_msgs.egg-info/PKG-INFO
[0.930s] writing dependency_links to yolov8_msgs.egg-info/dependency_links.txt
[0.930s] writing top-level names to yolov8_msgs.egg-info/top_level.txt
[0.930s] writing manifest file 'yolov8_msgs.egg-info/SOURCES.txt'
[0.931s] reading manifest file 'yolov8_msgs.egg-info/SOURCES.txt'
[0.931s] writing manifest file 'yolov8_msgs.egg-info/SOURCES.txt'
[0.946s] [  1%] Built target ament_cmake_python_build_yolov8_msgs_egg
[1.281s] [  1%] Built target yolov8_msgs__cpp
[1.286s] [  2%] [34m[1mGenerating C++ type support dispatch for ROS interfaces[0m
[1.286s] [  2%] [34m[1mGenerating C++ type support for eProsima Fast-RTPS[0m
[1.287s] [  3%] [34m[1mGenerating C++ introspection for ROS interfaces[0m
[1.332s] [  5%] [32mBuilding C object CMakeFiles/yolov8_msgs__rosidl_generator_c.dir/rosidl_generator_c/yolov8_msgs/msg/detail/vector2__functions.c.o[0m
[1.332s] [  5%] [32mBuilding C object CMakeFiles/yolov8_msgs__rosidl_generator_c.dir/rosidl_generator_c/yolov8_msgs/msg/detail/bounding_box2_d__functions.c.o[0m
[1.332s] [  5%] [32mBuilding C object CMakeFiles/yolov8_msgs__rosidl_generator_c.dir/rosidl_generator_c/yolov8_msgs/msg/detail/point2_d__functions.c.o[0m
[1.332s] [  6%] [32mBuilding C object CMakeFiles/yolov8_msgs__rosidl_generator_c.dir/rosidl_generator_c/yolov8_msgs/msg/detail/pose2_d__functions.c.o[0m
[1.334s] [  7%] [32mBuilding C object CMakeFiles/yolov8_msgs__rosidl_generator_c.dir/rosidl_generator_c/yolov8_msgs/msg/detail/key_point2_d_array__functions.c.o[0m
[1.334s] [  8%] [32mBuilding C object CMakeFiles/yolov8_msgs__rosidl_generator_c.dir/rosidl_generator_c/yolov8_msgs/msg/detail/bounding_box3_d__functions.c.o[0m
[1.334s] [  9%] [32mBuilding C object CMakeFiles/yolov8_msgs__rosidl_generator_c.dir/rosidl_generator_c/yolov8_msgs/msg/detail/key_point3_d_array__functions.c.o[0m
[1.334s] [  9%] [32mBuilding C object CMakeFiles/yolov8_msgs__rosidl_generator_c.dir/rosidl_generator_c/yolov8_msgs/msg/detail/mask__functions.c.o[0m
[1.334s] [ 10%] [32mBuilding C object CMakeFiles/yolov8_msgs__rosidl_generator_c.dir/rosidl_generator_c/yolov8_msgs/msg/detail/key_point2_d__functions.c.o[0m
[1.335s] [ 11%] [32mBuilding C object CMakeFiles/yolov8_msgs__rosidl_generator_c.dir/rosidl_generator_c/yolov8_msgs/msg/detail/key_point3_d__functions.c.o[0m
[1.335s] [ 12%] [32mBuilding C object CMakeFiles/yolov8_msgs__rosidl_generator_c.dir/rosidl_generator_c/yolov8_msgs/msg/detail/detection__functions.c.o[0m
[1.335s] [ 13%] [32mBuilding C object CMakeFiles/yolov8_msgs__rosidl_generator_c.dir/rosidl_generator_c/yolov8_msgs/msg/detail/detection_array__functions.c.o[0m
[1.381s] [ 14%] [32m[1mLinking C shared library libyolov8_msgs__rosidl_generator_c.so[0m
[1.402s] [ 14%] Built target yolov8_msgs__rosidl_generator_c
[1.409s] [ 17%] [34m[1mGenerating C introspection for ROS interfaces[0m
[1.409s] [ 17%] [34m[1mGenerating C type support for eProsima Fast-RTPS[0m
[1.409s] [ 17%] [34m[1mGenerating C type support dispatch for ROS interfaces[0m
[1.706s] [ 18%] [32mBuilding CXX object CMakeFiles/yolov8_msgs__rosidl_typesupport_cpp.dir/rosidl_typesupport_cpp/yolov8_msgs/msg/pose2_d__type_support.cpp.o[0m
[1.707s] [ 18%] [32mBuilding CXX object CMakeFiles/yolov8_msgs__rosidl_typesupport_cpp.dir/rosidl_typesupport_cpp/yolov8_msgs/msg/detection__type_support.cpp.o[0m
[1.708s] [ 19%] [32mBuilding CXX object CMakeFiles/yolov8_msgs__rosidl_typesupport_cpp.dir/rosidl_typesupport_cpp/yolov8_msgs/msg/vector2__type_support.cpp.o[0m
[1.708s] [ 20%] [32mBuilding CXX object CMakeFiles/yolov8_msgs__rosidl_typesupport_cpp.dir/rosidl_typesupport_cpp/yolov8_msgs/msg/point2_d__type_support.cpp.o[0m
[1.708s] [ 22%] [32mBuilding CXX object CMakeFiles/yolov8_msgs__rosidl_typesupport_cpp.dir/rosidl_typesupport_cpp/yolov8_msgs/msg/bounding_box2_d__type_support.cpp.o[0m
[1.708s] [ 22%] [32mBuilding CXX object CMakeFiles/yolov8_msgs__rosidl_typesupport_cpp.dir/rosidl_typesupport_cpp/yolov8_msgs/msg/key_point2_d__type_support.cpp.o[0m
[1.708s] [ 22%] [32mBuilding CXX object CMakeFiles/yolov8_msgs__rosidl_typesupport_cpp.dir/rosidl_typesupport_cpp/yolov8_msgs/msg/bounding_box3_d__type_support.cpp.o[0m
[1.709s] [ 23%] [32mBuilding CXX object CMakeFiles/yolov8_msgs__rosidl_typesupport_cpp.dir/rosidl_typesupport_cpp/yolov8_msgs/msg/mask__type_support.cpp.o[0m
[1.709s] [ 24%] [32mBuilding CXX object CMakeFiles/yolov8_msgs__rosidl_typesupport_cpp.dir/rosidl_typesupport_cpp/yolov8_msgs/msg/key_point3_d__type_support.cpp.o[0m
[1.709s] [ 25%] [32mBuilding CXX object CMakeFiles/yolov8_msgs__rosidl_typesupport_cpp.dir/rosidl_typesupport_cpp/yolov8_msgs/msg/key_point2_d_array__type_support.cpp.o[0m
[1.710s] [ 26%] [32mBuilding CXX object CMakeFiles/yolov8_msgs__rosidl_typesupport_cpp.dir/rosidl_typesupport_cpp/yolov8_msgs/msg/key_point3_d_array__type_support.cpp.o[0m
[1.710s] [ 27%] [32mBuilding CXX object CMakeFiles/yolov8_msgs__rosidl_typesupport_cpp.dir/rosidl_typesupport_cpp/yolov8_msgs/msg/detection_array__type_support.cpp.o[0m
[1.862s] [ 27%] [32mBuilding CXX object CMakeFiles/yolov8_msgs__rosidl_typesupport_introspection_cpp.dir/rosidl_typesupport_introspection_cpp/yolov8_msgs/msg/detail/point2_d__type_support.cpp.o[0m
[1.867s] [ 28%] [32mBuilding CXX object CMakeFiles/yolov8_msgs__rosidl_typesupport_introspection_cpp.dir/rosidl_typesupport_introspection_cpp/yolov8_msgs/msg/detail/pose2_d__type_support.cpp.o[0m
[1.869s] [ 29%] [32mBuilding CXX object CMakeFiles/yolov8_msgs__rosidl_typesupport_introspection_cpp.dir/rosidl_typesupport_introspection_cpp/yolov8_msgs/msg/detail/vector2__type_support.cpp.o[0m
[1.874s] [ 30%] [32mBuilding CXX object CMakeFiles/yolov8_msgs__rosidl_typesupport_introspection_cpp.dir/rosidl_typesupport_introspection_cpp/yolov8_msgs/msg/detail/bounding_box2_d__type_support.cpp.o[0m
[1.934s] [ 31%] [32mBuilding CXX object CMakeFiles/yolov8_msgs__rosidl_typesupport_c.dir/rosidl_typesupport_c/yolov8_msgs/msg/point2_d__type_support.cpp.o[0m
[1.981s] [ 31%] [32mBuilding CXX object CMakeFiles/yolov8_msgs__rosidl_typesupport_c.dir/rosidl_typesupport_c/yolov8_msgs/msg/vector2__type_support.cpp.o[0m
[1.991s] [ 32%] [32mBuilding CXX object CMakeFiles/yolov8_msgs__rosidl_typesupport_c.dir/rosidl_typesupport_c/yolov8_msgs/msg/pose2_d__type_support.cpp.o[0m
[1.999s] [ 33%] [32mBuilding CXX object CMakeFiles/yolov8_msgs__rosidl_typesupport_c.dir/rosidl_typesupport_c/yolov8_msgs/msg/bounding_box2_d__type_support.cpp.o[0m
[2.007s] [ 34%] [32mBuilding CXX object CMakeFiles/yolov8_msgs__rosidl_typesupport_introspection_cpp.dir/rosidl_typesupport_introspection_cpp/yolov8_msgs/msg/detail/bounding_box3_d__type_support.cpp.o[0m
[2.007s] [ 36%] [32mBuilding CXX object CMakeFiles/yolov8_msgs__rosidl_typesupport_c.dir/rosidl_typesupport_c/yolov8_msgs/msg/bounding_box3_d__type_support.cpp.o[0m
[2.007s] [ 36%] [32mBuilding CXX object CMakeFiles/yolov8_msgs__rosidl_typesupport_introspection_cpp.dir/rosidl_typesupport_introspection_cpp/yolov8_msgs/msg/detail/mask__type_support.cpp.o[0m
[2.018s] [ 37%] [32mBuilding CXX object CMakeFiles/yolov8_msgs__rosidl_typesupport_c.dir/rosidl_typesupport_c/yolov8_msgs/msg/mask__type_support.cpp.o[0m
[2.021s] [ 38%] [32mBuilding CXX object CMakeFiles/yolov8_msgs__rosidl_typesupport_c.dir/rosidl_typesupport_c/yolov8_msgs/msg/key_point2_d__type_support.cpp.o[0m
[2.030s] [ 38%] [32mBuilding CXX object CMakeFiles/yolov8_msgs__rosidl_typesupport_c.dir/rosidl_typesupport_c/yolov8_msgs/msg/key_point2_d_array__type_support.cpp.o[0m
[2.043s] [ 39%] [32mBuilding CXX object CMakeFiles/yolov8_msgs__rosidl_typesupport_c.dir/rosidl_typesupport_c/yolov8_msgs/msg/key_point3_d__type_support.cpp.o[0m
[2.049s] [ 41%] [32mBuilding CXX object CMakeFiles/yolov8_msgs__rosidl_typesupport_c.dir/rosidl_typesupport_c/yolov8_msgs/msg/detection__type_support.cpp.o[0m
[2.049s] [ 41%] [32mBuilding CXX object CMakeFiles/yolov8_msgs__rosidl_typesupport_c.dir/rosidl_typesupport_c/yolov8_msgs/msg/key_point3_d_array__type_support.cpp.o[0m
[2.050s] [ 42%] [32mBuilding CXX object CMakeFiles/yolov8_msgs__rosidl_typesupport_c.dir/rosidl_typesupport_c/yolov8_msgs/msg/detection_array__type_support.cpp.o[0m
[2.051s] [ 42%] [32mBuilding CXX object CMakeFiles/yolov8_msgs__rosidl_typesupport_introspection_cpp.dir/rosidl_typesupport_introspection_cpp/yolov8_msgs/msg/detail/key_point2_d__type_support.cpp.o[0m
[2.053s] [ 43%] [32mBuilding CXX object CMakeFiles/yolov8_msgs__rosidl_typesupport_introspection_cpp.dir/rosidl_typesupport_introspection_cpp/yolov8_msgs/msg/detail/key_point2_d_array__type_support.cpp.o[0m
[2.056s] [ 44%] [32m[1mLinking CXX shared library libyolov8_msgs__rosidl_typesupport_cpp.so[0m
[2.057s] [ 45%] [32mBuilding CXX object CMakeFiles/yolov8_msgs__rosidl_typesupport_introspection_cpp.dir/rosidl_typesupport_introspection_cpp/yolov8_msgs/msg/detail/key_point3_d__type_support.cpp.o[0m
[2.058s] [ 46%] [32mBuilding CXX object CMakeFiles/yolov8_msgs__rosidl_typesupport_introspection_cpp.dir/rosidl_typesupport_introspection_cpp/yolov8_msgs/msg/detail/key_point3_d_array__type_support.cpp.o[0m
[2.064s] [ 47%] [32mBuilding CXX object CMakeFiles/yolov8_msgs__rosidl_typesupport_introspection_cpp.dir/rosidl_typesupport_introspection_cpp/yolov8_msgs/msg/detail/detection__type_support.cpp.o[0m
[2.079s] [ 48%] [32mBuilding CXX object CMakeFiles/yolov8_msgs__rosidl_typesupport_fastrtps_cpp.dir/rosidl_typesupport_fastrtps_cpp/yolov8_msgs/msg/detail/dds_fastrtps/point2_d__type_support.cpp.o[0m
[2.080s] [ 49%] [32mBuilding CXX object CMakeFiles/yolov8_msgs__rosidl_typesupport_introspection_cpp.dir/rosidl_typesupport_introspection_cpp/yolov8_msgs/msg/detail/detection_array__type_support.cpp.o[0m
[2.083s] [ 50%] [32m[1mLinking CXX shared library libyolov8_msgs__rosidl_typesupport_c.so[0m
[2.097s] [ 51%] [32mBuilding CXX object CMakeFiles/yolov8_msgs__rosidl_typesupport_fastrtps_cpp.dir/rosidl_typesupport_fastrtps_cpp/yolov8_msgs/msg/detail/dds_fastrtps/pose2_d__type_support.cpp.o[0m
[2.099s] [ 52%] [32mBuilding CXX object CMakeFiles/yolov8_msgs__rosidl_typesupport_fastrtps_cpp.dir/rosidl_typesupport_fastrtps_cpp/yolov8_msgs/msg/detail/dds_fastrtps/bounding_box2_d__type_support.cpp.o[0m
[2.105s] [ 52%] Built target yolov8_msgs__rosidl_typesupport_cpp
[2.120s] [ 53%] [32mBuilding CXX object CMakeFiles/yolov8_msgs__rosidl_typesupport_fastrtps_cpp.dir/rosidl_typesupport_fastrtps_cpp/yolov8_msgs/msg/detail/dds_fastrtps/vector2__type_support.cpp.o[0m
[2.129s] [ 54%] [32mBuilding CXX object CMakeFiles/yolov8_msgs__rosidl_typesupport_fastrtps_cpp.dir/rosidl_typesupport_fastrtps_cpp/yolov8_msgs/msg/detail/dds_fastrtps/bounding_box3_d__type_support.cpp.o[0m
[2.129s] [ 54%] Built target yolov8_msgs__rosidl_typesupport_c
[2.137s] [ 54%] [32mBuilding CXX object CMakeFiles/yolov8_msgs__rosidl_typesupport_fastrtps_cpp.dir/rosidl_typesupport_fastrtps_cpp/yolov8_msgs/msg/detail/dds_fastrtps/mask__type_support.cpp.o[0m
[2.175s] [ 55%] [32mBuilding CXX object CMakeFiles/yolov8_msgs__rosidl_typesupport_fastrtps_c.dir/rosidl_typesupport_fastrtps_c/yolov8_msgs/msg/detail/point2_d__type_support_c.cpp.o[0m
[2.239s] [ 56%] [32mBuilding CXX object CMakeFiles/yolov8_msgs__rosidl_typesupport_fastrtps_c.dir/rosidl_typesupport_fastrtps_c/yolov8_msgs/msg/detail/vector2__type_support_c.cpp.o[0m
[2.251s] [ 56%] [32mBuilding CXX object CMakeFiles/yolov8_msgs__rosidl_typesupport_fastrtps_c.dir/rosidl_typesupport_fastrtps_c/yolov8_msgs/msg/detail/pose2_d__type_support_c.cpp.o[0m
[2.274s] [ 57%] [32mBuilding CXX object CMakeFiles/yolov8_msgs__rosidl_typesupport_fastrtps_c.dir/rosidl_typesupport_fastrtps_c/yolov8_msgs/msg/detail/bounding_box2_d__type_support_c.cpp.o[0m
[2.310s] [ 58%] [32mBuilding C object CMakeFiles/yolov8_msgs__rosidl_typesupport_introspection_c.dir/rosidl_typesupport_introspection_c/yolov8_msgs/msg/detail/point2_d__type_support.c.o[0m
[2.338s] [ 59%] [32mBuilding C object CMakeFiles/yolov8_msgs__rosidl_typesupport_introspection_c.dir/rosidl_typesupport_introspection_c/yolov8_msgs/msg/detail/vector2__type_support.c.o[0m
[2.348s] [ 60%] [32mBuilding C object CMakeFiles/yolov8_msgs__rosidl_typesupport_introspection_c.dir/rosidl_typesupport_introspection_c/yolov8_msgs/msg/detail/pose2_d__type_support.c.o[0m
[2.375s] [ 60%] [32mBuilding C object CMakeFiles/yolov8_msgs__rosidl_typesupport_introspection_c.dir/rosidl_typesupport_introspection_c/yolov8_msgs/msg/detail/bounding_box2_d__type_support.c.o[0m
[2.388s] [ 61%] [32mBuilding C object CMakeFiles/yolov8_msgs__rosidl_typesupport_introspection_c.dir/rosidl_typesupport_introspection_c/yolov8_msgs/msg/detail/bounding_box3_d__type_support.c.o[0m
[2.416s] [ 62%] [32mBuilding CXX object CMakeFiles/yolov8_msgs__rosidl_typesupport_fastrtps_c.dir/rosidl_typesupport_fastrtps_c/yolov8_msgs/msg/detail/bounding_box3_d__type_support_c.cpp.o[0m
[2.422s] [ 63%] [32mBuilding CXX object CMakeFiles/yolov8_msgs__rosidl_typesupport_fastrtps_c.dir/rosidl_typesupport_fastrtps_c/yolov8_msgs/msg/detail/mask__type_support_c.cpp.o[0m
[2.429s] [ 64%] [32mBuilding C object CMakeFiles/yolov8_msgs__rosidl_typesupport_introspection_c.dir/rosidl_typesupport_introspection_c/yolov8_msgs/msg/detail/mask__type_support.c.o[0m
[2.446s] [ 65%] [32mBuilding C object CMakeFiles/yolov8_msgs__rosidl_typesupport_introspection_c.dir/rosidl_typesupport_introspection_c/yolov8_msgs/msg/detail/key_point2_d__type_support.c.o[0m
[2.483s] [ 66%] [32mBuilding C object CMakeFiles/yolov8_msgs__rosidl_typesupport_introspection_c.dir/rosidl_typesupport_introspection_c/yolov8_msgs/msg/detail/key_point2_d_array__type_support.c.o[0m
[2.483s] [ 67%] [32mBuilding C object CMakeFiles/yolov8_msgs__rosidl_typesupport_introspection_c.dir/rosidl_typesupport_introspection_c/yolov8_msgs/msg/detail/key_point3_d__type_support.c.o[0m
[2.512s] [ 68%] [32mBuilding CXX object CMakeFiles/yolov8_msgs__rosidl_typesupport_fastrtps_cpp.dir/rosidl_typesupport_fastrtps_cpp/yolov8_msgs/msg/detail/dds_fastrtps/key_point2_d__type_support.cpp.o[0m
[2.520s] [ 69%] [32mBuilding C object CMakeFiles/yolov8_msgs__rosidl_typesupport_introspection_c.dir/rosidl_typesupport_introspection_c/yolov8_msgs/msg/detail/key_point3_d_array__type_support.c.o[0m
[2.524s] [ 69%] [32mBuilding C object CMakeFiles/yolov8_msgs__rosidl_typesupport_introspection_c.dir/rosidl_typesupport_introspection_c/yolov8_msgs/msg/detail/detection__type_support.c.o[0m
[2.546s] [ 70%] [32mBuilding CXX object CMakeFiles/yolov8_msgs__rosidl_typesupport_fastrtps_cpp.dir/rosidl_typesupport_fastrtps_cpp/yolov8_msgs/msg/detail/dds_fastrtps/key_point2_d_array__type_support.cpp.o[0m
[2.546s] [ 71%] [32mBuilding CXX object CMakeFiles/yolov8_msgs__rosidl_typesupport_fastrtps_c.dir/rosidl_typesupport_fastrtps_c/yolov8_msgs/msg/detail/key_point2_d__type_support_c.cpp.o[0m
[2.555s] [ 71%] [32mBuilding CXX object CMakeFiles/yolov8_msgs__rosidl_typesupport_fastrtps_c.dir/rosidl_typesupport_fastrtps_c/yolov8_msgs/msg/detail/key_point3_d__type_support_c.cpp.o[0m
[2.560s] [ 72%] [32mBuilding C object CMakeFiles/yolov8_msgs__rosidl_typesupport_introspection_c.dir/rosidl_typesupport_introspection_c/yolov8_msgs/msg/detail/detection_array__type_support.c.o[0m
[2.562s] [ 73%] [32mBuilding CXX object CMakeFiles/yolov8_msgs__rosidl_typesupport_fastrtps_c.dir/rosidl_typesupport_fastrtps_c/yolov8_msgs/msg/detail/key_point3_d_array__type_support_c.cpp.o[0m
[2.562s] [ 74%] [32mBuilding CXX object CMakeFiles/yolov8_msgs__rosidl_typesupport_fastrtps_c.dir/rosidl_typesupport_fastrtps_c/yolov8_msgs/msg/detail/key_point2_d_array__type_support_c.cpp.o[0m
[2.577s] [ 75%] [32mBuilding CXX object CMakeFiles/yolov8_msgs__rosidl_typesupport_fastrtps_c.dir/rosidl_typesupport_fastrtps_c/yolov8_msgs/msg/detail/detection__type_support_c.cpp.o[0m
[2.594s] [ 76%] [32mBuilding CXX object CMakeFiles/yolov8_msgs__rosidl_typesupport_fastrtps_c.dir/rosidl_typesupport_fastrtps_c/yolov8_msgs/msg/detail/detection_array__type_support_c.cpp.o[0m
[2.595s] [ 77%] [32mBuilding CXX object CMakeFiles/yolov8_msgs__rosidl_typesupport_fastrtps_cpp.dir/rosidl_typesupport_fastrtps_cpp/yolov8_msgs/msg/detail/dds_fastrtps/key_point3_d__type_support.cpp.o[0m
[2.599s] [ 78%] [32mBuilding CXX object CMakeFiles/yolov8_msgs__rosidl_typesupport_fastrtps_cpp.dir/rosidl_typesupport_fastrtps_cpp/yolov8_msgs/msg/detail/dds_fastrtps/key_point3_d_array__type_support.cpp.o[0m
[2.602s] [ 79%] [32mBuilding CXX object CMakeFiles/yolov8_msgs__rosidl_typesupport_fastrtps_cpp.dir/rosidl_typesupport_fastrtps_cpp/yolov8_msgs/msg/detail/dds_fastrtps/detection__type_support.cpp.o[0m
[2.602s] [ 80%] [32m[1mLinking C shared library libyolov8_msgs__rosidl_typesupport_introspection_c.so[0m
[2.610s] [ 80%] [32mBuilding CXX object CMakeFiles/yolov8_msgs__rosidl_typesupport_fastrtps_cpp.dir/rosidl_typesupport_fastrtps_cpp/yolov8_msgs/msg/detail/dds_fastrtps/detection_array__type_support.cpp.o[0m
[2.637s] [ 80%] Built target yolov8_msgs__rosidl_typesupport_introspection_c
[2.833s] [ 81%] [32m[1mLinking CXX shared library libyolov8_msgs__rosidl_typesupport_introspection_cpp.so[0m
[2.889s] [ 81%] Built target yolov8_msgs__rosidl_typesupport_introspection_cpp
[2.915s] [ 82%] [32m[1mLinking CXX shared library libyolov8_msgs__rosidl_typesupport_fastrtps_c.so[0m
[2.961s] [ 82%] Built target yolov8_msgs__rosidl_typesupport_fastrtps_c
[3.023s] [ 83%] [32m[1mLinking CXX shared library libyolov8_msgs__rosidl_typesupport_fastrtps_cpp.so[0m
[3.066s] [ 83%] Built target yolov8_msgs__rosidl_typesupport_fastrtps_cpp
[3.076s] [ 83%] Built target yolov8_msgs
[3.087s] [ 84%] [34m[1mGenerating Python code for ROS interfaces[0m
[3.889s] [ 84%] Built target yolov8_msgs__py
[3.900s] [ 85%] [32mBuilding C object CMakeFiles/yolov8_msgs__rosidl_generator_py.dir/rosidl_generator_py/yolov8_msgs/msg/_pose2_d_s.c.o[0m
[3.900s] [ 85%] [32mBuilding C object CMakeFiles/yolov8_msgs__rosidl_generator_py.dir/rosidl_generator_py/yolov8_msgs/msg/_vector2_s.c.o[0m
[3.900s] [ 87%] [32mBuilding C object CMakeFiles/yolov8_msgs__rosidl_generator_py.dir/rosidl_generator_py/yolov8_msgs/msg/_bounding_box2_d_s.c.o[0m
[3.900s] [ 87%] [32mBuilding C object CMakeFiles/yolov8_msgs__rosidl_generator_py.dir/rosidl_generator_py/yolov8_msgs/msg/_point2_d_s.c.o[0m
[3.900s] [ 88%] [32mBuilding C object CMakeFiles/yolov8_msgs__rosidl_generator_py.dir/rosidl_generator_py/yolov8_msgs/msg/_bounding_box3_d_s.c.o[0m
[3.901s] [ 89%] [32mBuilding C object CMakeFiles/yolov8_msgs__rosidl_generator_py.dir/rosidl_generator_py/yolov8_msgs/msg/_key_point2_d_array_s.c.o[0m
[3.902s] [ 90%] [32mBuilding C object CMakeFiles/yolov8_msgs__rosidl_generator_py.dir/rosidl_generator_py/yolov8_msgs/msg/_key_point3_d_s.c.o[0m
[3.903s] [ 91%] [32mBuilding C object CMakeFiles/yolov8_msgs__rosidl_generator_py.dir/rosidl_generator_py/yolov8_msgs/msg/_mask_s.c.o[0m
[3.903s] [ 92%] [32mBuilding C object CMakeFiles/yolov8_msgs__rosidl_generator_py.dir/rosidl_generator_py/yolov8_msgs/msg/_key_point2_d_s.c.o[0m
[3.903s] [ 92%] [32mBuilding C object CMakeFiles/yolov8_msgs__rosidl_generator_py.dir/rosidl_generator_py/yolov8_msgs/msg/_key_point3_d_array_s.c.o[0m
[3.904s] [ 93%] [32mBuilding C object CMakeFiles/yolov8_msgs__rosidl_generator_py.dir/rosidl_generator_py/yolov8_msgs/msg/_detection_s.c.o[0m
[3.904s] [ 94%] [32mBuilding C object CMakeFiles/yolov8_msgs__rosidl_generator_py.dir/rosidl_generator_py/yolov8_msgs/msg/_detection_array_s.c.o[0m
[3.993s] [ 95%] [32m[1mLinking C shared library rosidl_generator_py/yolov8_msgs/libyolov8_msgs__rosidl_generator_py.so[0m
[4.016s] [ 95%] Built target yolov8_msgs__rosidl_generator_py
[4.027s] [ 96%] [32mBuilding C object CMakeFiles/yolov8_msgs__rosidl_typesupport_fastrtps_c__pyext.dir/rosidl_generator_py/yolov8_msgs/_yolov8_msgs_s.ep.rosidl_typesupport_fastrtps_c.c.o[0m
[4.027s] [ 97%] [32mBuilding C object CMakeFiles/yolov8_msgs__rosidl_typesupport_introspection_c__pyext.dir/rosidl_generator_py/yolov8_msgs/_yolov8_msgs_s.ep.rosidl_typesupport_introspection_c.c.o[0m
[4.027s] [ 97%] [32mBuilding C object CMakeFiles/yolov8_msgs__rosidl_typesupport_c__pyext.dir/rosidl_generator_py/yolov8_msgs/_yolov8_msgs_s.ep.rosidl_typesupport_c.c.o[0m
[4.095s] [ 98%] [32m[1mLinking C shared library rosidl_generator_py/yolov8_msgs/yolov8_msgs_s__rosidl_typesupport_c.cpython-310-x86_64-linux-gnu.so[0m
[4.095s] [100%] [32m[1mLinking C shared library rosidl_generator_py/yolov8_msgs/yolov8_msgs_s__rosidl_typesupport_fastrtps_c.cpython-310-x86_64-linux-gnu.so[0m
[4.095s] [100%] [32m[1mLinking C shared library rosidl_generator_py/yolov8_msgs/yolov8_msgs_s__rosidl_typesupport_introspection_c.cpython-310-x86_64-linux-gnu.so[0m
[4.117s] [100%] Built target yolov8_msgs__rosidl_typesupport_c__pyext
[4.117s] [100%] Built target yolov8_msgs__rosidl_typesupport_fastrtps_c__pyext
[4.117s] [100%] Built target yolov8_msgs__rosidl_typesupport_introspection_c__pyext
[4.123s] Invoked command in '/home/robo/llagoeiro/MiniMarketSecurity/ros2_yolo_ws/build/yolov8_msgs' returned '0': CMAKE_PREFIX_PATH=/opt/ros/humble /usr/bin/cmake --build /home/robo/llagoeiro/MiniMarketSecurity/ros2_yolo_ws/build/yolov8_msgs -- -j20 -l20
[4.307s] Invoking command in '/home/robo/llagoeiro/MiniMarketSecurity/ros2_yolo_ws/build/yolov8_msgs': CMAKE_PREFIX_PATH=/opt/ros/humble /usr/bin/cmake --install /home/robo/llagoeiro/MiniMarketSecurity/ros2_yolo_ws/build/yolov8_msgs
[4.315s] -- Install configuration: ""
[4.315s] -- Installing: /home/robo/llagoeiro/MiniMarketSecurity/ros2_yolo_ws/install/yolov8_msgs/share/ament_index/resource_index/rosidl_interfaces/yolov8_msgs
[4.315s] -- Installing: /home/robo/llagoeiro/MiniMarketSecurity/ros2_yolo_ws/install/yolov8_msgs/include/yolov8_msgs/yolov8_msgs
[4.315s] -- Installing: /home/robo/llagoeiro/MiniMarketSecurity/ros2_yolo_ws/install/yolov8_msgs/include/yolov8_msgs/yolov8_msgs/msg
[4.315s] -- Installing: /home/robo/llagoeiro/MiniMarketSecurity/ros2_yolo_ws/install/yolov8_msgs/include/yolov8_msgs/yolov8_msgs/msg/key_point2_d_array.h
[4.315s] -- Installing: /home/robo/llagoeiro/MiniMarketSecurity/ros2_yolo_ws/install/yolov8_msgs/include/yolov8_msgs/yolov8_msgs/msg/mask.h
[4.315s] -- Installing: /home/robo/llagoeiro/MiniMarketSecurity/ros2_yolo_ws/install/yolov8_msgs/include/yolov8_msgs/yolov8_msgs/msg/key_point2_d.h
[4.315s] -- Installing: /home/robo/llagoeiro/MiniMarketSecurity/ros2_yolo_ws/install/yolov8_msgs/include/yolov8_msgs/yolov8_msgs/msg/detail
[4.315s] -- Installing: /home/robo/llagoeiro/MiniMarketSecurity/ros2_yolo_ws/install/yolov8_msgs/include/yolov8_msgs/yolov8_msgs/msg/detail/detection_array__functions.c
[4.316s] -- Installing: /home/robo/llagoeiro/MiniMarketSecurity/ros2_yolo_ws/install/yolov8_msgs/include/yolov8_msgs/yolov8_msgs/msg/detail/key_point2_d__struct.h
[4.316s] -- Installing: /home/robo/llagoeiro/MiniMarketSecurity/ros2_yolo_ws/install/yolov8_msgs/include/yolov8_msgs/yolov8_msgs/msg/detail/detection__functions.h
[4.316s] -- Installing: /home/robo/llagoeiro/MiniMarketSecurity/ros2_yolo_ws/install/yolov8_msgs/include/yolov8_msgs/yolov8_msgs/msg/detail/detection_array__type_support.h
[4.316s] -- Installing: /home/robo/llagoeiro/MiniMarketSecurity/ros2_yolo_ws/install/yolov8_msgs/include/yolov8_msgs/yolov8_msgs/msg/detail/vector2__struct.h
[4.316s] -- Installing: /home/robo/llagoeiro/MiniMarketSecurity/ros2_yolo_ws/install/yolov8_msgs/include/yolov8_msgs/yolov8_msgs/msg/detail/key_point2_d__functions.h
[4.316s] -- Installing: /home/robo/llagoeiro/MiniMarketSecurity/ros2_yolo_ws/install/yolov8_msgs/include/yolov8_msgs/yolov8_msgs/msg/detail/key_point3_d_array__type_support.h
[4.316s] -- Installing: /home/robo/llagoeiro/MiniMarketSecurity/ros2_yolo_ws/install/yolov8_msgs/include/yolov8_msgs/yolov8_msgs/msg/detail/key_point3_d__functions.c
[4.316s] -- Installing: /home/robo/llagoeiro/MiniMarketSecurity/ros2_yolo_ws/install/yolov8_msgs/include/yolov8_msgs/yolov8_msgs/msg/detail/key_point2_d__functions.c
[4.316s] -- Installing: /home/robo/llagoeiro/MiniMarketSecurity/ros2_yolo_ws/install/yolov8_msgs/include/yolov8_msgs/yolov8_msgs/msg/detail/point2_d__functions.c
[4.316s] -- Installing: /home/robo/llagoeiro/MiniMarketSecurity/ros2_yolo_ws/install/yolov8_msgs/include/yolov8_msgs/yolov8_msgs/msg/detail/detection__type_support.h
[4.316s] -- Installing: /home/robo/llagoeiro/MiniMarketSecurity/ros2_yolo_ws/install/yolov8_msgs/include/yolov8_msgs/yolov8_msgs/msg/detail/key_point3_d__type_support.h
[4.316s] -- Installing: /home/robo/llagoeiro/MiniMarketSecurity/ros2_yolo_ws/install/yolov8_msgs/include/yolov8_msgs/yolov8_msgs/msg/detail/key_point2_d_array__struct.h
[4.316s] -- Installing: /home/robo/llagoeiro/MiniMarketSecurity/ros2_yolo_ws/install/yolov8_msgs/include/yolov8_msgs/yolov8_msgs/msg/detail/detection__functions.c
[4.316s] -- Installing: /home/robo/llagoeiro/MiniMarketSecurity/ros2_yolo_ws/install/yolov8_msgs/include/yolov8_msgs/yolov8_msgs/msg/detail/key_point2_d_array__functions.h
[4.316s] -- Installing: /home/robo/llagoeiro/MiniMarketSecurity/ros2_yolo_ws/install/yolov8_msgs/include/yolov8_msgs/yolov8_msgs/msg/detail/bounding_box3_d__functions.c
[4.316s] -- Installing: /home/robo/llagoeiro/MiniMarketSecurity/ros2_yolo_ws/install/yolov8_msgs/include/yolov8_msgs/yolov8_msgs/msg/detail/point2_d__type_support.h
[4.316s] -- Installing: /home/robo/llagoeiro/MiniMarketSecurity/ros2_yolo_ws/install/yolov8_msgs/include/yolov8_msgs/yolov8_msgs/msg/detail/key_point3_d__struct.h
[4.316s] -- Installing: /home/robo/llagoeiro/MiniMarketSecurity/ros2_yolo_ws/install/yolov8_msgs/include/yolov8_msgs/yolov8_msgs/msg/detail/bounding_box2_d__type_support.h
[4.316s] -- Installing: /home/robo/llagoeiro/MiniMarketSecurity/ros2_yolo_ws/install/yolov8_msgs/include/yolov8_msgs/yolov8_msgs/msg/detail/key_point3_d_array__struct.h
[4.316s] -- Installing: /home/robo/llagoeiro/MiniMarketSecurity/ros2_yolo_ws/install/yolov8_msgs/include/yolov8_msgs/yolov8_msgs/msg/detail/key_point2_d__type_support.h
[4.316s] -- Installing: /home/robo/llagoeiro/MiniMarketSecurity/ros2_yolo_ws/install/yolov8_msgs/include/yolov8_msgs/yolov8_msgs/msg/detail/key_point3_d__functions.h
[4.316s] -- Installing: /home/robo/llagoeiro/MiniMarketSecurity/ros2_yolo_ws/install/yolov8_msgs/include/yolov8_msgs/yolov8_msgs/msg/detail/key_point3_d_array__functions.c
[4.316s] -- Installing: /home/robo/llagoeiro/MiniMarketSecurity/ros2_yolo_ws/install/yolov8_msgs/include/yolov8_msgs/yolov8_msgs/msg/detail/pose2_d__functions.h
[4.317s] -- Installing: /home/robo/llagoeiro/MiniMarketSecurity/ros2_yolo_ws/install/yolov8_msgs/include/yolov8_msgs/yolov8_msgs/msg/detail/bounding_box2_d__struct.h
[4.317s] -- Installing: /home/robo/llagoeiro/MiniMarketSecurity/ros2_yolo_ws/install/yolov8_msgs/include/yolov8_msgs/yolov8_msgs/msg/detail/bounding_box3_d__functions.h
[4.317s] -- Installing: /home/robo/llagoeiro/MiniMarketSecurity/ros2_yolo_ws/install/yolov8_msgs/include/yolov8_msgs/yolov8_msgs/msg/detail/vector2__functions.c
[4.317s] -- Installing: /home/robo/llagoeiro/MiniMarketSecurity/ros2_yolo_ws/install/yolov8_msgs/include/yolov8_msgs/yolov8_msgs/msg/detail/pose2_d__struct.h
[4.317s] -- Installing: /home/robo/llagoeiro/MiniMarketSecurity/ros2_yolo_ws/install/yolov8_msgs/include/yolov8_msgs/yolov8_msgs/msg/detail/detection_array__functions.h
[4.317s] -- Installing: /home/robo/llagoeiro/MiniMarketSecurity/ros2_yolo_ws/install/yolov8_msgs/include/yolov8_msgs/yolov8_msgs/msg/detail/point2_d__struct.h
[4.317s] -- Installing: /home/robo/llagoeiro/MiniMarketSecurity/ros2_yolo_ws/install/yolov8_msgs/include/yolov8_msgs/yolov8_msgs/msg/detail/bounding_box3_d__type_support.h
[4.317s] -- Installing: /home/robo/llagoeiro/MiniMarketSecurity/ros2_yolo_ws/install/yolov8_msgs/include/yolov8_msgs/yolov8_msgs/msg/detail/mask__functions.h
[4.317s] -- Installing: /home/robo/llagoeiro/MiniMarketSecurity/ros2_yolo_ws/install/yolov8_msgs/include/yolov8_msgs/yolov8_msgs/msg/detail/bounding_box3_d__struct.h
[4.317s] -- Installing: /home/robo/llagoeiro/MiniMarketSecurity/ros2_yolo_ws/install/yolov8_msgs/include/yolov8_msgs/yolov8_msgs/msg/detail/mask__struct.h
[4.317s] -- Installing: /home/robo/llagoeiro/MiniMarketSecurity/ros2_yolo_ws/install/yolov8_msgs/include/yolov8_msgs/yolov8_msgs/msg/detail/bounding_box2_d__functions.h
[4.317s] -- Installing: /home/robo/llagoeiro/MiniMarketSecurity/ros2_yolo_ws/install/yolov8_msgs/include/yolov8_msgs/yolov8_msgs/msg/detail/key_point2_d_array__type_support.h
[4.317s] -- Installing: /home/robo/llagoeiro/MiniMarketSecurity/ros2_yolo_ws/install/yolov8_msgs/include/yolov8_msgs/yolov8_msgs/msg/detail/point2_d__functions.h
[4.317s] -- Installing: /home/robo/llagoeiro/MiniMarketSecurity/ros2_yolo_ws/install/yolov8_msgs/include/yolov8_msgs/yolov8_msgs/msg/detail/bounding_box2_d__functions.c
[4.317s] -- Installing: /home/robo/llagoeiro/MiniMarketSecurity/ros2_yolo_ws/install/yolov8_msgs/include/yolov8_msgs/yolov8_msgs/msg/detail/detection_array__struct.h
[4.317s] -- Installing: /home/robo/llagoeiro/MiniMarketSecurity/ros2_yolo_ws/install/yolov8_msgs/include/yolov8_msgs/yolov8_msgs/msg/detail/pose2_d__functions.c
[4.317s] -- Installing: /home/robo/llagoeiro/MiniMarketSecurity/ros2_yolo_ws/install/yolov8_msgs/include/yolov8_msgs/yolov8_msgs/msg/detail/detection__struct.h
[4.317s] -- Installing: /home/robo/llagoeiro/MiniMarketSecurity/ros2_yolo_ws/install/yolov8_msgs/include/yolov8_msgs/yolov8_msgs/msg/detail/key_point3_d_array__functions.h
[4.317s] -- Installing: /home/robo/llagoeiro/MiniMarketSecurity/ros2_yolo_ws/install/yolov8_msgs/include/yolov8_msgs/yolov8_msgs/msg/detail/vector2__functions.h
[4.317s] -- Installing: /home/robo/llagoeiro/MiniMarketSecurity/ros2_yolo_ws/install/yolov8_msgs/include/yolov8_msgs/yolov8_msgs/msg/detail/vector2__type_support.h
[4.317s] -- Installing: /home/robo/llagoeiro/MiniMarketSecurity/ros2_yolo_ws/install/yolov8_msgs/include/yolov8_msgs/yolov8_msgs/msg/detail/key_point2_d_array__functions.c
[4.317s] -- Installing: /home/robo/llagoeiro/MiniMarketSecurity/ros2_yolo_ws/install/yolov8_msgs/include/yolov8_msgs/yolov8_msgs/msg/detail/pose2_d__type_support.h
[4.317s] -- Installing: /home/robo/llagoeiro/MiniMarketSecurity/ros2_yolo_ws/install/yolov8_msgs/include/yolov8_msgs/yolov8_msgs/msg/detail/mask__type_support.h
[4.317s] -- Installing: /home/robo/llagoeiro/MiniMarketSecurity/ros2_yolo_ws/install/yolov8_msgs/include/yolov8_msgs/yolov8_msgs/msg/detail/mask__functions.c
[4.317s] -- Installing: /home/robo/llagoeiro/MiniMarketSecurity/ros2_yolo_ws/install/yolov8_msgs/include/yolov8_msgs/yolov8_msgs/msg/bounding_box2_d.h
[4.317s] -- Installing: /home/robo/llagoeiro/MiniMarketSecurity/ros2_yolo_ws/install/yolov8_msgs/include/yolov8_msgs/yolov8_msgs/msg/detection_array.h
[4.318s] -- Installing: /home/robo/llagoeiro/MiniMarketSecurity/ros2_yolo_ws/install/yolov8_msgs/include/yolov8_msgs/yolov8_msgs/msg/bounding_box3_d.h
[4.318s] -- Installing: /home/robo/llagoeiro/MiniMarketSecurity/ros2_yolo_ws/install/yolov8_msgs/include/yolov8_msgs/yolov8_msgs/msg/detection.h
[4.318s] -- Installing: /home/robo/llagoeiro/MiniMarketSecurity/ros2_yolo_ws/install/yolov8_msgs/include/yolov8_msgs/yolov8_msgs/msg/key_point3_d.h
[4.318s] -- Installing: /home/robo/llagoeiro/MiniMarketSecurity/ros2_yolo_ws/install/yolov8_msgs/include/yolov8_msgs/yolov8_msgs/msg/vector2.h
[4.318s] -- Installing: /home/robo/llagoeiro/MiniMarketSecurity/ros2_yolo_ws/install/yolov8_msgs/include/yolov8_msgs/yolov8_msgs/msg/point2_d.h
[4.318s] -- Installing: /home/robo/llagoeiro/MiniMarketSecurity/ros2_yolo_ws/install/yolov8_msgs/include/yolov8_msgs/yolov8_msgs/msg/rosidl_generator_c__visibility_control.h
[4.318s] -- Installing: /home/robo/llagoeiro/MiniMarketSecurity/ros2_yolo_ws/install/yolov8_msgs/include/yolov8_msgs/yolov8_msgs/msg/pose2_d.h
[4.318s] -- Installing: /home/robo/llagoeiro/MiniMarketSecurity/ros2_yolo_ws/install/yolov8_msgs/include/yolov8_msgs/yolov8_msgs/msg/key_point3_d_array.h
[4.318s] -- Installing: /home/robo/llagoeiro/MiniMarketSecurity/ros2_yolo_ws/install/yolov8_msgs/share/yolov8_msgs/environment/library_path.sh
[4.318s] -- Installing: /home/robo/llagoeiro/MiniMarketSecurity/ros2_yolo_ws/install/yolov8_msgs/share/yolov8_msgs/environment/library_path.dsv
[4.318s] -- Installing: /home/robo/llagoeiro/MiniMarketSecurity/ros2_yolo_ws/install/yolov8_msgs/lib/libyolov8_msgs__rosidl_generator_c.so
[4.318s] -- Set runtime path of "/home/robo/llagoeiro/MiniMarketSecurity/ros2_yolo_ws/install/yolov8_msgs/lib/libyolov8_msgs__rosidl_generator_c.so" to ""
[4.318s] -- Up-to-date: /home/robo/llagoeiro/MiniMarketSecurity/ros2_yolo_ws/install/yolov8_msgs/include/yolov8_msgs/yolov8_msgs
[4.318s] -- Up-to-date: /home/robo/llagoeiro/MiniMarketSecurity/ros2_yolo_ws/install/yolov8_msgs/include/yolov8_msgs/yolov8_msgs/msg
[4.318s] -- Installing: /home/robo/llagoeiro/MiniMarketSecurity/ros2_yolo_ws/install/yolov8_msgs/include/yolov8_msgs/yolov8_msgs/msg/rosidl_typesupport_fastrtps_c__visibility_control.h
[4.318s] -- Up-to-date: /home/robo/llagoeiro/MiniMarketSecurity/ros2_yolo_ws/install/yolov8_msgs/include/yolov8_msgs/yolov8_msgs/msg/detail
[4.318s] -- Installing: /home/robo/llagoeiro/MiniMarketSecurity/ros2_yolo_ws/install/yolov8_msgs/include/yolov8_msgs/yolov8_msgs/msg/detail/detection_array__rosidl_typesupport_fastrtps_c.h
[4.318s] -- Installing: /home/robo/llagoeiro/MiniMarketSecurity/ros2_yolo_ws/install/yolov8_msgs/include/yolov8_msgs/yolov8_msgs/msg/detail/key_point2_d_array__rosidl_typesupport_fastrtps_c.h
[4.318s] -- Installing: /home/robo/llagoeiro/MiniMarketSecurity/ros2_yolo_ws/install/yolov8_msgs/include/yolov8_msgs/yolov8_msgs/msg/detail/bounding_box2_d__rosidl_typesupport_fastrtps_c.h
[4.318s] -- Installing: /home/robo/llagoeiro/MiniMarketSecurity/ros2_yolo_ws/install/yolov8_msgs/include/yolov8_msgs/yolov8_msgs/msg/detail/key_point2_d__rosidl_typesupport_fastrtps_c.h
[4.318s] -- Installing: /home/robo/llagoeiro/MiniMarketSecurity/ros2_yolo_ws/install/yolov8_msgs/include/yolov8_msgs/yolov8_msgs/msg/detail/bounding_box3_d__rosidl_typesupport_fastrtps_c.h
[4.318s] -- Installing: /home/robo/llagoeiro/MiniMarketSecurity/ros2_yolo_ws/install/yolov8_msgs/include/yolov8_msgs/yolov8_msgs/msg/detail/detection__rosidl_typesupport_fastrtps_c.h
[4.318s] -- Installing: /home/robo/llagoeiro/MiniMarketSecurity/ros2_yolo_ws/install/yolov8_msgs/include/yolov8_msgs/yolov8_msgs/msg/detail/point2_d__rosidl_typesupport_fastrtps_c.h
[4.318s] -- Installing: /home/robo/llagoeiro/MiniMarketSecurity/ros2_yolo_ws/install/yolov8_msgs/include/yolov8_msgs/yolov8_msgs/msg/detail/key_point3_d_array__rosidl_typesupport_fastrtps_c.h
[4.319s] -- Installing: /home/robo/llagoeiro/MiniMarketSecurity/ros2_yolo_ws/install/yolov8_msgs/include/yolov8_msgs/yolov8_msgs/msg/detail/mask__rosidl_typesupport_fastrtps_c.h
[4.319s] -- Installing: /home/robo/llagoeiro/MiniMarketSecurity/ros2_yolo_ws/install/yolov8_msgs/include/yolov8_msgs/yolov8_msgs/msg/detail/pose2_d__rosidl_typesupport_fastrtps_c.h
[4.319s] -- Installing: /home/robo/llagoeiro/MiniMarketSecurity/ros2_yolo_ws/install/yolov8_msgs/include/yolov8_msgs/yolov8_msgs/msg/detail/key_point3_d__rosidl_typesupport_fastrtps_c.h
[4.319s] -- Installing: /home/robo/llagoeiro/MiniMarketSecurity/ros2_yolo_ws/install/yolov8_msgs/include/yolov8_msgs/yolov8_msgs/msg/detail/vector2__rosidl_typesupport_fastrtps_c.h
[4.319s] -- Installing: /home/robo/llagoeiro/MiniMarketSecurity/ros2_yolo_ws/install/yolov8_msgs/lib/libyolov8_msgs__rosidl_typesupport_fastrtps_c.so
[4.319s] -- Set runtime path of "/home/robo/llagoeiro/MiniMarketSecurity/ros2_yolo_ws/install/yolov8_msgs/lib/libyolov8_msgs__rosidl_typesupport_fastrtps_c.so" to ""
[4.319s] -- Up-to-date: /home/robo/llagoeiro/MiniMarketSecurity/ros2_yolo_ws/install/yolov8_msgs/include/yolov8_msgs/yolov8_msgs
[4.319s] -- Up-to-date: /home/robo/llagoeiro/MiniMarketSecurity/ros2_yolo_ws/install/yolov8_msgs/include/yolov8_msgs/yolov8_msgs/msg
[4.319s] -- Installing: /home/robo/llagoeiro/MiniMarketSecurity/ros2_yolo_ws/install/yolov8_msgs/include/yolov8_msgs/yolov8_msgs/msg/rosidl_typesupport_introspection_c__visibility_control.h
[4.319s] -- Up-to-date: /home/robo/llagoeiro/MiniMarketSecurity/ros2_yolo_ws/install/yolov8_msgs/include/yolov8_msgs/yolov8_msgs/msg/detail
[4.319s] -- Installing: /home/robo/llagoeiro/MiniMarketSecurity/ros2_yolo_ws/install/yolov8_msgs/include/yolov8_msgs/yolov8_msgs/msg/detail/key_point3_d_array__type_support.c
[4.319s] -- Installing: /home/robo/llagoeiro/MiniMarketSecurity/ros2_yolo_ws/install/yolov8_msgs/include/yolov8_msgs/yolov8_msgs/msg/detail/bounding_box3_d__type_support.c
[4.319s] -- Installing: /home/robo/llagoeiro/MiniMarketSecurity/ros2_yolo_ws/install/yolov8_msgs/include/yolov8_msgs/yolov8_msgs/msg/detail/bounding_box2_d__rosidl_typesupport_introspection_c.h
[4.319s] -- Installing: /home/robo/llagoeiro/MiniMarketSecurity/ros2_yolo_ws/install/yolov8_msgs/include/yolov8_msgs/yolov8_msgs/msg/detail/key_point2_d__type_support.c
[4.319s] -- Installing: /home/robo/llagoeiro/MiniMarketSecurity/ros2_yolo_ws/install/yolov8_msgs/include/yolov8_msgs/yolov8_msgs/msg/detail/point2_d__type_support.c
[4.319s] -- Installing: /home/robo/llagoeiro/MiniMarketSecurity/ros2_yolo_ws/install/yolov8_msgs/include/yolov8_msgs/yolov8_msgs/msg/detail/key_point2_d_array__type_support.c
[4.319s] -- Installing: /home/robo/llagoeiro/MiniMarketSecurity/ros2_yolo_ws/install/yolov8_msgs/include/yolov8_msgs/yolov8_msgs/msg/detail/vector2__rosidl_typesupport_introspection_c.h
[4.319s] -- Installing: /home/robo/llagoeiro/MiniMarketSecurity/ros2_yolo_ws/install/yolov8_msgs/include/yolov8_msgs/yolov8_msgs/msg/detail/detection_array__type_support.c
[4.319s] -- Installing: /home/robo/llagoeiro/MiniMarketSecurity/ros2_yolo_ws/install/yolov8_msgs/include/yolov8_msgs/yolov8_msgs/msg/detail/detection_array__rosidl_typesupport_introspection_c.h
[4.319s] -- Installing: /home/robo/llagoeiro/MiniMarketSecurity/ros2_yolo_ws/install/yolov8_msgs/include/yolov8_msgs/yolov8_msgs/msg/detail/pose2_d__rosidl_typesupport_introspection_c.h
[4.319s] -- Installing: /home/robo/llagoeiro/MiniMarketSecurity/ros2_yolo_ws/install/yolov8_msgs/include/yolov8_msgs/yolov8_msgs/msg/detail/bounding_box2_d__type_support.c
[4.319s] -- Installing: /home/robo/llagoeiro/MiniMarketSecurity/ros2_yolo_ws/install/yolov8_msgs/include/yolov8_msgs/yolov8_msgs/msg/detail/key_point3_d__rosidl_typesupport_introspection_c.h
[4.319s] -- Installing: /home/robo/llagoeiro/MiniMarketSecurity/ros2_yolo_ws/install/yolov8_msgs/include/yolov8_msgs/yolov8_msgs/msg/detail/detection__rosidl_typesupport_introspection_c.h
[4.319s] -- Installing: /home/robo/llagoeiro/MiniMarketSecurity/ros2_yolo_ws/install/yolov8_msgs/include/yolov8_msgs/yolov8_msgs/msg/detail/key_point2_d__rosidl_typesupport_introspection_c.h
[4.319s] -- Installing: /home/robo/llagoeiro/MiniMarketSecurity/ros2_yolo_ws/install/yolov8_msgs/include/yolov8_msgs/yolov8_msgs/msg/detail/mask__type_support.c
[4.319s] -- Installing: /home/robo/llagoeiro/MiniMarketSecurity/ros2_yolo_ws/install/yolov8_msgs/include/yolov8_msgs/yolov8_msgs/msg/detail/mask__rosidl_typesupport_introspection_c.h
[4.319s] -- Installing: /home/robo/llagoeiro/MiniMarketSecurity/ros2_yolo_ws/install/yolov8_msgs/include/yolov8_msgs/yolov8_msgs/msg/detail/pose2_d__type_support.c
[4.320s] -- Installing: /home/robo/llagoeiro/MiniMarketSecurity/ros2_yolo_ws/install/yolov8_msgs/include/yolov8_msgs/yolov8_msgs/msg/detail/bounding_box3_d__rosidl_typesupport_introspection_c.h
[4.320s] -- Installing: /home/robo/llagoeiro/MiniMarketSecurity/ros2_yolo_ws/install/yolov8_msgs/include/yolov8_msgs/yolov8_msgs/msg/detail/key_point3_d_array__rosidl_typesupport_introspection_c.h
[4.320s] -- Installing: /home/robo/llagoeiro/MiniMarketSecurity/ros2_yolo_ws/install/yolov8_msgs/include/yolov8_msgs/yolov8_msgs/msg/detail/key_point2_d_array__rosidl_typesupport_introspection_c.h
[4.320s] -- Installing: /home/robo/llagoeiro/MiniMarketSecurity/ros2_yolo_ws/install/yolov8_msgs/include/yolov8_msgs/yolov8_msgs/msg/detail/point2_d__rosidl_typesupport_introspection_c.h
[4.320s] -- Installing: /home/robo/llagoeiro/MiniMarketSecurity/ros2_yolo_ws/install/yolov8_msgs/include/yolov8_msgs/yolov8_msgs/msg/detail/key_point3_d__type_support.c
[4.320s] -- Installing: /home/robo/llagoeiro/MiniMarketSecurity/ros2_yolo_ws/install/yolov8_msgs/include/yolov8_msgs/yolov8_msgs/msg/detail/vector2__type_support.c
[4.320s] -- Installing: /home/robo/llagoeiro/MiniMarketSecurity/ros2_yolo_ws/install/yolov8_msgs/include/yolov8_msgs/yolov8_msgs/msg/detail/detection__type_support.c
[4.320s] -- Installing: /home/robo/llagoeiro/MiniMarketSecurity/ros2_yolo_ws/install/yolov8_msgs/lib/libyolov8_msgs__rosidl_typesupport_introspection_c.so
[4.320s] -- Set runtime path of "/home/robo/llagoeiro/MiniMarketSecurity/ros2_yolo_ws/install/yolov8_msgs/lib/libyolov8_msgs__rosidl_typesupport_introspection_c.so" to ""
[4.320s] -- Installing: /home/robo/llagoeiro/MiniMarketSecurity/ros2_yolo_ws/install/yolov8_msgs/lib/libyolov8_msgs__rosidl_typesupport_c.so
[4.320s] -- Set runtime path of "/home/robo/llagoeiro/MiniMarketSecurity/ros2_yolo_ws/install/yolov8_msgs/lib/libyolov8_msgs__rosidl_typesupport_c.so" to ""
[4.320s] -- Up-to-date: /home/robo/llagoeiro/MiniMarketSecurity/ros2_yolo_ws/install/yolov8_msgs/include/yolov8_msgs/yolov8_msgs
[4.320s] -- Up-to-date: /home/robo/llagoeiro/MiniMarketSecurity/ros2_yolo_ws/install/yolov8_msgs/include/yolov8_msgs/yolov8_msgs/msg
[4.320s] -- Installing: /home/robo/llagoeiro/MiniMarketSecurity/ros2_yolo_ws/install/yolov8_msgs/include/yolov8_msgs/yolov8_msgs/msg/key_point2_d.hpp
[4.320s] -- Installing: /home/robo/llagoeiro/MiniMarketSecurity/ros2_yolo_ws/install/yolov8_msgs/include/yolov8_msgs/yolov8_msgs/msg/detection.hpp
[4.320s] -- Installing: /home/robo/llagoeiro/MiniMarketSecurity/ros2_yolo_ws/install/yolov8_msgs/include/yolov8_msgs/yolov8_msgs/msg/key_point3_d_array.hpp
[4.320s] -- Installing: /home/robo/llagoeiro/MiniMarketSecurity/ros2_yolo_ws/install/yolov8_msgs/include/yolov8_msgs/yolov8_msgs/msg/bounding_box3_d.hpp
[4.320s] -- Installing: /home/robo/llagoeiro/MiniMarketSecurity/ros2_yolo_ws/install/yolov8_msgs/include/yolov8_msgs/yolov8_msgs/msg/bounding_box2_d.hpp
[4.320s] -- Installing: /home/robo/llagoeiro/MiniMarketSecurity/ros2_yolo_ws/install/yolov8_msgs/include/yolov8_msgs/yolov8_msgs/msg/key_point3_d.hpp
[4.320s] -- Up-to-date: /home/robo/llagoeiro/MiniMarketSecurity/ros2_yolo_ws/install/yolov8_msgs/include/yolov8_msgs/yolov8_msgs/msg/detail
[4.320s] -- Installing: /home/robo/llagoeiro/MiniMarketSecurity/ros2_yolo_ws/install/yolov8_msgs/include/yolov8_msgs/yolov8_msgs/msg/detail/key_point3_d__struct.hpp
[4.320s] -- Installing: /home/robo/llagoeiro/MiniMarketSecurity/ros2_yolo_ws/install/yolov8_msgs/include/yolov8_msgs/yolov8_msgs/msg/detail/pose2_d__traits.hpp
[4.320s] -- Installing: /home/robo/llagoeiro/MiniMarketSecurity/ros2_yolo_ws/install/yolov8_msgs/include/yolov8_msgs/yolov8_msgs/msg/detail/mask__builder.hpp
[4.320s] -- Installing: /home/robo/llagoeiro/MiniMarketSecurity/ros2_yolo_ws/install/yolov8_msgs/include/yolov8_msgs/yolov8_msgs/msg/detail/key_point2_d_array__traits.hpp
[4.320s] -- Installing: /home/robo/llagoeiro/MiniMarketSecurity/ros2_yolo_ws/install/yolov8_msgs/include/yolov8_msgs/yolov8_msgs/msg/detail/bounding_box3_d__builder.hpp
[4.321s] -- Installing: /home/robo/llagoeiro/MiniMarketSecurity/ros2_yolo_ws/install/yolov8_msgs/include/yolov8_msgs/yolov8_msgs/msg/detail/bounding_box2_d__struct.hpp
[4.321s] -- Installing: /home/robo/llagoeiro/MiniMarketSecurity/ros2_yolo_ws/install/yolov8_msgs/include/yolov8_msgs/yolov8_msgs/msg/detail/bounding_box3_d__struct.hpp
[4.321s] -- Installing: /home/robo/llagoeiro/MiniMarketSecurity/ros2_yolo_ws/install/yolov8_msgs/include/yolov8_msgs/yolov8_msgs/msg/detail/mask__traits.hpp
[4.321s] -- Installing: /home/robo/llagoeiro/MiniMarketSecurity/ros2_yolo_ws/install/yolov8_msgs/include/yolov8_msgs/yolov8_msgs/msg/detail/vector2__struct.hpp
[4.321s] -- Installing: /home/robo/llagoeiro/MiniMarketSecurity/ros2_yolo_ws/install/yolov8_msgs/include/yolov8_msgs/yolov8_msgs/msg/detail/key_point3_d_array__builder.hpp
[4.321s] -- Installing: /home/robo/llagoeiro/MiniMarketSecurity/ros2_yolo_ws/install/yolov8_msgs/include/yolov8_msgs/yolov8_msgs/msg/detail/point2_d__struct.hpp
[4.321s] -- Installing: /home/robo/llagoeiro/MiniMarketSecurity/ros2_yolo_ws/install/yolov8_msgs/include/yolov8_msgs/yolov8_msgs/msg/detail/detection_array__builder.hpp
[4.321s] -- Installing: /home/robo/llagoeiro/MiniMarketSecurity/ros2_yolo_ws/install/yolov8_msgs/include/yolov8_msgs/yolov8_msgs/msg/detail/mask__struct.hpp
[4.321s] -- Installing: /home/robo/llagoeiro/MiniMarketSecurity/ros2_yolo_ws/install/yolov8_msgs/include/yolov8_msgs/yolov8_msgs/msg/detail/vector2__builder.hpp
[4.321s] -- Installing: /home/robo/llagoeiro/MiniMarketSecurity/ros2_yolo_ws/install/yolov8_msgs/include/yolov8_msgs/yolov8_msgs/msg/detail/detection_array__struct.hpp
[4.321s] -- Installing: /home/robo/llagoeiro/MiniMarketSecurity/ros2_yolo_ws/install/yolov8_msgs/include/yolov8_msgs/yolov8_msgs/msg/detail/detection__struct.hpp
[4.321s] -- Installing: /home/robo/llagoeiro/MiniMarketSecurity/ros2_yolo_ws/install/yolov8_msgs/include/yolov8_msgs/yolov8_msgs/msg/detail/key_point2_d__traits.hpp
[4.321s] -- Installing: /home/robo/llagoeiro/MiniMarketSecurity/ros2_yolo_ws/install/yolov8_msgs/include/yolov8_msgs/yolov8_msgs/msg/detail/detection_array__traits.hpp
[4.321s] -- Installing: /home/robo/llagoeiro/MiniMarketSecurity/ros2_yolo_ws/install/yolov8_msgs/include/yolov8_msgs/yolov8_msgs/msg/detail/pose2_d__builder.hpp
[4.321s] -- Installing: /home/robo/llagoeiro/MiniMarketSecurity/ros2_yolo_ws/install/yolov8_msgs/include/yolov8_msgs/yolov8_msgs/msg/detail/detection__traits.hpp
[4.321s] -- Installing: /home/robo/llagoeiro/MiniMarketSecurity/ros2_yolo_ws/install/yolov8_msgs/include/yolov8_msgs/yolov8_msgs/msg/detail/key_point2_d__struct.hpp
[4.321s] -- Installing: /home/robo/llagoeiro/MiniMarketSecurity/ros2_yolo_ws/install/yolov8_msgs/include/yolov8_msgs/yolov8_msgs/msg/detail/key_point3_d_array__traits.hpp
[4.321s] -- Installing: /home/robo/llagoeiro/MiniMarketSecurity/ros2_yolo_ws/install/yolov8_msgs/include/yolov8_msgs/yolov8_msgs/msg/detail/key_point2_d_array__struct.hpp
[4.321s] -- Installing: /home/robo/llagoeiro/MiniMarketSecurity/ros2_yolo_ws/install/yolov8_msgs/include/yolov8_msgs/yolov8_msgs/msg/detail/bounding_box3_d__traits.hpp
[4.321s] -- Installing: /home/robo/llagoeiro/MiniMarketSecurity/ros2_yolo_ws/install/yolov8_msgs/include/yolov8_msgs/yolov8_msgs/msg/detail/vector2__traits.hpp
[4.321s] -- Installing: /home/robo/llagoeiro/MiniMarketSecurity/ros2_yolo_ws/install/yolov8_msgs/include/yolov8_msgs/yolov8_msgs/msg/detail/bounding_box2_d__builder.hpp
[4.321s] -- Installing: /home/robo/llagoeiro/MiniMarketSecurity/ros2_yolo_ws/install/yolov8_msgs/include/yolov8_msgs/yolov8_msgs/msg/detail/point2_d__builder.hpp
[4.321s] -- Installing: /home/robo/llagoeiro/MiniMarketSecurity/ros2_yolo_ws/install/yolov8_msgs/include/yolov8_msgs/yolov8_msgs/msg/detail/bounding_box2_d__traits.hpp
[4.321s] -- Installing: /home/robo/llagoeiro/MiniMarketSecurity/ros2_yolo_ws/install/yolov8_msgs/include/yolov8_msgs/yolov8_msgs/msg/detail/pose2_d__struct.hpp
[4.321s] -- Installing: /home/robo/llagoeiro/MiniMarketSecurity/ros2_yolo_ws/install/yolov8_msgs/include/yolov8_msgs/yolov8_msgs/msg/detail/key_point3_d__builder.hpp
[4.321s] -- Installing: /home/robo/llagoeiro/MiniMarketSecurity/ros2_yolo_ws/install/yolov8_msgs/include/yolov8_msgs/yolov8_msgs/msg/detail/point2_d__traits.hpp
[4.321s] -- Installing: /home/robo/llagoeiro/MiniMarketSecurity/ros2_yolo_ws/install/yolov8_msgs/include/yolov8_msgs/yolov8_msgs/msg/detail/detection__builder.hpp
[4.321s] -- Installing: /home/robo/llagoeiro/MiniMarketSecurity/ros2_yolo_ws/install/yolov8_msgs/include/yolov8_msgs/yolov8_msgs/msg/detail/key_point3_d_array__struct.hpp
[4.321s] -- Installing: /home/robo/llagoeiro/MiniMarketSecurity/ros2_yolo_ws/install/yolov8_msgs/include/yolov8_msgs/yolov8_msgs/msg/detail/key_point2_d__builder.hpp
[4.321s] -- Installing: /home/robo/llagoeiro/MiniMarketSecurity/ros2_yolo_ws/install/yolov8_msgs/include/yolov8_msgs/yolov8_msgs/msg/detail/key_point2_d_array__builder.hpp
[4.322s] -- Installing: /home/robo/llagoeiro/MiniMarketSecurity/ros2_yolo_ws/install/yolov8_msgs/include/yolov8_msgs/yolov8_msgs/msg/detail/key_point3_d__traits.hpp
[4.322s] -- Installing: /home/robo/llagoeiro/MiniMarketSecurity/ros2_yolo_ws/install/yolov8_msgs/include/yolov8_msgs/yolov8_msgs/msg/mask.hpp
[4.322s] -- Installing: /home/robo/llagoeiro/MiniMarketSecurity/ros2_yolo_ws/install/yolov8_msgs/include/yolov8_msgs/yolov8_msgs/msg/pose2_d.hpp
[4.322s] -- Installing: /home/robo/llagoeiro/MiniMarketSecurity/ros2_yolo_ws/install/yolov8_msgs/include/yolov8_msgs/yolov8_msgs/msg/key_point2_d_array.hpp
[4.322s] -- Installing: /home/robo/llagoeiro/MiniMarketSecurity/ros2_yolo_ws/install/yolov8_msgs/include/yolov8_msgs/yolov8_msgs/msg/vector2.hpp
[4.322s] -- Installing: /home/robo/llagoeiro/MiniMarketSecurity/ros2_yolo_ws/install/yolov8_msgs/include/yolov8_msgs/yolov8_msgs/msg/point2_d.hpp
[4.322s] -- Installing: /home/robo/llagoeiro/MiniMarketSecurity/ros2_yolo_ws/install/yolov8_msgs/include/yolov8_msgs/yolov8_msgs/msg/detection_array.hpp
[4.322s] -- Up-to-date: /home/robo/llagoeiro/MiniMarketSecurity/ros2_yolo_ws/install/yolov8_msgs/include/yolov8_msgs/yolov8_msgs
[4.322s] -- Up-to-date: /home/robo/llagoeiro/MiniMarketSecurity/ros2_yolo_ws/install/yolov8_msgs/include/yolov8_msgs/yolov8_msgs/msg
[4.322s] -- Up-to-date: /home/robo/llagoeiro/MiniMarketSecurity/ros2_yolo_ws/install/yolov8_msgs/include/yolov8_msgs/yolov8_msgs/msg/detail
[4.322s] -- Installing: /home/robo/llagoeiro/MiniMarketSecurity/ros2_yolo_ws/install/yolov8_msgs/include/yolov8_msgs/yolov8_msgs/msg/detail/key_point3_d_array__rosidl_typesupport_fastrtps_cpp.hpp
[4.322s] -- Installing: /home/robo/llagoeiro/MiniMarketSecurity/ros2_yolo_ws/install/yolov8_msgs/include/yolov8_msgs/yolov8_msgs/msg/detail/dds_fastrtps
[4.322s] -- Installing: /home/robo/llagoeiro/MiniMarketSecurity/ros2_yolo_ws/install/yolov8_msgs/include/yolov8_msgs/yolov8_msgs/msg/detail/mask__rosidl_typesupport_fastrtps_cpp.hpp
[4.322s] -- Installing: /home/robo/llagoeiro/MiniMarketSecurity/ros2_yolo_ws/install/yolov8_msgs/include/yolov8_msgs/yolov8_msgs/msg/detail/pose2_d__rosidl_typesupport_fastrtps_cpp.hpp
[4.322s] -- Installing: /home/robo/llagoeiro/MiniMarketSecurity/ros2_yolo_ws/install/yolov8_msgs/include/yolov8_msgs/yolov8_msgs/msg/detail/key_point2_d_array__rosidl_typesupport_fastrtps_cpp.hpp
[4.322s] -- Installing: /home/robo/llagoeiro/MiniMarketSecurity/ros2_yolo_ws/install/yolov8_msgs/include/yolov8_msgs/yolov8_msgs/msg/detail/key_point2_d__rosidl_typesupport_fastrtps_cpp.hpp
[4.322s] -- Installing: /home/robo/llagoeiro/MiniMarketSecurity/ros2_yolo_ws/install/yolov8_msgs/include/yolov8_msgs/yolov8_msgs/msg/detail/bounding_box2_d__rosidl_typesupport_fastrtps_cpp.hpp
[4.322s] -- Installing: /home/robo/llagoeiro/MiniMarketSecurity/ros2_yolo_ws/install/yolov8_msgs/include/yolov8_msgs/yolov8_msgs/msg/detail/key_point3_d__rosidl_typesupport_fastrtps_cpp.hpp
[4.322s] -- Installing: /home/robo/llagoeiro/MiniMarketSecurity/ros2_yolo_ws/install/yolov8_msgs/include/yolov8_msgs/yolov8_msgs/msg/detail/detection__rosidl_typesupport_fastrtps_cpp.hpp
[4.322s] -- Installing: /home/robo/llagoeiro/MiniMarketSecurity/ros2_yolo_ws/install/yolov8_msgs/include/yolov8_msgs/yolov8_msgs/msg/detail/detection_array__rosidl_typesupport_fastrtps_cpp.hpp
[4.322s] -- Installing: /home/robo/llagoeiro/MiniMarketSecurity/ros2_yolo_ws/install/yolov8_msgs/include/yolov8_msgs/yolov8_msgs/msg/detail/point2_d__rosidl_typesupport_fastrtps_cpp.hpp
[4.322s] -- Installing: /home/robo/llagoeiro/MiniMarketSecurity/ros2_yolo_ws/install/yolov8_msgs/include/yolov8_msgs/yolov8_msgs/msg/detail/vector2__rosidl_typesupport_fastrtps_cpp.hpp
[4.322s] -- Installing: /home/robo/llagoeiro/MiniMarketSecurity/ros2_yolo_ws/install/yolov8_msgs/include/yolov8_msgs/yolov8_msgs/msg/detail/bounding_box3_d__rosidl_typesupport_fastrtps_cpp.hpp
[4.322s] -- Installing: /home/robo/llagoeiro/MiniMarketSecurity/ros2_yolo_ws/install/yolov8_msgs/include/yolov8_msgs/yolov8_msgs/msg/rosidl_typesupport_fastrtps_cpp__visibility_control.h
[4.322s] -- Installing: /home/robo/llagoeiro/MiniMarketSecurity/ros2_yolo_ws/install/yolov8_msgs/lib/libyolov8_msgs__rosidl_typesupport_fastrtps_cpp.so
[4.323s] -- Set runtime path of "/home/robo/llagoeiro/MiniMarketSecurity/ros2_yolo_ws/install/yolov8_msgs/lib/libyolov8_msgs__rosidl_typesupport_fastrtps_cpp.so" to ""
[4.323s] -- Up-to-date: /home/robo/llagoeiro/MiniMarketSecurity/ros2_yolo_ws/install/yolov8_msgs/include/yolov8_msgs/yolov8_msgs
[4.323s] -- Up-to-date: /home/robo/llagoeiro/MiniMarketSecurity/ros2_yolo_ws/install/yolov8_msgs/include/yolov8_msgs/yolov8_msgs/msg
[4.323s] -- Up-to-date: /home/robo/llagoeiro/MiniMarketSecurity/ros2_yolo_ws/install/yolov8_msgs/include/yolov8_msgs/yolov8_msgs/msg/detail
[4.323s] -- Installing: /home/robo/llagoeiro/MiniMarketSecurity/ros2_yolo_ws/install/yolov8_msgs/include/yolov8_msgs/yolov8_msgs/msg/detail/key_point3_d_array__type_support.cpp
[4.323s] -- Installing: /home/robo/llagoeiro/MiniMarketSecurity/ros2_yolo_ws/install/yolov8_msgs/include/yolov8_msgs/yolov8_msgs/msg/detail/key_point3_d__rosidl_typesupport_introspection_cpp.hpp
[4.323s] -- Installing: /home/robo/llagoeiro/MiniMarketSecurity/ros2_yolo_ws/install/yolov8_msgs/include/yolov8_msgs/yolov8_msgs/msg/detail/vector2__type_support.cpp
[4.323s] -- Installing: /home/robo/llagoeiro/MiniMarketSecurity/ros2_yolo_ws/install/yolov8_msgs/include/yolov8_msgs/yolov8_msgs/msg/detail/bounding_box3_d__rosidl_typesupport_introspection_cpp.hpp
[4.323s] -- Installing: /home/robo/llagoeiro/MiniMarketSecurity/ros2_yolo_ws/install/yolov8_msgs/include/yolov8_msgs/yolov8_msgs/msg/detail/key_point2_d__type_support.cpp
[4.323s] -- Installing: /home/robo/llagoeiro/MiniMarketSecurity/ros2_yolo_ws/install/yolov8_msgs/include/yolov8_msgs/yolov8_msgs/msg/detail/detection_array__type_support.cpp
[4.323s] -- Installing: /home/robo/llagoeiro/MiniMarketSecurity/ros2_yolo_ws/install/yolov8_msgs/include/yolov8_msgs/yolov8_msgs/msg/detail/bounding_box3_d__type_support.cpp
[4.323s] -- Installing: /home/robo/llagoeiro/MiniMarketSecurity/ros2_yolo_ws/install/yolov8_msgs/include/yolov8_msgs/yolov8_msgs/msg/detail/bounding_box2_d__type_support.cpp
[4.323s] -- Installing: /home/robo/llagoeiro/MiniMarketSecurity/ros2_yolo_ws/install/yolov8_msgs/include/yolov8_msgs/yolov8_msgs/msg/detail/key_point2_d_array__type_support.cpp
[4.323s] -- Installing: /home/robo/llagoeiro/MiniMarketSecurity/ros2_yolo_ws/install/yolov8_msgs/include/yolov8_msgs/yolov8_msgs/msg/detail/bounding_box2_d__rosidl_typesupport_introspection_cpp.hpp
[4.323s] -- Installing: /home/robo/llagoeiro/MiniMarketSecurity/ros2_yolo_ws/install/yolov8_msgs/include/yolov8_msgs/yolov8_msgs/msg/detail/mask__rosidl_typesupport_introspection_cpp.hpp
[4.323s] -- Installing: /home/robo/llagoeiro/MiniMarketSecurity/ros2_yolo_ws/install/yolov8_msgs/include/yolov8_msgs/yolov8_msgs/msg/detail/key_point2_d_array__rosidl_typesupport_introspection_cpp.hpp
[4.323s] -- Installing: /home/robo/llagoeiro/MiniMarketSecurity/ros2_yolo_ws/install/yolov8_msgs/include/yolov8_msgs/yolov8_msgs/msg/detail/pose2_d__rosidl_typesupport_introspection_cpp.hpp
[4.323s] -- Installing: /home/robo/llagoeiro/MiniMarketSecurity/ros2_yolo_ws/install/yolov8_msgs/include/yolov8_msgs/yolov8_msgs/msg/detail/detection__type_support.cpp
[4.323s] -- Installing: /home/robo/llagoeiro/MiniMarketSecurity/ros2_yolo_ws/install/yolov8_msgs/include/yolov8_msgs/yolov8_msgs/msg/detail/key_point3_d__type_support.cpp
[4.323s] -- Installing: /home/robo/llagoeiro/MiniMarketSecurity/ros2_yolo_ws/install/yolov8_msgs/include/yolov8_msgs/yolov8_msgs/msg/detail/key_point2_d__rosidl_typesupport_introspection_cpp.hpp
[4.323s] -- Installing: /home/robo/llagoeiro/MiniMarketSecurity/ros2_yolo_ws/install/yolov8_msgs/include/yolov8_msgs/yolov8_msgs/msg/detail/mask__type_support.cpp
[4.323s] -- Installing: /home/robo/llagoeiro/MiniMarketSecurity/ros2_yolo_ws/install/yolov8_msgs/include/yolov8_msgs/yolov8_msgs/msg/detail/point2_d__type_support.cpp
[4.323s] -- Installing: /home/robo/llagoeiro/MiniMarketSecurity/ros2_yolo_ws/install/yolov8_msgs/include/yolov8_msgs/yolov8_msgs/msg/detail/key_point3_d_array__rosidl_typesupport_introspection_cpp.hpp
[4.323s] -- Installing: /home/robo/llagoeiro/MiniMarketSecurity/ros2_yolo_ws/install/yolov8_msgs/include/yolov8_msgs/yolov8_msgs/msg/detail/pose2_d__type_support.cpp
[4.323s] -- Installing: /home/robo/llagoeiro/MiniMarketSecurity/ros2_yolo_ws/install/yolov8_msgs/include/yolov8_msgs/yolov8_msgs/msg/detail/vector2__rosidl_typesupport_introspection_cpp.hpp
[4.323s] -- Installing: /home/robo/llagoeiro/MiniMarketSecurity/ros2_yolo_ws/install/yolov8_msgs/include/yolov8_msgs/yolov8_msgs/msg/detail/detection_array__rosidl_typesupport_introspection_cpp.hpp
[4.323s] -- Installing: /home/robo/llagoeiro/MiniMarketSecurity/ros2_yolo_ws/install/yolov8_msgs/include/yolov8_msgs/yolov8_msgs/msg/detail/detection__rosidl_typesupport_introspection_cpp.hpp
[4.323s] -- Installing: /home/robo/llagoeiro/MiniMarketSecurity/ros2_yolo_ws/install/yolov8_msgs/include/yolov8_msgs/yolov8_msgs/msg/detail/point2_d__rosidl_typesupport_introspection_cpp.hpp
[4.324s] -- Installing: /home/robo/llagoeiro/MiniMarketSecurity/ros2_yolo_ws/install/yolov8_msgs/lib/libyolov8_msgs__rosidl_typesupport_introspection_cpp.so
[4.324s] -- Set runtime path of "/home/robo/llagoeiro/MiniMarketSecurity/ros2_yolo_ws/install/yolov8_msgs/lib/libyolov8_msgs__rosidl_typesupport_introspection_cpp.so" to ""
[4.324s] -- Installing: /home/robo/llagoeiro/MiniMarketSecurity/ros2_yolo_ws/install/yolov8_msgs/lib/libyolov8_msgs__rosidl_typesupport_cpp.so
[4.324s] -- Set runtime path of "/home/robo/llagoeiro/MiniMarketSecurity/ros2_yolo_ws/install/yolov8_msgs/lib/libyolov8_msgs__rosidl_typesupport_cpp.so" to ""
[4.324s] -- Installing: /home/robo/llagoeiro/MiniMarketSecurity/ros2_yolo_ws/install/yolov8_msgs/share/yolov8_msgs/environment/pythonpath.sh
[4.324s] -- Installing: /home/robo/llagoeiro/MiniMarketSecurity/ros2_yolo_ws/install/yolov8_msgs/share/yolov8_msgs/environment/pythonpath.dsv
[4.324s] -- Installing: /home/robo/llagoeiro/MiniMarketSecurity/ros2_yolo_ws/install/yolov8_msgs/local/lib/python3.10/dist-packages/yolov8_msgs-3.4.0-py3.10.egg-info
[4.324s] -- Installing: /home/robo/llagoeiro/MiniMarketSecurity/ros2_yolo_ws/install/yolov8_msgs/local/lib/python3.10/dist-packages/yolov8_msgs-3.4.0-py3.10.egg-info/PKG-INFO
[4.324s] -- Installing: /home/robo/llagoeiro/MiniMarketSecurity/ros2_yolo_ws/install/yolov8_msgs/local/lib/python3.10/dist-packages/yolov8_msgs-3.4.0-py3.10.egg-info/dependency_links.txt
[4.324s] -- Installing: /home/robo/llagoeiro/MiniMarketSecurity/ros2_yolo_ws/install/yolov8_msgs/local/lib/python3.10/dist-packages/yolov8_msgs-3.4.0-py3.10.egg-info/SOURCES.txt
[4.324s] -- Installing: /home/robo/llagoeiro/MiniMarketSecurity/ros2_yolo_ws/install/yolov8_msgs/local/lib/python3.10/dist-packages/yolov8_msgs-3.4.0-py3.10.egg-info/top_level.txt
[4.324s] -- Installing: /home/robo/llagoeiro/MiniMarketSecurity/ros2_yolo_ws/install/yolov8_msgs/local/lib/python3.10/dist-packages/yolov8_msgs
[4.324s] -- Installing: /home/robo/llagoeiro/MiniMarketSecurity/ros2_yolo_ws/install/yolov8_msgs/local/lib/python3.10/dist-packages/yolov8_msgs/msg
[4.324s] -- Installing: /home/robo/llagoeiro/MiniMarketSecurity/ros2_yolo_ws/install/yolov8_msgs/local/lib/python3.10/dist-packages/yolov8_msgs/msg/_bounding_box2_d.py
[4.324s] -- Installing: /home/robo/llagoeiro/MiniMarketSecurity/ros2_yolo_ws/install/yolov8_msgs/local/lib/python3.10/dist-packages/yolov8_msgs/msg/_key_point3_d.py
[4.324s] -- Installing: /home/robo/llagoeiro/MiniMarketSecurity/ros2_yolo_ws/install/yolov8_msgs/local/lib/python3.10/dist-packages/yolov8_msgs/msg/_detection.py
[4.324s] -- Installing: /home/robo/llagoeiro/MiniMarketSecurity/ros2_yolo_ws/install/yolov8_msgs/local/lib/python3.10/dist-packages/yolov8_msgs/msg/_key_point2_d.py
[4.324s] -- Installing: /home/robo/llagoeiro/MiniMarketSecurity/ros2_yolo_ws/install/yolov8_msgs/local/lib/python3.10/dist-packages/yolov8_msgs/msg/_bounding_box3_d_s.c
[4.324s] -- Installing: /home/robo/llagoeiro/MiniMarketSecurity/ros2_yolo_ws/install/yolov8_msgs/local/lib/python3.10/dist-packages/yolov8_msgs/msg/_vector2_s.c
[4.325s] -- Installing: /home/robo/llagoeiro/MiniMarketSecurity/ros2_yolo_ws/install/yolov8_msgs/local/lib/python3.10/dist-packages/yolov8_msgs/msg/_pose2_d_s.c
[4.325s] -- Installing: /home/robo/llagoeiro/MiniMarketSecurity/ros2_yolo_ws/install/yolov8_msgs/local/lib/python3.10/dist-packages/yolov8_msgs/msg/_key_point2_d_array.py
[4.325s] -- Installing: /home/robo/llagoeiro/MiniMarketSecurity/ros2_yolo_ws/install/yolov8_msgs/local/lib/python3.10/dist-packages/yolov8_msgs/msg/_bounding_box2_d_s.c
[4.325s] -- Installing: /home/robo/llagoeiro/MiniMarketSecurity/ros2_yolo_ws/install/yolov8_msgs/local/lib/python3.10/dist-packages/yolov8_msgs/msg/_point2_d_s.c
[4.325s] -- Installing: /home/robo/llagoeiro/MiniMarketSecurity/ros2_yolo_ws/install/yolov8_msgs/local/lib/python3.10/dist-packages/yolov8_msgs/msg/_mask_s.c
[4.325s] -- Installing: /home/robo/llagoeiro/MiniMarketSecurity/ros2_yolo_ws/install/yolov8_msgs/local/lib/python3.10/dist-packages/yolov8_msgs/msg/_point2_d.py
[4.325s] -- Installing: /home/robo/llagoeiro/MiniMarketSecurity/ros2_yolo_ws/install/yolov8_msgs/local/lib/python3.10/dist-packages/yolov8_msgs/msg/_key_point2_d_array_s.c
[4.325s] -- Installing: /home/robo/llagoeiro/MiniMarketSecurity/ros2_yolo_ws/install/yolov8_msgs/local/lib/python3.10/dist-packages/yolov8_msgs/msg/_mask.py
[4.325s] -- Installing: /home/robo/llagoeiro/MiniMarketSecurity/ros2_yolo_ws/install/yolov8_msgs/local/lib/python3.10/dist-packages/yolov8_msgs/msg/_detection_array_s.c
[4.325s] -- Installing: /home/robo/llagoeiro/MiniMarketSecurity/ros2_yolo_ws/install/yolov8_msgs/local/lib/python3.10/dist-packages/yolov8_msgs/msg/_detection_array.py
[4.325s] -- Installing: /home/robo/llagoeiro/MiniMarketSecurity/ros2_yolo_ws/install/yolov8_msgs/local/lib/python3.10/dist-packages/yolov8_msgs/msg/_key_point3_d_s.c
[4.325s] -- Installing: /home/robo/llagoeiro/MiniMarketSecurity/ros2_yolo_ws/install/yolov8_msgs/local/lib/python3.10/dist-packages/yolov8_msgs/msg/_vector2.py
[4.325s] -- Installing: /home/robo/llagoeiro/MiniMarketSecurity/ros2_yolo_ws/install/yolov8_msgs/local/lib/python3.10/dist-packages/yolov8_msgs/msg/_key_point3_d_array.py
[4.325s] -- Installing: /home/robo/llagoeiro/MiniMarketSecurity/ros2_yolo_ws/install/yolov8_msgs/local/lib/python3.10/dist-packages/yolov8_msgs/msg/_key_point3_d_array_s.c
[4.325s] -- Installing: /home/robo/llagoeiro/MiniMarketSecurity/ros2_yolo_ws/install/yolov8_msgs/local/lib/python3.10/dist-packages/yolov8_msgs/msg/__init__.py
[4.325s] -- Installing: /home/robo/llagoeiro/MiniMarketSecurity/ros2_yolo_ws/install/yolov8_msgs/local/lib/python3.10/dist-packages/yolov8_msgs/msg/_pose2_d.py
[4.325s] -- Installing: /home/robo/llagoeiro/MiniMarketSecurity/ros2_yolo_ws/install/yolov8_msgs/local/lib/python3.10/dist-packages/yolov8_msgs/msg/_key_point2_d_s.c
[4.325s] -- Installing: /home/robo/llagoeiro/MiniMarketSecurity/ros2_yolo_ws/install/yolov8_msgs/local/lib/python3.10/dist-packages/yolov8_msgs/msg/_detection_s.c
[4.325s] -- Installing: /home/robo/llagoeiro/MiniMarketSecurity/ros2_yolo_ws/install/yolov8_msgs/local/lib/python3.10/dist-packages/yolov8_msgs/msg/_bounding_box3_d.py
[4.325s] -- Installing: /home/robo/llagoeiro/MiniMarketSecurity/ros2_yolo_ws/install/yolov8_msgs/local/lib/python3.10/dist-packages/yolov8_msgs/yolov8_msgs_s__rosidl_typesupport_introspection_c.cpython-310-x86_64-linux-gnu.so
[4.325s] -- Installing: /home/robo/llagoeiro/MiniMarketSecurity/ros2_yolo_ws/install/yolov8_msgs/local/lib/python3.10/dist-packages/yolov8_msgs/yolov8_msgs_s__rosidl_typesupport_fastrtps_c.cpython-310-x86_64-linux-gnu.so
[4.325s] -- Installing: /home/robo/llagoeiro/MiniMarketSecurity/ros2_yolo_ws/install/yolov8_msgs/local/lib/python3.10/dist-packages/yolov8_msgs/yolov8_msgs_s__rosidl_typesupport_c.cpython-310-x86_64-linux-gnu.so
[4.325s] -- Installing: /home/robo/llagoeiro/MiniMarketSecurity/ros2_yolo_ws/install/yolov8_msgs/local/lib/python3.10/dist-packages/yolov8_msgs/_yolov8_msgs_s.ep.rosidl_typesupport_introspection_c.c
[4.325s] -- Installing: /home/robo/llagoeiro/MiniMarketSecurity/ros2_yolo_ws/install/yolov8_msgs/local/lib/python3.10/dist-packages/yolov8_msgs/_yolov8_msgs_s.ep.rosidl_typesupport_c.c
[4.325s] -- Installing: /home/robo/llagoeiro/MiniMarketSecurity/ros2_yolo_ws/install/yolov8_msgs/local/lib/python3.10/dist-packages/yolov8_msgs/__init__.py
[4.325s] -- Installing: /home/robo/llagoeiro/MiniMarketSecurity/ros2_yolo_ws/install/yolov8_msgs/local/lib/python3.10/dist-packages/yolov8_msgs/libyolov8_msgs__rosidl_generator_py.so
[4.326s] -- Installing: /home/robo/llagoeiro/MiniMarketSecurity/ros2_yolo_ws/install/yolov8_msgs/local/lib/python3.10/dist-packages/yolov8_msgs/_yolov8_msgs_s.ep.rosidl_typesupport_fastrtps_c.c
[4.350s] Listing '/home/robo/llagoeiro/MiniMarketSecurity/ros2_yolo_ws/install/yolov8_msgs/local/lib/python3.10/dist-packages/yolov8_msgs'...
[4.350s] Compiling '/home/robo/llagoeiro/MiniMarketSecurity/ros2_yolo_ws/install/yolov8_msgs/local/lib/python3.10/dist-packages/yolov8_msgs/__init__.py'...
[4.350s] Listing '/home/robo/llagoeiro/MiniMarketSecurity/ros2_yolo_ws/install/yolov8_msgs/local/lib/python3.10/dist-packages/yolov8_msgs/msg'...
[4.350s] Compiling '/home/robo/llagoeiro/MiniMarketSecurity/ros2_yolo_ws/install/yolov8_msgs/local/lib/python3.10/dist-packages/yolov8_msgs/msg/__init__.py'...
[4.350s] Compiling '/home/robo/llagoeiro/MiniMarketSecurity/ros2_yolo_ws/install/yolov8_msgs/local/lib/python3.10/dist-packages/yolov8_msgs/msg/_bounding_box2_d.py'...
[4.350s] Compiling '/home/robo/llagoeiro/MiniMarketSecurity/ros2_yolo_ws/install/yolov8_msgs/local/lib/python3.10/dist-packages/yolov8_msgs/msg/_bounding_box3_d.py'...
[4.350s] Compiling '/home/robo/llagoeiro/MiniMarketSecurity/ros2_yolo_ws/install/yolov8_msgs/local/lib/python3.10/dist-packages/yolov8_msgs/msg/_detection.py'...
[4.350s] Compiling '/home/robo/llagoeiro/MiniMarketSecurity/ros2_yolo_ws/install/yolov8_msgs/local/lib/python3.10/dist-packages/yolov8_msgs/msg/_detection_array.py'...
[4.350s] Compiling '/home/robo/llagoeiro/MiniMarketSecurity/ros2_yolo_ws/install/yolov8_msgs/local/lib/python3.10/dist-packages/yolov8_msgs/msg/_key_point2_d.py'...
[4.350s] Compiling '/home/robo/llagoeiro/MiniMarketSecurity/ros2_yolo_ws/install/yolov8_msgs/local/lib/python3.10/dist-packages/yolov8_msgs/msg/_key_point2_d_array.py'...
[4.350s] Compiling '/home/robo/llagoeiro/MiniMarketSecurity/ros2_yolo_ws/install/yolov8_msgs/local/lib/python3.10/dist-packages/yolov8_msgs/msg/_key_point3_d.py'...
[4.350s] Compiling '/home/robo/llagoeiro/MiniMarketSecurity/ros2_yolo_ws/install/yolov8_msgs/local/lib/python3.10/dist-packages/yolov8_msgs/msg/_key_point3_d_array.py'...
[4.350s] Compiling '/home/robo/llagoeiro/MiniMarketSecurity/ros2_yolo_ws/install/yolov8_msgs/local/lib/python3.10/dist-packages/yolov8_msgs/msg/_mask.py'...
[4.350s] Compiling '/home/robo/llagoeiro/MiniMarketSecurity/ros2_yolo_ws/install/yolov8_msgs/local/lib/python3.10/dist-packages/yolov8_msgs/msg/_point2_d.py'...
[4.350s] Compiling '/home/robo/llagoeiro/MiniMarketSecurity/ros2_yolo_ws/install/yolov8_msgs/local/lib/python3.10/dist-packages/yolov8_msgs/msg/_pose2_d.py'...
[4.350s] Compiling '/home/robo/llagoeiro/MiniMarketSecurity/ros2_yolo_ws/install/yolov8_msgs/local/lib/python3.10/dist-packages/yolov8_msgs/msg/_vector2.py'...
[4.353s] -- Installing: /home/robo/llagoeiro/MiniMarketSecurity/ros2_yolo_ws/install/yolov8_msgs/local/lib/python3.10/dist-packages/yolov8_msgs/yolov8_msgs_s__rosidl_typesupport_fastrtps_c.cpython-310-x86_64-linux-gnu.so
[4.353s] -- Set runtime path of "/home/robo/llagoeiro/MiniMarketSecurity/ros2_yolo_ws/install/yolov8_msgs/local/lib/python3.10/dist-packages/yolov8_msgs/yolov8_msgs_s__rosidl_typesupport_fastrtps_c.cpython-310-x86_64-linux-gnu.so" to ""
[4.353s] -- Installing: /home/robo/llagoeiro/MiniMarketSecurity/ros2_yolo_ws/install/yolov8_msgs/local/lib/python3.10/dist-packages/yolov8_msgs/yolov8_msgs_s__rosidl_typesupport_introspection_c.cpython-310-x86_64-linux-gnu.so
[4.353s] -- Set runtime path of "/home/robo/llagoeiro/MiniMarketSecurity/ros2_yolo_ws/install/yolov8_msgs/local/lib/python3.10/dist-packages/yolov8_msgs/yolov8_msgs_s__rosidl_typesupport_introspection_c.cpython-310-x86_64-linux-gnu.so" to ""
[4.353s] -- Installing: /home/robo/llagoeiro/MiniMarketSecurity/ros2_yolo_ws/install/yolov8_msgs/local/lib/python3.10/dist-packages/yolov8_msgs/yolov8_msgs_s__rosidl_typesupport_c.cpython-310-x86_64-linux-gnu.so
[4.353s] -- Set runtime path of "/home/robo/llagoeiro/MiniMarketSecurity/ros2_yolo_ws/install/yolov8_msgs/local/lib/python3.10/dist-packages/yolov8_msgs/yolov8_msgs_s__rosidl_typesupport_c.cpython-310-x86_64-linux-gnu.so" to ""
[4.353s] -- Installing: /home/robo/llagoeiro/MiniMarketSecurity/ros2_yolo_ws/install/yolov8_msgs/lib/libyolov8_msgs__rosidl_generator_py.so
[4.353s] -- Set runtime path of "/home/robo/llagoeiro/MiniMarketSecurity/ros2_yolo_ws/install/yolov8_msgs/lib/libyolov8_msgs__rosidl_generator_py.so" to ""
[4.353s] -- Installing: /home/robo/llagoeiro/MiniMarketSecurity/ros2_yolo_ws/install/yolov8_msgs/share/yolov8_msgs/msg/Point2D.idl
[4.353s] -- Installing: /home/robo/llagoeiro/MiniMarketSecurity/ros2_yolo_ws/install/yolov8_msgs/share/yolov8_msgs/msg/Vector2.idl
[4.353s] -- Installing: /home/robo/llagoeiro/MiniMarketSecurity/ros2_yolo_ws/install/yolov8_msgs/share/yolov8_msgs/msg/Pose2D.idl
[4.353s] -- Installing: /home/robo/llagoeiro/MiniMarketSecurity/ros2_yolo_ws/install/yolov8_msgs/share/yolov8_msgs/msg/BoundingBox2D.idl
[4.353s] -- Installing: /home/robo/llagoeiro/MiniMarketSecurity/ros2_yolo_ws/install/yolov8_msgs/share/yolov8_msgs/msg/BoundingBox3D.idl
[4.353s] -- Installing: /home/robo/llagoeiro/MiniMarketSecurity/ros2_yolo_ws/install/yolov8_msgs/share/yolov8_msgs/msg/Mask.idl
[4.353s] -- Installing: /home/robo/llagoeiro/MiniMarketSecurity/ros2_yolo_ws/install/yolov8_msgs/share/yolov8_msgs/msg/KeyPoint2D.idl
[4.353s] -- Installing: /home/robo/llagoeiro/MiniMarketSecurity/ros2_yolo_ws/install/yolov8_msgs/share/yolov8_msgs/msg/KeyPoint2DArray.idl
[4.353s] -- Installing: /home/robo/llagoeiro/MiniMarketSecurity/ros2_yolo_ws/install/yolov8_msgs/share/yolov8_msgs/msg/KeyPoint3D.idl
[4.353s] -- Installing: /home/robo/llagoeiro/MiniMarketSecurity/ros2_yolo_ws/install/yolov8_msgs/share/yolov8_msgs/msg/KeyPoint3DArray.idl
[4.354s] -- Installing: /home/robo/llagoeiro/MiniMarketSecurity/ros2_yolo_ws/install/yolov8_msgs/share/yolov8_msgs/msg/Detection.idl
[4.354s] -- Installing: /home/robo/llagoeiro/MiniMarketSecurity/ros2_yolo_ws/install/yolov8_msgs/share/yolov8_msgs/msg/DetectionArray.idl
[4.354s] -- Installing: /home/robo/llagoeiro/MiniMarketSecurity/ros2_yolo_ws/install/yolov8_msgs/share/yolov8_msgs/msg/Point2D.msg
[4.354s] -- Installing: /home/robo/llagoeiro/MiniMarketSecurity/ros2_yolo_ws/install/yolov8_msgs/share/yolov8_msgs/msg/Vector2.msg
[4.354s] -- Installing: /home/robo/llagoeiro/MiniMarketSecurity/ros2_yolo_ws/install/yolov8_msgs/share/yolov8_msgs/msg/Pose2D.msg
[4.354s] -- Installing: /home/robo/llagoeiro/MiniMarketSecurity/ros2_yolo_ws/install/yolov8_msgs/share/yolov8_msgs/msg/BoundingBox2D.msg
[4.354s] -- Installing: /home/robo/llagoeiro/MiniMarketSecurity/ros2_yolo_ws/install/yolov8_msgs/share/yolov8_msgs/msg/BoundingBox3D.msg
[4.354s] -- Installing: /home/robo/llagoeiro/MiniMarketSecurity/ros2_yolo_ws/install/yolov8_msgs/share/yolov8_msgs/msg/Mask.msg
[4.354s] -- Installing: /home/robo/llagoeiro/MiniMarketSecurity/ros2_yolo_ws/install/yolov8_msgs/share/yolov8_msgs/msg/KeyPoint2D.msg
[4.354s] -- Installing: /home/robo/llagoeiro/MiniMarketSecurity/ros2_yolo_ws/install/yolov8_msgs/share/yolov8_msgs/msg/KeyPoint2DArray.msg
[4.354s] -- Installing: /home/robo/llagoeiro/MiniMarketSecurity/ros2_yolo_ws/install/yolov8_msgs/share/yolov8_msgs/msg/KeyPoint3D.msg
[4.354s] -- Installing: /home/robo/llagoeiro/MiniMarketSecurity/ros2_yolo_ws/install/yolov8_msgs/share/yolov8_msgs/msg/KeyPoint3DArray.msg
[4.354s] -- Installing: /home/robo/llagoeiro/MiniMarketSecurity/ros2_yolo_ws/install/yolov8_msgs/share/yolov8_msgs/msg/Detection.msg
[4.354s] -- Installing: /home/robo/llagoeiro/MiniMarketSecurity/ros2_yolo_ws/install/yolov8_msgs/share/yolov8_msgs/msg/DetectionArray.msg
[4.354s] -- Installing: /home/robo/llagoeiro/MiniMarketSecurity/ros2_yolo_ws/install/yolov8_msgs/share/ament_index/resource_index/package_run_dependencies/yolov8_msgs
[4.354s] -- Installing: /home/robo/llagoeiro/MiniMarketSecurity/ros2_yolo_ws/install/yolov8_msgs/share/ament_index/resource_index/parent_prefix_path/yolov8_msgs
[4.354s] -- Installing: /home/robo/llagoeiro/MiniMarketSecurity/ros2_yolo_ws/install/yolov8_msgs/share/yolov8_msgs/environment/ament_prefix_path.sh
[4.354s] -- Installing: /home/robo/llagoeiro/MiniMarketSecurity/ros2_yolo_ws/install/yolov8_msgs/share/yolov8_msgs/environment/ament_prefix_path.dsv
[4.354s] -- Installing: /home/robo/llagoeiro/MiniMarketSecurity/ros2_yolo_ws/install/yolov8_msgs/share/yolov8_msgs/environment/path.sh
[4.354s] -- Installing: /home/robo/llagoeiro/MiniMarketSecurity/ros2_yolo_ws/install/yolov8_msgs/share/yolov8_msgs/environment/path.dsv
[4.354s] -- Installing: /home/robo/llagoeiro/MiniMarketSecurity/ros2_yolo_ws/install/yolov8_msgs/share/yolov8_msgs/local_setup.bash
[4.354s] -- Installing: /home/robo/llagoeiro/MiniMarketSecurity/ros2_yolo_ws/install/yolov8_msgs/share/yolov8_msgs/local_setup.sh
[4.354s] -- Installing: /home/robo/llagoeiro/MiniMarketSecurity/ros2_yolo_ws/install/yolov8_msgs/share/yolov8_msgs/local_setup.zsh
[4.355s] -- Installing: /home/robo/llagoeiro/MiniMarketSecurity/ros2_yolo_ws/install/yolov8_msgs/share/yolov8_msgs/local_setup.dsv
[4.355s] -- Installing: /home/robo/llagoeiro/MiniMarketSecurity/ros2_yolo_ws/install/yolov8_msgs/share/yolov8_msgs/package.dsv
[4.355s] -- Installing: /home/robo/llagoeiro/MiniMarketSecurity/ros2_yolo_ws/install/yolov8_msgs/share/ament_index/resource_index/packages/yolov8_msgs
[4.355s] -- Installing: /home/robo/llagoeiro/MiniMarketSecurity/ros2_yolo_ws/install/yolov8_msgs/share/yolov8_msgs/cmake/export_yolov8_msgs__rosidl_generator_cExport.cmake
[4.355s] -- Installing: /home/robo/llagoeiro/MiniMarketSecurity/ros2_yolo_ws/install/yolov8_msgs/share/yolov8_msgs/cmake/export_yolov8_msgs__rosidl_generator_cExport-noconfig.cmake
[4.355s] -- Installing: /home/robo/llagoeiro/MiniMarketSecurity/ros2_yolo_ws/install/yolov8_msgs/share/yolov8_msgs/cmake/export_yolov8_msgs__rosidl_typesupport_fastrtps_cExport.cmake
[4.355s] -- Installing: /home/robo/llagoeiro/MiniMarketSecurity/ros2_yolo_ws/install/yolov8_msgs/share/yolov8_msgs/cmake/export_yolov8_msgs__rosidl_typesupport_fastrtps_cExport-noconfig.cmake
[4.355s] -- Installing: /home/robo/llagoeiro/MiniMarketSecurity/ros2_yolo_ws/install/yolov8_msgs/share/yolov8_msgs/cmake/yolov8_msgs__rosidl_typesupport_introspection_cExport.cmake
[4.355s] -- Installing: /home/robo/llagoeiro/MiniMarketSecurity/ros2_yolo_ws/install/yolov8_msgs/share/yolov8_msgs/cmake/yolov8_msgs__rosidl_typesupport_introspection_cExport-noconfig.cmake
[4.355s] -- Installing: /home/robo/llagoeiro/MiniMarketSecurity/ros2_yolo_ws/install/yolov8_msgs/share/yolov8_msgs/cmake/yolov8_msgs__rosidl_typesupport_cExport.cmake
[4.355s] -- Installing: /home/robo/llagoeiro/MiniMarketSecurity/ros2_yolo_ws/install/yolov8_msgs/share/yolov8_msgs/cmake/yolov8_msgs__rosidl_typesupport_cExport-noconfig.cmake
[4.355s] -- Installing: /home/robo/llagoeiro/MiniMarketSecurity/ros2_yolo_ws/install/yolov8_msgs/share/yolov8_msgs/cmake/export_yolov8_msgs__rosidl_generator_cppExport.cmake
[4.355s] -- Installing: /home/robo/llagoeiro/MiniMarketSecurity/ros2_yolo_ws/install/yolov8_msgs/share/yolov8_msgs/cmake/export_yolov8_msgs__rosidl_typesupport_fastrtps_cppExport.cmake
[4.355s] -- Installing: /home/robo/llagoeiro/MiniMarketSecurity/ros2_yolo_ws/install/yolov8_msgs/share/yolov8_msgs/cmake/export_yolov8_msgs__rosidl_typesupport_fastrtps_cppExport-noconfig.cmake
[4.355s] -- Installing: /home/robo/llagoeiro/MiniMarketSecurity/ros2_yolo_ws/install/yolov8_msgs/share/yolov8_msgs/cmake/yolov8_msgs__rosidl_typesupport_introspection_cppExport.cmake
[4.356s] -- Installing: /home/robo/llagoeiro/MiniMarketSecurity/ros2_yolo_ws/install/yolov8_msgs/share/yolov8_msgs/cmake/yolov8_msgs__rosidl_typesupport_introspection_cppExport-noconfig.cmake
[4.356s] -- Installing: /home/robo/llagoeiro/MiniMarketSecurity/ros2_yolo_ws/install/yolov8_msgs/share/yolov8_msgs/cmake/yolov8_msgs__rosidl_typesupport_cppExport.cmake
[4.356s] -- Installing: /home/robo/llagoeiro/MiniMarketSecurity/ros2_yolo_ws/install/yolov8_msgs/share/yolov8_msgs/cmake/yolov8_msgs__rosidl_typesupport_cppExport-noconfig.cmake
[4.356s] -- Installing: /home/robo/llagoeiro/MiniMarketSecurity/ros2_yolo_ws/install/yolov8_msgs/share/yolov8_msgs/cmake/export_yolov8_msgs__rosidl_generator_pyExport.cmake
[4.356s] -- Installing: /home/robo/llagoeiro/MiniMarketSecurity/ros2_yolo_ws/install/yolov8_msgs/share/yolov8_msgs/cmake/export_yolov8_msgs__rosidl_generator_pyExport-noconfig.cmake
[4.356s] -- Installing: /home/robo/llagoeiro/MiniMarketSecurity/ros2_yolo_ws/install/yolov8_msgs/share/yolov8_msgs/cmake/rosidl_cmake-extras.cmake
[4.356s] -- Installing: /home/robo/llagoeiro/MiniMarketSecurity/ros2_yolo_ws/install/yolov8_msgs/share/yolov8_msgs/cmake/ament_cmake_export_dependencies-extras.cmake
[4.356s] -- Installing: /home/robo/llagoeiro/MiniMarketSecurity/ros2_yolo_ws/install/yolov8_msgs/share/yolov8_msgs/cmake/ament_cmake_export_include_directories-extras.cmake
[4.356s] -- Installing: /home/robo/llagoeiro/MiniMarketSecurity/ros2_yolo_ws/install/yolov8_msgs/share/yolov8_msgs/cmake/ament_cmake_export_libraries-extras.cmake
[4.356s] -- Installing: /home/robo/llagoeiro/MiniMarketSecurity/ros2_yolo_ws/install/yolov8_msgs/share/yolov8_msgs/cmake/ament_cmake_export_targets-extras.cmake
[4.356s] -- Installing: /home/robo/llagoeiro/MiniMarketSecurity/ros2_yolo_ws/install/yolov8_msgs/share/yolov8_msgs/cmake/rosidl_cmake_export_typesupport_targets-extras.cmake
[4.356s] -- Installing: /home/robo/llagoeiro/MiniMarketSecurity/ros2_yolo_ws/install/yolov8_msgs/share/yolov8_msgs/cmake/rosidl_cmake_export_typesupport_libraries-extras.cmake
[4.356s] -- Installing: /home/robo/llagoeiro/MiniMarketSecurity/ros2_yolo_ws/install/yolov8_msgs/share/yolov8_msgs/cmake/yolov8_msgsConfig.cmake
[4.356s] -- Installing: /home/robo/llagoeiro/MiniMarketSecurity/ros2_yolo_ws/install/yolov8_msgs/share/yolov8_msgs/cmake/yolov8_msgsConfig-version.cmake
[4.356s] -- Installing: /home/robo/llagoeiro/MiniMarketSecurity/ros2_yolo_ws/install/yolov8_msgs/share/yolov8_msgs/package.xml
[4.358s] Invoked command in '/home/robo/llagoeiro/MiniMarketSecurity/ros2_yolo_ws/build/yolov8_msgs' returned '0': CMAKE_PREFIX_PATH=/opt/ros/humble /usr/bin/cmake --install /home/robo/llagoeiro/MiniMarketSecurity/ros2_yolo_ws/build/yolov8_msgs
