[0.950s] Invoking command in '/home/robo/Desktop/lagoeiro/MiniMarketSecurity/MiniMarketSecurity/build/yolov8_ros': CMAKE_PREFIX_PATH=/home/robo/Desktop/lagoeiro/MiniMarketSecurity/MiniMarketSecurity/install/yolov8_msgs:/home/robo/Desktop/lagoeiro/MiniMarketSecurity/MiniMarketSecurity/install/yolov8_bringup LD_LIBRARY_PATH=/home/robo/Desktop/lagoeiro/MiniMarketSecurity/MiniMarketSecurity/install/yolov8_msgs/lib:/usr/lib/x86_64-linux-gnu/gazebo-11/plugins:/opt/ros/humble/opt/rviz_ogre_vendor/lib:/opt/ros/humble/lib/x86_64-linux-gnu:/opt/ros/humble/lib:/usr/local/cuda-11.8/lib64 PYTHONPATH=/home/robo/Desktop/lagoeiro/MiniMarketSecurity/MiniMarketSecurity/build/yolov8_ros/prefix_override:/usr/lib/python3/dist-packages/colcon_core/task/python/colcon_distutils_commands:/home/robo/Desktop/lagoeiro/MiniMarketSecurity/MiniMarketSecurity/install/yolov8_ros/lib/python3.10/site-packages:${PYTHONPATH} /usr/bin/python3 -W ignore:setup.py install is deprecated setup.py develop --editable --build-directory /home/robo/Desktop/lagoeiro/MiniMarketSecurity/MiniMarketSecurity/build/yolov8_ros/build --no-deps symlink_data
[1.431s] running develop
[1.431s] /home/robo/.local/lib/python3.10/site-packages/setuptools/command/develop.py:40: EasyInstallDeprecationWarning: easy_install command is deprecated.
[1.431s] !!
[1.431s] 
[1.431s]         ********************************************************************************
[1.431s]         Please avoid running ``setup.py`` and ``easy_install``.
[1.431s]         Instead, use pypa/build, pypa/installer or other
[1.431s]         standards-based tools.
[1.431s] 
[1.431s]         See https://github.com/pypa/setuptools/issues/917 for details.
[1.431s]         ********************************************************************************
[1.431s] 
[1.432s] !!
[1.432s]   easy_install.initialize_options(self)
[1.816s] running egg_info
[1.839s] writing yolov8_ros.egg-info/PKG-INFO
[1.840s] writing dependency_links to yolov8_ros.egg-info/dependency_links.txt
[1.840s] writing entry points to yolov8_ros.egg-info/entry_points.txt
[1.840s] writing requirements to yolov8_ros.egg-info/requires.txt
[1.840s] writing top-level names to yolov8_ros.egg-info/top_level.txt
[1.889s] reading manifest file 'yolov8_ros.egg-info/SOURCES.txt'
[1.890s] writing manifest file 'yolov8_ros.egg-info/SOURCES.txt'
[1.928s] running build_ext
[1.928s] Creating /home/robo/Desktop/lagoeiro/MiniMarketSecurity/MiniMarketSecurity/install/yolov8_ros/lib/python3.10/site-packages/yolov8-ros.egg-link (link to .)
[1.929s] Installing debug_node script to /home/robo/Desktop/lagoeiro/MiniMarketSecurity/MiniMarketSecurity/install/yolov8_ros/lib/yolov8_ros
[1.930s] Installing detect_3d_node script to /home/robo/Desktop/lagoeiro/MiniMarketSecurity/MiniMarketSecurity/install/yolov8_ros/lib/yolov8_ros
[1.930s] Installing tracking_node script to /home/robo/Desktop/lagoeiro/MiniMarketSecurity/MiniMarketSecurity/install/yolov8_ros/lib/yolov8_ros
[1.930s] Installing yolov8_node script to /home/robo/Desktop/lagoeiro/MiniMarketSecurity/MiniMarketSecurity/install/yolov8_ros/lib/yolov8_ros
[1.930s] 
[1.930s] Installed /home/robo/Desktop/lagoeiro/MiniMarketSecurity/MiniMarketSecurity/build/yolov8_ros
[1.930s] running symlink_data
[1.977s] Invoked command in '/home/robo/Desktop/lagoeiro/MiniMarketSecurity/MiniMarketSecurity/build/yolov8_ros' returned '0': CMAKE_PREFIX_PATH=/home/robo/Desktop/lagoeiro/MiniMarketSecurity/MiniMarketSecurity/install/yolov8_msgs:/home/robo/Desktop/lagoeiro/MiniMarketSecurity/MiniMarketSecurity/install/yolov8_bringup LD_LIBRARY_PATH=/home/robo/Desktop/lagoeiro/MiniMarketSecurity/MiniMarketSecurity/install/yolov8_msgs/lib:/usr/lib/x86_64-linux-gnu/gazebo-11/plugins:/opt/ros/humble/opt/rviz_ogre_vendor/lib:/opt/ros/humble/lib/x86_64-linux-gnu:/opt/ros/humble/lib:/usr/local/cuda-11.8/lib64 PYTHONPATH=/home/robo/Desktop/lagoeiro/MiniMarketSecurity/MiniMarketSecurity/build/yolov8_ros/prefix_override:/usr/lib/python3/dist-packages/colcon_core/task/python/colcon_distutils_commands:/home/robo/Desktop/lagoeiro/MiniMarketSecurity/MiniMarketSecurity/install/yolov8_ros/lib/python3.10/site-packages:${PYTHONPATH} /usr/bin/python3 -W ignore:setup.py install is deprecated setup.py develop --editable --build-directory /home/robo/Desktop/lagoeiro/MiniMarketSecurity/MiniMarketSecurity/build/yolov8_ros/build --no-deps symlink_data
