[0.302s] Invoking command in '/home/robo/llagoeiro/MiniMarketSecurity/build/yolov8_ros': CMAKE_PREFIX_PATH=/home/robo/llagoeiro/MiniMarketSecurity/install/yolov8_msgs:/home/robo/llagoeiro/MiniMarketSecurity/install/yolov8_bringup PYTHONPATH=/home/robo/llagoeiro/MiniMarketSecurity/build/yolov8_ros/prefix_override:/usr/lib/python3/dist-packages/colcon_core/task/python/colcon_distutils_commands:/home/robo/llagoeiro/MiniMarketSecurity/install/yolov8_ros/lib/python3.10/site-packages:${PYTHONPATH} /usr/bin/python3 -W ignore:setup.py install is deprecated setup.py develop --editable --build-directory /home/robo/llagoeiro/MiniMarketSecurity/build/yolov8_ros/build --no-deps symlink_data
[0.431s] running develop
[0.431s] /usr/lib/python3/dist-packages/setuptools/command/easy_install.py:158: EasyInstallDeprecationWarning: easy_install command is deprecated. Use build and pip and other standards-based tools.
[0.431s]   warnings.warn(
[0.505s] running egg_info
[0.505s] writing yolov8_ros.egg-info/PKG-INFO
[0.505s] writing dependency_links to yolov8_ros.egg-info/dependency_links.txt
[0.506s] writing entry points to yolov8_ros.egg-info/entry_points.txt
[0.506s] writing requirements to yolov8_ros.egg-info/requires.txt
[0.506s] writing top-level names to yolov8_ros.egg-info/top_level.txt
[0.507s] reading manifest file 'yolov8_ros.egg-info/SOURCES.txt'
[0.507s] writing manifest file 'yolov8_ros.egg-info/SOURCES.txt'
[0.508s] running build_ext
[0.508s] Creating /home/robo/llagoeiro/MiniMarketSecurity/install/yolov8_ros/lib/python3.10/site-packages/yolov8-ros.egg-link (link to .)
[0.508s] Installing debug_node script to /home/robo/llagoeiro/MiniMarketSecurity/install/yolov8_ros/lib/yolov8_ros
[0.508s] Installing detect_3d_node script to /home/robo/llagoeiro/MiniMarketSecurity/install/yolov8_ros/lib/yolov8_ros
[0.508s] Installing tracking_node script to /home/robo/llagoeiro/MiniMarketSecurity/install/yolov8_ros/lib/yolov8_ros
[0.508s] Installing yolov8_node script to /home/robo/llagoeiro/MiniMarketSecurity/install/yolov8_ros/lib/yolov8_ros
[0.508s] 
[0.508s] Installed /home/robo/llagoeiro/MiniMarketSecurity/build/yolov8_ros
[0.508s] running symlink_data
[0.523s] Invoked command in '/home/robo/llagoeiro/MiniMarketSecurity/build/yolov8_ros' returned '0': CMAKE_PREFIX_PATH=/home/robo/llagoeiro/MiniMarketSecurity/install/yolov8_msgs:/home/robo/llagoeiro/MiniMarketSecurity/install/yolov8_bringup PYTHONPATH=/home/robo/llagoeiro/MiniMarketSecurity/build/yolov8_ros/prefix_override:/usr/lib/python3/dist-packages/colcon_core/task/python/colcon_distutils_commands:/home/robo/llagoeiro/MiniMarketSecurity/install/yolov8_ros/lib/python3.10/site-packages:${PYTHONPATH} /usr/bin/python3 -W ignore:setup.py install is deprecated setup.py develop --editable --build-directory /home/robo/llagoeiro/MiniMarketSecurity/build/yolov8_ros/build --no-deps symlink_data
