[0.064s] DEBUG:colcon:Command line arguments: ['/usr/bin/colcon', 'build', '--symlink-install']
[0.064s] DEBUG:colcon:Parsed command line arguments: Namespace(log_base=None, log_level=None, verb_name='build', build_base='build', install_base='install', merge_install=False, symlink_install=True, test_result_base=None, continue_on_error=False, executor='parallel', parallel_workers=20, event_handlers=None, ignore_user_meta=False, metas=['./colcon.meta'], base_paths=['.'], packages_ignore=None, packages_ignore_regex=None, paths=None, packages_up_to=None, packages_up_to_regex=None, packages_above=None, packages_above_and_dependencies=None, packages_above_depth=None, packages_select_by_dep=None, packages_skip_by_dep=None, packages_skip_up_to=None, packages_select_build_failed=False, packages_skip_build_finished=False, packages_select_test_failures=False, packages_skip_test_passed=False, packages_select=None, packages_skip=None, packages_select_regex=None, packages_skip_regex=None, packages_start=None, packages_end=None, allow_overriding=[], cmake_args=None, cmake_target=None, cmake_target_skip_unavailable=False, cmake_clean_cache=False, cmake_clean_first=False, cmake_force_configure=False, ament_cmake_args=None, catkin_cmake_args=None, catkin_skip_building_tests=False, mixin_files=None, mixin=None, verb_parser=<colcon_mixin.mixin.mixin_argument.MixinArgumentDecorator object at 0x78dec7a3fc40>, verb_extension=<colcon_core.verb.build.BuildVerb object at 0x78dec7b84370>, main=<bound method BuildVerb.main of <colcon_core.verb.build.BuildVerb object at 0x78dec7b84370>>, mixin_verb=('build',))
[0.157s] Level 1:colcon.colcon_core.package_discovery:discover_packages(colcon_meta) check parameters
[0.157s] Level 1:colcon.colcon_core.package_discovery:discover_packages(recursive) check parameters
[0.157s] Level 1:colcon.colcon_core.package_discovery:discover_packages(ignore) check parameters
[0.157s] Level 1:colcon.colcon_core.package_discovery:discover_packages(path) check parameters
[0.157s] Level 1:colcon.colcon_core.package_discovery:discover_packages(colcon_meta) discover
[0.157s] Level 1:colcon.colcon_core.package_discovery:discover_packages(recursive) discover
[0.157s] INFO:colcon.colcon_core.package_discovery:Crawling recursively for packages in '/home/robo/llagoeiro/MiniMarketSecurity'
[0.157s] Level 1:colcon.colcon_core.package_identification:_identify(.) by extensions ['ignore', 'ignore_ament_install']
[0.157s] Level 1:colcon.colcon_core.package_identification:_identify(.) by extension 'ignore'
[0.157s] Level 1:colcon.colcon_core.package_identification:_identify(.) by extension 'ignore_ament_install'
[0.157s] Level 1:colcon.colcon_core.package_identification:_identify(.) by extensions ['colcon_pkg']
[0.157s] Level 1:colcon.colcon_core.package_identification:_identify(.) by extension 'colcon_pkg'
[0.157s] Level 1:colcon.colcon_core.package_identification:_identify(.) by extensions ['colcon_meta']
[0.157s] Level 1:colcon.colcon_core.package_identification:_identify(.) by extension 'colcon_meta'
[0.157s] Level 1:colcon.colcon_core.package_identification:_identify(.) by extensions ['ros']
[0.157s] Level 1:colcon.colcon_core.package_identification:_identify(.) by extension 'ros'
[0.164s] Level 1:colcon.colcon_core.package_identification:_identify(.) by extensions ['cmake', 'python']
[0.164s] Level 1:colcon.colcon_core.package_identification:_identify(.) by extension 'cmake'
[0.164s] Level 1:colcon.colcon_core.package_identification:_identify(.) by extension 'python'
[0.164s] Level 1:colcon.colcon_core.package_identification:_identify(.) by extensions ['python_setup_py']
[0.164s] Level 1:colcon.colcon_core.package_identification:_identify(.) by extension 'python_setup_py'
[0.164s] Level 1:colcon.colcon_core.package_identification:_identify(build) by extensions ['ignore', 'ignore_ament_install']
[0.164s] Level 1:colcon.colcon_core.package_identification:_identify(build) by extension 'ignore'
[0.164s] Level 1:colcon.colcon_core.package_identification:_identify(build) ignored
[0.164s] Level 1:colcon.colcon_core.package_identification:_identify(install) by extensions ['ignore', 'ignore_ament_install']
[0.164s] Level 1:colcon.colcon_core.package_identification:_identify(install) by extension 'ignore'
[0.164s] Level 1:colcon.colcon_core.package_identification:_identify(install) ignored
[0.165s] Level 1:colcon.colcon_core.package_identification:_identify(log) by extensions ['ignore', 'ignore_ament_install']
[0.165s] Level 1:colcon.colcon_core.package_identification:_identify(log) by extension 'ignore'
[0.165s] Level 1:colcon.colcon_core.package_identification:_identify(log) ignored
[0.165s] Level 1:colcon.colcon_core.package_identification:_identify(src) by extensions ['ignore', 'ignore_ament_install']
[0.165s] Level 1:colcon.colcon_core.package_identification:_identify(src) by extension 'ignore'
[0.165s] Level 1:colcon.colcon_core.package_identification:_identify(src) by extension 'ignore_ament_install'
[0.165s] Level 1:colcon.colcon_core.package_identification:_identify(src) by extensions ['colcon_pkg']
[0.165s] Level 1:colcon.colcon_core.package_identification:_identify(src) by extension 'colcon_pkg'
[0.165s] Level 1:colcon.colcon_core.package_identification:_identify(src) by extensions ['colcon_meta']
[0.165s] Level 1:colcon.colcon_core.package_identification:_identify(src) by extension 'colcon_meta'
[0.165s] Level 1:colcon.colcon_core.package_identification:_identify(src) by extensions ['ros']
[0.165s] Level 1:colcon.colcon_core.package_identification:_identify(src) by extension 'ros'
[0.165s] Level 1:colcon.colcon_core.package_identification:_identify(src) by extensions ['cmake', 'python']
[0.165s] Level 1:colcon.colcon_core.package_identification:_identify(src) by extension 'cmake'
[0.165s] Level 1:colcon.colcon_core.package_identification:_identify(src) by extension 'python'
[0.165s] Level 1:colcon.colcon_core.package_identification:_identify(src) by extensions ['python_setup_py']
[0.165s] Level 1:colcon.colcon_core.package_identification:_identify(src) by extension 'python_setup_py'
[0.165s] Level 1:colcon.colcon_core.package_identification:_identify(src/opencv_tools) by extensions ['ignore', 'ignore_ament_install']
[0.165s] Level 1:colcon.colcon_core.package_identification:_identify(src/opencv_tools) by extension 'ignore'
[0.165s] Level 1:colcon.colcon_core.package_identification:_identify(src/opencv_tools) by extension 'ignore_ament_install'
[0.165s] Level 1:colcon.colcon_core.package_identification:_identify(src/opencv_tools) by extensions ['colcon_pkg']
[0.165s] Level 1:colcon.colcon_core.package_identification:_identify(src/opencv_tools) by extension 'colcon_pkg'
[0.165s] Level 1:colcon.colcon_core.package_identification:_identify(src/opencv_tools) by extensions ['colcon_meta']
[0.165s] Level 1:colcon.colcon_core.package_identification:_identify(src/opencv_tools) by extension 'colcon_meta'
[0.165s] Level 1:colcon.colcon_core.package_identification:_identify(src/opencv_tools) by extensions ['ros']
[0.165s] Level 1:colcon.colcon_core.package_identification:_identify(src/opencv_tools) by extension 'ros'
[0.167s] DEBUG:colcon.colcon_core.package_identification:Package 'src/opencv_tools' with type 'ros.ament_python' and name 'opencv_tools'
[0.167s] Level 1:colcon.colcon_core.package_identification:_identify(src/yolov8_bringup) by extensions ['ignore', 'ignore_ament_install']
[0.167s] Level 1:colcon.colcon_core.package_identification:_identify(src/yolov8_bringup) by extension 'ignore'
[0.167s] Level 1:colcon.colcon_core.package_identification:_identify(src/yolov8_bringup) by extension 'ignore_ament_install'
[0.167s] Level 1:colcon.colcon_core.package_identification:_identify(src/yolov8_bringup) by extensions ['colcon_pkg']
[0.167s] Level 1:colcon.colcon_core.package_identification:_identify(src/yolov8_bringup) by extension 'colcon_pkg'
[0.167s] Level 1:colcon.colcon_core.package_identification:_identify(src/yolov8_bringup) by extensions ['colcon_meta']
[0.167s] Level 1:colcon.colcon_core.package_identification:_identify(src/yolov8_bringup) by extension 'colcon_meta'
[0.167s] Level 1:colcon.colcon_core.package_identification:_identify(src/yolov8_bringup) by extensions ['ros']
[0.167s] Level 1:colcon.colcon_core.package_identification:_identify(src/yolov8_bringup) by extension 'ros'
[0.167s] DEBUG:colcon.colcon_core.package_identification:Package 'src/yolov8_bringup' with type 'ros.ament_cmake' and name 'yolov8_bringup'
[0.167s] Level 1:colcon.colcon_core.package_identification:_identify(src/yolov8_msgs) by extensions ['ignore', 'ignore_ament_install']
[0.168s] Level 1:colcon.colcon_core.package_identification:_identify(src/yolov8_msgs) by extension 'ignore'
[0.168s] Level 1:colcon.colcon_core.package_identification:_identify(src/yolov8_msgs) by extension 'ignore_ament_install'
[0.168s] Level 1:colcon.colcon_core.package_identification:_identify(src/yolov8_msgs) by extensions ['colcon_pkg']
[0.168s] Level 1:colcon.colcon_core.package_identification:_identify(src/yolov8_msgs) by extension 'colcon_pkg'
[0.168s] Level 1:colcon.colcon_core.package_identification:_identify(src/yolov8_msgs) by extensions ['colcon_meta']
[0.168s] Level 1:colcon.colcon_core.package_identification:_identify(src/yolov8_msgs) by extension 'colcon_meta'
[0.168s] Level 1:colcon.colcon_core.package_identification:_identify(src/yolov8_msgs) by extensions ['ros']
[0.168s] Level 1:colcon.colcon_core.package_identification:_identify(src/yolov8_msgs) by extension 'ros'
[0.168s] DEBUG:colcon.colcon_core.package_identification:Package 'src/yolov8_msgs' with type 'ros.ament_cmake' and name 'yolov8_msgs'
[0.168s] Level 1:colcon.colcon_core.package_identification:_identify(src/yolov8_ros) by extensions ['ignore', 'ignore_ament_install']
[0.168s] Level 1:colcon.colcon_core.package_identification:_identify(src/yolov8_ros) by extension 'ignore'
[0.168s] Level 1:colcon.colcon_core.package_identification:_identify(src/yolov8_ros) by extension 'ignore_ament_install'
[0.168s] Level 1:colcon.colcon_core.package_identification:_identify(src/yolov8_ros) by extensions ['colcon_pkg']
[0.168s] Level 1:colcon.colcon_core.package_identification:_identify(src/yolov8_ros) by extension 'colcon_pkg'
[0.168s] Level 1:colcon.colcon_core.package_identification:_identify(src/yolov8_ros) by extensions ['colcon_meta']
[0.168s] Level 1:colcon.colcon_core.package_identification:_identify(src/yolov8_ros) by extension 'colcon_meta'
[0.168s] Level 1:colcon.colcon_core.package_identification:_identify(src/yolov8_ros) by extensions ['ros']
[0.168s] Level 1:colcon.colcon_core.package_identification:_identify(src/yolov8_ros) by extension 'ros'
[0.169s] DEBUG:colcon.colcon_core.package_identification:Package 'src/yolov8_ros' with type 'ros.ament_python' and name 'yolov8_ros'
[0.169s] Level 1:colcon.colcon_core.package_discovery:discover_packages(recursive) using defaults
[0.169s] Level 1:colcon.colcon_core.package_discovery:discover_packages(ignore) discover
[0.169s] Level 1:colcon.colcon_core.package_discovery:discover_packages(ignore) using defaults
[0.169s] Level 1:colcon.colcon_core.package_discovery:discover_packages(path) discover
[0.169s] Level 1:colcon.colcon_core.package_discovery:discover_packages(path) using defaults
[0.187s] Level 1:colcon.colcon_core.package_discovery:discover_packages(prefix_path) check parameters
[0.187s] Level 1:colcon.colcon_core.package_discovery:discover_packages(prefix_path) discover
[0.187s] WARNING:colcon.colcon_core.prefix_path.colcon:The path '/home/robo/llagoeiro/MiniMarketSecurity/ros2Testing/install' in the environment variable COLCON_PREFIX_PATH doesn't exist
[0.187s] WARNING:colcon.colcon_ros.prefix_path.ament:The path '/home/robo/llagoeiro/MiniMarketSecurity/install/yolov8_bringup' in the environment variable AMENT_PREFIX_PATH doesn't exist
[0.187s] WARNING:colcon.colcon_ros.prefix_path.ament:The path '/home/robo/llagoeiro/MiniMarketSecurity/install/yolov8_ros' in the environment variable AMENT_PREFIX_PATH doesn't exist
[0.187s] WARNING:colcon.colcon_ros.prefix_path.ament:The path '/home/robo/llagoeiro/MiniMarketSecurity/install/yolov8_msgs' in the environment variable AMENT_PREFIX_PATH doesn't exist
[0.187s] WARNING:colcon.colcon_ros.prefix_path.ament:The path '/home/robo/llagoeiro/MiniMarketSecurity/install/opencv_tools' in the environment variable AMENT_PREFIX_PATH doesn't exist
[0.188s] WARNING:colcon.colcon_ros.prefix_path.ament:The path '/home/robo/llagoeiro/MiniMarketSecurity/ros2Testing/install/opencv_tools' in the environment variable AMENT_PREFIX_PATH doesn't exist
[0.188s] WARNING:colcon.colcon_ros.prefix_path.catkin:The path '/home/robo/llagoeiro/MiniMarketSecurity/install/yolov8_bringup' in the environment variable CMAKE_PREFIX_PATH doesn't exist
[0.188s] WARNING:colcon.colcon_ros.prefix_path.catkin:The path '/home/robo/llagoeiro/MiniMarketSecurity/install/yolov8_msgs' in the environment variable CMAKE_PREFIX_PATH doesn't exist
[0.188s] DEBUG:colcon.colcon_installed_package_information.package_discovery:Found 0 installed packages in /home/robo/llagoeiro/MiniMarketSecurity/install
[0.189s] DEBUG:colcon.colcon_installed_package_information.package_discovery:Found 270 installed packages in /opt/ros/humble
[0.189s] Level 1:colcon.colcon_core.package_discovery:discover_packages(prefix_path) using defaults
[0.209s] Level 5:colcon.colcon_core.verb:set package 'opencv_tools' build argument 'cmake_args' from command line to 'None'
[0.209s] Level 5:colcon.colcon_core.verb:set package 'opencv_tools' build argument 'cmake_target' from command line to 'None'
[0.209s] Level 5:colcon.colcon_core.verb:set package 'opencv_tools' build argument 'cmake_target_skip_unavailable' from command line to 'False'
[0.209s] Level 5:colcon.colcon_core.verb:set package 'opencv_tools' build argument 'cmake_clean_cache' from command line to 'False'
[0.209s] Level 5:colcon.colcon_core.verb:set package 'opencv_tools' build argument 'cmake_clean_first' from command line to 'False'
[0.209s] Level 5:colcon.colcon_core.verb:set package 'opencv_tools' build argument 'cmake_force_configure' from command line to 'False'
[0.209s] Level 5:colcon.colcon_core.verb:set package 'opencv_tools' build argument 'ament_cmake_args' from command line to 'None'
[0.209s] Level 5:colcon.colcon_core.verb:set package 'opencv_tools' build argument 'catkin_cmake_args' from command line to 'None'
[0.209s] Level 5:colcon.colcon_core.verb:set package 'opencv_tools' build argument 'catkin_skip_building_tests' from command line to 'False'
[0.209s] DEBUG:colcon.colcon_core.verb:Building package 'opencv_tools' with the following arguments: {'ament_cmake_args': None, 'build_base': '/home/robo/llagoeiro/MiniMarketSecurity/build/opencv_tools', 'catkin_cmake_args': None, 'catkin_skip_building_tests': False, 'cmake_args': None, 'cmake_clean_cache': False, 'cmake_clean_first': False, 'cmake_force_configure': False, 'cmake_target': None, 'cmake_target_skip_unavailable': False, 'install_base': '/home/robo/llagoeiro/MiniMarketSecurity/install/opencv_tools', 'merge_install': False, 'path': '/home/robo/llagoeiro/MiniMarketSecurity/src/opencv_tools', 'symlink_install': True, 'test_result_base': None}
[0.210s] Level 5:colcon.colcon_core.verb:set package 'yolov8_msgs' build argument 'cmake_args' from command line to 'None'
[0.210s] Level 5:colcon.colcon_core.verb:set package 'yolov8_msgs' build argument 'cmake_target' from command line to 'None'
[0.210s] Level 5:colcon.colcon_core.verb:set package 'yolov8_msgs' build argument 'cmake_target_skip_unavailable' from command line to 'False'
[0.210s] Level 5:colcon.colcon_core.verb:set package 'yolov8_msgs' build argument 'cmake_clean_cache' from command line to 'False'
[0.210s] Level 5:colcon.colcon_core.verb:set package 'yolov8_msgs' build argument 'cmake_clean_first' from command line to 'False'
[0.210s] Level 5:colcon.colcon_core.verb:set package 'yolov8_msgs' build argument 'cmake_force_configure' from command line to 'False'
[0.210s] Level 5:colcon.colcon_core.verb:set package 'yolov8_msgs' build argument 'ament_cmake_args' from command line to 'None'
[0.210s] Level 5:colcon.colcon_core.verb:set package 'yolov8_msgs' build argument 'catkin_cmake_args' from command line to 'None'
[0.210s] Level 5:colcon.colcon_core.verb:set package 'yolov8_msgs' build argument 'catkin_skip_building_tests' from command line to 'False'
[0.210s] DEBUG:colcon.colcon_core.verb:Building package 'yolov8_msgs' with the following arguments: {'ament_cmake_args': None, 'build_base': '/home/robo/llagoeiro/MiniMarketSecurity/build/yolov8_msgs', 'catkin_cmake_args': None, 'catkin_skip_building_tests': False, 'cmake_args': None, 'cmake_clean_cache': False, 'cmake_clean_first': False, 'cmake_force_configure': False, 'cmake_target': None, 'cmake_target_skip_unavailable': False, 'install_base': '/home/robo/llagoeiro/MiniMarketSecurity/install/yolov8_msgs', 'merge_install': False, 'path': '/home/robo/llagoeiro/MiniMarketSecurity/src/yolov8_msgs', 'symlink_install': True, 'test_result_base': None}
[0.210s] Level 5:colcon.colcon_core.verb:set package 'yolov8_ros' build argument 'cmake_args' from command line to 'None'
[0.210s] Level 5:colcon.colcon_core.verb:set package 'yolov8_ros' build argument 'cmake_target' from command line to 'None'
[0.210s] Level 5:colcon.colcon_core.verb:set package 'yolov8_ros' build argument 'cmake_target_skip_unavailable' from command line to 'False'
[0.210s] Level 5:colcon.colcon_core.verb:set package 'yolov8_ros' build argument 'cmake_clean_cache' from command line to 'False'
[0.210s] Level 5:colcon.colcon_core.verb:set package 'yolov8_ros' build argument 'cmake_clean_first' from command line to 'False'
[0.210s] Level 5:colcon.colcon_core.verb:set package 'yolov8_ros' build argument 'cmake_force_configure' from command line to 'False'
[0.210s] Level 5:colcon.colcon_core.verb:set package 'yolov8_ros' build argument 'ament_cmake_args' from command line to 'None'
[0.210s] Level 5:colcon.colcon_core.verb:set package 'yolov8_ros' build argument 'catkin_cmake_args' from command line to 'None'
[0.210s] Level 5:colcon.colcon_core.verb:set package 'yolov8_ros' build argument 'catkin_skip_building_tests' from command line to 'False'
[0.210s] DEBUG:colcon.colcon_core.verb:Building package 'yolov8_ros' with the following arguments: {'ament_cmake_args': None, 'build_base': '/home/robo/llagoeiro/MiniMarketSecurity/build/yolov8_ros', 'catkin_cmake_args': None, 'catkin_skip_building_tests': False, 'cmake_args': None, 'cmake_clean_cache': False, 'cmake_clean_first': False, 'cmake_force_configure': False, 'cmake_target': None, 'cmake_target_skip_unavailable': False, 'install_base': '/home/robo/llagoeiro/MiniMarketSecurity/install/yolov8_ros', 'merge_install': False, 'path': '/home/robo/llagoeiro/MiniMarketSecurity/src/yolov8_ros', 'symlink_install': True, 'test_result_base': None}
[0.210s] Level 5:colcon.colcon_core.verb:set package 'yolov8_bringup' build argument 'cmake_args' from command line to 'None'
[0.210s] Level 5:colcon.colcon_core.verb:set package 'yolov8_bringup' build argument 'cmake_target' from command line to 'None'
[0.210s] Level 5:colcon.colcon_core.verb:set package 'yolov8_bringup' build argument 'cmake_target_skip_unavailable' from command line to 'False'
[0.210s] Level 5:colcon.colcon_core.verb:set package 'yolov8_bringup' build argument 'cmake_clean_cache' from command line to 'False'
[0.210s] Level 5:colcon.colcon_core.verb:set package 'yolov8_bringup' build argument 'cmake_clean_first' from command line to 'False'
[0.210s] Level 5:colcon.colcon_core.verb:set package 'yolov8_bringup' build argument 'cmake_force_configure' from command line to 'False'
[0.210s] Level 5:colcon.colcon_core.verb:set package 'yolov8_bringup' build argument 'ament_cmake_args' from command line to 'None'
[0.210s] Level 5:colcon.colcon_core.verb:set package 'yolov8_bringup' build argument 'catkin_cmake_args' from command line to 'None'
[0.210s] Level 5:colcon.colcon_core.verb:set package 'yolov8_bringup' build argument 'catkin_skip_building_tests' from command line to 'False'
[0.210s] DEBUG:colcon.colcon_core.verb:Building package 'yolov8_bringup' with the following arguments: {'ament_cmake_args': None, 'build_base': '/home/robo/llagoeiro/MiniMarketSecurity/build/yolov8_bringup', 'catkin_cmake_args': None, 'catkin_skip_building_tests': False, 'cmake_args': None, 'cmake_clean_cache': False, 'cmake_clean_first': False, 'cmake_force_configure': False, 'cmake_target': None, 'cmake_target_skip_unavailable': False, 'install_base': '/home/robo/llagoeiro/MiniMarketSecurity/install/yolov8_bringup', 'merge_install': False, 'path': '/home/robo/llagoeiro/MiniMarketSecurity/src/yolov8_bringup', 'symlink_install': True, 'test_result_base': None}
[0.210s] INFO:colcon.colcon_core.executor:Executing jobs using 'parallel' executor
[0.211s] DEBUG:colcon.colcon_parallel_executor.executor.parallel:run_until_complete
[0.211s] INFO:colcon.colcon_ros.task.ament_cmake.build:Building ROS package in '/home/robo/llagoeiro/MiniMarketSecurity/src/yolov8_msgs' with build type 'ament_cmake'
[0.211s] INFO:colcon.colcon_cmake.task.cmake.build:Building CMake package in '/home/robo/llagoeiro/MiniMarketSecurity/src/yolov8_msgs'
[0.213s] INFO:colcon.colcon_core.plugin_system:Skipping extension 'colcon_core.shell.bat': Not used on non-Windows systems
[0.213s] INFO:colcon.colcon_core.shell:Skip shell extension 'powershell' for command environment: Not usable outside of PowerShell
[0.213s] DEBUG:colcon.colcon_core.shell:Skip shell extension 'dsv' for command environment
[0.216s] INFO:colcon.colcon_ros.task.ament_python.build:Building ROS package in '/home/robo/llagoeiro/MiniMarketSecurity/src/opencv_tools' with build type 'ament_python'
[0.216s] Level 1:colcon.colcon_core.shell:create_environment_hook('opencv_tools', 'ament_prefix_path')
[0.216s] INFO:colcon.colcon_core.shell:Creating environment hook '/home/robo/llagoeiro/MiniMarketSecurity/install/opencv_tools/share/opencv_tools/hook/ament_prefix_path.ps1'
[0.217s] INFO:colcon.colcon_core.shell:Creating environment descriptor '/home/robo/llagoeiro/MiniMarketSecurity/install/opencv_tools/share/opencv_tools/hook/ament_prefix_path.dsv'
[0.218s] INFO:colcon.colcon_core.shell:Creating environment hook '/home/robo/llagoeiro/MiniMarketSecurity/install/opencv_tools/share/opencv_tools/hook/ament_prefix_path.sh'
[0.219s] INFO:colcon.colcon_core.shell:Skip shell extension 'powershell' for command environment: Not usable outside of PowerShell
[0.219s] DEBUG:colcon.colcon_core.shell:Skip shell extension 'dsv' for command environment
[0.227s] DEBUG:colcon.colcon_core.event_handler.log_command:Invoking command in '/home/robo/llagoeiro/MiniMarketSecurity/build/yolov8_msgs': CMAKE_PREFIX_PATH=${CMAKE_PREFIX_PATH}:/home/robo/llagoeiro/MiniMarketSecurity/install/yolov8_ros:/home/robo/llagoeiro/MiniMarketSecurity/install/opencv_tools:/home/robo/llagoeiro/MiniMarketSecurity/ros2Testing/install/opencv_tools:/opt/ros/humble /usr/bin/cmake /home/robo/llagoeiro/MiniMarketSecurity/src/yolov8_msgs -DAMENT_CMAKE_SYMLINK_INSTALL=1 -DCMAKE_INSTALL_PREFIX=/home/robo/llagoeiro/MiniMarketSecurity/install/yolov8_msgs
[0.429s] INFO:colcon.colcon_core.task.python.build:Building Python package in '/home/robo/llagoeiro/MiniMarketSecurity/src/opencv_tools'
[0.429s] INFO:colcon.colcon_core.shell:Skip shell extension 'powershell' for command environment: Not usable outside of PowerShell
[0.429s] DEBUG:colcon.colcon_core.shell:Skip shell extension 'dsv' for command environment
[0.703s] DEBUG:colcon.colcon_core.event_handler.log_command:Invoking command in '/home/robo/llagoeiro/MiniMarketSecurity/build/opencv_tools': PYTHONPATH=/home/robo/llagoeiro/MiniMarketSecurity/build/opencv_tools/prefix_override:/usr/lib/python3/dist-packages/colcon_core/task/python/colcon_distutils_commands:/home/robo/llagoeiro/MiniMarketSecurity/install/opencv_tools/lib/python3.10/site-packages:${PYTHONPATH} /usr/bin/python3 -W ignore:setup.py install is deprecated setup.py develop --editable --build-directory /home/robo/llagoeiro/MiniMarketSecurity/build/opencv_tools/build --no-deps symlink_data
[1.067s] Level 1:colcon.colcon_core.shell:create_environment_hook('opencv_tools', 'pythonpath_develop')
[1.067s] INFO:colcon.colcon_core.shell:Creating environment hook '/home/robo/llagoeiro/MiniMarketSecurity/build/opencv_tools/share/opencv_tools/hook/pythonpath_develop.ps1'
[1.068s] DEBUG:colcon.colcon_core.event_handler.log_command:Invoked command in '/home/robo/llagoeiro/MiniMarketSecurity/build/opencv_tools' returned '0': PYTHONPATH=/home/robo/llagoeiro/MiniMarketSecurity/build/opencv_tools/prefix_override:/usr/lib/python3/dist-packages/colcon_core/task/python/colcon_distutils_commands:/home/robo/llagoeiro/MiniMarketSecurity/install/opencv_tools/lib/python3.10/site-packages:${PYTHONPATH} /usr/bin/python3 -W ignore:setup.py install is deprecated setup.py develop --editable --build-directory /home/robo/llagoeiro/MiniMarketSecurity/build/opencv_tools/build --no-deps symlink_data
[1.068s] INFO:colcon.colcon_core.shell:Creating environment descriptor '/home/robo/llagoeiro/MiniMarketSecurity/build/opencv_tools/share/opencv_tools/hook/pythonpath_develop.dsv'
[1.069s] INFO:colcon.colcon_core.shell:Creating environment hook '/home/robo/llagoeiro/MiniMarketSecurity/build/opencv_tools/share/opencv_tools/hook/pythonpath_develop.sh'
[1.071s] Level 1:colcon.colcon_core.environment:checking '/home/robo/llagoeiro/MiniMarketSecurity/install/opencv_tools' for CMake module files
[1.071s] Level 1:colcon.colcon_core.environment:checking '/home/robo/llagoeiro/MiniMarketSecurity/install/opencv_tools' for CMake config files
[1.072s] Level 1:colcon.colcon_core.environment:checking '/home/robo/llagoeiro/MiniMarketSecurity/install/opencv_tools/lib'
[1.072s] Level 1:colcon.colcon_core.environment:checking '/home/robo/llagoeiro/MiniMarketSecurity/install/opencv_tools/bin'
[1.072s] Level 1:colcon.colcon_core.environment:checking '/home/robo/llagoeiro/MiniMarketSecurity/install/opencv_tools/lib/pkgconfig/opencv_tools.pc'
[1.072s] Level 1:colcon.colcon_core.environment:checking '/home/robo/llagoeiro/MiniMarketSecurity/install/opencv_tools/lib/python3.10/site-packages'
[1.072s] Level 1:colcon.colcon_core.shell:create_environment_hook('opencv_tools', 'pythonpath')
[1.073s] INFO:colcon.colcon_core.shell:Creating environment hook '/home/robo/llagoeiro/MiniMarketSecurity/install/opencv_tools/share/opencv_tools/hook/pythonpath.ps1'
[1.073s] INFO:colcon.colcon_core.shell:Creating environment descriptor '/home/robo/llagoeiro/MiniMarketSecurity/install/opencv_tools/share/opencv_tools/hook/pythonpath.dsv'
[1.073s] INFO:colcon.colcon_core.shell:Creating environment hook '/home/robo/llagoeiro/MiniMarketSecurity/install/opencv_tools/share/opencv_tools/hook/pythonpath.sh'
[1.073s] Level 1:colcon.colcon_core.environment:checking '/home/robo/llagoeiro/MiniMarketSecurity/install/opencv_tools/bin'
[1.073s] Level 1:colcon.colcon_core.environment:create_environment_scripts_only(opencv_tools)
[1.074s] INFO:colcon.colcon_core.shell:Creating package script '/home/robo/llagoeiro/MiniMarketSecurity/install/opencv_tools/share/opencv_tools/package.ps1'
[1.074s] INFO:colcon.colcon_core.shell:Creating package descriptor '/home/robo/llagoeiro/MiniMarketSecurity/install/opencv_tools/share/opencv_tools/package.dsv'
[1.075s] INFO:colcon.colcon_core.shell:Creating package script '/home/robo/llagoeiro/MiniMarketSecurity/install/opencv_tools/share/opencv_tools/package.sh'
[1.075s] INFO:colcon.colcon_core.shell:Creating package script '/home/robo/llagoeiro/MiniMarketSecurity/install/opencv_tools/share/opencv_tools/package.bash'
[1.076s] INFO:colcon.colcon_core.shell:Creating package script '/home/robo/llagoeiro/MiniMarketSecurity/install/opencv_tools/share/opencv_tools/package.zsh'
[1.076s] Level 1:colcon.colcon_core.environment:create_file_with_runtime_dependencies(/home/robo/llagoeiro/MiniMarketSecurity/install/opencv_tools/share/colcon-core/packages/opencv_tools)
[1.714s] DEBUG:colcon.colcon_core.event_handler.log_command:Invoked command in '/home/robo/llagoeiro/MiniMarketSecurity/build/yolov8_msgs' returned '0': CMAKE_PREFIX_PATH=${CMAKE_PREFIX_PATH}:/home/robo/llagoeiro/MiniMarketSecurity/install/yolov8_ros:/home/robo/llagoeiro/MiniMarketSecurity/install/opencv_tools:/home/robo/llagoeiro/MiniMarketSecurity/ros2Testing/install/opencv_tools:/opt/ros/humble /usr/bin/cmake /home/robo/llagoeiro/MiniMarketSecurity/src/yolov8_msgs -DAMENT_CMAKE_SYMLINK_INSTALL=1 -DCMAKE_INSTALL_PREFIX=/home/robo/llagoeiro/MiniMarketSecurity/install/yolov8_msgs
[1.715s] DEBUG:colcon.colcon_core.event_handler.log_command:Invoking command in '/home/robo/llagoeiro/MiniMarketSecurity/build/yolov8_msgs': CMAKE_PREFIX_PATH=${CMAKE_PREFIX_PATH}:/home/robo/llagoeiro/MiniMarketSecurity/install/yolov8_ros:/home/robo/llagoeiro/MiniMarketSecurity/install/opencv_tools:/home/robo/llagoeiro/MiniMarketSecurity/ros2Testing/install/opencv_tools:/opt/ros/humble /usr/bin/cmake --build /home/robo/llagoeiro/MiniMarketSecurity/build/yolov8_msgs -- -j20 -l20
[7.486s] DEBUG:colcon.colcon_core.event_handler.log_command:Invoked command in '/home/robo/llagoeiro/MiniMarketSecurity/build/yolov8_msgs' returned '0': CMAKE_PREFIX_PATH=${CMAKE_PREFIX_PATH}:/home/robo/llagoeiro/MiniMarketSecurity/install/yolov8_ros:/home/robo/llagoeiro/MiniMarketSecurity/install/opencv_tools:/home/robo/llagoeiro/MiniMarketSecurity/ros2Testing/install/opencv_tools:/opt/ros/humble /usr/bin/cmake --build /home/robo/llagoeiro/MiniMarketSecurity/build/yolov8_msgs -- -j20 -l20
[7.750s] DEBUG:colcon.colcon_core.event_handler.log_command:Invoking command in '/home/robo/llagoeiro/MiniMarketSecurity/build/yolov8_msgs': CMAKE_PREFIX_PATH=${CMAKE_PREFIX_PATH}:/home/robo/llagoeiro/MiniMarketSecurity/install/yolov8_ros:/home/robo/llagoeiro/MiniMarketSecurity/install/opencv_tools:/home/robo/llagoeiro/MiniMarketSecurity/ros2Testing/install/opencv_tools:/opt/ros/humble /usr/bin/cmake --install /home/robo/llagoeiro/MiniMarketSecurity/build/yolov8_msgs
[9.610s] Level 1:colcon.colcon_core.environment:create_environment_scripts_only(yolov8_msgs)
[9.610s] Level 1:colcon.colcon_core.environment:checking '/home/robo/llagoeiro/MiniMarketSecurity/install/yolov8_msgs' for CMake module files
[9.611s] DEBUG:colcon.colcon_core.event_handler.log_command:Invoked command in '/home/robo/llagoeiro/MiniMarketSecurity/build/yolov8_msgs' returned '0': CMAKE_PREFIX_PATH=${CMAKE_PREFIX_PATH}:/home/robo/llagoeiro/MiniMarketSecurity/install/yolov8_ros:/home/robo/llagoeiro/MiniMarketSecurity/install/opencv_tools:/home/robo/llagoeiro/MiniMarketSecurity/ros2Testing/install/opencv_tools:/opt/ros/humble /usr/bin/cmake --install /home/robo/llagoeiro/MiniMarketSecurity/build/yolov8_msgs
[9.611s] Level 1:colcon.colcon_core.environment:checking '/home/robo/llagoeiro/MiniMarketSecurity/install/yolov8_msgs' for CMake config files
[9.611s] Level 1:colcon.colcon_core.shell:create_environment_hook('yolov8_msgs', 'cmake_prefix_path')
[9.611s] INFO:colcon.colcon_core.shell:Creating environment hook '/home/robo/llagoeiro/MiniMarketSecurity/install/yolov8_msgs/share/yolov8_msgs/hook/cmake_prefix_path.ps1'
[9.612s] INFO:colcon.colcon_core.shell:Creating environment descriptor '/home/robo/llagoeiro/MiniMarketSecurity/install/yolov8_msgs/share/yolov8_msgs/hook/cmake_prefix_path.dsv'
[9.612s] INFO:colcon.colcon_core.shell:Creating environment hook '/home/robo/llagoeiro/MiniMarketSecurity/install/yolov8_msgs/share/yolov8_msgs/hook/cmake_prefix_path.sh'
[9.612s] Level 1:colcon.colcon_core.environment:checking '/home/robo/llagoeiro/MiniMarketSecurity/install/yolov8_msgs/lib'
[9.612s] Level 1:colcon.colcon_core.shell:create_environment_hook('yolov8_msgs', 'ld_library_path_lib')
[9.612s] INFO:colcon.colcon_core.shell:Creating environment hook '/home/robo/llagoeiro/MiniMarketSecurity/install/yolov8_msgs/share/yolov8_msgs/hook/ld_library_path_lib.ps1'
[9.613s] INFO:colcon.colcon_core.shell:Creating environment descriptor '/home/robo/llagoeiro/MiniMarketSecurity/install/yolov8_msgs/share/yolov8_msgs/hook/ld_library_path_lib.dsv'
[9.613s] INFO:colcon.colcon_core.shell:Creating environment hook '/home/robo/llagoeiro/MiniMarketSecurity/install/yolov8_msgs/share/yolov8_msgs/hook/ld_library_path_lib.sh'
[9.613s] Level 1:colcon.colcon_core.environment:checking '/home/robo/llagoeiro/MiniMarketSecurity/install/yolov8_msgs/bin'
[9.613s] Level 1:colcon.colcon_core.environment:checking '/home/robo/llagoeiro/MiniMarketSecurity/install/yolov8_msgs/lib/pkgconfig/yolov8_msgs.pc'
[9.613s] Level 1:colcon.colcon_core.environment:checking '/home/robo/llagoeiro/MiniMarketSecurity/install/yolov8_msgs/lib/python3.10/site-packages'
[9.613s] Level 1:colcon.colcon_core.environment:checking '/home/robo/llagoeiro/MiniMarketSecurity/install/yolov8_msgs/bin'
[9.613s] INFO:colcon.colcon_core.shell:Creating package script '/home/robo/llagoeiro/MiniMarketSecurity/install/yolov8_msgs/share/yolov8_msgs/package.ps1'
[9.614s] INFO:colcon.colcon_core.shell:Creating package descriptor '/home/robo/llagoeiro/MiniMarketSecurity/install/yolov8_msgs/share/yolov8_msgs/package.dsv'
[9.614s] INFO:colcon.colcon_core.shell:Creating package script '/home/robo/llagoeiro/MiniMarketSecurity/install/yolov8_msgs/share/yolov8_msgs/package.sh'
[9.614s] INFO:colcon.colcon_core.shell:Creating package script '/home/robo/llagoeiro/MiniMarketSecurity/install/yolov8_msgs/share/yolov8_msgs/package.bash'
[9.614s] INFO:colcon.colcon_core.shell:Creating package script '/home/robo/llagoeiro/MiniMarketSecurity/install/yolov8_msgs/share/yolov8_msgs/package.zsh'
[9.615s] Level 1:colcon.colcon_core.environment:create_file_with_runtime_dependencies(/home/robo/llagoeiro/MiniMarketSecurity/install/yolov8_msgs/share/colcon-core/packages/yolov8_msgs)
[9.889s] Level 1:colcon.colcon_core.environment:create_environment_scripts_only(yolov8_msgs)
[9.890s] Level 1:colcon.colcon_core.environment:checking '/home/robo/llagoeiro/MiniMarketSecurity/install/yolov8_msgs' for CMake module files
[9.890s] Level 1:colcon.colcon_core.environment:checking '/home/robo/llagoeiro/MiniMarketSecurity/install/yolov8_msgs' for CMake config files
[9.890s] Level 1:colcon.colcon_core.shell:create_environment_hook('yolov8_msgs', 'cmake_prefix_path')
[9.890s] INFO:colcon.colcon_core.shell:Creating environment hook '/home/robo/llagoeiro/MiniMarketSecurity/install/yolov8_msgs/share/yolov8_msgs/hook/cmake_prefix_path.ps1'
[9.891s] INFO:colcon.colcon_core.shell:Creating environment descriptor '/home/robo/llagoeiro/MiniMarketSecurity/install/yolov8_msgs/share/yolov8_msgs/hook/cmake_prefix_path.dsv'
[9.891s] INFO:colcon.colcon_core.shell:Creating environment hook '/home/robo/llagoeiro/MiniMarketSecurity/install/yolov8_msgs/share/yolov8_msgs/hook/cmake_prefix_path.sh'
[9.891s] Level 1:colcon.colcon_core.environment:checking '/home/robo/llagoeiro/MiniMarketSecurity/install/yolov8_msgs/lib'
[9.891s] Level 1:colcon.colcon_core.shell:create_environment_hook('yolov8_msgs', 'ld_library_path_lib')
[9.892s] INFO:colcon.colcon_core.shell:Creating environment hook '/home/robo/llagoeiro/MiniMarketSecurity/install/yolov8_msgs/share/yolov8_msgs/hook/ld_library_path_lib.ps1'
[9.892s] INFO:colcon.colcon_core.shell:Creating environment descriptor '/home/robo/llagoeiro/MiniMarketSecurity/install/yolov8_msgs/share/yolov8_msgs/hook/ld_library_path_lib.dsv'
[9.892s] INFO:colcon.colcon_core.shell:Creating environment hook '/home/robo/llagoeiro/MiniMarketSecurity/install/yolov8_msgs/share/yolov8_msgs/hook/ld_library_path_lib.sh'
[9.892s] Level 1:colcon.colcon_core.environment:checking '/home/robo/llagoeiro/MiniMarketSecurity/install/yolov8_msgs/bin'
[9.892s] Level 1:colcon.colcon_core.environment:checking '/home/robo/llagoeiro/MiniMarketSecurity/install/yolov8_msgs/lib/pkgconfig/yolov8_msgs.pc'
[9.892s] Level 1:colcon.colcon_core.environment:checking '/home/robo/llagoeiro/MiniMarketSecurity/install/yolov8_msgs/lib/python3.10/site-packages'
[9.892s] Level 1:colcon.colcon_core.environment:checking '/home/robo/llagoeiro/MiniMarketSecurity/install/yolov8_msgs/bin'
[9.893s] INFO:colcon.colcon_core.shell:Creating package script '/home/robo/llagoeiro/MiniMarketSecurity/install/yolov8_msgs/share/yolov8_msgs/package.ps1'
[9.893s] INFO:colcon.colcon_core.shell:Creating package descriptor '/home/robo/llagoeiro/MiniMarketSecurity/install/yolov8_msgs/share/yolov8_msgs/package.dsv'
[9.893s] INFO:colcon.colcon_core.shell:Creating package script '/home/robo/llagoeiro/MiniMarketSecurity/install/yolov8_msgs/share/yolov8_msgs/package.sh'
[9.912s] INFO:colcon.colcon_core.shell:Creating package script '/home/robo/llagoeiro/MiniMarketSecurity/install/yolov8_msgs/share/yolov8_msgs/package.bash'
[9.912s] INFO:colcon.colcon_core.shell:Creating package script '/home/robo/llagoeiro/MiniMarketSecurity/install/yolov8_msgs/share/yolov8_msgs/package.zsh'
[9.913s] Level 1:colcon.colcon_core.environment:create_file_with_runtime_dependencies(/home/robo/llagoeiro/MiniMarketSecurity/install/yolov8_msgs/share/colcon-core/packages/yolov8_msgs)
[9.913s] INFO:colcon.colcon_ros.task.ament_python.build:Building ROS package in '/home/robo/llagoeiro/MiniMarketSecurity/src/yolov8_ros' with build type 'ament_python'
[9.914s] Level 1:colcon.colcon_core.shell:create_environment_hook('yolov8_ros', 'ament_prefix_path')
[9.914s] INFO:colcon.colcon_core.shell:Creating environment hook '/home/robo/llagoeiro/MiniMarketSecurity/install/yolov8_ros/share/yolov8_ros/hook/ament_prefix_path.ps1'
[9.916s] INFO:colcon.colcon_core.shell:Creating environment descriptor '/home/robo/llagoeiro/MiniMarketSecurity/install/yolov8_ros/share/yolov8_ros/hook/ament_prefix_path.dsv'
[9.916s] INFO:colcon.colcon_core.shell:Creating environment hook '/home/robo/llagoeiro/MiniMarketSecurity/install/yolov8_ros/share/yolov8_ros/hook/ament_prefix_path.sh'
[9.917s] INFO:colcon.colcon_core.shell:Skip shell extension 'powershell' for command environment: Not usable outside of PowerShell
[9.917s] DEBUG:colcon.colcon_core.shell:Skip shell extension 'dsv' for command environment
[10.101s] INFO:colcon.colcon_core.task.python.build:Building Python package in '/home/robo/llagoeiro/MiniMarketSecurity/src/yolov8_ros'
[10.101s] INFO:colcon.colcon_core.shell:Skip shell extension 'powershell' for command environment: Not usable outside of PowerShell
[10.101s] DEBUG:colcon.colcon_core.shell:Skip shell extension 'dsv' for command environment
[10.377s] DEBUG:colcon.colcon_core.event_handler.log_command:Invoking command in '/home/robo/llagoeiro/MiniMarketSecurity/build/yolov8_ros': CMAKE_PREFIX_PATH=/home/robo/llagoeiro/MiniMarketSecurity/install/yolov8_msgs:/home/robo/llagoeiro/MiniMarketSecurity/install/yolov8_bringup PYTHONPATH=/home/robo/llagoeiro/MiniMarketSecurity/build/yolov8_ros/prefix_override:/usr/lib/python3/dist-packages/colcon_core/task/python/colcon_distutils_commands:/home/robo/llagoeiro/MiniMarketSecurity/install/yolov8_ros/lib/python3.10/site-packages:${PYTHONPATH} /usr/bin/python3 -W ignore:setup.py install is deprecated setup.py develop --editable --build-directory /home/robo/llagoeiro/MiniMarketSecurity/build/yolov8_ros/build --no-deps symlink_data
[10.651s] Level 1:colcon.colcon_core.shell:create_environment_hook('yolov8_ros', 'pythonpath_develop')
[10.651s] INFO:colcon.colcon_core.shell:Creating environment hook '/home/robo/llagoeiro/MiniMarketSecurity/build/yolov8_ros/share/yolov8_ros/hook/pythonpath_develop.ps1'
[10.651s] DEBUG:colcon.colcon_core.event_handler.log_command:Invoked command in '/home/robo/llagoeiro/MiniMarketSecurity/build/yolov8_ros' returned '0': CMAKE_PREFIX_PATH=/home/robo/llagoeiro/MiniMarketSecurity/install/yolov8_msgs:/home/robo/llagoeiro/MiniMarketSecurity/install/yolov8_bringup PYTHONPATH=/home/robo/llagoeiro/MiniMarketSecurity/build/yolov8_ros/prefix_override:/usr/lib/python3/dist-packages/colcon_core/task/python/colcon_distutils_commands:/home/robo/llagoeiro/MiniMarketSecurity/install/yolov8_ros/lib/python3.10/site-packages:${PYTHONPATH} /usr/bin/python3 -W ignore:setup.py install is deprecated setup.py develop --editable --build-directory /home/robo/llagoeiro/MiniMarketSecurity/build/yolov8_ros/build --no-deps symlink_data
[10.652s] INFO:colcon.colcon_core.shell:Creating environment descriptor '/home/robo/llagoeiro/MiniMarketSecurity/build/yolov8_ros/share/yolov8_ros/hook/pythonpath_develop.dsv'
[10.652s] INFO:colcon.colcon_core.shell:Creating environment hook '/home/robo/llagoeiro/MiniMarketSecurity/build/yolov8_ros/share/yolov8_ros/hook/pythonpath_develop.sh'
[10.652s] Level 1:colcon.colcon_core.environment:checking '/home/robo/llagoeiro/MiniMarketSecurity/install/yolov8_ros' for CMake module files
[10.653s] Level 1:colcon.colcon_core.environment:checking '/home/robo/llagoeiro/MiniMarketSecurity/install/yolov8_ros' for CMake config files
[10.653s] Level 1:colcon.colcon_core.environment:checking '/home/robo/llagoeiro/MiniMarketSecurity/install/yolov8_ros/lib'
[10.653s] Level 1:colcon.colcon_core.environment:checking '/home/robo/llagoeiro/MiniMarketSecurity/install/yolov8_ros/bin'
[10.653s] Level 1:colcon.colcon_core.environment:checking '/home/robo/llagoeiro/MiniMarketSecurity/install/yolov8_ros/lib/pkgconfig/yolov8_ros.pc'
[10.653s] Level 1:colcon.colcon_core.environment:checking '/home/robo/llagoeiro/MiniMarketSecurity/install/yolov8_ros/lib/python3.10/site-packages'
[10.653s] Level 1:colcon.colcon_core.shell:create_environment_hook('yolov8_ros', 'pythonpath')
[10.654s] INFO:colcon.colcon_core.shell:Creating environment hook '/home/robo/llagoeiro/MiniMarketSecurity/install/yolov8_ros/share/yolov8_ros/hook/pythonpath.ps1'
[10.654s] INFO:colcon.colcon_core.shell:Creating environment descriptor '/home/robo/llagoeiro/MiniMarketSecurity/install/yolov8_ros/share/yolov8_ros/hook/pythonpath.dsv'
[10.654s] INFO:colcon.colcon_core.shell:Creating environment hook '/home/robo/llagoeiro/MiniMarketSecurity/install/yolov8_ros/share/yolov8_ros/hook/pythonpath.sh'
[10.655s] Level 1:colcon.colcon_core.environment:checking '/home/robo/llagoeiro/MiniMarketSecurity/install/yolov8_ros/bin'
[10.655s] Level 1:colcon.colcon_core.environment:create_environment_scripts_only(yolov8_ros)
[10.655s] INFO:colcon.colcon_core.shell:Creating package script '/home/robo/llagoeiro/MiniMarketSecurity/install/yolov8_ros/share/yolov8_ros/package.ps1'
[10.656s] INFO:colcon.colcon_core.shell:Creating package descriptor '/home/robo/llagoeiro/MiniMarketSecurity/install/yolov8_ros/share/yolov8_ros/package.dsv'
[10.656s] INFO:colcon.colcon_core.shell:Creating package script '/home/robo/llagoeiro/MiniMarketSecurity/install/yolov8_ros/share/yolov8_ros/package.sh'
[10.656s] INFO:colcon.colcon_core.shell:Creating package script '/home/robo/llagoeiro/MiniMarketSecurity/install/yolov8_ros/share/yolov8_ros/package.bash'
[10.656s] INFO:colcon.colcon_core.shell:Creating package script '/home/robo/llagoeiro/MiniMarketSecurity/install/yolov8_ros/share/yolov8_ros/package.zsh'
[10.657s] Level 1:colcon.colcon_core.environment:create_file_with_runtime_dependencies(/home/robo/llagoeiro/MiniMarketSecurity/install/yolov8_ros/share/colcon-core/packages/yolov8_ros)
[10.657s] INFO:colcon.colcon_ros.task.ament_cmake.build:Building ROS package in '/home/robo/llagoeiro/MiniMarketSecurity/src/yolov8_bringup' with build type 'ament_cmake'
[10.657s] INFO:colcon.colcon_cmake.task.cmake.build:Building CMake package in '/home/robo/llagoeiro/MiniMarketSecurity/src/yolov8_bringup'
[10.657s] INFO:colcon.colcon_core.shell:Skip shell extension 'powershell' for command environment: Not usable outside of PowerShell
[10.657s] DEBUG:colcon.colcon_core.shell:Skip shell extension 'dsv' for command environment
[10.666s] DEBUG:colcon.colcon_core.event_handler.log_command:Invoking command in '/home/robo/llagoeiro/MiniMarketSecurity/build/yolov8_bringup': AMENT_PREFIX_PATH=/home/robo/llagoeiro/MiniMarketSecurity/install/yolov8_ros:/home/robo/llagoeiro/MiniMarketSecurity/install/yolov8_bringup:/home/robo/llagoeiro/MiniMarketSecurity/install/yolov8_msgs:/home/robo/llagoeiro/MiniMarketSecurity/install/opencv_tools:/home/robo/llagoeiro/MiniMarketSecurity/ros2Testing/install/opencv_tools:/opt/ros/humble CMAKE_PREFIX_PATH=/home/robo/llagoeiro/MiniMarketSecurity/install/yolov8_msgs:/home/robo/llagoeiro/MiniMarketSecurity/install/yolov8_bringup:/home/robo/llagoeiro/MiniMarketSecurity/install/yolov8_ros:/home/robo/llagoeiro/MiniMarketSecurity/install/opencv_tools:/home/robo/llagoeiro/MiniMarketSecurity/ros2Testing/install/opencv_tools:/opt/ros/humble /usr/bin/cmake /home/robo/llagoeiro/MiniMarketSecurity/src/yolov8_bringup -DAMENT_CMAKE_SYMLINK_INSTALL=1 -DCMAKE_INSTALL_PREFIX=/home/robo/llagoeiro/MiniMarketSecurity/install/yolov8_bringup
[11.173s] DEBUG:colcon.colcon_core.event_handler.log_command:Invoked command in '/home/robo/llagoeiro/MiniMarketSecurity/build/yolov8_bringup' returned '0': AMENT_PREFIX_PATH=/home/robo/llagoeiro/MiniMarketSecurity/install/yolov8_ros:/home/robo/llagoeiro/MiniMarketSecurity/install/yolov8_bringup:/home/robo/llagoeiro/MiniMarketSecurity/install/yolov8_msgs:/home/robo/llagoeiro/MiniMarketSecurity/install/opencv_tools:/home/robo/llagoeiro/MiniMarketSecurity/ros2Testing/install/opencv_tools:/opt/ros/humble CMAKE_PREFIX_PATH=/home/robo/llagoeiro/MiniMarketSecurity/install/yolov8_msgs:/home/robo/llagoeiro/MiniMarketSecurity/install/yolov8_bringup:/home/robo/llagoeiro/MiniMarketSecurity/install/yolov8_ros:/home/robo/llagoeiro/MiniMarketSecurity/install/opencv_tools:/home/robo/llagoeiro/MiniMarketSecurity/ros2Testing/install/opencv_tools:/opt/ros/humble /usr/bin/cmake /home/robo/llagoeiro/MiniMarketSecurity/src/yolov8_bringup -DAMENT_CMAKE_SYMLINK_INSTALL=1 -DCMAKE_INSTALL_PREFIX=/home/robo/llagoeiro/MiniMarketSecurity/install/yolov8_bringup
[11.174s] DEBUG:colcon.colcon_core.event_handler.log_command:Invoking command in '/home/robo/llagoeiro/MiniMarketSecurity/build/yolov8_bringup': AMENT_PREFIX_PATH=/home/robo/llagoeiro/MiniMarketSecurity/install/yolov8_ros:/home/robo/llagoeiro/MiniMarketSecurity/install/yolov8_bringup:/home/robo/llagoeiro/MiniMarketSecurity/install/yolov8_msgs:/home/robo/llagoeiro/MiniMarketSecurity/install/opencv_tools:/home/robo/llagoeiro/MiniMarketSecurity/ros2Testing/install/opencv_tools:/opt/ros/humble CMAKE_PREFIX_PATH=/home/robo/llagoeiro/MiniMarketSecurity/install/yolov8_msgs:/home/robo/llagoeiro/MiniMarketSecurity/install/yolov8_bringup:/home/robo/llagoeiro/MiniMarketSecurity/install/yolov8_ros:/home/robo/llagoeiro/MiniMarketSecurity/install/opencv_tools:/home/robo/llagoeiro/MiniMarketSecurity/ros2Testing/install/opencv_tools:/opt/ros/humble /usr/bin/cmake --build /home/robo/llagoeiro/MiniMarketSecurity/build/yolov8_bringup -- -j20 -l20
[11.208s] DEBUG:colcon.colcon_core.event_handler.log_command:Invoked command in '/home/robo/llagoeiro/MiniMarketSecurity/build/yolov8_bringup' returned '0': AMENT_PREFIX_PATH=/home/robo/llagoeiro/MiniMarketSecurity/install/yolov8_ros:/home/robo/llagoeiro/MiniMarketSecurity/install/yolov8_bringup:/home/robo/llagoeiro/MiniMarketSecurity/install/yolov8_msgs:/home/robo/llagoeiro/MiniMarketSecurity/install/opencv_tools:/home/robo/llagoeiro/MiniMarketSecurity/ros2Testing/install/opencv_tools:/opt/ros/humble CMAKE_PREFIX_PATH=/home/robo/llagoeiro/MiniMarketSecurity/install/yolov8_msgs:/home/robo/llagoeiro/MiniMarketSecurity/install/yolov8_bringup:/home/robo/llagoeiro/MiniMarketSecurity/install/yolov8_ros:/home/robo/llagoeiro/MiniMarketSecurity/install/opencv_tools:/home/robo/llagoeiro/MiniMarketSecurity/ros2Testing/install/opencv_tools:/opt/ros/humble /usr/bin/cmake --build /home/robo/llagoeiro/MiniMarketSecurity/build/yolov8_bringup -- -j20 -l20
[11.233s] DEBUG:colcon.colcon_core.event_handler.log_command:Invoking command in '/home/robo/llagoeiro/MiniMarketSecurity/build/yolov8_bringup': AMENT_PREFIX_PATH=/home/robo/llagoeiro/MiniMarketSecurity/install/yolov8_ros:/home/robo/llagoeiro/MiniMarketSecurity/install/yolov8_bringup:/home/robo/llagoeiro/MiniMarketSecurity/install/yolov8_msgs:/home/robo/llagoeiro/MiniMarketSecurity/install/opencv_tools:/home/robo/llagoeiro/MiniMarketSecurity/ros2Testing/install/opencv_tools:/opt/ros/humble CMAKE_PREFIX_PATH=/home/robo/llagoeiro/MiniMarketSecurity/install/yolov8_msgs:/home/robo/llagoeiro/MiniMarketSecurity/install/yolov8_bringup:/home/robo/llagoeiro/MiniMarketSecurity/install/yolov8_ros:/home/robo/llagoeiro/MiniMarketSecurity/install/opencv_tools:/home/robo/llagoeiro/MiniMarketSecurity/ros2Testing/install/opencv_tools:/opt/ros/humble /usr/bin/cmake --install /home/robo/llagoeiro/MiniMarketSecurity/build/yolov8_bringup
[11.414s] Level 1:colcon.colcon_core.environment:create_environment_scripts_only(yolov8_bringup)
[11.414s] DEBUG:colcon.colcon_core.event_handler.log_command:Invoked command in '/home/robo/llagoeiro/MiniMarketSecurity/build/yolov8_bringup' returned '0': AMENT_PREFIX_PATH=/home/robo/llagoeiro/MiniMarketSecurity/install/yolov8_ros:/home/robo/llagoeiro/MiniMarketSecurity/install/yolov8_bringup:/home/robo/llagoeiro/MiniMarketSecurity/install/yolov8_msgs:/home/robo/llagoeiro/MiniMarketSecurity/install/opencv_tools:/home/robo/llagoeiro/MiniMarketSecurity/ros2Testing/install/opencv_tools:/opt/ros/humble CMAKE_PREFIX_PATH=/home/robo/llagoeiro/MiniMarketSecurity/install/yolov8_msgs:/home/robo/llagoeiro/MiniMarketSecurity/install/yolov8_bringup:/home/robo/llagoeiro/MiniMarketSecurity/install/yolov8_ros:/home/robo/llagoeiro/MiniMarketSecurity/install/opencv_tools:/home/robo/llagoeiro/MiniMarketSecurity/ros2Testing/install/opencv_tools:/opt/ros/humble /usr/bin/cmake --install /home/robo/llagoeiro/MiniMarketSecurity/build/yolov8_bringup
[11.414s] Level 1:colcon.colcon_core.environment:checking '/home/robo/llagoeiro/MiniMarketSecurity/install/yolov8_bringup' for CMake module files
[11.415s] Level 1:colcon.colcon_core.environment:checking '/home/robo/llagoeiro/MiniMarketSecurity/install/yolov8_bringup' for CMake config files
[11.415s] Level 1:colcon.colcon_core.shell:create_environment_hook('yolov8_bringup', 'cmake_prefix_path')
[11.415s] INFO:colcon.colcon_core.shell:Creating environment hook '/home/robo/llagoeiro/MiniMarketSecurity/install/yolov8_bringup/share/yolov8_bringup/hook/cmake_prefix_path.ps1'
[11.416s] INFO:colcon.colcon_core.shell:Creating environment descriptor '/home/robo/llagoeiro/MiniMarketSecurity/install/yolov8_bringup/share/yolov8_bringup/hook/cmake_prefix_path.dsv'
[11.416s] INFO:colcon.colcon_core.shell:Creating environment hook '/home/robo/llagoeiro/MiniMarketSecurity/install/yolov8_bringup/share/yolov8_bringup/hook/cmake_prefix_path.sh'
[11.416s] Level 1:colcon.colcon_core.environment:checking '/home/robo/llagoeiro/MiniMarketSecurity/install/yolov8_bringup/bin'
[11.416s] Level 1:colcon.colcon_core.environment:checking '/home/robo/llagoeiro/MiniMarketSecurity/install/yolov8_bringup/lib/pkgconfig/yolov8_bringup.pc'
[11.416s] Level 1:colcon.colcon_core.environment:checking '/home/robo/llagoeiro/MiniMarketSecurity/install/yolov8_bringup/lib/python3.10/site-packages'
[11.416s] Level 1:colcon.colcon_core.environment:checking '/home/robo/llagoeiro/MiniMarketSecurity/install/yolov8_bringup/bin'
[11.417s] INFO:colcon.colcon_core.shell:Creating package script '/home/robo/llagoeiro/MiniMarketSecurity/install/yolov8_bringup/share/yolov8_bringup/package.ps1'
[11.417s] INFO:colcon.colcon_core.shell:Creating package descriptor '/home/robo/llagoeiro/MiniMarketSecurity/install/yolov8_bringup/share/yolov8_bringup/package.dsv'
[11.417s] INFO:colcon.colcon_core.shell:Creating package script '/home/robo/llagoeiro/MiniMarketSecurity/install/yolov8_bringup/share/yolov8_bringup/package.sh'
[11.417s] INFO:colcon.colcon_core.shell:Creating package script '/home/robo/llagoeiro/MiniMarketSecurity/install/yolov8_bringup/share/yolov8_bringup/package.bash'
[11.418s] INFO:colcon.colcon_core.shell:Creating package script '/home/robo/llagoeiro/MiniMarketSecurity/install/yolov8_bringup/share/yolov8_bringup/package.zsh'
[11.418s] Level 1:colcon.colcon_core.environment:create_file_with_runtime_dependencies(/home/robo/llagoeiro/MiniMarketSecurity/install/yolov8_bringup/share/colcon-core/packages/yolov8_bringup)
[11.437s] Level 1:colcon.colcon_core.environment:create_environment_scripts_only(yolov8_bringup)
[11.438s] Level 1:colcon.colcon_core.environment:checking '/home/robo/llagoeiro/MiniMarketSecurity/install/yolov8_bringup' for CMake module files
[11.438s] Level 1:colcon.colcon_core.environment:checking '/home/robo/llagoeiro/MiniMarketSecurity/install/yolov8_bringup' for CMake config files
[11.438s] Level 1:colcon.colcon_core.shell:create_environment_hook('yolov8_bringup', 'cmake_prefix_path')
[11.438s] INFO:colcon.colcon_core.shell:Creating environment hook '/home/robo/llagoeiro/MiniMarketSecurity/install/yolov8_bringup/share/yolov8_bringup/hook/cmake_prefix_path.ps1'
[11.439s] INFO:colcon.colcon_core.shell:Creating environment descriptor '/home/robo/llagoeiro/MiniMarketSecurity/install/yolov8_bringup/share/yolov8_bringup/hook/cmake_prefix_path.dsv'
[11.439s] INFO:colcon.colcon_core.shell:Creating environment hook '/home/robo/llagoeiro/MiniMarketSecurity/install/yolov8_bringup/share/yolov8_bringup/hook/cmake_prefix_path.sh'
[11.440s] Level 1:colcon.colcon_core.environment:checking '/home/robo/llagoeiro/MiniMarketSecurity/install/yolov8_bringup/bin'
[11.440s] Level 1:colcon.colcon_core.environment:checking '/home/robo/llagoeiro/MiniMarketSecurity/install/yolov8_bringup/lib/pkgconfig/yolov8_bringup.pc'
[11.440s] Level 1:colcon.colcon_core.environment:checking '/home/robo/llagoeiro/MiniMarketSecurity/install/yolov8_bringup/lib/python3.10/site-packages'
[11.440s] Level 1:colcon.colcon_core.environment:checking '/home/robo/llagoeiro/MiniMarketSecurity/install/yolov8_bringup/bin'
[11.440s] INFO:colcon.colcon_core.shell:Creating package script '/home/robo/llagoeiro/MiniMarketSecurity/install/yolov8_bringup/share/yolov8_bringup/package.ps1'
[11.440s] INFO:colcon.colcon_core.shell:Creating package descriptor '/home/robo/llagoeiro/MiniMarketSecurity/install/yolov8_bringup/share/yolov8_bringup/package.dsv'
[11.441s] INFO:colcon.colcon_core.shell:Creating package script '/home/robo/llagoeiro/MiniMarketSecurity/install/yolov8_bringup/share/yolov8_bringup/package.sh'
[11.441s] INFO:colcon.colcon_core.shell:Creating package script '/home/robo/llagoeiro/MiniMarketSecurity/install/yolov8_bringup/share/yolov8_bringup/package.bash'
[11.441s] INFO:colcon.colcon_core.shell:Creating package script '/home/robo/llagoeiro/MiniMarketSecurity/install/yolov8_bringup/share/yolov8_bringup/package.zsh'
[11.442s] Level 1:colcon.colcon_core.environment:create_file_with_runtime_dependencies(/home/robo/llagoeiro/MiniMarketSecurity/install/yolov8_bringup/share/colcon-core/packages/yolov8_bringup)
[11.442s] DEBUG:colcon.colcon_parallel_executor.executor.parallel:closing loop
[11.442s] DEBUG:colcon.colcon_parallel_executor.executor.parallel:loop closed
[11.442s] DEBUG:colcon.colcon_parallel_executor.executor.parallel:run_until_complete finished with '0'
[11.442s] DEBUG:colcon.colcon_core.event_reactor:joining thread
[11.446s] INFO:colcon.colcon_core.plugin_system:Skipping extension 'colcon_notification.desktop_notification.terminal_notifier': Not used on non-Darwin systems
[11.446s] INFO:colcon.colcon_core.plugin_system:Skipping extension 'colcon_notification.desktop_notification.win32': Not used on non-Windows systems
[11.446s] INFO:colcon.colcon_notification.desktop_notification:Sending desktop notification using 'notify2'
[11.463s] DEBUG:colcon.colcon_core.event_reactor:joined thread
[11.463s] INFO:colcon.colcon_core.shell:Creating prefix script '/home/robo/llagoeiro/MiniMarketSecurity/install/local_setup.ps1'
[11.464s] INFO:colcon.colcon_core.shell:Creating prefix util module '/home/robo/llagoeiro/MiniMarketSecurity/install/_local_setup_util_ps1.py'
[11.465s] INFO:colcon.colcon_core.shell:Creating prefix chain script '/home/robo/llagoeiro/MiniMarketSecurity/install/setup.ps1'
[11.466s] INFO:colcon.colcon_core.shell:Creating prefix script '/home/robo/llagoeiro/MiniMarketSecurity/install/local_setup.sh'
[11.467s] INFO:colcon.colcon_core.shell:Creating prefix util module '/home/robo/llagoeiro/MiniMarketSecurity/install/_local_setup_util_sh.py'
[11.467s] INFO:colcon.colcon_core.shell:Creating prefix chain script '/home/robo/llagoeiro/MiniMarketSecurity/install/setup.sh'
[11.469s] INFO:colcon.colcon_core.shell:Creating prefix script '/home/robo/llagoeiro/MiniMarketSecurity/install/local_setup.bash'
[11.469s] INFO:colcon.colcon_core.shell:Creating prefix chain script '/home/robo/llagoeiro/MiniMarketSecurity/install/setup.bash'
[11.470s] INFO:colcon.colcon_core.shell:Creating prefix script '/home/robo/llagoeiro/MiniMarketSecurity/install/local_setup.zsh'
[11.471s] INFO:colcon.colcon_core.shell:Creating prefix chain script '/home/robo/llagoeiro/MiniMarketSecurity/install/setup.zsh'
