[0.006s] Invoking command in '/home/robo/llagoeiro/MiniMarketSecurity/ros2_yolo_ws/build/yolov8_bringup': AMENT_PREFIX_PATH=/home/robo/llagoeiro/MiniMarketSecurity/ros2_yolo_ws/install/yolov8_ros:/home/robo/llagoeiro/MiniMarketSecurity/ros2_yolo_ws/install/yolov8_msgs:${AMENT_PREFIX_PATH} CMAKE_PREFIX_PATH=/home/robo/llagoeiro/MiniMarketSecurity/ros2_yolo_ws/install/yolov8_msgs:/opt/ros/humble LD_LIBRARY_PATH=/home/robo/llagoeiro/MiniMarketSecurity/ros2_yolo_ws/install/yolov8_msgs/lib:${LD_LIBRARY_PATH} PYTHONPATH=/home/robo/llagoeiro/MiniMarketSecurity/ros2_yolo_ws/install/yolov8_ros/lib/python3.10/site-packages:/home/robo/llagoeiro/MiniMarketSecurity/ros2_yolo_ws/install/yolov8_msgs/local/lib/python3.10/dist-packages:${PYTHONPATH} /usr/bin/cmake /home/robo/llagoeiro/MiniMarketSecurity/ros2_yolo_ws/src/yolov8_ros/yolov8_bringup -DCMAKE_INSTALL_PREFIX=/home/robo/llagoeiro/MiniMarketSecurity/ros2_yolo_ws/install/yolov8_bringup
[0.033s] -- The C compiler identification is GNU 11.4.0
[0.062s] -- The CXX compiler identification is GNU 11.4.0
[0.066s] -- Detecting C compiler ABI info
[0.103s] -- Detecting C compiler ABI info - done
[0.107s] -- Check for working C compiler: /usr/bin/cc - skipped
[0.107s] -- Detecting C compile features
[0.107s] -- Detecting C compile features - done
[0.109s] -- Detecting CXX compiler ABI info
[0.150s] -- Detecting CXX compiler ABI info - done
[0.154s] -- Check for working CXX compiler: /usr/bin/c++ - skipped
[0.154s] -- Detecting CXX compile features
[0.154s] -- Detecting CXX compile features - done
[0.155s] -- Found ament_cmake: 1.3.10 (/opt/ros/humble/share/ament_cmake/cmake)
[0.236s] -- Found Python3: /usr/bin/python3 (found version "3.10.12") found components: Interpreter 
[0.313s] -- Configuring done
[0.314s] -- Generating done
[0.315s] -- Build files have been written to: /home/robo/llagoeiro/MiniMarketSecurity/ros2_yolo_ws/build/yolov8_bringup
[0.318s] Invoked command in '/home/robo/llagoeiro/MiniMarketSecurity/ros2_yolo_ws/build/yolov8_bringup' returned '0': AMENT_PREFIX_PATH=/home/robo/llagoeiro/MiniMarketSecurity/ros2_yolo_ws/install/yolov8_ros:/home/robo/llagoeiro/MiniMarketSecurity/ros2_yolo_ws/install/yolov8_msgs:${AMENT_PREFIX_PATH} CMAKE_PREFIX_PATH=/home/robo/llagoeiro/MiniMarketSecurity/ros2_yolo_ws/install/yolov8_msgs:/opt/ros/humble LD_LIBRARY_PATH=/home/robo/llagoeiro/MiniMarketSecurity/ros2_yolo_ws/install/yolov8_msgs/lib:${LD_LIBRARY_PATH} PYTHONPATH=/home/robo/llagoeiro/MiniMarketSecurity/ros2_yolo_ws/install/yolov8_ros/lib/python3.10/site-packages:/home/robo/llagoeiro/MiniMarketSecurity/ros2_yolo_ws/install/yolov8_msgs/local/lib/python3.10/dist-packages:${PYTHONPATH} /usr/bin/cmake /home/robo/llagoeiro/MiniMarketSecurity/ros2_yolo_ws/src/yolov8_ros/yolov8_bringup -DCMAKE_INSTALL_PREFIX=/home/robo/llagoeiro/MiniMarketSecurity/ros2_yolo_ws/install/yolov8_bringup
[0.319s] Invoking command in '/home/robo/llagoeiro/MiniMarketSecurity/ros2_yolo_ws/build/yolov8_bringup': AMENT_PREFIX_PATH=/home/robo/llagoeiro/MiniMarketSecurity/ros2_yolo_ws/install/yolov8_ros:/home/robo/llagoeiro/MiniMarketSecurity/ros2_yolo_ws/install/yolov8_msgs:${AMENT_PREFIX_PATH} CMAKE_PREFIX_PATH=/home/robo/llagoeiro/MiniMarketSecurity/ros2_yolo_ws/install/yolov8_msgs:/opt/ros/humble LD_LIBRARY_PATH=/home/robo/llagoeiro/MiniMarketSecurity/ros2_yolo_ws/install/yolov8_msgs/lib:${LD_LIBRARY_PATH} PYTHONPATH=/home/robo/llagoeiro/MiniMarketSecurity/ros2_yolo_ws/install/yolov8_ros/lib/python3.10/site-packages:/home/robo/llagoeiro/MiniMarketSecurity/ros2_yolo_ws/install/yolov8_msgs/local/lib/python3.10/dist-packages:${PYTHONPATH} /usr/bin/cmake --build /home/robo/llagoeiro/MiniMarketSecurity/ros2_yolo_ws/build/yolov8_bringup -- -j20 -l20
[0.337s] Invoked command in '/home/robo/llagoeiro/MiniMarketSecurity/ros2_yolo_ws/build/yolov8_bringup' returned '0': AMENT_PREFIX_PATH=/home/robo/llagoeiro/MiniMarketSecurity/ros2_yolo_ws/install/yolov8_ros:/home/robo/llagoeiro/MiniMarketSecurity/ros2_yolo_ws/install/yolov8_msgs:${AMENT_PREFIX_PATH} CMAKE_PREFIX_PATH=/home/robo/llagoeiro/MiniMarketSecurity/ros2_yolo_ws/install/yolov8_msgs:/opt/ros/humble LD_LIBRARY_PATH=/home/robo/llagoeiro/MiniMarketSecurity/ros2_yolo_ws/install/yolov8_msgs/lib:${LD_LIBRARY_PATH} PYTHONPATH=/home/robo/llagoeiro/MiniMarketSecurity/ros2_yolo_ws/install/yolov8_ros/lib/python3.10/site-packages:/home/robo/llagoeiro/MiniMarketSecurity/ros2_yolo_ws/install/yolov8_msgs/local/lib/python3.10/dist-packages:${PYTHONPATH} /usr/bin/cmake --build /home/robo/llagoeiro/MiniMarketSecurity/ros2_yolo_ws/build/yolov8_bringup -- -j20 -l20
[0.349s] Invoking command in '/home/robo/llagoeiro/MiniMarketSecurity/ros2_yolo_ws/build/yolov8_bringup': AMENT_PREFIX_PATH=/home/robo/llagoeiro/MiniMarketSecurity/ros2_yolo_ws/install/yolov8_ros:/home/robo/llagoeiro/MiniMarketSecurity/ros2_yolo_ws/install/yolov8_msgs:${AMENT_PREFIX_PATH} CMAKE_PREFIX_PATH=/home/robo/llagoeiro/MiniMarketSecurity/ros2_yolo_ws/install/yolov8_msgs:/opt/ros/humble LD_LIBRARY_PATH=/home/robo/llagoeiro/MiniMarketSecurity/ros2_yolo_ws/install/yolov8_msgs/lib:${LD_LIBRARY_PATH} PYTHONPATH=/home/robo/llagoeiro/MiniMarketSecurity/ros2_yolo_ws/install/yolov8_ros/lib/python3.10/site-packages:/home/robo/llagoeiro/MiniMarketSecurity/ros2_yolo_ws/install/yolov8_msgs/local/lib/python3.10/dist-packages:${PYTHONPATH} /usr/bin/cmake --install /home/robo/llagoeiro/MiniMarketSecurity/ros2_yolo_ws/build/yolov8_bringup
[0.353s] -- Install configuration: ""
[0.353s] -- Installing: /home/robo/llagoeiro/MiniMarketSecurity/ros2_yolo_ws/install/yolov8_bringup/share/yolov8_bringup//launch
[0.354s] -- Installing: /home/robo/llagoeiro/MiniMarketSecurity/ros2_yolo_ws/install/yolov8_bringup/share/yolov8_bringup//launch/yolo-nas.launch.py
[0.354s] -- Installing: /home/robo/llagoeiro/MiniMarketSecurity/ros2_yolo_ws/install/yolov8_bringup/share/yolov8_bringup//launch/yolov10.launch.py
[0.354s] -- Installing: /home/robo/llagoeiro/MiniMarketSecurity/ros2_yolo_ws/install/yolov8_bringup/share/yolov8_bringup//launch/yolov8.launch.py
[0.354s] -- Installing: /home/robo/llagoeiro/MiniMarketSecurity/ros2_yolo_ws/install/yolov8_bringup/share/yolov8_bringup//launch/yolov8_3d.launch.py
[0.354s] -- Installing: /home/robo/llagoeiro/MiniMarketSecurity/ros2_yolo_ws/install/yolov8_bringup/share/yolov8_bringup//launch/yolov5.launch.py
[0.354s] -- Installing: /home/robo/llagoeiro/MiniMarketSecurity/ros2_yolo_ws/install/yolov8_bringup/share/yolov8_bringup//launch/yolov11.launch.py
[0.354s] -- Installing: /home/robo/llagoeiro/MiniMarketSecurity/ros2_yolo_ws/install/yolov8_bringup/share/yolov8_bringup//launch/yolov9.launch.py
[0.354s] -- Installing: /home/robo/llagoeiro/MiniMarketSecurity/ros2_yolo_ws/install/yolov8_bringup/share/ament_index/resource_index/package_run_dependencies/yolov8_bringup
[0.354s] -- Installing: /home/robo/llagoeiro/MiniMarketSecurity/ros2_yolo_ws/install/yolov8_bringup/share/ament_index/resource_index/parent_prefix_path/yolov8_bringup
[0.354s] -- Installing: /home/robo/llagoeiro/MiniMarketSecurity/ros2_yolo_ws/install/yolov8_bringup/share/yolov8_bringup/environment/ament_prefix_path.sh
[0.354s] -- Installing: /home/robo/llagoeiro/MiniMarketSecurity/ros2_yolo_ws/install/yolov8_bringup/share/yolov8_bringup/environment/ament_prefix_path.dsv
[0.354s] -- Installing: /home/robo/llagoeiro/MiniMarketSecurity/ros2_yolo_ws/install/yolov8_bringup/share/yolov8_bringup/environment/path.sh
[0.354s] -- Installing: /home/robo/llagoeiro/MiniMarketSecurity/ros2_yolo_ws/install/yolov8_bringup/share/yolov8_bringup/environment/path.dsv
[0.354s] -- Installing: /home/robo/llagoeiro/MiniMarketSecurity/ros2_yolo_ws/install/yolov8_bringup/share/yolov8_bringup/local_setup.bash
[0.354s] -- Installing: /home/robo/llagoeiro/MiniMarketSecurity/ros2_yolo_ws/install/yolov8_bringup/share/yolov8_bringup/local_setup.sh
[0.354s] -- Installing: /home/robo/llagoeiro/MiniMarketSecurity/ros2_yolo_ws/install/yolov8_bringup/share/yolov8_bringup/local_setup.zsh
[0.354s] -- Installing: /home/robo/llagoeiro/MiniMarketSecurity/ros2_yolo_ws/install/yolov8_bringup/share/yolov8_bringup/local_setup.dsv
[0.354s] -- Installing: /home/robo/llagoeiro/MiniMarketSecurity/ros2_yolo_ws/install/yolov8_bringup/share/yolov8_bringup/package.dsv
[0.354s] -- Installing: /home/robo/llagoeiro/MiniMarketSecurity/ros2_yolo_ws/install/yolov8_bringup/share/ament_index/resource_index/packages/yolov8_bringup
[0.354s] -- Installing: /home/robo/llagoeiro/MiniMarketSecurity/ros2_yolo_ws/install/yolov8_bringup/share/yolov8_bringup/cmake/yolov8_bringupConfig.cmake
[0.354s] -- Installing: /home/robo/llagoeiro/MiniMarketSecurity/ros2_yolo_ws/install/yolov8_bringup/share/yolov8_bringup/cmake/yolov8_bringupConfig-version.cmake
[0.354s] -- Installing: /home/robo/llagoeiro/MiniMarketSecurity/ros2_yolo_ws/install/yolov8_bringup/share/yolov8_bringup/package.xml
[0.355s] Invoked command in '/home/robo/llagoeiro/MiniMarketSecurity/ros2_yolo_ws/build/yolov8_bringup' returned '0': AMENT_PREFIX_PATH=/home/robo/llagoeiro/MiniMarketSecurity/ros2_yolo_ws/install/yolov8_ros:/home/robo/llagoeiro/MiniMarketSecurity/ros2_yolo_ws/install/yolov8_msgs:${AMENT_PREFIX_PATH} CMAKE_PREFIX_PATH=/home/robo/llagoeiro/MiniMarketSecurity/ros2_yolo_ws/install/yolov8_msgs:/opt/ros/humble LD_LIBRARY_PATH=/home/robo/llagoeiro/MiniMarketSecurity/ros2_yolo_ws/install/yolov8_msgs/lib:${LD_LIBRARY_PATH} PYTHONPATH=/home/robo/llagoeiro/MiniMarketSecurity/ros2_yolo_ws/install/yolov8_ros/lib/python3.10/site-packages:/home/robo/llagoeiro/MiniMarketSecurity/ros2_yolo_ws/install/yolov8_msgs/local/lib/python3.10/dist-packages:${PYTHONPATH} /usr/bin/cmake --install /home/robo/llagoeiro/MiniMarketSecurity/ros2_yolo_ws/build/yolov8_bringup
