[0.285s] Invoking command in '/home/robo/llagoeiro/MiniMarketSecurity/ros2_yolo_ws/src/yolov8_ros/yolov8_ros': AMENT_PREFIX_PATH=/home/robo/llagoeiro/MiniMarketSecurity/ros2_yolo_ws/install/yolov8_msgs:${AMENT_PREFIX_PATH} CMAKE_PREFIX_PATH=/home/robo/llagoeiro/MiniMarketSecurity/ros2_yolo_ws/install/yolov8_msgs LD_LIBRARY_PATH=/home/robo/llagoeiro/MiniMarketSecurity/ros2_yolo_ws/install/yolov8_msgs/lib:${LD_LIBRARY_PATH} PYTHONPATH=/home/robo/llagoeiro/MiniMarketSecurity/ros2_yolo_ws/build/yolov8_ros/prefix_override:/usr/lib/python3/dist-packages/colcon_core/task/python/colcon_distutils_commands:/home/robo/llagoeiro/MiniMarketSecurity/ros2_yolo_ws/install/yolov8_ros/lib/python3.10/site-packages:/home/robo/llagoeiro/MiniMarketSecurity/ros2_yolo_ws/install/yolov8_msgs/local/lib/python3.10/dist-packages:${PYTHONPATH} /usr/bin/python3 -W ignore:setup.py install is deprecated setup.py egg_info --egg-base ../../../build/yolov8_ros build --build-base /home/robo/llagoeiro/MiniMarketSecurity/ros2_yolo_ws/build/yolov8_ros/build install --record /home/robo/llagoeiro/MiniMarketSecurity/ros2_yolo_ws/build/yolov8_ros/install.log --single-version-externally-managed install_data
[0.395s] running egg_info
[0.395s] creating ../../../build/yolov8_ros/yolov8_ros.egg-info
[0.395s] writing ../../../build/yolov8_ros/yolov8_ros.egg-info/PKG-INFO
[0.395s] writing dependency_links to ../../../build/yolov8_ros/yolov8_ros.egg-info/dependency_links.txt
[0.395s] writing entry points to ../../../build/yolov8_ros/yolov8_ros.egg-info/entry_points.txt
[0.395s] writing requirements to ../../../build/yolov8_ros/yolov8_ros.egg-info/requires.txt
[0.395s] writing top-level names to ../../../build/yolov8_ros/yolov8_ros.egg-info/top_level.txt
[0.395s] writing manifest file '../../../build/yolov8_ros/yolov8_ros.egg-info/SOURCES.txt'
[0.396s] reading manifest file '../../../build/yolov8_ros/yolov8_ros.egg-info/SOURCES.txt'
[0.397s] writing manifest file '../../../build/yolov8_ros/yolov8_ros.egg-info/SOURCES.txt'
[0.397s] running build
[0.397s] running build_py
[0.397s] creating /home/robo/llagoeiro/MiniMarketSecurity/ros2_yolo_ws/build/yolov8_ros/build
[0.397s] creating /home/robo/llagoeiro/MiniMarketSecurity/ros2_yolo_ws/build/yolov8_ros/build/lib
[0.397s] creating /home/robo/llagoeiro/MiniMarketSecurity/ros2_yolo_ws/build/yolov8_ros/build/lib/yolov8_ros
[0.397s] copying yolov8_ros/yolov8_node.py -> /home/robo/llagoeiro/MiniMarketSecurity/ros2_yolo_ws/build/yolov8_ros/build/lib/yolov8_ros
[0.397s] copying yolov8_ros/detect_3d_node.py -> /home/robo/llagoeiro/MiniMarketSecurity/ros2_yolo_ws/build/yolov8_ros/build/lib/yolov8_ros
[0.397s] copying yolov8_ros/__init__.py -> /home/robo/llagoeiro/MiniMarketSecurity/ros2_yolo_ws/build/yolov8_ros/build/lib/yolov8_ros
[0.397s] copying yolov8_ros/tracking_node.py -> /home/robo/llagoeiro/MiniMarketSecurity/ros2_yolo_ws/build/yolov8_ros/build/lib/yolov8_ros
[0.397s] copying yolov8_ros/debug_node.py -> /home/robo/llagoeiro/MiniMarketSecurity/ros2_yolo_ws/build/yolov8_ros/build/lib/yolov8_ros
[0.397s] running install
[0.397s] running install_lib
[0.398s] creating /home/robo/llagoeiro/MiniMarketSecurity/ros2_yolo_ws/install/yolov8_ros/lib/python3.10/site-packages/yolov8_ros
[0.398s] copying /home/robo/llagoeiro/MiniMarketSecurity/ros2_yolo_ws/build/yolov8_ros/build/lib/yolov8_ros/yolov8_node.py -> /home/robo/llagoeiro/MiniMarketSecurity/ros2_yolo_ws/install/yolov8_ros/lib/python3.10/site-packages/yolov8_ros
[0.398s] copying /home/robo/llagoeiro/MiniMarketSecurity/ros2_yolo_ws/build/yolov8_ros/build/lib/yolov8_ros/detect_3d_node.py -> /home/robo/llagoeiro/MiniMarketSecurity/ros2_yolo_ws/install/yolov8_ros/lib/python3.10/site-packages/yolov8_ros
[0.398s] copying /home/robo/llagoeiro/MiniMarketSecurity/ros2_yolo_ws/build/yolov8_ros/build/lib/yolov8_ros/__init__.py -> /home/robo/llagoeiro/MiniMarketSecurity/ros2_yolo_ws/install/yolov8_ros/lib/python3.10/site-packages/yolov8_ros
[0.398s] copying /home/robo/llagoeiro/MiniMarketSecurity/ros2_yolo_ws/build/yolov8_ros/build/lib/yolov8_ros/tracking_node.py -> /home/robo/llagoeiro/MiniMarketSecurity/ros2_yolo_ws/install/yolov8_ros/lib/python3.10/site-packages/yolov8_ros
[0.398s] copying /home/robo/llagoeiro/MiniMarketSecurity/ros2_yolo_ws/build/yolov8_ros/build/lib/yolov8_ros/debug_node.py -> /home/robo/llagoeiro/MiniMarketSecurity/ros2_yolo_ws/install/yolov8_ros/lib/python3.10/site-packages/yolov8_ros
[0.398s] byte-compiling /home/robo/llagoeiro/MiniMarketSecurity/ros2_yolo_ws/install/yolov8_ros/lib/python3.10/site-packages/yolov8_ros/yolov8_node.py to yolov8_node.cpython-310.pyc
[0.399s] byte-compiling /home/robo/llagoeiro/MiniMarketSecurity/ros2_yolo_ws/install/yolov8_ros/lib/python3.10/site-packages/yolov8_ros/detect_3d_node.py to detect_3d_node.cpython-310.pyc
[0.401s] byte-compiling /home/robo/llagoeiro/MiniMarketSecurity/ros2_yolo_ws/install/yolov8_ros/lib/python3.10/site-packages/yolov8_ros/__init__.py to __init__.cpython-310.pyc
[0.401s] byte-compiling /home/robo/llagoeiro/MiniMarketSecurity/ros2_yolo_ws/install/yolov8_ros/lib/python3.10/site-packages/yolov8_ros/tracking_node.py to tracking_node.cpython-310.pyc
[0.401s] byte-compiling /home/robo/llagoeiro/MiniMarketSecurity/ros2_yolo_ws/install/yolov8_ros/lib/python3.10/site-packages/yolov8_ros/debug_node.py to debug_node.cpython-310.pyc
[0.402s] running install_data
[0.402s] creating /home/robo/llagoeiro/MiniMarketSecurity/ros2_yolo_ws/install/yolov8_ros/share/ament_index
[0.402s] creating /home/robo/llagoeiro/MiniMarketSecurity/ros2_yolo_ws/install/yolov8_ros/share/ament_index/resource_index
[0.403s] creating /home/robo/llagoeiro/MiniMarketSecurity/ros2_yolo_ws/install/yolov8_ros/share/ament_index/resource_index/packages
[0.403s] copying resource/yolov8_ros -> /home/robo/llagoeiro/MiniMarketSecurity/ros2_yolo_ws/install/yolov8_ros/share/ament_index/resource_index/packages
[0.403s] copying package.xml -> /home/robo/llagoeiro/MiniMarketSecurity/ros2_yolo_ws/install/yolov8_ros/share/yolov8_ros
[0.403s] running install_egg_info
[0.404s] Copying ../../../build/yolov8_ros/yolov8_ros.egg-info to /home/robo/llagoeiro/MiniMarketSecurity/ros2_yolo_ws/install/yolov8_ros/lib/python3.10/site-packages/yolov8_ros-0.0.0-py3.10.egg-info
[0.404s] running install_scripts
[0.415s] Installing debug_node script to /home/robo/llagoeiro/MiniMarketSecurity/ros2_yolo_ws/install/yolov8_ros/lib/yolov8_ros
[0.415s] Installing detect_3d_node script to /home/robo/llagoeiro/MiniMarketSecurity/ros2_yolo_ws/install/yolov8_ros/lib/yolov8_ros
[0.415s] Installing tracking_node script to /home/robo/llagoeiro/MiniMarketSecurity/ros2_yolo_ws/install/yolov8_ros/lib/yolov8_ros
[0.415s] Installing yolov8_node script to /home/robo/llagoeiro/MiniMarketSecurity/ros2_yolo_ws/install/yolov8_ros/lib/yolov8_ros
[0.415s] writing list of installed files to '/home/robo/llagoeiro/MiniMarketSecurity/ros2_yolo_ws/build/yolov8_ros/install.log'
[0.427s] Invoked command in '/home/robo/llagoeiro/MiniMarketSecurity/ros2_yolo_ws/src/yolov8_ros/yolov8_ros' returned '0': AMENT_PREFIX_PATH=/home/robo/llagoeiro/MiniMarketSecurity/ros2_yolo_ws/install/yolov8_msgs:${AMENT_PREFIX_PATH} CMAKE_PREFIX_PATH=/home/robo/llagoeiro/MiniMarketSecurity/ros2_yolo_ws/install/yolov8_msgs LD_LIBRARY_PATH=/home/robo/llagoeiro/MiniMarketSecurity/ros2_yolo_ws/install/yolov8_msgs/lib:${LD_LIBRARY_PATH} PYTHONPATH=/home/robo/llagoeiro/MiniMarketSecurity/ros2_yolo_ws/build/yolov8_ros/prefix_override:/usr/lib/python3/dist-packages/colcon_core/task/python/colcon_distutils_commands:/home/robo/llagoeiro/MiniMarketSecurity/ros2_yolo_ws/install/yolov8_ros/lib/python3.10/site-packages:/home/robo/llagoeiro/MiniMarketSecurity/ros2_yolo_ws/install/yolov8_msgs/local/lib/python3.10/dist-packages:${PYTHONPATH} /usr/bin/python3 -W ignore:setup.py install is deprecated setup.py egg_info --egg-base ../../../build/yolov8_ros build --build-base /home/robo/llagoeiro/MiniMarketSecurity/ros2_yolo_ws/build/yolov8_ros/build install --record /home/robo/llagoeiro/MiniMarketSecurity/ros2_yolo_ws/build/yolov8_ros/install.log --single-version-externally-managed install_data
