-- The C compiler identification is GNU 11.4.0
-- The CXX compiler identification is GNU 11.4.0
-- Detecting C compiler ABI info
-- Detecting C compiler ABI info - done
-- Check for working C compiler: /usr/bin/cc - skipped
-- Detecting C compile features
-- Detecting C compile features - done
-- Detecting CXX compiler ABI info
-- Detecting CXX compiler ABI info - done
-- Check for working CXX compiler: /usr/bin/c++ - skipped
-- Detecting CXX compile features
-- Detecting CXX compile features - done
-- Found ament_cmake: 1.3.10 (/opt/ros/humble/share/ament_cmake/cmake)
-- Found Python3: /usr/bin/python3 (found version "3.10.12") found components: Interpreter 
-- Override CMake install command with custom implementation using symlinks instead of copying resources
-- Configuring done
-- Generating done
-- Build files have been written to: /home/llagoeiro/Desktop/FEI/8_semestre/VisaoComputacionalFolder/projeto-visaoComputaria/build/yolov8_bringup
-- Install configuration: ""
-- Execute custom install script
-- Symlinking: /home/llagoeiro/Desktop/FEI/8_semestre/VisaoComputacionalFolder/projeto-visaoComputaria/install/yolov8_bringup/share/yolov8_bringup//launch/yolo-nas.launch.py
-- Symlinking: /home/llagoeiro/Desktop/FEI/8_semestre/VisaoComputacionalFolder/projeto-visaoComputaria/install/yolov8_bringup/share/yolov8_bringup//launch/yolov10.launch.py
-- Symlinking: /home/llagoeiro/Desktop/FEI/8_semestre/VisaoComputacionalFolder/projeto-visaoComputaria/install/yolov8_bringup/share/yolov8_bringup//launch/yolov11.launch.py
-- Symlinking: /home/llagoeiro/Desktop/FEI/8_semestre/VisaoComputacionalFolder/projeto-visaoComputaria/install/yolov8_bringup/share/yolov8_bringup//launch/yolov5.launch.py
-- Symlinking: /home/llagoeiro/Desktop/FEI/8_semestre/VisaoComputacionalFolder/projeto-visaoComputaria/install/yolov8_bringup/share/yolov8_bringup//launch/yolov8.launch.py
-- Symlinking: /home/llagoeiro/Desktop/FEI/8_semestre/VisaoComputacionalFolder/projeto-visaoComputaria/install/yolov8_bringup/share/yolov8_bringup//launch/yolov8_3d.launch.py
-- Symlinking: /home/llagoeiro/Desktop/FEI/8_semestre/VisaoComputacionalFolder/projeto-visaoComputaria/install/yolov8_bringup/share/yolov8_bringup//launch/yolov9.launch.py
-- Symlinking: /home/llagoeiro/Desktop/FEI/8_semestre/VisaoComputacionalFolder/projeto-visaoComputaria/install/yolov8_bringup/share/ament_index/resource_index/package_run_dependencies/yolov8_bringup
-- Symlinking: /home/llagoeiro/Desktop/FEI/8_semestre/VisaoComputacionalFolder/projeto-visaoComputaria/install/yolov8_bringup/share/ament_index/resource_index/parent_prefix_path/yolov8_bringup
-- Symlinking: /home/llagoeiro/Desktop/FEI/8_semestre/VisaoComputacionalFolder/projeto-visaoComputaria/install/yolov8_bringup/share/yolov8_bringup/environment/ament_prefix_path.sh
-- Symlinking: /home/llagoeiro/Desktop/FEI/8_semestre/VisaoComputacionalFolder/projeto-visaoComputaria/install/yolov8_bringup/share/yolov8_bringup/environment/ament_prefix_path.dsv
-- Symlinking: /home/llagoeiro/Desktop/FEI/8_semestre/VisaoComputacionalFolder/projeto-visaoComputaria/install/yolov8_bringup/share/yolov8_bringup/environment/path.sh
-- Symlinking: /home/llagoeiro/Desktop/FEI/8_semestre/VisaoComputacionalFolder/projeto-visaoComputaria/install/yolov8_bringup/share/yolov8_bringup/environment/path.dsv
-- Symlinking: /home/llagoeiro/Desktop/FEI/8_semestre/VisaoComputacionalFolder/projeto-visaoComputaria/install/yolov8_bringup/share/yolov8_bringup/local_setup.bash
-- Symlinking: /home/llagoeiro/Desktop/FEI/8_semestre/VisaoComputacionalFolder/projeto-visaoComputaria/install/yolov8_bringup/share/yolov8_bringup/local_setup.sh
-- Symlinking: /home/llagoeiro/Desktop/FEI/8_semestre/VisaoComputacionalFolder/projeto-visaoComputaria/install/yolov8_bringup/share/yolov8_bringup/local_setup.zsh
-- Symlinking: /home/llagoeiro/Desktop/FEI/8_semestre/VisaoComputacionalFolder/projeto-visaoComputaria/install/yolov8_bringup/share/yolov8_bringup/local_setup.dsv
-- Symlinking: /home/llagoeiro/Desktop/FEI/8_semestre/VisaoComputacionalFolder/projeto-visaoComputaria/install/yolov8_bringup/share/yolov8_bringup/package.dsv
-- Symlinking: /home/llagoeiro/Desktop/FEI/8_semestre/VisaoComputacionalFolder/projeto-visaoComputaria/install/yolov8_bringup/share/ament_index/resource_index/packages/yolov8_bringup
-- Symlinking: /home/llagoeiro/Desktop/FEI/8_semestre/VisaoComputacionalFolder/projeto-visaoComputaria/install/yolov8_bringup/share/yolov8_bringup/cmake/yolov8_bringupConfig.cmake
-- Symlinking: /home/llagoeiro/Desktop/FEI/8_semestre/VisaoComputacionalFolder/projeto-visaoComputaria/install/yolov8_bringup/share/yolov8_bringup/cmake/yolov8_bringupConfig-version.cmake
-- Symlinking: /home/llagoeiro/Desktop/FEI/8_semestre/VisaoComputacionalFolder/projeto-visaoComputaria/install/yolov8_bringup/share/yolov8_bringup/package.xml
