[0.008s] Invoking command in '/home/llagoeiro/Desktop/FEI/8_semestre/VisaoComputacionalFolder/projeto-visaoComputaria/build/yolov8_bringup': AMENT_PREFIX_PATH=/home/llagoeiro/Desktop/FEI/8_semestre/VisaoComputacionalFolder/projeto-visaoComputaria/install/yolov8_ros:/home/llagoeiro/Desktop/FEI/8_semestre/VisaoComputacionalFolder/projeto-visaoComputaria/install/yolov8_msgs:${AMENT_PREFIX_PATH} CMAKE_PREFIX_PATH=/home/llagoeiro/Desktop/FEI/8_semestre/VisaoComputacionalFolder/projeto-visaoComputaria/install/yolov8_msgs:/opt/ros/humble LD_LIBRARY_PATH=/home/llagoeiro/Desktop/FEI/8_semestre/VisaoComputacionalFolder/projeto-visaoComputaria/install/yolov8_msgs/lib:${LD_LIBRARY_PATH} PYTHONPATH=/home/llagoeiro/Desktop/FEI/8_semestre/VisaoComputacionalFolder/projeto-visaoComputaria/build/yolov8_ros:/home/llagoeiro/Desktop/FEI/8_semestre/VisaoComputacionalFolder/projeto-visaoComputaria/install/yolov8_ros/lib/python3.10/site-packages:/home/llagoeiro/Desktop/FEI/8_semestre/VisaoComputacionalFolder/projeto-visaoComputaria/install/yolov8_msgs/local/lib/python3.10/dist-packages:${PYTHONPATH} /usr/bin/cmake /home/llagoeiro/Desktop/FEI/8_semestre/VisaoComputacionalFolder/projeto-visaoComputaria/src/yolov8_bringup -DAMENT_CMAKE_SYMLINK_INSTALL=1 -DCMAKE_INSTALL_PREFIX=/home/llagoeiro/Desktop/FEI/8_semestre/VisaoComputacionalFolder/projeto-visaoComputaria/install/yolov8_bringup
[0.060s] -- The C compiler identification is GNU 11.4.0
[0.103s] -- The CXX compiler identification is GNU 11.4.0
[0.108s] -- Detecting C compiler ABI info
[0.174s] -- Detecting C compiler ABI info - done
[0.182s] -- Check for working C compiler: /usr/bin/cc - skipped
[0.182s] -- Detecting C compile features
[0.182s] -- Detecting C compile features - done
[0.185s] -- Detecting CXX compiler ABI info
[0.250s] -- Detecting CXX compiler ABI info - done
[0.256s] -- Check for working CXX compiler: /usr/bin/c++ - skipped
[0.256s] -- Detecting CXX compile features
[0.257s] -- Detecting CXX compile features - done
[0.259s] -- Found ament_cmake: 1.3.10 (/opt/ros/humble/share/ament_cmake/cmake)
[0.533s] -- Found Python3: /usr/bin/python3 (found version "3.10.12") found components: Interpreter 
[0.580s] -- Override CMake install command with custom implementation using symlinks instead of copying resources
[0.651s] -- Configuring done
[0.652s] -- Generating done
[0.653s] -- Build files have been written to: /home/llagoeiro/Desktop/FEI/8_semestre/VisaoComputacionalFolder/projeto-visaoComputaria/build/yolov8_bringup
[0.657s] Invoked command in '/home/llagoeiro/Desktop/FEI/8_semestre/VisaoComputacionalFolder/projeto-visaoComputaria/build/yolov8_bringup' returned '0': AMENT_PREFIX_PATH=/home/llagoeiro/Desktop/FEI/8_semestre/VisaoComputacionalFolder/projeto-visaoComputaria/install/yolov8_ros:/home/llagoeiro/Desktop/FEI/8_semestre/VisaoComputacionalFolder/projeto-visaoComputaria/install/yolov8_msgs:${AMENT_PREFIX_PATH} CMAKE_PREFIX_PATH=/home/llagoeiro/Desktop/FEI/8_semestre/VisaoComputacionalFolder/projeto-visaoComputaria/install/yolov8_msgs:/opt/ros/humble LD_LIBRARY_PATH=/home/llagoeiro/Desktop/FEI/8_semestre/VisaoComputacionalFolder/projeto-visaoComputaria/install/yolov8_msgs/lib:${LD_LIBRARY_PATH} PYTHONPATH=/home/llagoeiro/Desktop/FEI/8_semestre/VisaoComputacionalFolder/projeto-visaoComputaria/build/yolov8_ros:/home/llagoeiro/Desktop/FEI/8_semestre/VisaoComputacionalFolder/projeto-visaoComputaria/install/yolov8_ros/lib/python3.10/site-packages:/home/llagoeiro/Desktop/FEI/8_semestre/VisaoComputacionalFolder/projeto-visaoComputaria/install/yolov8_msgs/local/lib/python3.10/dist-packages:${PYTHONPATH} /usr/bin/cmake /home/llagoeiro/Desktop/FEI/8_semestre/VisaoComputacionalFolder/projeto-visaoComputaria/src/yolov8_bringup -DAMENT_CMAKE_SYMLINK_INSTALL=1 -DCMAKE_INSTALL_PREFIX=/home/llagoeiro/Desktop/FEI/8_semestre/VisaoComputacionalFolder/projeto-visaoComputaria/install/yolov8_bringup
[0.658s] Invoking command in '/home/llagoeiro/Desktop/FEI/8_semestre/VisaoComputacionalFolder/projeto-visaoComputaria/build/yolov8_bringup': AMENT_PREFIX_PATH=/home/llagoeiro/Desktop/FEI/8_semestre/VisaoComputacionalFolder/projeto-visaoComputaria/install/yolov8_ros:/home/llagoeiro/Desktop/FEI/8_semestre/VisaoComputacionalFolder/projeto-visaoComputaria/install/yolov8_msgs:${AMENT_PREFIX_PATH} CMAKE_PREFIX_PATH=/home/llagoeiro/Desktop/FEI/8_semestre/VisaoComputacionalFolder/projeto-visaoComputaria/install/yolov8_msgs:/opt/ros/humble LD_LIBRARY_PATH=/home/llagoeiro/Desktop/FEI/8_semestre/VisaoComputacionalFolder/projeto-visaoComputaria/install/yolov8_msgs/lib:${LD_LIBRARY_PATH} PYTHONPATH=/home/llagoeiro/Desktop/FEI/8_semestre/VisaoComputacionalFolder/projeto-visaoComputaria/build/yolov8_ros:/home/llagoeiro/Desktop/FEI/8_semestre/VisaoComputacionalFolder/projeto-visaoComputaria/install/yolov8_ros/lib/python3.10/site-packages:/home/llagoeiro/Desktop/FEI/8_semestre/VisaoComputacionalFolder/projeto-visaoComputaria/install/yolov8_msgs/local/lib/python3.10/dist-packages:${PYTHONPATH} /usr/bin/cmake --build /home/llagoeiro/Desktop/FEI/8_semestre/VisaoComputacionalFolder/projeto-visaoComputaria/build/yolov8_bringup -- -j12 -l12
[0.707s] Invoked command in '/home/llagoeiro/Desktop/FEI/8_semestre/VisaoComputacionalFolder/projeto-visaoComputaria/build/yolov8_bringup' returned '0': AMENT_PREFIX_PATH=/home/llagoeiro/Desktop/FEI/8_semestre/VisaoComputacionalFolder/projeto-visaoComputaria/install/yolov8_ros:/home/llagoeiro/Desktop/FEI/8_semestre/VisaoComputacionalFolder/projeto-visaoComputaria/install/yolov8_msgs:${AMENT_PREFIX_PATH} CMAKE_PREFIX_PATH=/home/llagoeiro/Desktop/FEI/8_semestre/VisaoComputacionalFolder/projeto-visaoComputaria/install/yolov8_msgs:/opt/ros/humble LD_LIBRARY_PATH=/home/llagoeiro/Desktop/FEI/8_semestre/VisaoComputacionalFolder/projeto-visaoComputaria/install/yolov8_msgs/lib:${LD_LIBRARY_PATH} PYTHONPATH=/home/llagoeiro/Desktop/FEI/8_semestre/VisaoComputacionalFolder/projeto-visaoComputaria/build/yolov8_ros:/home/llagoeiro/Desktop/FEI/8_semestre/VisaoComputacionalFolder/projeto-visaoComputaria/install/yolov8_ros/lib/python3.10/site-packages:/home/llagoeiro/Desktop/FEI/8_semestre/VisaoComputacionalFolder/projeto-visaoComputaria/install/yolov8_msgs/local/lib/python3.10/dist-packages:${PYTHONPATH} /usr/bin/cmake --build /home/llagoeiro/Desktop/FEI/8_semestre/VisaoComputacionalFolder/projeto-visaoComputaria/build/yolov8_bringup -- -j12 -l12
[0.739s] Invoking command in '/home/llagoeiro/Desktop/FEI/8_semestre/VisaoComputacionalFolder/projeto-visaoComputaria/build/yolov8_bringup': AMENT_PREFIX_PATH=/home/llagoeiro/Desktop/FEI/8_semestre/VisaoComputacionalFolder/projeto-visaoComputaria/install/yolov8_ros:/home/llagoeiro/Desktop/FEI/8_semestre/VisaoComputacionalFolder/projeto-visaoComputaria/install/yolov8_msgs:${AMENT_PREFIX_PATH} CMAKE_PREFIX_PATH=/home/llagoeiro/Desktop/FEI/8_semestre/VisaoComputacionalFolder/projeto-visaoComputaria/install/yolov8_msgs:/opt/ros/humble LD_LIBRARY_PATH=/home/llagoeiro/Desktop/FEI/8_semestre/VisaoComputacionalFolder/projeto-visaoComputaria/install/yolov8_msgs/lib:${LD_LIBRARY_PATH} PYTHONPATH=/home/llagoeiro/Desktop/FEI/8_semestre/VisaoComputacionalFolder/projeto-visaoComputaria/build/yolov8_ros:/home/llagoeiro/Desktop/FEI/8_semestre/VisaoComputacionalFolder/projeto-visaoComputaria/install/yolov8_ros/lib/python3.10/site-packages:/home/llagoeiro/Desktop/FEI/8_semestre/VisaoComputacionalFolder/projeto-visaoComputaria/install/yolov8_msgs/local/lib/python3.10/dist-packages:${PYTHONPATH} /usr/bin/cmake --install /home/llagoeiro/Desktop/FEI/8_semestre/VisaoComputacionalFolder/projeto-visaoComputaria/build/yolov8_bringup
[0.748s] -- Install configuration: ""
[0.748s] -- Execute custom install script
[0.749s] -- Symlinking: /home/llagoeiro/Desktop/FEI/8_semestre/VisaoComputacionalFolder/projeto-visaoComputaria/install/yolov8_bringup/share/yolov8_bringup//launch/yolo-nas.launch.py
[0.759s] -- Symlinking: /home/llagoeiro/Desktop/FEI/8_semestre/VisaoComputacionalFolder/projeto-visaoComputaria/install/yolov8_bringup/share/yolov8_bringup//launch/yolov10.launch.py
[0.767s] -- Symlinking: /home/llagoeiro/Desktop/FEI/8_semestre/VisaoComputacionalFolder/projeto-visaoComputaria/install/yolov8_bringup/share/yolov8_bringup//launch/yolov11.launch.py
[0.775s] -- Symlinking: /home/llagoeiro/Desktop/FEI/8_semestre/VisaoComputacionalFolder/projeto-visaoComputaria/install/yolov8_bringup/share/yolov8_bringup//launch/yolov5.launch.py
[0.786s] -- Symlinking: /home/llagoeiro/Desktop/FEI/8_semestre/VisaoComputacionalFolder/projeto-visaoComputaria/install/yolov8_bringup/share/yolov8_bringup//launch/yolov8.launch.py
[0.798s] -- Symlinking: /home/llagoeiro/Desktop/FEI/8_semestre/VisaoComputacionalFolder/projeto-visaoComputaria/install/yolov8_bringup/share/yolov8_bringup//launch/yolov8_3d.launch.py
[0.806s] -- Symlinking: /home/llagoeiro/Desktop/FEI/8_semestre/VisaoComputacionalFolder/projeto-visaoComputaria/install/yolov8_bringup/share/yolov8_bringup//launch/yolov9.launch.py
[0.818s] -- Symlinking: /home/llagoeiro/Desktop/FEI/8_semestre/VisaoComputacionalFolder/projeto-visaoComputaria/install/yolov8_bringup/share/ament_index/resource_index/package_run_dependencies/yolov8_bringup
[0.826s] -- Symlinking: /home/llagoeiro/Desktop/FEI/8_semestre/VisaoComputacionalFolder/projeto-visaoComputaria/install/yolov8_bringup/share/ament_index/resource_index/parent_prefix_path/yolov8_bringup
[0.833s] -- Symlinking: /home/llagoeiro/Desktop/FEI/8_semestre/VisaoComputacionalFolder/projeto-visaoComputaria/install/yolov8_bringup/share/yolov8_bringup/environment/ament_prefix_path.sh
[0.840s] -- Symlinking: /home/llagoeiro/Desktop/FEI/8_semestre/VisaoComputacionalFolder/projeto-visaoComputaria/install/yolov8_bringup/share/yolov8_bringup/environment/ament_prefix_path.dsv
[0.848s] -- Symlinking: /home/llagoeiro/Desktop/FEI/8_semestre/VisaoComputacionalFolder/projeto-visaoComputaria/install/yolov8_bringup/share/yolov8_bringup/environment/path.sh
[0.856s] -- Symlinking: /home/llagoeiro/Desktop/FEI/8_semestre/VisaoComputacionalFolder/projeto-visaoComputaria/install/yolov8_bringup/share/yolov8_bringup/environment/path.dsv
[0.863s] -- Symlinking: /home/llagoeiro/Desktop/FEI/8_semestre/VisaoComputacionalFolder/projeto-visaoComputaria/install/yolov8_bringup/share/yolov8_bringup/local_setup.bash
[0.871s] -- Symlinking: /home/llagoeiro/Desktop/FEI/8_semestre/VisaoComputacionalFolder/projeto-visaoComputaria/install/yolov8_bringup/share/yolov8_bringup/local_setup.sh
[0.877s] -- Symlinking: /home/llagoeiro/Desktop/FEI/8_semestre/VisaoComputacionalFolder/projeto-visaoComputaria/install/yolov8_bringup/share/yolov8_bringup/local_setup.zsh
[0.884s] -- Symlinking: /home/llagoeiro/Desktop/FEI/8_semestre/VisaoComputacionalFolder/projeto-visaoComputaria/install/yolov8_bringup/share/yolov8_bringup/local_setup.dsv
[0.892s] -- Symlinking: /home/llagoeiro/Desktop/FEI/8_semestre/VisaoComputacionalFolder/projeto-visaoComputaria/install/yolov8_bringup/share/yolov8_bringup/package.dsv
[0.900s] -- Symlinking: /home/llagoeiro/Desktop/FEI/8_semestre/VisaoComputacionalFolder/projeto-visaoComputaria/install/yolov8_bringup/share/ament_index/resource_index/packages/yolov8_bringup
[0.906s] -- Symlinking: /home/llagoeiro/Desktop/FEI/8_semestre/VisaoComputacionalFolder/projeto-visaoComputaria/install/yolov8_bringup/share/yolov8_bringup/cmake/yolov8_bringupConfig.cmake
[0.912s] -- Symlinking: /home/llagoeiro/Desktop/FEI/8_semestre/VisaoComputacionalFolder/projeto-visaoComputaria/install/yolov8_bringup/share/yolov8_bringup/cmake/yolov8_bringupConfig-version.cmake
[0.922s] -- Symlinking: /home/llagoeiro/Desktop/FEI/8_semestre/VisaoComputacionalFolder/projeto-visaoComputaria/install/yolov8_bringup/share/yolov8_bringup/package.xml
[0.933s] Invoked command in '/home/llagoeiro/Desktop/FEI/8_semestre/VisaoComputacionalFolder/projeto-visaoComputaria/build/yolov8_bringup' returned '0': AMENT_PREFIX_PATH=/home/llagoeiro/Desktop/FEI/8_semestre/VisaoComputacionalFolder/projeto-visaoComputaria/install/yolov8_ros:/home/llagoeiro/Desktop/FEI/8_semestre/VisaoComputacionalFolder/projeto-visaoComputaria/install/yolov8_msgs:${AMENT_PREFIX_PATH} CMAKE_PREFIX_PATH=/home/llagoeiro/Desktop/FEI/8_semestre/VisaoComputacionalFolder/projeto-visaoComputaria/install/yolov8_msgs:/opt/ros/humble LD_LIBRARY_PATH=/home/llagoeiro/Desktop/FEI/8_semestre/VisaoComputacionalFolder/projeto-visaoComputaria/install/yolov8_msgs/lib:${LD_LIBRARY_PATH} PYTHONPATH=/home/llagoeiro/Desktop/FEI/8_semestre/VisaoComputacionalFolder/projeto-visaoComputaria/build/yolov8_ros:/home/llagoeiro/Desktop/FEI/8_semestre/VisaoComputacionalFolder/projeto-visaoComputaria/install/yolov8_ros/lib/python3.10/site-packages:/home/llagoeiro/Desktop/FEI/8_semestre/VisaoComputacionalFolder/projeto-visaoComputaria/install/yolov8_msgs/local/lib/python3.10/dist-packages:${PYTHONPATH} /usr/bin/cmake --install /home/llagoeiro/Desktop/FEI/8_semestre/VisaoComputacionalFolder/projeto-visaoComputaria/build/yolov8_bringup
