[0.133s] DEBUG:colcon:Command line arguments: ['/usr/bin/colcon', 'build', '--symlink-install']
[0.134s] DEBUG:colcon:Parsed command line arguments: Namespace(log_base=None, log_level=None, verb_name='build', build_base='build', install_base='install', merge_install=False, symlink_install=True, test_result_base=None, continue_on_error=False, executor='parallel', parallel_workers=8, event_handlers=None, ignore_user_meta=False, metas=['./colcon.meta'], base_paths=['.'], packages_ignore=None, packages_ignore_regex=None, paths=None, packages_up_to=None, packages_up_to_regex=None, packages_above=None, packages_above_and_dependencies=None, packages_above_depth=None, packages_select_by_dep=None, packages_skip_by_dep=None, packages_skip_up_to=None, packages_select_build_failed=False, packages_skip_build_finished=False, packages_select_test_failures=False, packages_skip_test_passed=False, packages_select=None, packages_skip=None, packages_select_regex=None, packages_skip_regex=None, packages_start=None, packages_end=None, allow_overriding=[], cmake_args=None, cmake_target=None, cmake_target_skip_unavailable=False, cmake_clean_cache=False, cmake_clean_first=False, cmake_force_configure=False, ament_cmake_args=None, catkin_cmake_args=None, catkin_skip_building_tests=False, verb_parser=<colcon_defaults.argument_parser.defaults.DefaultArgumentsDecorator object at 0x7321498329b0>, verb_extension=<colcon_core.verb.build.BuildVerb object at 0x73214993f640>, main=<bound method BuildVerb.main of <colcon_core.verb.build.BuildVerb object at 0x73214993f640>>)
[0.170s] Level 1:colcon.colcon_core.package_discovery:discover_packages(colcon_meta) check parameters
[0.171s] Level 1:colcon.colcon_core.package_discovery:discover_packages(recursive) check parameters
[0.171s] Level 1:colcon.colcon_core.package_discovery:discover_packages(ignore) check parameters
[0.171s] Level 1:colcon.colcon_core.package_discovery:discover_packages(path) check parameters
[0.171s] Level 1:colcon.colcon_core.package_discovery:discover_packages(colcon_meta) discover
[0.171s] Level 1:colcon.colcon_core.package_discovery:discover_packages(recursive) discover
[0.171s] INFO:colcon.colcon_core.package_discovery:Crawling recursively for packages in '/home/robo/Desktop/lagoeiro/MiniMarketSecurity/MiniMarketSecurity'
[0.171s] Level 1:colcon.colcon_core.package_identification:_identify(.) by extensions ['ignore', 'ignore_ament_install']
[0.171s] Level 1:colcon.colcon_core.package_identification:_identify(.) by extension 'ignore'
[0.171s] Level 1:colcon.colcon_core.package_identification:_identify(.) by extension 'ignore_ament_install'
[0.171s] Level 1:colcon.colcon_core.package_identification:_identify(.) by extensions ['colcon_pkg']
[0.171s] Level 1:colcon.colcon_core.package_identification:_identify(.) by extension 'colcon_pkg'
[0.171s] Level 1:colcon.colcon_core.package_identification:_identify(.) by extensions ['colcon_meta']
[0.171s] Level 1:colcon.colcon_core.package_identification:_identify(.) by extension 'colcon_meta'
[0.171s] Level 1:colcon.colcon_core.package_identification:_identify(.) by extensions ['ros']
[0.172s] Level 1:colcon.colcon_core.package_identification:_identify(.) by extension 'ros'
[0.187s] Level 1:colcon.colcon_core.package_identification:_identify(.) by extensions ['cmake', 'python']
[0.187s] Level 1:colcon.colcon_core.package_identification:_identify(.) by extension 'cmake'
[0.188s] Level 1:colcon.colcon_core.package_identification:_identify(.) by extension 'python'
[0.188s] Level 1:colcon.colcon_core.package_identification:_identify(.) by extensions ['python_setup_py']
[0.188s] Level 1:colcon.colcon_core.package_identification:_identify(.) by extension 'python_setup_py'
[0.188s] Level 1:colcon.colcon_core.package_identification:_identify(build) by extensions ['ignore', 'ignore_ament_install']
[0.188s] Level 1:colcon.colcon_core.package_identification:_identify(build) by extension 'ignore'
[0.188s] Level 1:colcon.colcon_core.package_identification:_identify(build) ignored
[0.188s] Level 1:colcon.colcon_core.package_identification:_identify(install) by extensions ['ignore', 'ignore_ament_install']
[0.188s] Level 1:colcon.colcon_core.package_identification:_identify(install) by extension 'ignore'
[0.188s] Level 1:colcon.colcon_core.package_identification:_identify(install) ignored
[0.188s] Level 1:colcon.colcon_core.package_identification:_identify(log) by extensions ['ignore', 'ignore_ament_install']
[0.189s] Level 1:colcon.colcon_core.package_identification:_identify(log) by extension 'ignore'
[0.189s] Level 1:colcon.colcon_core.package_identification:_identify(log) ignored
[0.189s] Level 1:colcon.colcon_core.package_identification:_identify(src) by extensions ['ignore', 'ignore_ament_install']
[0.189s] Level 1:colcon.colcon_core.package_identification:_identify(src) by extension 'ignore'
[0.189s] Level 1:colcon.colcon_core.package_identification:_identify(src) by extension 'ignore_ament_install'
[0.189s] Level 1:colcon.colcon_core.package_identification:_identify(src) by extensions ['colcon_pkg']
[0.189s] Level 1:colcon.colcon_core.package_identification:_identify(src) by extension 'colcon_pkg'
[0.189s] Level 1:colcon.colcon_core.package_identification:_identify(src) by extensions ['colcon_meta']
[0.189s] Level 1:colcon.colcon_core.package_identification:_identify(src) by extension 'colcon_meta'
[0.189s] Level 1:colcon.colcon_core.package_identification:_identify(src) by extensions ['ros']
[0.189s] Level 1:colcon.colcon_core.package_identification:_identify(src) by extension 'ros'
[0.189s] Level 1:colcon.colcon_core.package_identification:_identify(src) by extensions ['cmake', 'python']
[0.189s] Level 1:colcon.colcon_core.package_identification:_identify(src) by extension 'cmake'
[0.189s] Level 1:colcon.colcon_core.package_identification:_identify(src) by extension 'python'
[0.189s] Level 1:colcon.colcon_core.package_identification:_identify(src) by extensions ['python_setup_py']
[0.189s] Level 1:colcon.colcon_core.package_identification:_identify(src) by extension 'python_setup_py'
[0.190s] Level 1:colcon.colcon_core.package_identification:_identify(src/opencv_tools) by extensions ['ignore', 'ignore_ament_install']
[0.190s] Level 1:colcon.colcon_core.package_identification:_identify(src/opencv_tools) by extension 'ignore'
[0.190s] Level 1:colcon.colcon_core.package_identification:_identify(src/opencv_tools) by extension 'ignore_ament_install'
[0.190s] Level 1:colcon.colcon_core.package_identification:_identify(src/opencv_tools) by extensions ['colcon_pkg']
[0.190s] Level 1:colcon.colcon_core.package_identification:_identify(src/opencv_tools) by extension 'colcon_pkg'
[0.190s] Level 1:colcon.colcon_core.package_identification:_identify(src/opencv_tools) by extensions ['colcon_meta']
[0.190s] Level 1:colcon.colcon_core.package_identification:_identify(src/opencv_tools) by extension 'colcon_meta'
[0.190s] Level 1:colcon.colcon_core.package_identification:_identify(src/opencv_tools) by extensions ['ros']
[0.190s] Level 1:colcon.colcon_core.package_identification:_identify(src/opencv_tools) by extension 'ros'
[0.193s] DEBUG:colcon.colcon_core.package_identification:Package 'src/opencv_tools' with type 'ros.ament_python' and name 'opencv_tools'
[0.193s] Level 1:colcon.colcon_core.package_identification:_identify(src/yolov8_bringup) by extensions ['ignore', 'ignore_ament_install']
[0.193s] Level 1:colcon.colcon_core.package_identification:_identify(src/yolov8_bringup) by extension 'ignore'
[0.193s] Level 1:colcon.colcon_core.package_identification:_identify(src/yolov8_bringup) by extension 'ignore_ament_install'
[0.194s] Level 1:colcon.colcon_core.package_identification:_identify(src/yolov8_bringup) by extensions ['colcon_pkg']
[0.194s] Level 1:colcon.colcon_core.package_identification:_identify(src/yolov8_bringup) by extension 'colcon_pkg'
[0.194s] Level 1:colcon.colcon_core.package_identification:_identify(src/yolov8_bringup) by extensions ['colcon_meta']
[0.194s] Level 1:colcon.colcon_core.package_identification:_identify(src/yolov8_bringup) by extension 'colcon_meta'
[0.194s] Level 1:colcon.colcon_core.package_identification:_identify(src/yolov8_bringup) by extensions ['ros']
[0.194s] Level 1:colcon.colcon_core.package_identification:_identify(src/yolov8_bringup) by extension 'ros'
[0.194s] DEBUG:colcon.colcon_core.package_identification:Package 'src/yolov8_bringup' with type 'ros.ament_cmake' and name 'yolov8_bringup'
[0.195s] Level 1:colcon.colcon_core.package_identification:_identify(src/yolov8_msgs) by extensions ['ignore', 'ignore_ament_install']
[0.195s] Level 1:colcon.colcon_core.package_identification:_identify(src/yolov8_msgs) by extension 'ignore'
[0.195s] Level 1:colcon.colcon_core.package_identification:_identify(src/yolov8_msgs) by extension 'ignore_ament_install'
[0.195s] Level 1:colcon.colcon_core.package_identification:_identify(src/yolov8_msgs) by extensions ['colcon_pkg']
[0.195s] Level 1:colcon.colcon_core.package_identification:_identify(src/yolov8_msgs) by extension 'colcon_pkg'
[0.195s] Level 1:colcon.colcon_core.package_identification:_identify(src/yolov8_msgs) by extensions ['colcon_meta']
[0.195s] Level 1:colcon.colcon_core.package_identification:_identify(src/yolov8_msgs) by extension 'colcon_meta'
[0.195s] Level 1:colcon.colcon_core.package_identification:_identify(src/yolov8_msgs) by extensions ['ros']
[0.195s] Level 1:colcon.colcon_core.package_identification:_identify(src/yolov8_msgs) by extension 'ros'
[0.196s] DEBUG:colcon.colcon_core.package_identification:Package 'src/yolov8_msgs' with type 'ros.ament_cmake' and name 'yolov8_msgs'
[0.196s] Level 1:colcon.colcon_core.package_identification:_identify(src/yolov8_ros) by extensions ['ignore', 'ignore_ament_install']
[0.196s] Level 1:colcon.colcon_core.package_identification:_identify(src/yolov8_ros) by extension 'ignore'
[0.196s] Level 1:colcon.colcon_core.package_identification:_identify(src/yolov8_ros) by extension 'ignore_ament_install'
[0.196s] Level 1:colcon.colcon_core.package_identification:_identify(src/yolov8_ros) by extensions ['colcon_pkg']
[0.196s] Level 1:colcon.colcon_core.package_identification:_identify(src/yolov8_ros) by extension 'colcon_pkg'
[0.196s] Level 1:colcon.colcon_core.package_identification:_identify(src/yolov8_ros) by extensions ['colcon_meta']
[0.196s] Level 1:colcon.colcon_core.package_identification:_identify(src/yolov8_ros) by extension 'colcon_meta'
[0.197s] Level 1:colcon.colcon_core.package_identification:_identify(src/yolov8_ros) by extensions ['ros']
[0.197s] Level 1:colcon.colcon_core.package_identification:_identify(src/yolov8_ros) by extension 'ros'
[0.197s] DEBUG:colcon.colcon_core.package_identification:Package 'src/yolov8_ros' with type 'ros.ament_python' and name 'yolov8_ros'
[0.197s] Level 1:colcon.colcon_core.package_identification:_identify(weights) by extensions ['ignore', 'ignore_ament_install']
[0.198s] Level 1:colcon.colcon_core.package_identification:_identify(weights) by extension 'ignore'
[0.198s] Level 1:colcon.colcon_core.package_identification:_identify(weights) by extension 'ignore_ament_install'
[0.198s] Level 1:colcon.colcon_core.package_identification:_identify(weights) by extensions ['colcon_pkg']
[0.198s] Level 1:colcon.colcon_core.package_identification:_identify(weights) by extension 'colcon_pkg'
[0.198s] Level 1:colcon.colcon_core.package_identification:_identify(weights) by extensions ['colcon_meta']
[0.198s] Level 1:colcon.colcon_core.package_identification:_identify(weights) by extension 'colcon_meta'
[0.198s] Level 1:colcon.colcon_core.package_identification:_identify(weights) by extensions ['ros']
[0.198s] Level 1:colcon.colcon_core.package_identification:_identify(weights) by extension 'ros'
[0.198s] Level 1:colcon.colcon_core.package_identification:_identify(weights) by extensions ['cmake', 'python']
[0.198s] Level 1:colcon.colcon_core.package_identification:_identify(weights) by extension 'cmake'
[0.198s] Level 1:colcon.colcon_core.package_identification:_identify(weights) by extension 'python'
[0.198s] Level 1:colcon.colcon_core.package_identification:_identify(weights) by extensions ['python_setup_py']
[0.198s] Level 1:colcon.colcon_core.package_identification:_identify(weights) by extension 'python_setup_py'
[0.198s] Level 1:colcon.colcon_core.package_identification:_identify(weightsFoods) by extensions ['ignore', 'ignore_ament_install']
[0.199s] Level 1:colcon.colcon_core.package_identification:_identify(weightsFoods) by extension 'ignore'
[0.199s] Level 1:colcon.colcon_core.package_identification:_identify(weightsFoods) by extension 'ignore_ament_install'
[0.199s] Level 1:colcon.colcon_core.package_identification:_identify(weightsFoods) by extensions ['colcon_pkg']
[0.199s] Level 1:colcon.colcon_core.package_identification:_identify(weightsFoods) by extension 'colcon_pkg'
[0.199s] Level 1:colcon.colcon_core.package_identification:_identify(weightsFoods) by extensions ['colcon_meta']
[0.199s] Level 1:colcon.colcon_core.package_identification:_identify(weightsFoods) by extension 'colcon_meta'
[0.199s] Level 1:colcon.colcon_core.package_identification:_identify(weightsFoods) by extensions ['ros']
[0.199s] Level 1:colcon.colcon_core.package_identification:_identify(weightsFoods) by extension 'ros'
[0.199s] Level 1:colcon.colcon_core.package_identification:_identify(weightsFoods) by extensions ['cmake', 'python']
[0.199s] Level 1:colcon.colcon_core.package_identification:_identify(weightsFoods) by extension 'cmake'
[0.199s] Level 1:colcon.colcon_core.package_identification:_identify(weightsFoods) by extension 'python'
[0.199s] Level 1:colcon.colcon_core.package_identification:_identify(weightsFoods) by extensions ['python_setup_py']
[0.199s] Level 1:colcon.colcon_core.package_identification:_identify(weightsFoods) by extension 'python_setup_py'
[0.199s] Level 1:colcon.colcon_core.package_discovery:discover_packages(recursive) using defaults
[0.199s] Level 1:colcon.colcon_core.package_discovery:discover_packages(ignore) discover
[0.200s] Level 1:colcon.colcon_core.package_discovery:discover_packages(ignore) using defaults
[0.200s] Level 1:colcon.colcon_core.package_discovery:discover_packages(path) discover
[0.200s] Level 1:colcon.colcon_core.package_discovery:discover_packages(path) using defaults
[0.225s] Level 1:colcon.colcon_core.package_discovery:discover_packages(prefix_path) check parameters
[0.225s] Level 1:colcon.colcon_core.package_discovery:discover_packages(prefix_path) discover
[0.229s] DEBUG:colcon.colcon_installed_package_information.package_discovery:Found 4 installed packages in /home/robo/Desktop/lagoeiro/MiniMarketSecurity/MiniMarketSecurity/install
[0.231s] DEBUG:colcon.colcon_installed_package_information.package_discovery:Found 279 installed packages in /opt/ros/humble
[0.232s] Level 1:colcon.colcon_core.package_discovery:discover_packages(prefix_path) using defaults
[0.272s] Level 5:colcon.colcon_core.verb:set package 'opencv_tools' build argument 'cmake_args' from command line to 'None'
[0.272s] Level 5:colcon.colcon_core.verb:set package 'opencv_tools' build argument 'cmake_target' from command line to 'None'
[0.272s] Level 5:colcon.colcon_core.verb:set package 'opencv_tools' build argument 'cmake_target_skip_unavailable' from command line to 'False'
[0.272s] Level 5:colcon.colcon_core.verb:set package 'opencv_tools' build argument 'cmake_clean_cache' from command line to 'False'
[0.272s] Level 5:colcon.colcon_core.verb:set package 'opencv_tools' build argument 'cmake_clean_first' from command line to 'False'
[0.272s] Level 5:colcon.colcon_core.verb:set package 'opencv_tools' build argument 'cmake_force_configure' from command line to 'False'
[0.272s] Level 5:colcon.colcon_core.verb:set package 'opencv_tools' build argument 'ament_cmake_args' from command line to 'None'
[0.272s] Level 5:colcon.colcon_core.verb:set package 'opencv_tools' build argument 'catkin_cmake_args' from command line to 'None'
[0.272s] Level 5:colcon.colcon_core.verb:set package 'opencv_tools' build argument 'catkin_skip_building_tests' from command line to 'False'
[0.272s] DEBUG:colcon.colcon_core.verb:Building package 'opencv_tools' with the following arguments: {'ament_cmake_args': None, 'build_base': '/home/robo/Desktop/lagoeiro/MiniMarketSecurity/MiniMarketSecurity/build/opencv_tools', 'catkin_cmake_args': None, 'catkin_skip_building_tests': False, 'cmake_args': None, 'cmake_clean_cache': False, 'cmake_clean_first': False, 'cmake_force_configure': False, 'cmake_target': None, 'cmake_target_skip_unavailable': False, 'install_base': '/home/robo/Desktop/lagoeiro/MiniMarketSecurity/MiniMarketSecurity/install/opencv_tools', 'merge_install': False, 'path': '/home/robo/Desktop/lagoeiro/MiniMarketSecurity/MiniMarketSecurity/src/opencv_tools', 'symlink_install': True, 'test_result_base': None}
[0.272s] Level 5:colcon.colcon_core.verb:set package 'yolov8_msgs' build argument 'cmake_args' from command line to 'None'
[0.272s] Level 5:colcon.colcon_core.verb:set package 'yolov8_msgs' build argument 'cmake_target' from command line to 'None'
[0.272s] Level 5:colcon.colcon_core.verb:set package 'yolov8_msgs' build argument 'cmake_target_skip_unavailable' from command line to 'False'
[0.272s] Level 5:colcon.colcon_core.verb:set package 'yolov8_msgs' build argument 'cmake_clean_cache' from command line to 'False'
[0.273s] Level 5:colcon.colcon_core.verb:set package 'yolov8_msgs' build argument 'cmake_clean_first' from command line to 'False'
[0.273s] Level 5:colcon.colcon_core.verb:set package 'yolov8_msgs' build argument 'cmake_force_configure' from command line to 'False'
[0.273s] Level 5:colcon.colcon_core.verb:set package 'yolov8_msgs' build argument 'ament_cmake_args' from command line to 'None'
[0.273s] Level 5:colcon.colcon_core.verb:set package 'yolov8_msgs' build argument 'catkin_cmake_args' from command line to 'None'
[0.273s] Level 5:colcon.colcon_core.verb:set package 'yolov8_msgs' build argument 'catkin_skip_building_tests' from command line to 'False'
[0.273s] DEBUG:colcon.colcon_core.verb:Building package 'yolov8_msgs' with the following arguments: {'ament_cmake_args': None, 'build_base': '/home/robo/Desktop/lagoeiro/MiniMarketSecurity/MiniMarketSecurity/build/yolov8_msgs', 'catkin_cmake_args': None, 'catkin_skip_building_tests': False, 'cmake_args': None, 'cmake_clean_cache': False, 'cmake_clean_first': False, 'cmake_force_configure': False, 'cmake_target': None, 'cmake_target_skip_unavailable': False, 'install_base': '/home/robo/Desktop/lagoeiro/MiniMarketSecurity/MiniMarketSecurity/install/yolov8_msgs', 'merge_install': False, 'path': '/home/robo/Desktop/lagoeiro/MiniMarketSecurity/MiniMarketSecurity/src/yolov8_msgs', 'symlink_install': True, 'test_result_base': None}
[0.273s] Level 5:colcon.colcon_core.verb:set package 'yolov8_ros' build argument 'cmake_args' from command line to 'None'
[0.273s] Level 5:colcon.colcon_core.verb:set package 'yolov8_ros' build argument 'cmake_target' from command line to 'None'
[0.273s] Level 5:colcon.colcon_core.verb:set package 'yolov8_ros' build argument 'cmake_target_skip_unavailable' from command line to 'False'
[0.273s] Level 5:colcon.colcon_core.verb:set package 'yolov8_ros' build argument 'cmake_clean_cache' from command line to 'False'
[0.273s] Level 5:colcon.colcon_core.verb:set package 'yolov8_ros' build argument 'cmake_clean_first' from command line to 'False'
[0.273s] Level 5:colcon.colcon_core.verb:set package 'yolov8_ros' build argument 'cmake_force_configure' from command line to 'False'
[0.273s] Level 5:colcon.colcon_core.verb:set package 'yolov8_ros' build argument 'ament_cmake_args' from command line to 'None'
[0.273s] Level 5:colcon.colcon_core.verb:set package 'yolov8_ros' build argument 'catkin_cmake_args' from command line to 'None'
[0.273s] Level 5:colcon.colcon_core.verb:set package 'yolov8_ros' build argument 'catkin_skip_building_tests' from command line to 'False'
[0.273s] DEBUG:colcon.colcon_core.verb:Building package 'yolov8_ros' with the following arguments: {'ament_cmake_args': None, 'build_base': '/home/robo/Desktop/lagoeiro/MiniMarketSecurity/MiniMarketSecurity/build/yolov8_ros', 'catkin_cmake_args': None, 'catkin_skip_building_tests': False, 'cmake_args': None, 'cmake_clean_cache': False, 'cmake_clean_first': False, 'cmake_force_configure': False, 'cmake_target': None, 'cmake_target_skip_unavailable': False, 'install_base': '/home/robo/Desktop/lagoeiro/MiniMarketSecurity/MiniMarketSecurity/install/yolov8_ros', 'merge_install': False, 'path': '/home/robo/Desktop/lagoeiro/MiniMarketSecurity/MiniMarketSecurity/src/yolov8_ros', 'symlink_install': True, 'test_result_base': None}
[0.274s] Level 5:colcon.colcon_core.verb:set package 'yolov8_bringup' build argument 'cmake_args' from command line to 'None'
[0.274s] Level 5:colcon.colcon_core.verb:set package 'yolov8_bringup' build argument 'cmake_target' from command line to 'None'
[0.274s] Level 5:colcon.colcon_core.verb:set package 'yolov8_bringup' build argument 'cmake_target_skip_unavailable' from command line to 'False'
[0.274s] Level 5:colcon.colcon_core.verb:set package 'yolov8_bringup' build argument 'cmake_clean_cache' from command line to 'False'
[0.274s] Level 5:colcon.colcon_core.verb:set package 'yolov8_bringup' build argument 'cmake_clean_first' from command line to 'False'
[0.274s] Level 5:colcon.colcon_core.verb:set package 'yolov8_bringup' build argument 'cmake_force_configure' from command line to 'False'
[0.274s] Level 5:colcon.colcon_core.verb:set package 'yolov8_bringup' build argument 'ament_cmake_args' from command line to 'None'
[0.274s] Level 5:colcon.colcon_core.verb:set package 'yolov8_bringup' build argument 'catkin_cmake_args' from command line to 'None'
[0.274s] Level 5:colcon.colcon_core.verb:set package 'yolov8_bringup' build argument 'catkin_skip_building_tests' from command line to 'False'
[0.274s] DEBUG:colcon.colcon_core.verb:Building package 'yolov8_bringup' with the following arguments: {'ament_cmake_args': None, 'build_base': '/home/robo/Desktop/lagoeiro/MiniMarketSecurity/MiniMarketSecurity/build/yolov8_bringup', 'catkin_cmake_args': None, 'catkin_skip_building_tests': False, 'cmake_args': None, 'cmake_clean_cache': False, 'cmake_clean_first': False, 'cmake_force_configure': False, 'cmake_target': None, 'cmake_target_skip_unavailable': False, 'install_base': '/home/robo/Desktop/lagoeiro/MiniMarketSecurity/MiniMarketSecurity/install/yolov8_bringup', 'merge_install': False, 'path': '/home/robo/Desktop/lagoeiro/MiniMarketSecurity/MiniMarketSecurity/src/yolov8_bringup', 'symlink_install': True, 'test_result_base': None}
[0.274s] INFO:colcon.colcon_core.executor:Executing jobs using 'parallel' executor
[0.275s] DEBUG:colcon.colcon_parallel_executor.executor.parallel:run_until_complete
[0.276s] INFO:colcon.colcon_ros.task.ament_cmake.build:Building ROS package in '/home/robo/Desktop/lagoeiro/MiniMarketSecurity/MiniMarketSecurity/src/yolov8_msgs' with build type 'ament_cmake'
[0.276s] INFO:colcon.colcon_cmake.task.cmake.build:Building CMake package in '/home/robo/Desktop/lagoeiro/MiniMarketSecurity/MiniMarketSecurity/src/yolov8_msgs'
[0.279s] INFO:colcon.colcon_core.plugin_system:Skipping extension 'colcon_core.shell.bat': Not used on non-Windows systems
[0.280s] INFO:colcon.colcon_core.shell:Skip shell extension 'powershell' for command environment: Not usable outside of PowerShell
[0.280s] DEBUG:colcon.colcon_core.shell:Skip shell extension 'dsv' for command environment
[0.284s] INFO:colcon.colcon_ros.task.ament_python.build:Building ROS package in '/home/robo/Desktop/lagoeiro/MiniMarketSecurity/MiniMarketSecurity/src/opencv_tools' with build type 'ament_python'
[0.284s] Level 1:colcon.colcon_core.shell:create_environment_hook('opencv_tools', 'ament_prefix_path')
[0.284s] INFO:colcon.colcon_core.shell:Creating environment hook '/home/robo/Desktop/lagoeiro/MiniMarketSecurity/MiniMarketSecurity/install/opencv_tools/share/opencv_tools/hook/ament_prefix_path.ps1'
[0.285s] INFO:colcon.colcon_core.shell:Creating environment descriptor '/home/robo/Desktop/lagoeiro/MiniMarketSecurity/MiniMarketSecurity/install/opencv_tools/share/opencv_tools/hook/ament_prefix_path.dsv'
[0.286s] INFO:colcon.colcon_core.shell:Creating environment hook '/home/robo/Desktop/lagoeiro/MiniMarketSecurity/MiniMarketSecurity/install/opencv_tools/share/opencv_tools/hook/ament_prefix_path.sh'
[0.287s] INFO:colcon.colcon_core.shell:Skip shell extension 'powershell' for command environment: Not usable outside of PowerShell
[0.287s] DEBUG:colcon.colcon_core.shell:Skip shell extension 'dsv' for command environment
[0.296s] DEBUG:colcon.colcon_core.event_handler.log_command:Invoking command in '/home/robo/Desktop/lagoeiro/MiniMarketSecurity/MiniMarketSecurity/build/yolov8_msgs': CMAKE_PREFIX_PATH=${CMAKE_PREFIX_PATH}:/home/robo/Desktop/lagoeiro/MiniMarketSecurity/MiniMarketSecurity/install/yolov8_ros:/home/robo/Desktop/lagoeiro/MiniMarketSecurity/MiniMarketSecurity/install/opencv_tools:/opt/ros/humble /usr/bin/cmake --build /home/robo/Desktop/lagoeiro/MiniMarketSecurity/MiniMarketSecurity/build/yolov8_msgs -- -j8 -l8
[0.579s] INFO:colcon.colcon_core.task.python.build:Building Python package in '/home/robo/Desktop/lagoeiro/MiniMarketSecurity/MiniMarketSecurity/src/opencv_tools'
[0.579s] INFO:colcon.colcon_core.shell:Skip shell extension 'powershell' for command environment: Not usable outside of PowerShell
[0.579s] DEBUG:colcon.colcon_core.shell:Skip shell extension 'dsv' for command environment
[0.876s] DEBUG:colcon.colcon_core.event_handler.log_command:Invoked command in '/home/robo/Desktop/lagoeiro/MiniMarketSecurity/MiniMarketSecurity/build/yolov8_msgs' returned '0': CMAKE_PREFIX_PATH=${CMAKE_PREFIX_PATH}:/home/robo/Desktop/lagoeiro/MiniMarketSecurity/MiniMarketSecurity/install/yolov8_ros:/home/robo/Desktop/lagoeiro/MiniMarketSecurity/MiniMarketSecurity/install/opencv_tools:/opt/ros/humble /usr/bin/cmake --build /home/robo/Desktop/lagoeiro/MiniMarketSecurity/MiniMarketSecurity/build/yolov8_msgs -- -j8 -l8
[1.213s] DEBUG:colcon.colcon_core.event_handler.log_command:Invoking command in '/home/robo/Desktop/lagoeiro/MiniMarketSecurity/MiniMarketSecurity/build/yolov8_msgs': CMAKE_PREFIX_PATH=${CMAKE_PREFIX_PATH}:/home/robo/Desktop/lagoeiro/MiniMarketSecurity/MiniMarketSecurity/install/yolov8_ros:/home/robo/Desktop/lagoeiro/MiniMarketSecurity/MiniMarketSecurity/install/opencv_tools:/opt/ros/humble /usr/bin/cmake --install /home/robo/Desktop/lagoeiro/MiniMarketSecurity/MiniMarketSecurity/build/yolov8_msgs
[1.372s] Level 1:colcon.colcon_core.environment:create_environment_scripts_only(yolov8_msgs)
[1.373s] DEBUG:colcon.colcon_core.event_handler.log_command:Invoked command in '/home/robo/Desktop/lagoeiro/MiniMarketSecurity/MiniMarketSecurity/build/yolov8_msgs' returned '0': CMAKE_PREFIX_PATH=${CMAKE_PREFIX_PATH}:/home/robo/Desktop/lagoeiro/MiniMarketSecurity/MiniMarketSecurity/install/yolov8_ros:/home/robo/Desktop/lagoeiro/MiniMarketSecurity/MiniMarketSecurity/install/opencv_tools:/opt/ros/humble /usr/bin/cmake --install /home/robo/Desktop/lagoeiro/MiniMarketSecurity/MiniMarketSecurity/build/yolov8_msgs
[1.378s] Level 1:colcon.colcon_core.environment:checking '/home/robo/Desktop/lagoeiro/MiniMarketSecurity/MiniMarketSecurity/install/yolov8_msgs' for CMake module files
[1.379s] Level 1:colcon.colcon_core.environment:checking '/home/robo/Desktop/lagoeiro/MiniMarketSecurity/MiniMarketSecurity/install/yolov8_msgs' for CMake config files
[1.381s] Level 1:colcon.colcon_core.shell:create_environment_hook('yolov8_msgs', 'cmake_prefix_path')
[1.381s] INFO:colcon.colcon_core.shell:Creating environment hook '/home/robo/Desktop/lagoeiro/MiniMarketSecurity/MiniMarketSecurity/install/yolov8_msgs/share/yolov8_msgs/hook/cmake_prefix_path.ps1'
[1.382s] INFO:colcon.colcon_core.shell:Creating environment descriptor '/home/robo/Desktop/lagoeiro/MiniMarketSecurity/MiniMarketSecurity/install/yolov8_msgs/share/yolov8_msgs/hook/cmake_prefix_path.dsv'
[1.383s] INFO:colcon.colcon_core.shell:Creating environment hook '/home/robo/Desktop/lagoeiro/MiniMarketSecurity/MiniMarketSecurity/install/yolov8_msgs/share/yolov8_msgs/hook/cmake_prefix_path.sh'
[1.384s] Level 1:colcon.colcon_core.environment:checking '/home/robo/Desktop/lagoeiro/MiniMarketSecurity/MiniMarketSecurity/install/yolov8_msgs/lib'
[1.384s] Level 1:colcon.colcon_core.shell:create_environment_hook('yolov8_msgs', 'ld_library_path_lib')
[1.384s] INFO:colcon.colcon_core.shell:Creating environment hook '/home/robo/Desktop/lagoeiro/MiniMarketSecurity/MiniMarketSecurity/install/yolov8_msgs/share/yolov8_msgs/hook/ld_library_path_lib.ps1'
[1.385s] INFO:colcon.colcon_core.shell:Creating environment descriptor '/home/robo/Desktop/lagoeiro/MiniMarketSecurity/MiniMarketSecurity/install/yolov8_msgs/share/yolov8_msgs/hook/ld_library_path_lib.dsv'
[1.385s] INFO:colcon.colcon_core.shell:Creating environment hook '/home/robo/Desktop/lagoeiro/MiniMarketSecurity/MiniMarketSecurity/install/yolov8_msgs/share/yolov8_msgs/hook/ld_library_path_lib.sh'
[1.386s] Level 1:colcon.colcon_core.environment:checking '/home/robo/Desktop/lagoeiro/MiniMarketSecurity/MiniMarketSecurity/install/yolov8_msgs/bin'
[1.386s] Level 1:colcon.colcon_core.environment:checking '/home/robo/Desktop/lagoeiro/MiniMarketSecurity/MiniMarketSecurity/install/yolov8_msgs/lib/pkgconfig/yolov8_msgs.pc'
[1.386s] Level 1:colcon.colcon_core.environment:checking '/home/robo/Desktop/lagoeiro/MiniMarketSecurity/MiniMarketSecurity/install/yolov8_msgs/lib/python3.10/site-packages'
[1.387s] Level 1:colcon.colcon_core.environment:checking '/home/robo/Desktop/lagoeiro/MiniMarketSecurity/MiniMarketSecurity/install/yolov8_msgs/bin'
[1.387s] INFO:colcon.colcon_core.shell:Creating package script '/home/robo/Desktop/lagoeiro/MiniMarketSecurity/MiniMarketSecurity/install/yolov8_msgs/share/yolov8_msgs/package.ps1'
[1.389s] INFO:colcon.colcon_core.shell:Creating package descriptor '/home/robo/Desktop/lagoeiro/MiniMarketSecurity/MiniMarketSecurity/install/yolov8_msgs/share/yolov8_msgs/package.dsv'
[1.391s] INFO:colcon.colcon_core.shell:Creating package script '/home/robo/Desktop/lagoeiro/MiniMarketSecurity/MiniMarketSecurity/install/yolov8_msgs/share/yolov8_msgs/package.sh'
[1.392s] INFO:colcon.colcon_core.shell:Creating package script '/home/robo/Desktop/lagoeiro/MiniMarketSecurity/MiniMarketSecurity/install/yolov8_msgs/share/yolov8_msgs/package.bash'
[1.394s] INFO:colcon.colcon_core.shell:Creating package script '/home/robo/Desktop/lagoeiro/MiniMarketSecurity/MiniMarketSecurity/install/yolov8_msgs/share/yolov8_msgs/package.zsh'
[1.395s] Level 1:colcon.colcon_core.environment:create_file_with_runtime_dependencies(/home/robo/Desktop/lagoeiro/MiniMarketSecurity/MiniMarketSecurity/install/yolov8_msgs/share/colcon-core/packages/yolov8_msgs)
[1.563s] DEBUG:colcon.colcon_core.event_handler.log_command:Invoking command in '/home/robo/Desktop/lagoeiro/MiniMarketSecurity/MiniMarketSecurity/build/opencv_tools': PYTHONPATH=/home/robo/Desktop/lagoeiro/MiniMarketSecurity/MiniMarketSecurity/build/opencv_tools/prefix_override:/usr/lib/python3/dist-packages/colcon_core/task/python/colcon_distutils_commands:/home/robo/Desktop/lagoeiro/MiniMarketSecurity/MiniMarketSecurity/install/opencv_tools/lib/python3.10/site-packages:${PYTHONPATH} /usr/bin/python3 -W ignore:setup.py install is deprecated setup.py develop --editable --build-directory /home/robo/Desktop/lagoeiro/MiniMarketSecurity/MiniMarketSecurity/build/opencv_tools/build --no-deps symlink_data
[1.795s] Level 1:colcon.colcon_core.environment:create_environment_scripts_only(yolov8_msgs)
[1.796s] Level 1:colcon.colcon_core.environment:checking '/home/robo/Desktop/lagoeiro/MiniMarketSecurity/MiniMarketSecurity/install/yolov8_msgs' for CMake module files
[1.797s] Level 1:colcon.colcon_core.environment:checking '/home/robo/Desktop/lagoeiro/MiniMarketSecurity/MiniMarketSecurity/install/yolov8_msgs' for CMake config files
[1.799s] Level 1:colcon.colcon_core.shell:create_environment_hook('yolov8_msgs', 'cmake_prefix_path')
[1.799s] INFO:colcon.colcon_core.shell:Creating environment hook '/home/robo/Desktop/lagoeiro/MiniMarketSecurity/MiniMarketSecurity/install/yolov8_msgs/share/yolov8_msgs/hook/cmake_prefix_path.ps1'
[1.800s] INFO:colcon.colcon_core.shell:Creating environment descriptor '/home/robo/Desktop/lagoeiro/MiniMarketSecurity/MiniMarketSecurity/install/yolov8_msgs/share/yolov8_msgs/hook/cmake_prefix_path.dsv'
[1.800s] INFO:colcon.colcon_core.shell:Creating environment hook '/home/robo/Desktop/lagoeiro/MiniMarketSecurity/MiniMarketSecurity/install/yolov8_msgs/share/yolov8_msgs/hook/cmake_prefix_path.sh'
[1.801s] Level 1:colcon.colcon_core.environment:checking '/home/robo/Desktop/lagoeiro/MiniMarketSecurity/MiniMarketSecurity/install/yolov8_msgs/lib'
[1.801s] Level 1:colcon.colcon_core.shell:create_environment_hook('yolov8_msgs', 'ld_library_path_lib')
[1.801s] INFO:colcon.colcon_core.shell:Creating environment hook '/home/robo/Desktop/lagoeiro/MiniMarketSecurity/MiniMarketSecurity/install/yolov8_msgs/share/yolov8_msgs/hook/ld_library_path_lib.ps1'
[1.802s] INFO:colcon.colcon_core.shell:Creating environment descriptor '/home/robo/Desktop/lagoeiro/MiniMarketSecurity/MiniMarketSecurity/install/yolov8_msgs/share/yolov8_msgs/hook/ld_library_path_lib.dsv'
[1.802s] INFO:colcon.colcon_core.shell:Creating environment hook '/home/robo/Desktop/lagoeiro/MiniMarketSecurity/MiniMarketSecurity/install/yolov8_msgs/share/yolov8_msgs/hook/ld_library_path_lib.sh'
[1.802s] Level 1:colcon.colcon_core.environment:checking '/home/robo/Desktop/lagoeiro/MiniMarketSecurity/MiniMarketSecurity/install/yolov8_msgs/bin'
[1.803s] Level 1:colcon.colcon_core.environment:checking '/home/robo/Desktop/lagoeiro/MiniMarketSecurity/MiniMarketSecurity/install/yolov8_msgs/lib/pkgconfig/yolov8_msgs.pc'
[1.803s] Level 1:colcon.colcon_core.environment:checking '/home/robo/Desktop/lagoeiro/MiniMarketSecurity/MiniMarketSecurity/install/yolov8_msgs/lib/python3.10/site-packages'
[1.803s] Level 1:colcon.colcon_core.environment:checking '/home/robo/Desktop/lagoeiro/MiniMarketSecurity/MiniMarketSecurity/install/yolov8_msgs/bin'
[1.804s] INFO:colcon.colcon_core.shell:Creating package script '/home/robo/Desktop/lagoeiro/MiniMarketSecurity/MiniMarketSecurity/install/yolov8_msgs/share/yolov8_msgs/package.ps1'
[1.804s] INFO:colcon.colcon_core.shell:Creating package descriptor '/home/robo/Desktop/lagoeiro/MiniMarketSecurity/MiniMarketSecurity/install/yolov8_msgs/share/yolov8_msgs/package.dsv'
[1.805s] INFO:colcon.colcon_core.shell:Creating package script '/home/robo/Desktop/lagoeiro/MiniMarketSecurity/MiniMarketSecurity/install/yolov8_msgs/share/yolov8_msgs/package.sh'
[1.806s] INFO:colcon.colcon_core.shell:Creating package script '/home/robo/Desktop/lagoeiro/MiniMarketSecurity/MiniMarketSecurity/install/yolov8_msgs/share/yolov8_msgs/package.bash'
[1.807s] INFO:colcon.colcon_core.shell:Creating package script '/home/robo/Desktop/lagoeiro/MiniMarketSecurity/MiniMarketSecurity/install/yolov8_msgs/share/yolov8_msgs/package.zsh'
[1.808s] Level 1:colcon.colcon_core.environment:create_file_with_runtime_dependencies(/home/robo/Desktop/lagoeiro/MiniMarketSecurity/MiniMarketSecurity/install/yolov8_msgs/share/colcon-core/packages/yolov8_msgs)
[1.808s] INFO:colcon.colcon_ros.task.ament_python.build:Building ROS package in '/home/robo/Desktop/lagoeiro/MiniMarketSecurity/MiniMarketSecurity/src/yolov8_ros' with build type 'ament_python'
[1.809s] Level 1:colcon.colcon_core.shell:create_environment_hook('yolov8_ros', 'ament_prefix_path')
[1.809s] INFO:colcon.colcon_core.shell:Creating environment hook '/home/robo/Desktop/lagoeiro/MiniMarketSecurity/MiniMarketSecurity/install/yolov8_ros/share/yolov8_ros/hook/ament_prefix_path.ps1'
[1.810s] INFO:colcon.colcon_core.shell:Creating environment descriptor '/home/robo/Desktop/lagoeiro/MiniMarketSecurity/MiniMarketSecurity/install/yolov8_ros/share/yolov8_ros/hook/ament_prefix_path.dsv'
[1.811s] INFO:colcon.colcon_core.shell:Creating environment hook '/home/robo/Desktop/lagoeiro/MiniMarketSecurity/MiniMarketSecurity/install/yolov8_ros/share/yolov8_ros/hook/ament_prefix_path.sh'
[1.812s] INFO:colcon.colcon_core.shell:Skip shell extension 'powershell' for command environment: Not usable outside of PowerShell
[1.812s] DEBUG:colcon.colcon_core.shell:Skip shell extension 'dsv' for command environment
[2.151s] INFO:colcon.colcon_core.task.python.build:Building Python package in '/home/robo/Desktop/lagoeiro/MiniMarketSecurity/MiniMarketSecurity/src/yolov8_ros'
[2.152s] INFO:colcon.colcon_core.shell:Skip shell extension 'powershell' for command environment: Not usable outside of PowerShell
[2.152s] DEBUG:colcon.colcon_core.shell:Skip shell extension 'dsv' for command environment
[2.665s] Level 1:colcon.colcon_core.shell:create_environment_hook('opencv_tools', 'pythonpath_develop')
[2.666s] INFO:colcon.colcon_core.shell:Creating environment hook '/home/robo/Desktop/lagoeiro/MiniMarketSecurity/MiniMarketSecurity/build/opencv_tools/share/opencv_tools/hook/pythonpath_develop.ps1'
[2.666s] DEBUG:colcon.colcon_core.event_handler.log_command:Invoked command in '/home/robo/Desktop/lagoeiro/MiniMarketSecurity/MiniMarketSecurity/build/opencv_tools' returned '0': PYTHONPATH=/home/robo/Desktop/lagoeiro/MiniMarketSecurity/MiniMarketSecurity/build/opencv_tools/prefix_override:/usr/lib/python3/dist-packages/colcon_core/task/python/colcon_distutils_commands:/home/robo/Desktop/lagoeiro/MiniMarketSecurity/MiniMarketSecurity/install/opencv_tools/lib/python3.10/site-packages:${PYTHONPATH} /usr/bin/python3 -W ignore:setup.py install is deprecated setup.py develop --editable --build-directory /home/robo/Desktop/lagoeiro/MiniMarketSecurity/MiniMarketSecurity/build/opencv_tools/build --no-deps symlink_data
[2.667s] INFO:colcon.colcon_core.shell:Creating environment descriptor '/home/robo/Desktop/lagoeiro/MiniMarketSecurity/MiniMarketSecurity/build/opencv_tools/share/opencv_tools/hook/pythonpath_develop.dsv'
[2.668s] INFO:colcon.colcon_core.shell:Creating environment hook '/home/robo/Desktop/lagoeiro/MiniMarketSecurity/MiniMarketSecurity/build/opencv_tools/share/opencv_tools/hook/pythonpath_develop.sh'
[2.668s] Level 1:colcon.colcon_core.environment:checking '/home/robo/Desktop/lagoeiro/MiniMarketSecurity/MiniMarketSecurity/install/opencv_tools' for CMake module files
[2.669s] Level 1:colcon.colcon_core.environment:checking '/home/robo/Desktop/lagoeiro/MiniMarketSecurity/MiniMarketSecurity/install/opencv_tools' for CMake config files
[2.669s] Level 1:colcon.colcon_core.environment:checking '/home/robo/Desktop/lagoeiro/MiniMarketSecurity/MiniMarketSecurity/install/opencv_tools/lib'
[2.669s] Level 1:colcon.colcon_core.environment:checking '/home/robo/Desktop/lagoeiro/MiniMarketSecurity/MiniMarketSecurity/install/opencv_tools/bin'
[2.670s] Level 1:colcon.colcon_core.environment:checking '/home/robo/Desktop/lagoeiro/MiniMarketSecurity/MiniMarketSecurity/install/opencv_tools/lib/pkgconfig/opencv_tools.pc'
[2.670s] Level 1:colcon.colcon_core.environment:checking '/home/robo/Desktop/lagoeiro/MiniMarketSecurity/MiniMarketSecurity/install/opencv_tools/lib/python3.10/site-packages'
[2.670s] Level 1:colcon.colcon_core.shell:create_environment_hook('opencv_tools', 'pythonpath')
[2.670s] INFO:colcon.colcon_core.shell:Creating environment hook '/home/robo/Desktop/lagoeiro/MiniMarketSecurity/MiniMarketSecurity/install/opencv_tools/share/opencv_tools/hook/pythonpath.ps1'
[2.671s] INFO:colcon.colcon_core.shell:Creating environment descriptor '/home/robo/Desktop/lagoeiro/MiniMarketSecurity/MiniMarketSecurity/install/opencv_tools/share/opencv_tools/hook/pythonpath.dsv'
[2.671s] INFO:colcon.colcon_core.shell:Creating environment hook '/home/robo/Desktop/lagoeiro/MiniMarketSecurity/MiniMarketSecurity/install/opencv_tools/share/opencv_tools/hook/pythonpath.sh'
[2.672s] Level 1:colcon.colcon_core.environment:checking '/home/robo/Desktop/lagoeiro/MiniMarketSecurity/MiniMarketSecurity/install/opencv_tools/bin'
[2.672s] Level 1:colcon.colcon_core.environment:create_environment_scripts_only(opencv_tools)
[2.672s] INFO:colcon.colcon_core.shell:Creating package script '/home/robo/Desktop/lagoeiro/MiniMarketSecurity/MiniMarketSecurity/install/opencv_tools/share/opencv_tools/package.ps1'
[2.673s] INFO:colcon.colcon_core.shell:Creating package descriptor '/home/robo/Desktop/lagoeiro/MiniMarketSecurity/MiniMarketSecurity/install/opencv_tools/share/opencv_tools/package.dsv'
[2.673s] INFO:colcon.colcon_core.shell:Creating package script '/home/robo/Desktop/lagoeiro/MiniMarketSecurity/MiniMarketSecurity/install/opencv_tools/share/opencv_tools/package.sh'
[2.674s] INFO:colcon.colcon_core.shell:Creating package script '/home/robo/Desktop/lagoeiro/MiniMarketSecurity/MiniMarketSecurity/install/opencv_tools/share/opencv_tools/package.bash'
[2.674s] INFO:colcon.colcon_core.shell:Creating package script '/home/robo/Desktop/lagoeiro/MiniMarketSecurity/MiniMarketSecurity/install/opencv_tools/share/opencv_tools/package.zsh'
[2.675s] Level 1:colcon.colcon_core.environment:create_file_with_runtime_dependencies(/home/robo/Desktop/lagoeiro/MiniMarketSecurity/MiniMarketSecurity/install/opencv_tools/share/colcon-core/packages/opencv_tools)
[3.067s] DEBUG:colcon.colcon_core.event_handler.log_command:Invoking command in '/home/robo/Desktop/lagoeiro/MiniMarketSecurity/MiniMarketSecurity/build/yolov8_ros': CMAKE_PREFIX_PATH=/home/robo/Desktop/lagoeiro/MiniMarketSecurity/MiniMarketSecurity/install/yolov8_msgs:/home/robo/Desktop/lagoeiro/MiniMarketSecurity/MiniMarketSecurity/install/yolov8_bringup LD_LIBRARY_PATH=/home/robo/Desktop/lagoeiro/MiniMarketSecurity/MiniMarketSecurity/install/yolov8_msgs/lib:/usr/lib/x86_64-linux-gnu/gazebo-11/plugins:/opt/ros/humble/opt/rviz_ogre_vendor/lib:/opt/ros/humble/lib/x86_64-linux-gnu:/opt/ros/humble/lib:/usr/local/cuda-11.8/lib64 PYTHONPATH=/home/robo/Desktop/lagoeiro/MiniMarketSecurity/MiniMarketSecurity/build/yolov8_ros/prefix_override:/usr/lib/python3/dist-packages/colcon_core/task/python/colcon_distutils_commands:/home/robo/Desktop/lagoeiro/MiniMarketSecurity/MiniMarketSecurity/install/yolov8_ros/lib/python3.10/site-packages:${PYTHONPATH} /usr/bin/python3 -W ignore:setup.py install is deprecated setup.py develop --editable --build-directory /home/robo/Desktop/lagoeiro/MiniMarketSecurity/MiniMarketSecurity/build/yolov8_ros/build --no-deps symlink_data
[3.919s] Level 1:colcon.colcon_core.shell:create_environment_hook('yolov8_ros', 'pythonpath_develop')
[3.920s] INFO:colcon.colcon_core.shell:Creating environment hook '/home/robo/Desktop/lagoeiro/MiniMarketSecurity/MiniMarketSecurity/build/yolov8_ros/share/yolov8_ros/hook/pythonpath_develop.ps1'
[3.920s] DEBUG:colcon.colcon_core.event_handler.log_command:Invoked command in '/home/robo/Desktop/lagoeiro/MiniMarketSecurity/MiniMarketSecurity/build/yolov8_ros' returned '0': CMAKE_PREFIX_PATH=/home/robo/Desktop/lagoeiro/MiniMarketSecurity/MiniMarketSecurity/install/yolov8_msgs:/home/robo/Desktop/lagoeiro/MiniMarketSecurity/MiniMarketSecurity/install/yolov8_bringup LD_LIBRARY_PATH=/home/robo/Desktop/lagoeiro/MiniMarketSecurity/MiniMarketSecurity/install/yolov8_msgs/lib:/usr/lib/x86_64-linux-gnu/gazebo-11/plugins:/opt/ros/humble/opt/rviz_ogre_vendor/lib:/opt/ros/humble/lib/x86_64-linux-gnu:/opt/ros/humble/lib:/usr/local/cuda-11.8/lib64 PYTHONPATH=/home/robo/Desktop/lagoeiro/MiniMarketSecurity/MiniMarketSecurity/build/yolov8_ros/prefix_override:/usr/lib/python3/dist-packages/colcon_core/task/python/colcon_distutils_commands:/home/robo/Desktop/lagoeiro/MiniMarketSecurity/MiniMarketSecurity/install/yolov8_ros/lib/python3.10/site-packages:${PYTHONPATH} /usr/bin/python3 -W ignore:setup.py install is deprecated setup.py develop --editable --build-directory /home/robo/Desktop/lagoeiro/MiniMarketSecurity/MiniMarketSecurity/build/yolov8_ros/build --no-deps symlink_data
[3.921s] INFO:colcon.colcon_core.shell:Creating environment descriptor '/home/robo/Desktop/lagoeiro/MiniMarketSecurity/MiniMarketSecurity/build/yolov8_ros/share/yolov8_ros/hook/pythonpath_develop.dsv'
[3.921s] INFO:colcon.colcon_core.shell:Creating environment hook '/home/robo/Desktop/lagoeiro/MiniMarketSecurity/MiniMarketSecurity/build/yolov8_ros/share/yolov8_ros/hook/pythonpath_develop.sh'
[3.922s] Level 1:colcon.colcon_core.environment:checking '/home/robo/Desktop/lagoeiro/MiniMarketSecurity/MiniMarketSecurity/install/yolov8_ros' for CMake module files
[3.923s] Level 1:colcon.colcon_core.environment:checking '/home/robo/Desktop/lagoeiro/MiniMarketSecurity/MiniMarketSecurity/install/yolov8_ros' for CMake config files
[3.923s] Level 1:colcon.colcon_core.environment:checking '/home/robo/Desktop/lagoeiro/MiniMarketSecurity/MiniMarketSecurity/install/yolov8_ros/lib'
[3.923s] Level 1:colcon.colcon_core.environment:checking '/home/robo/Desktop/lagoeiro/MiniMarketSecurity/MiniMarketSecurity/install/yolov8_ros/bin'
[3.923s] Level 1:colcon.colcon_core.environment:checking '/home/robo/Desktop/lagoeiro/MiniMarketSecurity/MiniMarketSecurity/install/yolov8_ros/lib/pkgconfig/yolov8_ros.pc'
[3.924s] Level 1:colcon.colcon_core.environment:checking '/home/robo/Desktop/lagoeiro/MiniMarketSecurity/MiniMarketSecurity/install/yolov8_ros/lib/python3.10/site-packages'
[3.924s] Level 1:colcon.colcon_core.shell:create_environment_hook('yolov8_ros', 'pythonpath')
[3.924s] INFO:colcon.colcon_core.shell:Creating environment hook '/home/robo/Desktop/lagoeiro/MiniMarketSecurity/MiniMarketSecurity/install/yolov8_ros/share/yolov8_ros/hook/pythonpath.ps1'
[3.924s] INFO:colcon.colcon_core.shell:Creating environment descriptor '/home/robo/Desktop/lagoeiro/MiniMarketSecurity/MiniMarketSecurity/install/yolov8_ros/share/yolov8_ros/hook/pythonpath.dsv'
[3.925s] INFO:colcon.colcon_core.shell:Creating environment hook '/home/robo/Desktop/lagoeiro/MiniMarketSecurity/MiniMarketSecurity/install/yolov8_ros/share/yolov8_ros/hook/pythonpath.sh'
[3.925s] Level 1:colcon.colcon_core.environment:checking '/home/robo/Desktop/lagoeiro/MiniMarketSecurity/MiniMarketSecurity/install/yolov8_ros/bin'
[3.925s] Level 1:colcon.colcon_core.environment:create_environment_scripts_only(yolov8_ros)
[3.926s] INFO:colcon.colcon_core.shell:Creating package script '/home/robo/Desktop/lagoeiro/MiniMarketSecurity/MiniMarketSecurity/install/yolov8_ros/share/yolov8_ros/package.ps1'
[3.926s] INFO:colcon.colcon_core.shell:Creating package descriptor '/home/robo/Desktop/lagoeiro/MiniMarketSecurity/MiniMarketSecurity/install/yolov8_ros/share/yolov8_ros/package.dsv'
[3.927s] INFO:colcon.colcon_core.shell:Creating package script '/home/robo/Desktop/lagoeiro/MiniMarketSecurity/MiniMarketSecurity/install/yolov8_ros/share/yolov8_ros/package.sh'
[3.927s] INFO:colcon.colcon_core.shell:Creating package script '/home/robo/Desktop/lagoeiro/MiniMarketSecurity/MiniMarketSecurity/install/yolov8_ros/share/yolov8_ros/package.bash'
[3.928s] INFO:colcon.colcon_core.shell:Creating package script '/home/robo/Desktop/lagoeiro/MiniMarketSecurity/MiniMarketSecurity/install/yolov8_ros/share/yolov8_ros/package.zsh'
[3.928s] Level 1:colcon.colcon_core.environment:create_file_with_runtime_dependencies(/home/robo/Desktop/lagoeiro/MiniMarketSecurity/MiniMarketSecurity/install/yolov8_ros/share/colcon-core/packages/yolov8_ros)
[3.928s] INFO:colcon.colcon_ros.task.ament_cmake.build:Building ROS package in '/home/robo/Desktop/lagoeiro/MiniMarketSecurity/MiniMarketSecurity/src/yolov8_bringup' with build type 'ament_cmake'
[3.929s] INFO:colcon.colcon_cmake.task.cmake.build:Building CMake package in '/home/robo/Desktop/lagoeiro/MiniMarketSecurity/MiniMarketSecurity/src/yolov8_bringup'
[3.929s] INFO:colcon.colcon_core.shell:Skip shell extension 'powershell' for command environment: Not usable outside of PowerShell
[3.929s] DEBUG:colcon.colcon_core.shell:Skip shell extension 'dsv' for command environment
[3.943s] DEBUG:colcon.colcon_core.event_handler.log_command:Invoking command in '/home/robo/Desktop/lagoeiro/MiniMarketSecurity/MiniMarketSecurity/build/yolov8_bringup': AMENT_PREFIX_PATH=/home/robo/Desktop/lagoeiro/MiniMarketSecurity/MiniMarketSecurity/install/yolov8_ros:/home/robo/Desktop/lagoeiro/MiniMarketSecurity/MiniMarketSecurity/install/yolov8_bringup:/home/robo/Desktop/lagoeiro/MiniMarketSecurity/MiniMarketSecurity/install/yolov8_msgs:/home/robo/Desktop/lagoeiro/MiniMarketSecurity/MiniMarketSecurity/install/opencv_tools:/opt/ros/humble CMAKE_PREFIX_PATH=/home/robo/Desktop/lagoeiro/MiniMarketSecurity/MiniMarketSecurity/install/yolov8_msgs:/home/robo/Desktop/lagoeiro/MiniMarketSecurity/MiniMarketSecurity/install/yolov8_bringup:/home/robo/Desktop/lagoeiro/MiniMarketSecurity/MiniMarketSecurity/install/yolov8_ros:/home/robo/Desktop/lagoeiro/MiniMarketSecurity/MiniMarketSecurity/install/opencv_tools:/opt/ros/humble LD_LIBRARY_PATH=/home/robo/Desktop/lagoeiro/MiniMarketSecurity/MiniMarketSecurity/install/yolov8_msgs/lib:/usr/lib/x86_64-linux-gnu/gazebo-11/plugins:/opt/ros/humble/opt/rviz_ogre_vendor/lib:/opt/ros/humble/lib/x86_64-linux-gnu:/opt/ros/humble/lib:/usr/local/cuda-11.8/lib64 /usr/bin/cmake --build /home/robo/Desktop/lagoeiro/MiniMarketSecurity/MiniMarketSecurity/build/yolov8_bringup -- -j8 -l8
[3.984s] DEBUG:colcon.colcon_core.event_handler.log_command:Invoked command in '/home/robo/Desktop/lagoeiro/MiniMarketSecurity/MiniMarketSecurity/build/yolov8_bringup' returned '0': AMENT_PREFIX_PATH=/home/robo/Desktop/lagoeiro/MiniMarketSecurity/MiniMarketSecurity/install/yolov8_ros:/home/robo/Desktop/lagoeiro/MiniMarketSecurity/MiniMarketSecurity/install/yolov8_bringup:/home/robo/Desktop/lagoeiro/MiniMarketSecurity/MiniMarketSecurity/install/yolov8_msgs:/home/robo/Desktop/lagoeiro/MiniMarketSecurity/MiniMarketSecurity/install/opencv_tools:/opt/ros/humble CMAKE_PREFIX_PATH=/home/robo/Desktop/lagoeiro/MiniMarketSecurity/MiniMarketSecurity/install/yolov8_msgs:/home/robo/Desktop/lagoeiro/MiniMarketSecurity/MiniMarketSecurity/install/yolov8_bringup:/home/robo/Desktop/lagoeiro/MiniMarketSecurity/MiniMarketSecurity/install/yolov8_ros:/home/robo/Desktop/lagoeiro/MiniMarketSecurity/MiniMarketSecurity/install/opencv_tools:/opt/ros/humble LD_LIBRARY_PATH=/home/robo/Desktop/lagoeiro/MiniMarketSecurity/MiniMarketSecurity/install/yolov8_msgs/lib:/usr/lib/x86_64-linux-gnu/gazebo-11/plugins:/opt/ros/humble/opt/rviz_ogre_vendor/lib:/opt/ros/humble/lib/x86_64-linux-gnu:/opt/ros/humble/lib:/usr/local/cuda-11.8/lib64 /usr/bin/cmake --build /home/robo/Desktop/lagoeiro/MiniMarketSecurity/MiniMarketSecurity/build/yolov8_bringup -- -j8 -l8
[4.011s] DEBUG:colcon.colcon_core.event_handler.log_command:Invoking command in '/home/robo/Desktop/lagoeiro/MiniMarketSecurity/MiniMarketSecurity/build/yolov8_bringup': AMENT_PREFIX_PATH=/home/robo/Desktop/lagoeiro/MiniMarketSecurity/MiniMarketSecurity/install/yolov8_ros:/home/robo/Desktop/lagoeiro/MiniMarketSecurity/MiniMarketSecurity/install/yolov8_bringup:/home/robo/Desktop/lagoeiro/MiniMarketSecurity/MiniMarketSecurity/install/yolov8_msgs:/home/robo/Desktop/lagoeiro/MiniMarketSecurity/MiniMarketSecurity/install/opencv_tools:/opt/ros/humble CMAKE_PREFIX_PATH=/home/robo/Desktop/lagoeiro/MiniMarketSecurity/MiniMarketSecurity/install/yolov8_msgs:/home/robo/Desktop/lagoeiro/MiniMarketSecurity/MiniMarketSecurity/install/yolov8_bringup:/home/robo/Desktop/lagoeiro/MiniMarketSecurity/MiniMarketSecurity/install/yolov8_ros:/home/robo/Desktop/lagoeiro/MiniMarketSecurity/MiniMarketSecurity/install/opencv_tools:/opt/ros/humble LD_LIBRARY_PATH=/home/robo/Desktop/lagoeiro/MiniMarketSecurity/MiniMarketSecurity/install/yolov8_msgs/lib:/usr/lib/x86_64-linux-gnu/gazebo-11/plugins:/opt/ros/humble/opt/rviz_ogre_vendor/lib:/opt/ros/humble/lib/x86_64-linux-gnu:/opt/ros/humble/lib:/usr/local/cuda-11.8/lib64 /usr/bin/cmake --install /home/robo/Desktop/lagoeiro/MiniMarketSecurity/MiniMarketSecurity/build/yolov8_bringup
[4.035s] Level 1:colcon.colcon_core.environment:create_environment_scripts_only(yolov8_bringup)
[4.036s] Level 1:colcon.colcon_core.environment:checking '/home/robo/Desktop/lagoeiro/MiniMarketSecurity/MiniMarketSecurity/install/yolov8_bringup' for CMake module files
[4.036s] DEBUG:colcon.colcon_core.event_handler.log_command:Invoked command in '/home/robo/Desktop/lagoeiro/MiniMarketSecurity/MiniMarketSecurity/build/yolov8_bringup' returned '0': AMENT_PREFIX_PATH=/home/robo/Desktop/lagoeiro/MiniMarketSecurity/MiniMarketSecurity/install/yolov8_ros:/home/robo/Desktop/lagoeiro/MiniMarketSecurity/MiniMarketSecurity/install/yolov8_bringup:/home/robo/Desktop/lagoeiro/MiniMarketSecurity/MiniMarketSecurity/install/yolov8_msgs:/home/robo/Desktop/lagoeiro/MiniMarketSecurity/MiniMarketSecurity/install/opencv_tools:/opt/ros/humble CMAKE_PREFIX_PATH=/home/robo/Desktop/lagoeiro/MiniMarketSecurity/MiniMarketSecurity/install/yolov8_msgs:/home/robo/Desktop/lagoeiro/MiniMarketSecurity/MiniMarketSecurity/install/yolov8_bringup:/home/robo/Desktop/lagoeiro/MiniMarketSecurity/MiniMarketSecurity/install/yolov8_ros:/home/robo/Desktop/lagoeiro/MiniMarketSecurity/MiniMarketSecurity/install/opencv_tools:/opt/ros/humble LD_LIBRARY_PATH=/home/robo/Desktop/lagoeiro/MiniMarketSecurity/MiniMarketSecurity/install/yolov8_msgs/lib:/usr/lib/x86_64-linux-gnu/gazebo-11/plugins:/opt/ros/humble/opt/rviz_ogre_vendor/lib:/opt/ros/humble/lib/x86_64-linux-gnu:/opt/ros/humble/lib:/usr/local/cuda-11.8/lib64 /usr/bin/cmake --install /home/robo/Desktop/lagoeiro/MiniMarketSecurity/MiniMarketSecurity/build/yolov8_bringup
[4.037s] Level 1:colcon.colcon_core.environment:checking '/home/robo/Desktop/lagoeiro/MiniMarketSecurity/MiniMarketSecurity/install/yolov8_bringup' for CMake config files
[4.037s] Level 1:colcon.colcon_core.shell:create_environment_hook('yolov8_bringup', 'cmake_prefix_path')
[4.037s] INFO:colcon.colcon_core.shell:Creating environment hook '/home/robo/Desktop/lagoeiro/MiniMarketSecurity/MiniMarketSecurity/install/yolov8_bringup/share/yolov8_bringup/hook/cmake_prefix_path.ps1'
[4.038s] INFO:colcon.colcon_core.shell:Creating environment descriptor '/home/robo/Desktop/lagoeiro/MiniMarketSecurity/MiniMarketSecurity/install/yolov8_bringup/share/yolov8_bringup/hook/cmake_prefix_path.dsv'
[4.038s] INFO:colcon.colcon_core.shell:Creating environment hook '/home/robo/Desktop/lagoeiro/MiniMarketSecurity/MiniMarketSecurity/install/yolov8_bringup/share/yolov8_bringup/hook/cmake_prefix_path.sh'
[4.039s] Level 1:colcon.colcon_core.environment:checking '/home/robo/Desktop/lagoeiro/MiniMarketSecurity/MiniMarketSecurity/install/yolov8_bringup/bin'
[4.039s] Level 1:colcon.colcon_core.environment:checking '/home/robo/Desktop/lagoeiro/MiniMarketSecurity/MiniMarketSecurity/install/yolov8_bringup/lib/pkgconfig/yolov8_bringup.pc'
[4.039s] Level 1:colcon.colcon_core.environment:checking '/home/robo/Desktop/lagoeiro/MiniMarketSecurity/MiniMarketSecurity/install/yolov8_bringup/lib/python3.10/site-packages'
[4.039s] Level 1:colcon.colcon_core.environment:checking '/home/robo/Desktop/lagoeiro/MiniMarketSecurity/MiniMarketSecurity/install/yolov8_bringup/bin'
[4.039s] INFO:colcon.colcon_core.shell:Creating package script '/home/robo/Desktop/lagoeiro/MiniMarketSecurity/MiniMarketSecurity/install/yolov8_bringup/share/yolov8_bringup/package.ps1'
[4.040s] INFO:colcon.colcon_core.shell:Creating package descriptor '/home/robo/Desktop/lagoeiro/MiniMarketSecurity/MiniMarketSecurity/install/yolov8_bringup/share/yolov8_bringup/package.dsv'
[4.040s] INFO:colcon.colcon_core.shell:Creating package script '/home/robo/Desktop/lagoeiro/MiniMarketSecurity/MiniMarketSecurity/install/yolov8_bringup/share/yolov8_bringup/package.sh'
[4.040s] INFO:colcon.colcon_core.shell:Creating package script '/home/robo/Desktop/lagoeiro/MiniMarketSecurity/MiniMarketSecurity/install/yolov8_bringup/share/yolov8_bringup/package.bash'
[4.041s] INFO:colcon.colcon_core.shell:Creating package script '/home/robo/Desktop/lagoeiro/MiniMarketSecurity/MiniMarketSecurity/install/yolov8_bringup/share/yolov8_bringup/package.zsh'
[4.041s] Level 1:colcon.colcon_core.environment:create_file_with_runtime_dependencies(/home/robo/Desktop/lagoeiro/MiniMarketSecurity/MiniMarketSecurity/install/yolov8_bringup/share/colcon-core/packages/yolov8_bringup)
[4.066s] Level 1:colcon.colcon_core.environment:create_environment_scripts_only(yolov8_bringup)
[4.066s] Level 1:colcon.colcon_core.environment:checking '/home/robo/Desktop/lagoeiro/MiniMarketSecurity/MiniMarketSecurity/install/yolov8_bringup' for CMake module files
[4.066s] Level 1:colcon.colcon_core.environment:checking '/home/robo/Desktop/lagoeiro/MiniMarketSecurity/MiniMarketSecurity/install/yolov8_bringup' for CMake config files
[4.067s] Level 1:colcon.colcon_core.shell:create_environment_hook('yolov8_bringup', 'cmake_prefix_path')
[4.067s] INFO:colcon.colcon_core.shell:Creating environment hook '/home/robo/Desktop/lagoeiro/MiniMarketSecurity/MiniMarketSecurity/install/yolov8_bringup/share/yolov8_bringup/hook/cmake_prefix_path.ps1'
[4.067s] INFO:colcon.colcon_core.shell:Creating environment descriptor '/home/robo/Desktop/lagoeiro/MiniMarketSecurity/MiniMarketSecurity/install/yolov8_bringup/share/yolov8_bringup/hook/cmake_prefix_path.dsv'
[4.068s] INFO:colcon.colcon_core.shell:Creating environment hook '/home/robo/Desktop/lagoeiro/MiniMarketSecurity/MiniMarketSecurity/install/yolov8_bringup/share/yolov8_bringup/hook/cmake_prefix_path.sh'
[4.068s] Level 1:colcon.colcon_core.environment:checking '/home/robo/Desktop/lagoeiro/MiniMarketSecurity/MiniMarketSecurity/install/yolov8_bringup/bin'
[4.068s] Level 1:colcon.colcon_core.environment:checking '/home/robo/Desktop/lagoeiro/MiniMarketSecurity/MiniMarketSecurity/install/yolov8_bringup/lib/pkgconfig/yolov8_bringup.pc'
[4.069s] Level 1:colcon.colcon_core.environment:checking '/home/robo/Desktop/lagoeiro/MiniMarketSecurity/MiniMarketSecurity/install/yolov8_bringup/lib/python3.10/site-packages'
[4.069s] Level 1:colcon.colcon_core.environment:checking '/home/robo/Desktop/lagoeiro/MiniMarketSecurity/MiniMarketSecurity/install/yolov8_bringup/bin'
[4.069s] INFO:colcon.colcon_core.shell:Creating package script '/home/robo/Desktop/lagoeiro/MiniMarketSecurity/MiniMarketSecurity/install/yolov8_bringup/share/yolov8_bringup/package.ps1'
[4.069s] INFO:colcon.colcon_core.shell:Creating package descriptor '/home/robo/Desktop/lagoeiro/MiniMarketSecurity/MiniMarketSecurity/install/yolov8_bringup/share/yolov8_bringup/package.dsv'
[4.070s] INFO:colcon.colcon_core.shell:Creating package script '/home/robo/Desktop/lagoeiro/MiniMarketSecurity/MiniMarketSecurity/install/yolov8_bringup/share/yolov8_bringup/package.sh'
[4.070s] INFO:colcon.colcon_core.shell:Creating package script '/home/robo/Desktop/lagoeiro/MiniMarketSecurity/MiniMarketSecurity/install/yolov8_bringup/share/yolov8_bringup/package.bash'
[4.071s] INFO:colcon.colcon_core.shell:Creating package script '/home/robo/Desktop/lagoeiro/MiniMarketSecurity/MiniMarketSecurity/install/yolov8_bringup/share/yolov8_bringup/package.zsh'
[4.071s] Level 1:colcon.colcon_core.environment:create_file_with_runtime_dependencies(/home/robo/Desktop/lagoeiro/MiniMarketSecurity/MiniMarketSecurity/install/yolov8_bringup/share/colcon-core/packages/yolov8_bringup)
[4.071s] DEBUG:colcon.colcon_parallel_executor.executor.parallel:closing loop
[4.072s] DEBUG:colcon.colcon_parallel_executor.executor.parallel:loop closed
[4.072s] DEBUG:colcon.colcon_parallel_executor.executor.parallel:run_until_complete finished with '0'
[4.072s] DEBUG:colcon.colcon_core.event_reactor:joining thread
[4.079s] INFO:colcon.colcon_core.plugin_system:Skipping extension 'colcon_notification.desktop_notification.terminal_notifier': Not used on non-Darwin systems
[4.079s] INFO:colcon.colcon_core.plugin_system:Skipping extension 'colcon_notification.desktop_notification.win32': Not used on non-Windows systems
[4.079s] INFO:colcon.colcon_notification.desktop_notification:Sending desktop notification using 'notify2'
[4.093s] DEBUG:colcon.colcon_core.event_reactor:joined thread
[4.094s] INFO:colcon.colcon_core.shell:Creating prefix script '/home/robo/Desktop/lagoeiro/MiniMarketSecurity/MiniMarketSecurity/install/local_setup.ps1'
[4.095s] INFO:colcon.colcon_core.shell:Creating prefix util module '/home/robo/Desktop/lagoeiro/MiniMarketSecurity/MiniMarketSecurity/install/_local_setup_util_ps1.py'
[4.097s] INFO:colcon.colcon_core.shell:Creating prefix chain script '/home/robo/Desktop/lagoeiro/MiniMarketSecurity/MiniMarketSecurity/install/setup.ps1'
[4.098s] INFO:colcon.colcon_core.shell:Creating prefix script '/home/robo/Desktop/lagoeiro/MiniMarketSecurity/MiniMarketSecurity/install/local_setup.sh'
[4.099s] INFO:colcon.colcon_core.shell:Creating prefix util module '/home/robo/Desktop/lagoeiro/MiniMarketSecurity/MiniMarketSecurity/install/_local_setup_util_sh.py'
[4.100s] INFO:colcon.colcon_core.shell:Creating prefix chain script '/home/robo/Desktop/lagoeiro/MiniMarketSecurity/MiniMarketSecurity/install/setup.sh'
[4.101s] INFO:colcon.colcon_core.shell:Creating prefix script '/home/robo/Desktop/lagoeiro/MiniMarketSecurity/MiniMarketSecurity/install/local_setup.bash'
[4.102s] INFO:colcon.colcon_core.shell:Creating prefix chain script '/home/robo/Desktop/lagoeiro/MiniMarketSecurity/MiniMarketSecurity/install/setup.bash'
[4.103s] INFO:colcon.colcon_core.shell:Creating prefix script '/home/robo/Desktop/lagoeiro/MiniMarketSecurity/MiniMarketSecurity/install/local_setup.zsh'
[4.104s] INFO:colcon.colcon_core.shell:Creating prefix chain script '/home/robo/Desktop/lagoeiro/MiniMarketSecurity/MiniMarketSecurity/install/setup.zsh'
